{"C:\\Users\\Lukasz\\Documents\\l2lc-fe\\src\\api.js": {"path":"C:\\Users\\Lukasz\\Documents\\l2lc-fe\\src\\api.js","statementMap":{"0":{"start":{"line":1,"column":0},"end":{"line":null,"column":-1}},"1":{"start":{"line":2,"column":0},"end":{"line":null,"column":-1}},"2":{"start":{"line":3,"column":0},"end":{"line":null,"column":-1}},"3":{"start":{"line":4,"column":0},"end":{"line":null,"column":-1}},"4":{"start":{"line":5,"column":0},"end":{"line":null,"column":-1}},"5":{"start":{"line":7,"column":12},"end":{"line":7,"column":0}},"6":{"start":{"line":25,"column":4},"end":{"line":null,"column":-1}},"7":{"start":{"line":26,"column":10},"end":{"line":null,"column":-1}},"8":{"start":{"line":28,"column":22},"end":{"line":28,"column":6}},"9":{"start":{"line":30,"column":6},"end":{"line":null,"column":-1}},"10":{"start":{"line":31,"column":23},"end":{"line":31,"column":8}},"11":{"start":{"line":33,"column":8},"end":{"line":null,"column":-1}},"12":{"start":{"line":36,"column":6},"end":{"line":null,"column":-1}},"13":{"start":{"line":49,"column":4},"end":{"line":null,"column":-1}},"14":{"start":{"line":50,"column":10},"end":{"line":null,"column":-1}},"15":{"start":{"line":52,"column":21},"end":{"line":52,"column":6}},"16":{"start":{"line":53,"column":6},"end":{"line":55,"column":7}},"17":{"start":{"line":54,"column":8},"end":{"line":null,"column":-1}},"18":{"start":{"line":56,"column":6},"end":{"line":null,"column":-1}},"19":{"start":{"line":69,"column":4},"end":{"line":null,"column":-1}},"20":{"start":{"line":71,"column":6},"end":{"line":79,"column":7}},"21":{"start":{"line":72,"column":8},"end":{"line":null,"column":-1}},"22":{"start":{"line":74,"column":11},"end":{"line":79,"column":7}},"23":{"start":{"line":75,"column":8},"end":{"line":null,"column":-1}},"24":{"start":{"line":78,"column":8},"end":{"line":null,"column":-1}},"25":{"start":{"line":91,"column":21},"end":{"line":91,"column":4}},"26":{"start":{"line":92,"column":16},"end":{"line":92,"column":4}},"27":{"start":{"line":94,"column":4},"end":{"line":108,"column":6}},"28":{"start":{"line":95,"column":6},"end":{"line":null,"column":-1}},"29":{"start":{"line":96,"column":6},"end":{"line":105,"column":7}},"30":{"start":{"line":97,"column":20},"end":{"line":97,"column":8}},"31":{"start":{"line":98,"column":22},"end":{"line":98,"column":8}},"32":{"start":{"line":99,"column":22},"end":{"line":99,"column":8}},"33":{"start":{"line":100,"column":8},"end":{"line":103,"column":9}},"34":{"start":{"line":101,"column":10},"end":{"line":null,"column":-1}},"35":{"start":{"line":102,"column":10},"end":{"line":null,"column":-1}},"36":{"start":{"line":104,"column":8},"end":{"line":null,"column":-1}},"37":{"start":{"line":108,"column":6},"end":{"line":null,"column":-1}},"38":{"start":{"line":110,"column":16},"end":{"line":110,"column":4}},"39":{"start":{"line":111,"column":18},"end":{"line":111,"column":4}},"40":{"start":{"line":112,"column":18},"end":{"line":112,"column":4}},"41":{"start":{"line":113,"column":4},"end":{"line":116,"column":5}},"42":{"start":{"line":114,"column":6},"end":{"line":null,"column":-1}},"43":{"start":{"line":115,"column":6},"end":{"line":null,"column":-1}},"44":{"start":{"line":117,"column":8},"end":{"line":117,"column":4}},"45":{"start":{"line":118,"column":4},"end":{"line":null,"column":-1}},"46":{"start":{"line":130,"column":4},"end":{"line":null,"column":-1}},"47":{"start":{"line":142,"column":4},"end":{"line":null,"column":-1}},"48":{"start":{"line":144,"column":6},"end":{"line":152,"column":7}},"49":{"start":{"line":145,"column":8},"end":{"line":null,"column":-1}},"50":{"start":{"line":147,"column":11},"end":{"line":152,"column":7}},"51":{"start":{"line":148,"column":8},"end":{"line":null,"column":-1}},"52":{"start":{"line":151,"column":8},"end":{"line":null,"column":-1}},"53":{"start":{"line":167,"column":4},"end":{"line":null,"column":-1}},"54":{"start":{"line":168,"column":10},"end":{"line":null,"column":-1}},"55":{"start":{"line":170,"column":21},"end":{"line":170,"column":6}},"56":{"start":{"line":171,"column":6},"end":{"line":null,"column":-1}},"57":{"start":{"line":172,"column":8},"end":{"line":173,"column":10}},"58":{"start":{"line":173,"column":10},"end":{"line":null,"column":-1}},"59":{"start":{"line":175,"column":6},"end":{"line":null,"column":-1}},"60":{"start":{"line":176,"column":8},"end":{"line":177,"column":10}},"61":{"start":{"line":177,"column":10},"end":{"line":null,"column":-1}},"62":{"start":{"line":178,"column":22},"end":{"line":178,"column":8}},"63":{"start":{"line":179,"column":8},"end":{"line":null,"column":-1}},"64":{"start":{"line":181,"column":6},"end":{"line":null,"column":-1}},"65":{"start":{"line":194,"column":4},"end":{"line":null,"column":-1}},"66":{"start":{"line":195,"column":10},"end":{"line":null,"column":-1}},"67":{"start":{"line":197,"column":20},"end":{"line":197,"column":6}},"68":{"start":{"line":198,"column":6},"end":{"line":200,"column":7}},"69":{"start":{"line":199,"column":8},"end":{"line":null,"column":-1}},"70":{"start":{"line":201,"column":6},"end":{"line":null,"column":-1}},"71":{"start":{"line":213,"column":4},"end":{"line":null,"column":-1}},"72":{"start":{"line":215,"column":6},"end":{"line":223,"column":7}},"73":{"start":{"line":216,"column":8},"end":{"line":null,"column":-1}},"74":{"start":{"line":218,"column":11},"end":{"line":223,"column":7}},"75":{"start":{"line":219,"column":8},"end":{"line":null,"column":-1}},"76":{"start":{"line":222,"column":8},"end":{"line":null,"column":-1}},"77":{"start":{"line":236,"column":4},"end":{"line":null,"column":-1}},"78":{"start":{"line":248,"column":4},"end":{"line":null,"column":-1}},"79":{"start":{"line":250,"column":6},"end":{"line":258,"column":7}},"80":{"start":{"line":251,"column":8},"end":{"line":null,"column":-1}},"81":{"start":{"line":253,"column":11},"end":{"line":258,"column":7}},"82":{"start":{"line":254,"column":8},"end":{"line":null,"column":-1}},"83":{"start":{"line":257,"column":8},"end":{"line":null,"column":-1}},"84":{"start":{"line":271,"column":4},"end":{"line":null,"column":-1}},"85":{"start":{"line":276,"column":6},"end":{"line":null,"column":-1}},"86":{"start":{"line":291,"column":4},"end":{"line":null,"column":-1}},"87":{"start":{"line":301,"column":4},"end":{"line":null,"column":-1}},"88":{"start":{"line":302,"column":10},"end":{"line":null,"column":-1}},"89":{"start":{"line":304,"column":22},"end":{"line":304,"column":6}},"90":{"start":{"line":305,"column":6},"end":{"line":null,"column":-1}},"91":{"start":{"line":306,"column":8},"end":{"line":null,"column":-1}},"92":{"start":{"line":308,"column":6},"end":{"line":null,"column":-1}},"93":{"start":{"line":320,"column":4},"end":{"line":null,"column":-1}},"94":{"start":{"line":322,"column":6},"end":{"line":330,"column":7}},"95":{"start":{"line":323,"column":8},"end":{"line":null,"column":-1}},"96":{"start":{"line":325,"column":11},"end":{"line":330,"column":7}},"97":{"start":{"line":326,"column":8},"end":{"line":null,"column":-1}},"98":{"start":{"line":329,"column":8},"end":{"line":null,"column":-1}},"99":{"start":{"line":343,"column":4},"end":{"line":null,"column":-1}},"100":{"start":{"line":345,"column":6},"end":{"line":353,"column":7}},"101":{"start":{"line":346,"column":8},"end":{"line":null,"column":-1}},"102":{"start":{"line":348,"column":11},"end":{"line":353,"column":7}},"103":{"start":{"line":349,"column":8},"end":{"line":null,"column":-1}},"104":{"start":{"line":352,"column":8},"end":{"line":null,"column":-1}},"105":{"start":{"line":368,"column":4},"end":{"line":null,"column":-1}},"106":{"start":{"line":379,"column":4},"end":{"line":null,"column":-1}},"107":{"start":{"line":386,"column":6},"end":{"line":389,"column":8}},"108":{"start":{"line":387,"column":8},"end":{"line":386,"column":6}},"109":{"start":{"line":389,"column":8},"end":{"line":null,"column":-1}},"110":{"start":{"line":393,"column":6},"end":{"line":396,"column":8}},"111":{"start":{"line":394,"column":8},"end":{"line":393,"column":6}},"112":{"start":{"line":396,"column":8},"end":{"line":null,"column":-1}},"113":{"start":{"line":412,"column":4},"end":{"line":null,"column":-1}},"114":{"start":{"line":418,"column":6},"end":{"line":423,"column":7}},"115":{"start":{"line":419,"column":8},"end":{"line":null,"column":-1}},"116":{"start":{"line":422,"column":8},"end":{"line":null,"column":-1}},"117":{"start":{"line":436,"column":4},"end":{"line":null,"column":-1}},"118":{"start":{"line":442,"column":6},"end":{"line":447,"column":7}},"119":{"start":{"line":443,"column":8},"end":{"line":null,"column":-1}},"120":{"start":{"line":446,"column":8},"end":{"line":null,"column":-1}}},"fnMap":{"0":{"name":"(anonymous_9)","decl":{"start":{"line":26,"column":10},"end":{"line":null,"column":-1}},"loc":{"start":{"line":26,"column":10},"end":{"line":25,"column":11}}},"1":{"name":"(anonymous_10)","decl":{"start":{"line":27,"column":10},"end":{"line":27,"column":17}},"loc":{"start":{"line":27,"column":18},"end":{"line":25,"column":11}}},"2":{"name":"(anonymous_11)","decl":{"start":{"line":30,"column":25},"end":{"line":30,"column":32}},"loc":{"start":{"line":30,"column":33},"end":{"line":30,"column":6}}},"3":{"name":"(anonymous_13)","decl":{"start":{"line":50,"column":10},"end":{"line":null,"column":-1}},"loc":{"start":{"line":50,"column":10},"end":{"line":49,"column":11}}},"4":{"name":"(anonymous_14)","decl":{"start":{"line":51,"column":10},"end":{"line":51,"column":17}},"loc":{"start":{"line":51,"column":18},"end":{"line":49,"column":11}}},"5":{"name":"(anonymous_16)","decl":{"start":{"line":70,"column":10},"end":{"line":70,"column":21}},"loc":{"start":{"line":70,"column":22},"end":{"line":69,"column":11}}},"6":{"name":"(anonymous_20)","decl":{"start":{"line":143,"column":10},"end":{"line":143,"column":21}},"loc":{"start":{"line":143,"column":22},"end":{"line":142,"column":11}}},"7":{"name":"(anonymous_22)","decl":{"start":{"line":168,"column":10},"end":{"line":null,"column":-1}},"loc":{"start":{"line":168,"column":10},"end":{"line":167,"column":11}}},"8":{"name":"(anonymous_23)","decl":{"start":{"line":169,"column":10},"end":{"line":169,"column":17}},"loc":{"start":{"line":169,"column":18},"end":{"line":167,"column":11}}},"9":{"name":"(anonymous_24)","decl":{"start":{"line":171,"column":25},"end":{"line":171,"column":32}},"loc":{"start":{"line":171,"column":33},"end":{"line":171,"column":6}}},"10":{"name":"(anonymous_25)","decl":{"start":{"line":175,"column":30},"end":{"line":175,"column":37}},"loc":{"start":{"line":175,"column":38},"end":{"line":175,"column":17}}},"11":{"name":"(anonymous_27)","decl":{"start":{"line":195,"column":10},"end":{"line":null,"column":-1}},"loc":{"start":{"line":195,"column":10},"end":{"line":194,"column":11}}},"12":{"name":"(anonymous_28)","decl":{"start":{"line":196,"column":10},"end":{"line":196,"column":17}},"loc":{"start":{"line":196,"column":18},"end":{"line":194,"column":11}}},"13":{"name":"(anonymous_30)","decl":{"start":{"line":214,"column":10},"end":{"line":214,"column":21}},"loc":{"start":{"line":214,"column":22},"end":{"line":213,"column":11}}},"14":{"name":"(anonymous_33)","decl":{"start":{"line":249,"column":10},"end":{"line":249,"column":21}},"loc":{"start":{"line":249,"column":22},"end":{"line":248,"column":11}}},"15":{"name":"(anonymous_35)","decl":{"start":{"line":275,"column":10},"end":{"line":275,"column":15}},"loc":{"start":{"line":275,"column":16},"end":{"line":271,"column":11}}},"16":{"name":"(anonymous_38)","decl":{"start":{"line":302,"column":10},"end":{"line":null,"column":-1}},"loc":{"start":{"line":302,"column":10},"end":{"line":301,"column":11}}},"17":{"name":"(anonymous_39)","decl":{"start":{"line":303,"column":10},"end":{"line":303,"column":17}},"loc":{"start":{"line":303,"column":18},"end":{"line":301,"column":11}}},"18":{"name":"(anonymous_40)","decl":{"start":{"line":305,"column":25},"end":{"line":305,"column":32}},"loc":{"start":{"line":305,"column":33},"end":{"line":305,"column":6}}},"19":{"name":"(anonymous_42)","decl":{"start":{"line":321,"column":10},"end":{"line":321,"column":21}},"loc":{"start":{"line":321,"column":22},"end":{"line":320,"column":11}}},"20":{"name":"(anonymous_44)","decl":{"start":{"line":344,"column":10},"end":{"line":344,"column":21}},"loc":{"start":{"line":344,"column":22},"end":{"line":343,"column":11}}},"21":{"name":"(anonymous_47)","decl":{"start":{"line":384,"column":10},"end":{"line":384,"column":16}},"loc":{"start":{"line":384,"column":17},"end":{"line":379,"column":11}}},"22":{"name":"(anonymous_48)","decl":{"start":{"line":391,"column":10},"end":{"line":391,"column":17}},"loc":{"start":{"line":391,"column":18},"end":{"line":379,"column":11}}},"23":{"name":"(anonymous_50)","decl":{"start":{"line":417,"column":10},"end":{"line":417,"column":16}},"loc":{"start":{"line":417,"column":17},"end":{"line":412,"column":11}}},"24":{"name":"(anonymous_52)","decl":{"start":{"line":441,"column":10},"end":{"line":441,"column":16}},"loc":{"start":{"line":441,"column":17},"end":{"line":436,"column":11}}}},"branchMap":{"0":{"loc":{"start":{"line":53,"column":6},"end":{"line":55,"column":7}},"type":"if","locations":[{"start":{"line":53,"column":6},"end":{"line":55,"column":7}},{"start":{"line":53,"column":6},"end":{"line":55,"column":7}}]},"1":{"loc":{"start":{"line":71,"column":6},"end":{"line":79,"column":7}},"type":"if","locations":[{"start":{"line":71,"column":6},"end":{"line":79,"column":7}},{"start":{"line":71,"column":6},"end":{"line":79,"column":7}}]},"2":{"loc":{"start":{"line":74,"column":11},"end":{"line":79,"column":7}},"type":"if","locations":[{"start":{"line":74,"column":11},"end":{"line":79,"column":7}},{"start":{"line":74,"column":11},"end":{"line":79,"column":7}}]},"3":{"loc":{"start":{"line":94,"column":4},"end":{"line":108,"column":6}},"type":"if","locations":[{"start":{"line":94,"column":4},"end":{"line":108,"column":6}},{"start":{"line":94,"column":4},"end":{"line":108,"column":6}}]},"4":{"loc":{"start":{"line":96,"column":6},"end":{"line":105,"column":7}},"type":"if","locations":[{"start":{"line":96,"column":6},"end":{"line":105,"column":7}},{"start":{"line":96,"column":6},"end":{"line":105,"column":7}}]},"5":{"loc":{"start":{"line":100,"column":8},"end":{"line":103,"column":9}},"type":"if","locations":[{"start":{"line":100,"column":8},"end":{"line":103,"column":9}},{"start":{"line":100,"column":8},"end":{"line":103,"column":9}}]},"6":{"loc":{"start":{"line":113,"column":4},"end":{"line":116,"column":5}},"type":"if","locations":[{"start":{"line":113,"column":4},"end":{"line":116,"column":5}},{"start":{"line":113,"column":4},"end":{"line":116,"column":5}}]},"7":{"loc":{"start":{"line":144,"column":6},"end":{"line":152,"column":7}},"type":"if","locations":[{"start":{"line":144,"column":6},"end":{"line":152,"column":7}},{"start":{"line":144,"column":6},"end":{"line":152,"column":7}}]},"8":{"loc":{"start":{"line":147,"column":11},"end":{"line":152,"column":7}},"type":"if","locations":[{"start":{"line":147,"column":11},"end":{"line":152,"column":7}},{"start":{"line":147,"column":11},"end":{"line":152,"column":7}}]},"9":{"loc":{"start":{"line":172,"column":8},"end":{"line":173,"column":10}},"type":"if","locations":[{"start":{"line":172,"column":8},"end":{"line":173,"column":10}},{"start":{"line":172,"column":8},"end":{"line":173,"column":10}}]},"10":{"loc":{"start":{"line":176,"column":8},"end":{"line":177,"column":10}},"type":"if","locations":[{"start":{"line":176,"column":8},"end":{"line":177,"column":10}},{"start":{"line":176,"column":8},"end":{"line":177,"column":10}}]},"11":{"loc":{"start":{"line":198,"column":6},"end":{"line":200,"column":7}},"type":"if","locations":[{"start":{"line":198,"column":6},"end":{"line":200,"column":7}},{"start":{"line":198,"column":6},"end":{"line":200,"column":7}}]},"12":{"loc":{"start":{"line":215,"column":6},"end":{"line":223,"column":7}},"type":"if","locations":[{"start":{"line":215,"column":6},"end":{"line":223,"column":7}},{"start":{"line":215,"column":6},"end":{"line":223,"column":7}}]},"13":{"loc":{"start":{"line":218,"column":11},"end":{"line":223,"column":7}},"type":"if","locations":[{"start":{"line":218,"column":11},"end":{"line":223,"column":7}},{"start":{"line":218,"column":11},"end":{"line":223,"column":7}}]},"14":{"loc":{"start":{"line":236,"column":133},"end":{"line":236,"column":116}},"type":"cond-expr","locations":[{"start":{"line":236,"column":133},"end":{"line":236,"column":116}},{"start":{"line":236,"column":158},"end":{"line":236,"column":11}}]},"15":{"loc":{"start":{"line":236,"column":249},"end":{"line":236,"column":231}},"type":"cond-expr","locations":[{"start":{"line":236,"column":249},"end":{"line":236,"column":231}},{"start":{"line":236,"column":275},"end":{"line":236,"column":11}}]},"16":{"loc":{"start":{"line":250,"column":6},"end":{"line":258,"column":7}},"type":"if","locations":[{"start":{"line":250,"column":6},"end":{"line":258,"column":7}},{"start":{"line":250,"column":6},"end":{"line":258,"column":7}}]},"17":{"loc":{"start":{"line":253,"column":11},"end":{"line":258,"column":7}},"type":"if","locations":[{"start":{"line":253,"column":11},"end":{"line":258,"column":7}},{"start":{"line":253,"column":11},"end":{"line":258,"column":7}}]},"18":{"loc":{"start":{"line":322,"column":6},"end":{"line":330,"column":7}},"type":"if","locations":[{"start":{"line":322,"column":6},"end":{"line":330,"column":7}},{"start":{"line":322,"column":6},"end":{"line":330,"column":7}}]},"19":{"loc":{"start":{"line":325,"column":11},"end":{"line":330,"column":7}},"type":"if","locations":[{"start":{"line":325,"column":11},"end":{"line":330,"column":7}},{"start":{"line":325,"column":11},"end":{"line":330,"column":7}}]},"20":{"loc":{"start":{"line":345,"column":6},"end":{"line":353,"column":7}},"type":"if","locations":[{"start":{"line":345,"column":6},"end":{"line":353,"column":7}},{"start":{"line":345,"column":6},"end":{"line":353,"column":7}}]},"21":{"loc":{"start":{"line":348,"column":11},"end":{"line":353,"column":7}},"type":"if","locations":[{"start":{"line":348,"column":11},"end":{"line":353,"column":7}},{"start":{"line":348,"column":11},"end":{"line":353,"column":7}}]},"22":{"loc":{"start":{"line":386,"column":6},"end":{"line":389,"column":8}},"type":"if","locations":[{"start":{"line":386,"column":6},"end":{"line":389,"column":8}},{"start":{"line":386,"column":6},"end":{"line":389,"column":8}}]},"23":{"loc":{"start":{"line":393,"column":6},"end":{"line":396,"column":8}},"type":"if","locations":[{"start":{"line":393,"column":6},"end":{"line":396,"column":8}},{"start":{"line":393,"column":6},"end":{"line":396,"column":8}}]},"24":{"loc":{"start":{"line":418,"column":6},"end":{"line":423,"column":7}},"type":"if","locations":[{"start":{"line":418,"column":6},"end":{"line":423,"column":7}},{"start":{"line":418,"column":6},"end":{"line":423,"column":7}}]},"25":{"loc":{"start":{"line":418,"column":9},"end":{"line":418,"column":8}},"type":"binary-expr","locations":[{"start":{"line":418,"column":9},"end":{"line":418,"column":8}},{"start":{"line":418,"column":31},"end":{"line":418,"column":6}}]},"26":{"loc":{"start":{"line":442,"column":6},"end":{"line":447,"column":7}},"type":"if","locations":[{"start":{"line":442,"column":6},"end":{"line":447,"column":7}},{"start":{"line":442,"column":6},"end":{"line":447,"column":7}}]},"27":{"loc":{"start":{"line":442,"column":9},"end":{"line":442,"column":8}},"type":"binary-expr","locations":[{"start":{"line":442,"column":9},"end":{"line":442,"column":8}},{"start":{"line":442,"column":31},"end":{"line":442,"column":6}}]}},"s":{"0":0,"1":0,"2":0,"3":0,"4":0,"5":0,"6":0,"7":0,"8":0,"9":0,"10":0,"11":0,"12":0,"13":0,"14":0,"15":0,"16":0,"17":0,"18":0,"19":0,"20":0,"21":0,"22":0,"23":0,"24":0,"25":0,"26":0,"27":0,"28":0,"29":0,"30":0,"31":0,"32":0,"33":0,"34":0,"35":0,"36":0,"37":0,"38":0,"39":0,"40":0,"41":0,"42":0,"43":0,"44":0,"45":0,"46":0,"47":0,"48":0,"49":0,"50":0,"51":0,"52":0,"53":0,"54":0,"55":0,"56":0,"57":0,"58":0,"59":0,"60":0,"61":0,"62":0,"63":0,"64":0,"65":0,"66":0,"67":0,"68":0,"69":0,"70":0,"71":0,"72":0,"73":0,"74":0,"75":0,"76":0,"77":0,"78":0,"79":0,"80":0,"81":0,"82":0,"83":0,"84":0,"85":0,"86":0,"87":0,"88":0,"89":0,"90":0,"91":0,"92":0,"93":0,"94":0,"95":0,"96":0,"97":0,"98":0,"99":0,"100":0,"101":0,"102":0,"103":0,"104":0,"105":0,"106":0,"107":0,"108":0,"109":0,"110":0,"111":0,"112":0,"113":0,"114":0,"115":0,"116":0,"117":0,"118":0,"119":0,"120":0},"f":{"0":0,"1":0,"2":0,"3":0,"4":0,"5":0,"6":0,"7":0,"8":0,"9":0,"10":0,"11":0,"12":0,"13":0,"14":0,"15":0,"16":0,"17":0,"18":0,"19":0,"20":0,"21":0,"22":0,"23":0,"24":0},"b":{"0":[0,0],"1":[0,0],"2":[0,0],"3":[0,0],"4":[0,0],"5":[0,0],"6":[0,0],"7":[0,0],"8":[0,0],"9":[0,0],"10":[0,0],"11":[0,0],"12":[0,0],"13":[0,0],"14":[0,0],"15":[0,0],"16":[0,0],"17":[0,0],"18":[0,0],"19":[0,0],"20":[0,0],"21":[0,0],"22":[0,0],"23":[0,0],"24":[0,0],"25":[0,0],"26":[0,0],"27":[0,0]}}
,"C:\\Users\\Lukasz\\Documents\\l2lc-fe\\src\\app.js": {"path":"C:\\Users\\Lukasz\\Documents\\l2lc-fe\\src\\app.js","statementMap":{"0":{"start":{"line":1,"column":0},"end":{"line":null,"column":-1}},"1":{"start":{"line":2,"column":0},"end":{"line":null,"column":-1}},"2":{"start":{"line":3,"column":0},"end":{"line":null,"column":-1}},"3":{"start":{"line":8,"column":4},"end":{"line":null,"column":-1}}},"fnMap":{},"branchMap":{},"s":{"0":0,"1":0,"2":0,"3":0},"f":{},"b":{}}
,"C:\\Users\\Lukasz\\Documents\\l2lc-fe\\src\\consts.js": {"path":"C:\\Users\\Lukasz\\Documents\\l2lc-fe\\src\\consts.js","statementMap":{"0":{"start":{"line":13,"column":31},"end":{"line":411,"column":3}},"1":{"start":{"line":21,"column":8},"end":{"line":24,"column":68}},"2":{"start":{"line":22,"column":10},"end":{"line":22,"column":40}},"3":{"start":{"line":23,"column":13},"end":{"line":24,"column":68}},"4":{"start":{"line":24,"column":10},"end":{"line":24,"column":68}},"5":{"start":{"line":25,"column":8},"end":{"line":25,"column":19}},"6":{"start":{"line":35,"column":8},"end":{"line":36,"column":40}},"7":{"start":{"line":36,"column":10},"end":{"line":36,"column":40}},"8":{"start":{"line":37,"column":18},"end":{"line":37,"column":79}},"9":{"start":{"line":38,"column":8},"end":{"line":41,"column":69}},"10":{"start":{"line":39,"column":10},"end":{"line":39,"column":54}},"11":{"start":{"line":40,"column":13},"end":{"line":41,"column":69}},"12":{"start":{"line":41,"column":10},"end":{"line":41,"column":69}},"13":{"start":{"line":42,"column":8},"end":{"line":42,"column":19}},"14":{"start":{"line":52,"column":8},"end":{"line":55,"column":49}},"15":{"start":{"line":53,"column":10},"end":{"line":53,"column":47}},"16":{"start":{"line":54,"column":13},"end":{"line":55,"column":49}},"17":{"start":{"line":55,"column":10},"end":{"line":55,"column":49}},"18":{"start":{"line":56,"column":8},"end":{"line":56,"column":19}},"19":{"start":{"line":66,"column":18},"end":{"line":66,"column":139}},"20":{"start":{"line":67,"column":8},"end":{"line":72,"column":71}},"21":{"start":{"line":68,"column":10},"end":{"line":68,"column":40}},"22":{"start":{"line":69,"column":13},"end":{"line":72,"column":71}},"23":{"start":{"line":70,"column":10},"end":{"line":70,"column":56}},"24":{"start":{"line":71,"column":13},"end":{"line":72,"column":71}},"25":{"start":{"line":72,"column":10},"end":{"line":72,"column":71}},"26":{"start":{"line":73,"column":8},"end":{"line":73,"column":19}},"27":{"start":{"line":84,"column":8},"end":{"line":85,"column":43}},"28":{"start":{"line":85,"column":10},"end":{"line":85,"column":43}},"29":{"start":{"line":86,"column":8},"end":{"line":86,"column":19}},"30":{"start":{"line":89,"column":8},"end":{"line":103,"column":9}},"31":{"start":{"line":90,"column":10},"end":{"line":102,"column":11}},"32":{"start":{"line":104,"column":8},"end":{"line":116,"column":9}},"33":{"start":{"line":126,"column":8},"end":{"line":129,"column":63}},"34":{"start":{"line":127,"column":10},"end":{"line":127,"column":40}},"35":{"start":{"line":128,"column":13},"end":{"line":129,"column":63}},"36":{"start":{"line":129,"column":10},"end":{"line":129,"column":63}},"37":{"start":{"line":130,"column":8},"end":{"line":130,"column":19}},"38":{"start":{"line":140,"column":8},"end":{"line":143,"column":63}},"39":{"start":{"line":141,"column":10},"end":{"line":141,"column":40}},"40":{"start":{"line":142,"column":13},"end":{"line":143,"column":63}},"41":{"start":{"line":143,"column":10},"end":{"line":143,"column":63}},"42":{"start":{"line":144,"column":8},"end":{"line":144,"column":19}},"43":{"start":{"line":154,"column":8},"end":{"line":157,"column":65}},"44":{"start":{"line":155,"column":10},"end":{"line":155,"column":40}},"45":{"start":{"line":156,"column":13},"end":{"line":157,"column":65}},"46":{"start":{"line":157,"column":10},"end":{"line":157,"column":65}},"47":{"start":{"line":158,"column":8},"end":{"line":158,"column":19}},"48":{"start":{"line":169,"column":8},"end":{"line":170,"column":43}},"49":{"start":{"line":170,"column":10},"end":{"line":170,"column":43}},"50":{"start":{"line":171,"column":8},"end":{"line":171,"column":19}},"51":{"start":{"line":181,"column":8},"end":{"line":184,"column":64}},"52":{"start":{"line":182,"column":10},"end":{"line":182,"column":40}},"53":{"start":{"line":183,"column":13},"end":{"line":184,"column":64}},"54":{"start":{"line":184,"column":10},"end":{"line":184,"column":64}},"55":{"start":{"line":185,"column":8},"end":{"line":185,"column":19}},"56":{"start":{"line":195,"column":8},"end":{"line":228,"column":9}},"57":{"start":{"line":196,"column":10},"end":{"line":227,"column":11}},"58":{"start":{"line":229,"column":24},"end":{"line":229,"column":29}},"59":{"start":{"line":230,"column":26},"end":{"line":230,"column":31}},"60":{"start":{"line":231,"column":8},"end":{"line":234,"column":9}},"61":{"start":{"line":231,"column":31},"end":{"line":231,"column":54}},"62":{"start":{"line":232,"column":10},"end":{"line":232,"column":26}},"63":{"start":{"line":233,"column":10},"end":{"line":233,"column":28}},"64":{"start":{"line":235,"column":8},"end":{"line":266,"column":9}},"65":{"start":{"line":277,"column":8},"end":{"line":278,"column":43}},"66":{"start":{"line":278,"column":10},"end":{"line":278,"column":43}},"67":{"start":{"line":279,"column":8},"end":{"line":279,"column":19}},"68":{"start":{"line":282,"column":8},"end":{"line":311,"column":9}},"69":{"start":{"line":283,"column":10},"end":{"line":310,"column":11}},"70":{"start":{"line":312,"column":8},"end":{"line":339,"column":9}},"71":{"start":{"line":349,"column":8},"end":{"line":352,"column":63}},"72":{"start":{"line":350,"column":10},"end":{"line":350,"column":40}},"73":{"start":{"line":351,"column":13},"end":{"line":352,"column":63}},"74":{"start":{"line":352,"column":10},"end":{"line":352,"column":63}},"75":{"start":{"line":353,"column":8},"end":{"line":353,"column":19}},"76":{"start":{"line":363,"column":8},"end":{"line":366,"column":63}},"77":{"start":{"line":364,"column":10},"end":{"line":364,"column":40}},"78":{"start":{"line":365,"column":13},"end":{"line":366,"column":63}},"79":{"start":{"line":366,"column":10},"end":{"line":366,"column":63}},"80":{"start":{"line":367,"column":8},"end":{"line":367,"column":19}},"81":{"start":{"line":377,"column":8},"end":{"line":380,"column":65}},"82":{"start":{"line":378,"column":10},"end":{"line":378,"column":40}},"83":{"start":{"line":379,"column":13},"end":{"line":380,"column":65}},"84":{"start":{"line":380,"column":10},"end":{"line":380,"column":65}},"85":{"start":{"line":381,"column":8},"end":{"line":381,"column":19}},"86":{"start":{"line":392,"column":8},"end":{"line":393,"column":43}},"87":{"start":{"line":393,"column":10},"end":{"line":393,"column":43}},"88":{"start":{"line":394,"column":8},"end":{"line":394,"column":19}},"89":{"start":{"line":404,"column":8},"end":{"line":407,"column":64}},"90":{"start":{"line":405,"column":10},"end":{"line":405,"column":40}},"91":{"start":{"line":406,"column":13},"end":{"line":407,"column":64}},"92":{"start":{"line":407,"column":10},"end":{"line":407,"column":64}},"93":{"start":{"line":408,"column":8},"end":{"line":408,"column":19}},"94":{"start":{"line":419,"column":30},"end":{"line":851,"column":3}},"95":{"start":{"line":428,"column":8},"end":{"line":429,"column":47}},"96":{"start":{"line":429,"column":10},"end":{"line":429,"column":47}},"97":{"start":{"line":430,"column":8},"end":{"line":430,"column":19}},"98":{"start":{"line":433,"column":8},"end":{"line":712,"column":9}},"99":{"start":{"line":434,"column":10},"end":{"line":466,"column":11}},"100":{"start":{"line":468,"column":13},"end":{"line":712,"column":9}},"101":{"start":{"line":469,"column":10},"end":{"line":501,"column":11}},"102":{"start":{"line":503,"column":13},"end":{"line":712,"column":9}},"103":{"start":{"line":504,"column":10},"end":{"line":536,"column":11}},"104":{"start":{"line":538,"column":13},"end":{"line":712,"column":9}},"105":{"start":{"line":539,"column":10},"end":{"line":571,"column":11}},"106":{"start":{"line":573,"column":13},"end":{"line":712,"column":9}},"107":{"start":{"line":574,"column":10},"end":{"line":606,"column":11}},"108":{"start":{"line":608,"column":13},"end":{"line":712,"column":9}},"109":{"start":{"line":609,"column":10},"end":{"line":641,"column":11}},"110":{"start":{"line":643,"column":13},"end":{"line":712,"column":9}},"111":{"start":{"line":644,"column":10},"end":{"line":676,"column":11}},"112":{"start":{"line":678,"column":13},"end":{"line":712,"column":9}},"113":{"start":{"line":679,"column":10},"end":{"line":711,"column":11}},"114":{"start":{"line":713,"column":8},"end":{"line":745,"column":9}},"115":{"start":{"line":756,"column":8},"end":{"line":757,"column":48}},"116":{"start":{"line":757,"column":10},"end":{"line":757,"column":48}},"117":{"start":{"line":758,"column":8},"end":{"line":758,"column":19}},"118":{"start":{"line":761,"column":8},"end":{"line":769,"column":9}},"119":{"start":{"line":762,"column":10},"end":{"line":768,"column":11}},"120":{"start":{"line":770,"column":8},"end":{"line":776,"column":9}},"121":{"start":{"line":786,"column":8},"end":{"line":787,"column":40}},"122":{"start":{"line":787,"column":10},"end":{"line":787,"column":40}},"123":{"start":{"line":788,"column":18},"end":{"line":788,"column":25}},"124":{"start":{"line":789,"column":8},"end":{"line":792,"column":72}},"125":{"start":{"line":790,"column":10},"end":{"line":790,"column":47}},"126":{"start":{"line":791,"column":13},"end":{"line":792,"column":72}},"127":{"start":{"line":792,"column":10},"end":{"line":792,"column":72}},"128":{"start":{"line":793,"column":8},"end":{"line":793,"column":19}},"129":{"start":{"line":803,"column":8},"end":{"line":806,"column":74}},"130":{"start":{"line":804,"column":10},"end":{"line":804,"column":40}},"131":{"start":{"line":805,"column":13},"end":{"line":806,"column":74}},"132":{"start":{"line":806,"column":10},"end":{"line":806,"column":74}},"133":{"start":{"line":807,"column":8},"end":{"line":807,"column":19}},"134":{"start":{"line":818,"column":8},"end":{"line":819,"column":44}},"135":{"start":{"line":819,"column":10},"end":{"line":819,"column":44}},"136":{"start":{"line":820,"column":8},"end":{"line":820,"column":19}},"137":{"start":{"line":830,"column":8},"end":{"line":833,"column":68}},"138":{"start":{"line":831,"column":10},"end":{"line":831,"column":40}},"139":{"start":{"line":832,"column":13},"end":{"line":833,"column":68}},"140":{"start":{"line":833,"column":10},"end":{"line":833,"column":68}},"141":{"start":{"line":834,"column":8},"end":{"line":834,"column":19}},"142":{"start":{"line":844,"column":8},"end":{"line":847,"column":72}},"143":{"start":{"line":845,"column":10},"end":{"line":845,"column":40}},"144":{"start":{"line":846,"column":13},"end":{"line":847,"column":72}},"145":{"start":{"line":847,"column":10},"end":{"line":847,"column":72}},"146":{"start":{"line":848,"column":8},"end":{"line":848,"column":19}},"147":{"start":{"line":859,"column":31},"end":{"line":886,"column":3}},"148":{"start":{"line":866,"column":8},"end":{"line":869,"column":66}},"149":{"start":{"line":867,"column":10},"end":{"line":867,"column":40}},"150":{"start":{"line":868,"column":13},"end":{"line":869,"column":66}},"151":{"start":{"line":869,"column":10},"end":{"line":869,"column":66}},"152":{"start":{"line":870,"column":8},"end":{"line":870,"column":19}},"153":{"start":{"line":879,"column":8},"end":{"line":882,"column":65}},"154":{"start":{"line":880,"column":10},"end":{"line":880,"column":40}},"155":{"start":{"line":881,"column":13},"end":{"line":882,"column":65}},"156":{"start":{"line":882,"column":10},"end":{"line":882,"column":65}},"157":{"start":{"line":883,"column":8},"end":{"line":883,"column":19}},"158":{"start":{"line":894,"column":32},"end":{"line":929,"column":3}},"159":{"start":{"line":901,"column":8},"end":{"line":904,"column":66}},"160":{"start":{"line":902,"column":10},"end":{"line":902,"column":40}},"161":{"start":{"line":903,"column":13},"end":{"line":904,"column":66}},"162":{"start":{"line":904,"column":10},"end":{"line":904,"column":66}},"163":{"start":{"line":905,"column":8},"end":{"line":906,"column":62}},"164":{"start":{"line":906,"column":10},"end":{"line":906,"column":62}},"165":{"start":{"line":907,"column":8},"end":{"line":908,"column":64}},"166":{"start":{"line":908,"column":10},"end":{"line":908,"column":64}},"167":{"start":{"line":909,"column":8},"end":{"line":909,"column":19}},"168":{"start":{"line":918,"column":8},"end":{"line":921,"column":67}},"169":{"start":{"line":919,"column":10},"end":{"line":919,"column":40}},"170":{"start":{"line":920,"column":13},"end":{"line":921,"column":67}},"171":{"start":{"line":921,"column":10},"end":{"line":921,"column":67}},"172":{"start":{"line":922,"column":8},"end":{"line":923,"column":63}},"173":{"start":{"line":923,"column":10},"end":{"line":923,"column":63}},"174":{"start":{"line":924,"column":8},"end":{"line":925,"column":65}},"175":{"start":{"line":925,"column":10},"end":{"line":925,"column":65}},"176":{"start":{"line":926,"column":8},"end":{"line":926,"column":19}},"177":{"start":{"line":937,"column":30},"end":{"line":939,"column":3}},"178":{"start":{"line":947,"column":28},"end":{"line":949,"column":3}},"179":{"start":{"line":957,"column":33},"end":{"line":959,"column":3}},"180":{"start":{"line":967,"column":33},"end":{"line":969,"column":3}},"181":{"start":{"line":977,"column":40},"end":{"line":977,"column":92}},"182":{"start":{"line":985,"column":41},"end":{"line":985,"column":94}},"183":{"start":{"line":993,"column":35},"end":{"line":993,"column":98}},"184":{"start":{"line":1001,"column":32},"end":{"line":1001,"column":98}},"185":{"start":{"line":1009,"column":38},"end":{"line":1009,"column":88}},"186":{"start":{"line":1017,"column":40},"end":{"line":1017,"column":92}},"187":{"start":{"line":1025,"column":35},"end":{"line":1025,"column":82}},"188":{"start":{"line":1033,"column":26},"end":{"line":1033,"column":42}},"189":{"start":{"line":1041,"column":26},"end":{"line":1041,"column":42}},"190":{"start":{"line":1049,"column":26},"end":{"line":1049,"column":42}},"191":{"start":{"line":1057,"column":29},"end":{"line":1057,"column":45}},"192":{"start":{"line":1065,"column":28},"end":{"line":1065,"column":44}},"193":{"start":{"line":1074,"column":4},"end":{"line":1082,"column":5}},"194":{"start":{"line":1086,"column":0},"end":{"line":1086,"column":23}}},"fnMap":{"0":{"name":"(anonymous_0)","decl":{"start":{"line":13,"column":2},"end":{"line":13,"column":3}},"loc":{"start":{"line":13,"column":29},"end":{"line":411,"column":4}},"line":13},"1":{"name":"(anonymous_1)","decl":{"start":{"line":20,"column":18},"end":{"line":20,"column":19}},"loc":{"start":{"line":20,"column":39},"end":{"line":26,"column":7}},"line":20},"2":{"name":"(anonymous_2)","decl":{"start":{"line":34,"column":18},"end":{"line":34,"column":19}},"loc":{"start":{"line":34,"column":39},"end":{"line":43,"column":7}},"line":34},"3":{"name":"(anonymous_3)","decl":{"start":{"line":51,"column":18},"end":{"line":51,"column":19}},"loc":{"start":{"line":51,"column":39},"end":{"line":57,"column":7}},"line":51},"4":{"name":"(anonymous_4)","decl":{"start":{"line":65,"column":18},"end":{"line":65,"column":19}},"loc":{"start":{"line":65,"column":39},"end":{"line":74,"column":7}},"line":65},"5":{"name":"(anonymous_5)","decl":{"start":{"line":83,"column":18},"end":{"line":83,"column":19}},"loc":{"start":{"line":83,"column":39},"end":{"line":87,"column":7}},"line":83},"6":{"name":"(anonymous_6)","decl":{"start":{"line":88,"column":16},"end":{"line":88,"column":17}},"loc":{"start":{"line":88,"column":27},"end":{"line":117,"column":7}},"line":88},"7":{"name":"(anonymous_7)","decl":{"start":{"line":125,"column":18},"end":{"line":125,"column":19}},"loc":{"start":{"line":125,"column":39},"end":{"line":131,"column":7}},"line":125},"8":{"name":"(anonymous_8)","decl":{"start":{"line":139,"column":18},"end":{"line":139,"column":19}},"loc":{"start":{"line":139,"column":39},"end":{"line":145,"column":7}},"line":139},"9":{"name":"(anonymous_9)","decl":{"start":{"line":153,"column":18},"end":{"line":153,"column":19}},"loc":{"start":{"line":153,"column":39},"end":{"line":159,"column":7}},"line":153},"10":{"name":"(anonymous_10)","decl":{"start":{"line":168,"column":18},"end":{"line":168,"column":19}},"loc":{"start":{"line":168,"column":39},"end":{"line":172,"column":7}},"line":168},"11":{"name":"(anonymous_11)","decl":{"start":{"line":180,"column":18},"end":{"line":180,"column":19}},"loc":{"start":{"line":180,"column":39},"end":{"line":186,"column":7}},"line":180},"12":{"name":"(anonymous_12)","decl":{"start":{"line":194,"column":16},"end":{"line":194,"column":17}},"loc":{"start":{"line":194,"column":35},"end":{"line":267,"column":7}},"line":194},"13":{"name":"(anonymous_13)","decl":{"start":{"line":231,"column":24},"end":{"line":231,"column":25}},"loc":{"start":{"line":231,"column":31},"end":{"line":231,"column":54}},"line":231},"14":{"name":"(anonymous_14)","decl":{"start":{"line":276,"column":18},"end":{"line":276,"column":19}},"loc":{"start":{"line":276,"column":39},"end":{"line":280,"column":7}},"line":276},"15":{"name":"(anonymous_15)","decl":{"start":{"line":281,"column":16},"end":{"line":281,"column":17}},"loc":{"start":{"line":281,"column":27},"end":{"line":340,"column":7}},"line":281},"16":{"name":"(anonymous_16)","decl":{"start":{"line":348,"column":18},"end":{"line":348,"column":19}},"loc":{"start":{"line":348,"column":39},"end":{"line":354,"column":7}},"line":348},"17":{"name":"(anonymous_17)","decl":{"start":{"line":362,"column":18},"end":{"line":362,"column":19}},"loc":{"start":{"line":362,"column":39},"end":{"line":368,"column":7}},"line":362},"18":{"name":"(anonymous_18)","decl":{"start":{"line":376,"column":18},"end":{"line":376,"column":19}},"loc":{"start":{"line":376,"column":39},"end":{"line":382,"column":7}},"line":376},"19":{"name":"(anonymous_19)","decl":{"start":{"line":391,"column":18},"end":{"line":391,"column":19}},"loc":{"start":{"line":391,"column":39},"end":{"line":395,"column":7}},"line":391},"20":{"name":"(anonymous_20)","decl":{"start":{"line":403,"column":18},"end":{"line":403,"column":19}},"loc":{"start":{"line":403,"column":39},"end":{"line":409,"column":7}},"line":403},"21":{"name":"(anonymous_21)","decl":{"start":{"line":419,"column":2},"end":{"line":419,"column":3}},"loc":{"start":{"line":419,"column":28},"end":{"line":851,"column":4}},"line":419},"22":{"name":"(anonymous_22)","decl":{"start":{"line":427,"column":18},"end":{"line":427,"column":19}},"loc":{"start":{"line":427,"column":39},"end":{"line":431,"column":7}},"line":427},"23":{"name":"(anonymous_23)","decl":{"start":{"line":432,"column":16},"end":{"line":432,"column":17}},"loc":{"start":{"line":432,"column":27},"end":{"line":746,"column":7}},"line":432},"24":{"name":"(anonymous_24)","decl":{"start":{"line":755,"column":18},"end":{"line":755,"column":19}},"loc":{"start":{"line":755,"column":39},"end":{"line":759,"column":7}},"line":755},"25":{"name":"(anonymous_25)","decl":{"start":{"line":760,"column":16},"end":{"line":760,"column":17}},"loc":{"start":{"line":760,"column":27},"end":{"line":777,"column":7}},"line":760},"26":{"name":"(anonymous_26)","decl":{"start":{"line":785,"column":18},"end":{"line":785,"column":19}},"loc":{"start":{"line":785,"column":39},"end":{"line":794,"column":7}},"line":785},"27":{"name":"(anonymous_27)","decl":{"start":{"line":802,"column":18},"end":{"line":802,"column":19}},"loc":{"start":{"line":802,"column":39},"end":{"line":808,"column":7}},"line":802},"28":{"name":"(anonymous_28)","decl":{"start":{"line":817,"column":18},"end":{"line":817,"column":19}},"loc":{"start":{"line":817,"column":39},"end":{"line":821,"column":7}},"line":817},"29":{"name":"(anonymous_29)","decl":{"start":{"line":829,"column":18},"end":{"line":829,"column":19}},"loc":{"start":{"line":829,"column":39},"end":{"line":835,"column":7}},"line":829},"30":{"name":"(anonymous_30)","decl":{"start":{"line":843,"column":18},"end":{"line":843,"column":19}},"loc":{"start":{"line":843,"column":39},"end":{"line":849,"column":7}},"line":843},"31":{"name":"(anonymous_31)","decl":{"start":{"line":859,"column":2},"end":{"line":859,"column":3}},"loc":{"start":{"line":859,"column":29},"end":{"line":886,"column":4}},"line":859},"32":{"name":"(anonymous_32)","decl":{"start":{"line":865,"column":18},"end":{"line":865,"column":19}},"loc":{"start":{"line":865,"column":39},"end":{"line":871,"column":7}},"line":865},"33":{"name":"(anonymous_33)","decl":{"start":{"line":878,"column":18},"end":{"line":878,"column":19}},"loc":{"start":{"line":878,"column":39},"end":{"line":884,"column":7}},"line":878},"34":{"name":"(anonymous_34)","decl":{"start":{"line":894,"column":2},"end":{"line":894,"column":3}},"loc":{"start":{"line":894,"column":30},"end":{"line":929,"column":4}},"line":894},"35":{"name":"(anonymous_35)","decl":{"start":{"line":900,"column":18},"end":{"line":900,"column":19}},"loc":{"start":{"line":900,"column":39},"end":{"line":910,"column":7}},"line":900},"36":{"name":"(anonymous_36)","decl":{"start":{"line":917,"column":18},"end":{"line":917,"column":19}},"loc":{"start":{"line":917,"column":39},"end":{"line":927,"column":7}},"line":917},"37":{"name":"(anonymous_37)","decl":{"start":{"line":937,"column":2},"end":{"line":937,"column":3}},"loc":{"start":{"line":937,"column":29},"end":{"line":939,"column":4}},"line":937},"38":{"name":"(anonymous_38)","decl":{"start":{"line":947,"column":2},"end":{"line":947,"column":3}},"loc":{"start":{"line":947,"column":27},"end":{"line":949,"column":4}},"line":947},"39":{"name":"(anonymous_39)","decl":{"start":{"line":957,"column":2},"end":{"line":957,"column":3}},"loc":{"start":{"line":957,"column":32},"end":{"line":959,"column":4}},"line":957},"40":{"name":"(anonymous_40)","decl":{"start":{"line":967,"column":2},"end":{"line":967,"column":3}},"loc":{"start":{"line":967,"column":32},"end":{"line":969,"column":4}},"line":967},"41":{"name":"(anonymous_41)","decl":{"start":{"line":977,"column":2},"end":{"line":977,"column":3}},"loc":{"start":{"line":977,"column":39},"end":{"line":977,"column":93}},"line":977},"42":{"name":"(anonymous_42)","decl":{"start":{"line":985,"column":2},"end":{"line":985,"column":3}},"loc":{"start":{"line":985,"column":40},"end":{"line":985,"column":95}},"line":985},"43":{"name":"(anonymous_43)","decl":{"start":{"line":993,"column":2},"end":{"line":993,"column":3}},"loc":{"start":{"line":993,"column":34},"end":{"line":993,"column":99}},"line":993},"44":{"name":"(anonymous_44)","decl":{"start":{"line":1001,"column":2},"end":{"line":1001,"column":3}},"loc":{"start":{"line":1001,"column":31},"end":{"line":1001,"column":99}},"line":1001},"45":{"name":"(anonymous_45)","decl":{"start":{"line":1009,"column":2},"end":{"line":1009,"column":3}},"loc":{"start":{"line":1009,"column":37},"end":{"line":1009,"column":89}},"line":1009},"46":{"name":"(anonymous_46)","decl":{"start":{"line":1017,"column":2},"end":{"line":1017,"column":3}},"loc":{"start":{"line":1017,"column":39},"end":{"line":1017,"column":93}},"line":1017},"47":{"name":"(anonymous_47)","decl":{"start":{"line":1025,"column":2},"end":{"line":1025,"column":3}},"loc":{"start":{"line":1025,"column":34},"end":{"line":1025,"column":83}},"line":1025},"48":{"name":"(anonymous_48)","decl":{"start":{"line":1033,"column":2},"end":{"line":1033,"column":3}},"loc":{"start":{"line":1033,"column":25},"end":{"line":1033,"column":43}},"line":1033},"49":{"name":"(anonymous_49)","decl":{"start":{"line":1041,"column":2},"end":{"line":1041,"column":3}},"loc":{"start":{"line":1041,"column":25},"end":{"line":1041,"column":43}},"line":1041},"50":{"name":"(anonymous_50)","decl":{"start":{"line":1049,"column":2},"end":{"line":1049,"column":3}},"loc":{"start":{"line":1049,"column":25},"end":{"line":1049,"column":43}},"line":1049},"51":{"name":"(anonymous_51)","decl":{"start":{"line":1057,"column":2},"end":{"line":1057,"column":3}},"loc":{"start":{"line":1057,"column":28},"end":{"line":1057,"column":46}},"line":1057},"52":{"name":"(anonymous_52)","decl":{"start":{"line":1065,"column":2},"end":{"line":1065,"column":3}},"loc":{"start":{"line":1065,"column":27},"end":{"line":1065,"column":45}},"line":1065},"53":{"name":"(anonymous_53)","decl":{"start":{"line":1073,"column":2},"end":{"line":1073,"column":3}},"loc":{"start":{"line":1073,"column":27},"end":{"line":1083,"column":3}},"line":1073}},"branchMap":{"0":{"loc":{"start":{"line":21,"column":8},"end":{"line":24,"column":68}},"type":"if","locations":[{"start":{"line":21,"column":8},"end":{"line":24,"column":68}},{"start":{"line":21,"column":8},"end":{"line":24,"column":68}}],"line":21},"1":{"loc":{"start":{"line":21,"column":12},"end":{"line":21,"column":35}},"type":"binary-expr","locations":[{"start":{"line":21,"column":12},"end":{"line":21,"column":20}},{"start":{"line":21,"column":24},"end":{"line":21,"column":35}}],"line":21},"2":{"loc":{"start":{"line":23,"column":13},"end":{"line":24,"column":68}},"type":"if","locations":[{"start":{"line":23,"column":13},"end":{"line":24,"column":68}},{"start":{"line":23,"column":13},"end":{"line":24,"column":68}}],"line":23},"3":{"loc":{"start":{"line":35,"column":8},"end":{"line":36,"column":40}},"type":"if","locations":[{"start":{"line":35,"column":8},"end":{"line":36,"column":40}},{"start":{"line":35,"column":8},"end":{"line":36,"column":40}}],"line":35},"4":{"loc":{"start":{"line":35,"column":12},"end":{"line":35,"column":35}},"type":"binary-expr","locations":[{"start":{"line":35,"column":12},"end":{"line":35,"column":20}},{"start":{"line":35,"column":24},"end":{"line":35,"column":35}}],"line":35},"5":{"loc":{"start":{"line":38,"column":8},"end":{"line":41,"column":69}},"type":"if","locations":[{"start":{"line":38,"column":8},"end":{"line":41,"column":69}},{"start":{"line":38,"column":8},"end":{"line":41,"column":69}}],"line":38},"6":{"loc":{"start":{"line":38,"column":12},"end":{"line":38,"column":56}},"type":"binary-expr","locations":[{"start":{"line":38,"column":12},"end":{"line":38,"column":28}},{"start":{"line":38,"column":32},"end":{"line":38,"column":56}}],"line":38},"7":{"loc":{"start":{"line":40,"column":13},"end":{"line":41,"column":69}},"type":"if","locations":[{"start":{"line":40,"column":13},"end":{"line":41,"column":69}},{"start":{"line":40,"column":13},"end":{"line":41,"column":69}}],"line":40},"8":{"loc":{"start":{"line":52,"column":8},"end":{"line":55,"column":49}},"type":"if","locations":[{"start":{"line":52,"column":8},"end":{"line":55,"column":49}},{"start":{"line":52,"column":8},"end":{"line":55,"column":49}}],"line":52},"9":{"loc":{"start":{"line":52,"column":12},"end":{"line":52,"column":35}},"type":"binary-expr","locations":[{"start":{"line":52,"column":12},"end":{"line":52,"column":20}},{"start":{"line":52,"column":24},"end":{"line":52,"column":35}}],"line":52},"10":{"loc":{"start":{"line":54,"column":13},"end":{"line":55,"column":49}},"type":"if","locations":[{"start":{"line":54,"column":13},"end":{"line":55,"column":49}},{"start":{"line":54,"column":13},"end":{"line":55,"column":49}}],"line":54},"11":{"loc":{"start":{"line":67,"column":8},"end":{"line":72,"column":71}},"type":"if","locations":[{"start":{"line":67,"column":8},"end":{"line":72,"column":71}},{"start":{"line":67,"column":8},"end":{"line":72,"column":71}}],"line":67},"12":{"loc":{"start":{"line":67,"column":12},"end":{"line":67,"column":35}},"type":"binary-expr","locations":[{"start":{"line":67,"column":12},"end":{"line":67,"column":20}},{"start":{"line":67,"column":24},"end":{"line":67,"column":35}}],"line":67},"13":{"loc":{"start":{"line":69,"column":13},"end":{"line":72,"column":71}},"type":"if","locations":[{"start":{"line":69,"column":13},"end":{"line":72,"column":71}},{"start":{"line":69,"column":13},"end":{"line":72,"column":71}}],"line":69},"14":{"loc":{"start":{"line":69,"column":17},"end":{"line":69,"column":61}},"type":"binary-expr","locations":[{"start":{"line":69,"column":17},"end":{"line":69,"column":33}},{"start":{"line":69,"column":37},"end":{"line":69,"column":61}}],"line":69},"15":{"loc":{"start":{"line":71,"column":13},"end":{"line":72,"column":71}},"type":"if","locations":[{"start":{"line":71,"column":13},"end":{"line":72,"column":71}},{"start":{"line":71,"column":13},"end":{"line":72,"column":71}}],"line":71},"16":{"loc":{"start":{"line":84,"column":8},"end":{"line":85,"column":43}},"type":"if","locations":[{"start":{"line":84,"column":8},"end":{"line":85,"column":43}},{"start":{"line":84,"column":8},"end":{"line":85,"column":43}}],"line":84},"17":{"loc":{"start":{"line":84,"column":12},"end":{"line":84,"column":35}},"type":"binary-expr","locations":[{"start":{"line":84,"column":12},"end":{"line":84,"column":20}},{"start":{"line":84,"column":24},"end":{"line":84,"column":35}}],"line":84},"18":{"loc":{"start":{"line":89,"column":8},"end":{"line":103,"column":9}},"type":"if","locations":[{"start":{"line":89,"column":8},"end":{"line":103,"column":9}},{"start":{"line":89,"column":8},"end":{"line":103,"column":9}}],"line":89},"19":{"loc":{"start":{"line":126,"column":8},"end":{"line":129,"column":63}},"type":"if","locations":[{"start":{"line":126,"column":8},"end":{"line":129,"column":63}},{"start":{"line":126,"column":8},"end":{"line":129,"column":63}}],"line":126},"20":{"loc":{"start":{"line":126,"column":12},"end":{"line":126,"column":35}},"type":"binary-expr","locations":[{"start":{"line":126,"column":12},"end":{"line":126,"column":20}},{"start":{"line":126,"column":24},"end":{"line":126,"column":35}}],"line":126},"21":{"loc":{"start":{"line":128,"column":13},"end":{"line":129,"column":63}},"type":"if","locations":[{"start":{"line":128,"column":13},"end":{"line":129,"column":63}},{"start":{"line":128,"column":13},"end":{"line":129,"column":63}}],"line":128},"22":{"loc":{"start":{"line":140,"column":8},"end":{"line":143,"column":63}},"type":"if","locations":[{"start":{"line":140,"column":8},"end":{"line":143,"column":63}},{"start":{"line":140,"column":8},"end":{"line":143,"column":63}}],"line":140},"23":{"loc":{"start":{"line":140,"column":12},"end":{"line":140,"column":35}},"type":"binary-expr","locations":[{"start":{"line":140,"column":12},"end":{"line":140,"column":20}},{"start":{"line":140,"column":24},"end":{"line":140,"column":35}}],"line":140},"24":{"loc":{"start":{"line":142,"column":13},"end":{"line":143,"column":63}},"type":"if","locations":[{"start":{"line":142,"column":13},"end":{"line":143,"column":63}},{"start":{"line":142,"column":13},"end":{"line":143,"column":63}}],"line":142},"25":{"loc":{"start":{"line":154,"column":8},"end":{"line":157,"column":65}},"type":"if","locations":[{"start":{"line":154,"column":8},"end":{"line":157,"column":65}},{"start":{"line":154,"column":8},"end":{"line":157,"column":65}}],"line":154},"26":{"loc":{"start":{"line":154,"column":12},"end":{"line":154,"column":35}},"type":"binary-expr","locations":[{"start":{"line":154,"column":12},"end":{"line":154,"column":20}},{"start":{"line":154,"column":24},"end":{"line":154,"column":35}}],"line":154},"27":{"loc":{"start":{"line":156,"column":13},"end":{"line":157,"column":65}},"type":"if","locations":[{"start":{"line":156,"column":13},"end":{"line":157,"column":65}},{"start":{"line":156,"column":13},"end":{"line":157,"column":65}}],"line":156},"28":{"loc":{"start":{"line":169,"column":8},"end":{"line":170,"column":43}},"type":"if","locations":[{"start":{"line":169,"column":8},"end":{"line":170,"column":43}},{"start":{"line":169,"column":8},"end":{"line":170,"column":43}}],"line":169},"29":{"loc":{"start":{"line":169,"column":12},"end":{"line":169,"column":35}},"type":"binary-expr","locations":[{"start":{"line":169,"column":12},"end":{"line":169,"column":20}},{"start":{"line":169,"column":24},"end":{"line":169,"column":35}}],"line":169},"30":{"loc":{"start":{"line":181,"column":8},"end":{"line":184,"column":64}},"type":"if","locations":[{"start":{"line":181,"column":8},"end":{"line":184,"column":64}},{"start":{"line":181,"column":8},"end":{"line":184,"column":64}}],"line":181},"31":{"loc":{"start":{"line":181,"column":12},"end":{"line":181,"column":35}},"type":"binary-expr","locations":[{"start":{"line":181,"column":12},"end":{"line":181,"column":20}},{"start":{"line":181,"column":24},"end":{"line":181,"column":35}}],"line":181},"32":{"loc":{"start":{"line":183,"column":13},"end":{"line":184,"column":64}},"type":"if","locations":[{"start":{"line":183,"column":13},"end":{"line":184,"column":64}},{"start":{"line":183,"column":13},"end":{"line":184,"column":64}}],"line":183},"33":{"loc":{"start":{"line":195,"column":8},"end":{"line":228,"column":9}},"type":"if","locations":[{"start":{"line":195,"column":8},"end":{"line":228,"column":9}},{"start":{"line":195,"column":8},"end":{"line":228,"column":9}}],"line":195},"34":{"loc":{"start":{"line":231,"column":8},"end":{"line":234,"column":9}},"type":"if","locations":[{"start":{"line":231,"column":8},"end":{"line":234,"column":9}},{"start":{"line":231,"column":8},"end":{"line":234,"column":9}}],"line":231},"35":{"loc":{"start":{"line":277,"column":8},"end":{"line":278,"column":43}},"type":"if","locations":[{"start":{"line":277,"column":8},"end":{"line":278,"column":43}},{"start":{"line":277,"column":8},"end":{"line":278,"column":43}}],"line":277},"36":{"loc":{"start":{"line":277,"column":12},"end":{"line":277,"column":35}},"type":"binary-expr","locations":[{"start":{"line":277,"column":12},"end":{"line":277,"column":20}},{"start":{"line":277,"column":24},"end":{"line":277,"column":35}}],"line":277},"37":{"loc":{"start":{"line":282,"column":8},"end":{"line":311,"column":9}},"type":"if","locations":[{"start":{"line":282,"column":8},"end":{"line":311,"column":9}},{"start":{"line":282,"column":8},"end":{"line":311,"column":9}}],"line":282},"38":{"loc":{"start":{"line":349,"column":8},"end":{"line":352,"column":63}},"type":"if","locations":[{"start":{"line":349,"column":8},"end":{"line":352,"column":63}},{"start":{"line":349,"column":8},"end":{"line":352,"column":63}}],"line":349},"39":{"loc":{"start":{"line":349,"column":12},"end":{"line":349,"column":35}},"type":"binary-expr","locations":[{"start":{"line":349,"column":12},"end":{"line":349,"column":20}},{"start":{"line":349,"column":24},"end":{"line":349,"column":35}}],"line":349},"40":{"loc":{"start":{"line":351,"column":13},"end":{"line":352,"column":63}},"type":"if","locations":[{"start":{"line":351,"column":13},"end":{"line":352,"column":63}},{"start":{"line":351,"column":13},"end":{"line":352,"column":63}}],"line":351},"41":{"loc":{"start":{"line":363,"column":8},"end":{"line":366,"column":63}},"type":"if","locations":[{"start":{"line":363,"column":8},"end":{"line":366,"column":63}},{"start":{"line":363,"column":8},"end":{"line":366,"column":63}}],"line":363},"42":{"loc":{"start":{"line":363,"column":12},"end":{"line":363,"column":35}},"type":"binary-expr","locations":[{"start":{"line":363,"column":12},"end":{"line":363,"column":20}},{"start":{"line":363,"column":24},"end":{"line":363,"column":35}}],"line":363},"43":{"loc":{"start":{"line":365,"column":13},"end":{"line":366,"column":63}},"type":"if","locations":[{"start":{"line":365,"column":13},"end":{"line":366,"column":63}},{"start":{"line":365,"column":13},"end":{"line":366,"column":63}}],"line":365},"44":{"loc":{"start":{"line":377,"column":8},"end":{"line":380,"column":65}},"type":"if","locations":[{"start":{"line":377,"column":8},"end":{"line":380,"column":65}},{"start":{"line":377,"column":8},"end":{"line":380,"column":65}}],"line":377},"45":{"loc":{"start":{"line":377,"column":12},"end":{"line":377,"column":35}},"type":"binary-expr","locations":[{"start":{"line":377,"column":12},"end":{"line":377,"column":20}},{"start":{"line":377,"column":24},"end":{"line":377,"column":35}}],"line":377},"46":{"loc":{"start":{"line":379,"column":13},"end":{"line":380,"column":65}},"type":"if","locations":[{"start":{"line":379,"column":13},"end":{"line":380,"column":65}},{"start":{"line":379,"column":13},"end":{"line":380,"column":65}}],"line":379},"47":{"loc":{"start":{"line":392,"column":8},"end":{"line":393,"column":43}},"type":"if","locations":[{"start":{"line":392,"column":8},"end":{"line":393,"column":43}},{"start":{"line":392,"column":8},"end":{"line":393,"column":43}}],"line":392},"48":{"loc":{"start":{"line":392,"column":12},"end":{"line":392,"column":35}},"type":"binary-expr","locations":[{"start":{"line":392,"column":12},"end":{"line":392,"column":20}},{"start":{"line":392,"column":24},"end":{"line":392,"column":35}}],"line":392},"49":{"loc":{"start":{"line":404,"column":8},"end":{"line":407,"column":64}},"type":"if","locations":[{"start":{"line":404,"column":8},"end":{"line":407,"column":64}},{"start":{"line":404,"column":8},"end":{"line":407,"column":64}}],"line":404},"50":{"loc":{"start":{"line":404,"column":12},"end":{"line":404,"column":35}},"type":"binary-expr","locations":[{"start":{"line":404,"column":12},"end":{"line":404,"column":20}},{"start":{"line":404,"column":24},"end":{"line":404,"column":35}}],"line":404},"51":{"loc":{"start":{"line":406,"column":13},"end":{"line":407,"column":64}},"type":"if","locations":[{"start":{"line":406,"column":13},"end":{"line":407,"column":64}},{"start":{"line":406,"column":13},"end":{"line":407,"column":64}}],"line":406},"52":{"loc":{"start":{"line":428,"column":8},"end":{"line":429,"column":47}},"type":"if","locations":[{"start":{"line":428,"column":8},"end":{"line":429,"column":47}},{"start":{"line":428,"column":8},"end":{"line":429,"column":47}}],"line":428},"53":{"loc":{"start":{"line":428,"column":12},"end":{"line":428,"column":35}},"type":"binary-expr","locations":[{"start":{"line":428,"column":12},"end":{"line":428,"column":20}},{"start":{"line":428,"column":24},"end":{"line":428,"column":35}}],"line":428},"54":{"loc":{"start":{"line":433,"column":8},"end":{"line":712,"column":9}},"type":"if","locations":[{"start":{"line":433,"column":8},"end":{"line":712,"column":9}},{"start":{"line":433,"column":8},"end":{"line":712,"column":9}}],"line":433},"55":{"loc":{"start":{"line":468,"column":13},"end":{"line":712,"column":9}},"type":"if","locations":[{"start":{"line":468,"column":13},"end":{"line":712,"column":9}},{"start":{"line":468,"column":13},"end":{"line":712,"column":9}}],"line":468},"56":{"loc":{"start":{"line":503,"column":13},"end":{"line":712,"column":9}},"type":"if","locations":[{"start":{"line":503,"column":13},"end":{"line":712,"column":9}},{"start":{"line":503,"column":13},"end":{"line":712,"column":9}}],"line":503},"57":{"loc":{"start":{"line":538,"column":13},"end":{"line":712,"column":9}},"type":"if","locations":[{"start":{"line":538,"column":13},"end":{"line":712,"column":9}},{"start":{"line":538,"column":13},"end":{"line":712,"column":9}}],"line":538},"58":{"loc":{"start":{"line":573,"column":13},"end":{"line":712,"column":9}},"type":"if","locations":[{"start":{"line":573,"column":13},"end":{"line":712,"column":9}},{"start":{"line":573,"column":13},"end":{"line":712,"column":9}}],"line":573},"59":{"loc":{"start":{"line":608,"column":13},"end":{"line":712,"column":9}},"type":"if","locations":[{"start":{"line":608,"column":13},"end":{"line":712,"column":9}},{"start":{"line":608,"column":13},"end":{"line":712,"column":9}}],"line":608},"60":{"loc":{"start":{"line":643,"column":13},"end":{"line":712,"column":9}},"type":"if","locations":[{"start":{"line":643,"column":13},"end":{"line":712,"column":9}},{"start":{"line":643,"column":13},"end":{"line":712,"column":9}}],"line":643},"61":{"loc":{"start":{"line":678,"column":13},"end":{"line":712,"column":9}},"type":"if","locations":[{"start":{"line":678,"column":13},"end":{"line":712,"column":9}},{"start":{"line":678,"column":13},"end":{"line":712,"column":9}}],"line":678},"62":{"loc":{"start":{"line":756,"column":8},"end":{"line":757,"column":48}},"type":"if","locations":[{"start":{"line":756,"column":8},"end":{"line":757,"column":48}},{"start":{"line":756,"column":8},"end":{"line":757,"column":48}}],"line":756},"63":{"loc":{"start":{"line":756,"column":12},"end":{"line":756,"column":35}},"type":"binary-expr","locations":[{"start":{"line":756,"column":12},"end":{"line":756,"column":20}},{"start":{"line":756,"column":24},"end":{"line":756,"column":35}}],"line":756},"64":{"loc":{"start":{"line":761,"column":8},"end":{"line":769,"column":9}},"type":"if","locations":[{"start":{"line":761,"column":8},"end":{"line":769,"column":9}},{"start":{"line":761,"column":8},"end":{"line":769,"column":9}}],"line":761},"65":{"loc":{"start":{"line":761,"column":12},"end":{"line":761,"column":88}},"type":"binary-expr","locations":[{"start":{"line":761,"column":12},"end":{"line":761,"column":29}},{"start":{"line":761,"column":33},"end":{"line":761,"column":49}},{"start":{"line":761,"column":53},"end":{"line":761,"column":69}},{"start":{"line":761,"column":73},"end":{"line":761,"column":88}}],"line":761},"66":{"loc":{"start":{"line":786,"column":8},"end":{"line":787,"column":40}},"type":"if","locations":[{"start":{"line":786,"column":8},"end":{"line":787,"column":40}},{"start":{"line":786,"column":8},"end":{"line":787,"column":40}}],"line":786},"67":{"loc":{"start":{"line":786,"column":12},"end":{"line":786,"column":35}},"type":"binary-expr","locations":[{"start":{"line":786,"column":12},"end":{"line":786,"column":20}},{"start":{"line":786,"column":24},"end":{"line":786,"column":35}}],"line":786},"68":{"loc":{"start":{"line":789,"column":8},"end":{"line":792,"column":72}},"type":"if","locations":[{"start":{"line":789,"column":8},"end":{"line":792,"column":72}},{"start":{"line":789,"column":8},"end":{"line":792,"column":72}}],"line":789},"69":{"loc":{"start":{"line":789,"column":12},"end":{"line":789,"column":63}},"type":"binary-expr","locations":[{"start":{"line":789,"column":12},"end":{"line":789,"column":28}},{"start":{"line":789,"column":32},"end":{"line":789,"column":63}}],"line":789},"70":{"loc":{"start":{"line":791,"column":13},"end":{"line":792,"column":72}},"type":"if","locations":[{"start":{"line":791,"column":13},"end":{"line":792,"column":72}},{"start":{"line":791,"column":13},"end":{"line":792,"column":72}}],"line":791},"71":{"loc":{"start":{"line":803,"column":8},"end":{"line":806,"column":74}},"type":"if","locations":[{"start":{"line":803,"column":8},"end":{"line":806,"column":74}},{"start":{"line":803,"column":8},"end":{"line":806,"column":74}}],"line":803},"72":{"loc":{"start":{"line":803,"column":12},"end":{"line":803,"column":35}},"type":"binary-expr","locations":[{"start":{"line":803,"column":12},"end":{"line":803,"column":20}},{"start":{"line":803,"column":24},"end":{"line":803,"column":35}}],"line":803},"73":{"loc":{"start":{"line":805,"column":13},"end":{"line":806,"column":74}},"type":"if","locations":[{"start":{"line":805,"column":13},"end":{"line":806,"column":74}},{"start":{"line":805,"column":13},"end":{"line":806,"column":74}}],"line":805},"74":{"loc":{"start":{"line":818,"column":8},"end":{"line":819,"column":44}},"type":"if","locations":[{"start":{"line":818,"column":8},"end":{"line":819,"column":44}},{"start":{"line":818,"column":8},"end":{"line":819,"column":44}}],"line":818},"75":{"loc":{"start":{"line":818,"column":12},"end":{"line":818,"column":35}},"type":"binary-expr","locations":[{"start":{"line":818,"column":12},"end":{"line":818,"column":20}},{"start":{"line":818,"column":24},"end":{"line":818,"column":35}}],"line":818},"76":{"loc":{"start":{"line":830,"column":8},"end":{"line":833,"column":68}},"type":"if","locations":[{"start":{"line":830,"column":8},"end":{"line":833,"column":68}},{"start":{"line":830,"column":8},"end":{"line":833,"column":68}}],"line":830},"77":{"loc":{"start":{"line":830,"column":12},"end":{"line":830,"column":35}},"type":"binary-expr","locations":[{"start":{"line":830,"column":12},"end":{"line":830,"column":20}},{"start":{"line":830,"column":24},"end":{"line":830,"column":35}}],"line":830},"78":{"loc":{"start":{"line":832,"column":13},"end":{"line":833,"column":68}},"type":"if","locations":[{"start":{"line":832,"column":13},"end":{"line":833,"column":68}},{"start":{"line":832,"column":13},"end":{"line":833,"column":68}}],"line":832},"79":{"loc":{"start":{"line":844,"column":8},"end":{"line":847,"column":72}},"type":"if","locations":[{"start":{"line":844,"column":8},"end":{"line":847,"column":72}},{"start":{"line":844,"column":8},"end":{"line":847,"column":72}}],"line":844},"80":{"loc":{"start":{"line":844,"column":12},"end":{"line":844,"column":35}},"type":"binary-expr","locations":[{"start":{"line":844,"column":12},"end":{"line":844,"column":20}},{"start":{"line":844,"column":24},"end":{"line":844,"column":35}}],"line":844},"81":{"loc":{"start":{"line":846,"column":13},"end":{"line":847,"column":72}},"type":"if","locations":[{"start":{"line":846,"column":13},"end":{"line":847,"column":72}},{"start":{"line":846,"column":13},"end":{"line":847,"column":72}}],"line":846},"82":{"loc":{"start":{"line":866,"column":8},"end":{"line":869,"column":66}},"type":"if","locations":[{"start":{"line":866,"column":8},"end":{"line":869,"column":66}},{"start":{"line":866,"column":8},"end":{"line":869,"column":66}}],"line":866},"83":{"loc":{"start":{"line":866,"column":12},"end":{"line":866,"column":35}},"type":"binary-expr","locations":[{"start":{"line":866,"column":12},"end":{"line":866,"column":20}},{"start":{"line":866,"column":24},"end":{"line":866,"column":35}}],"line":866},"84":{"loc":{"start":{"line":868,"column":13},"end":{"line":869,"column":66}},"type":"if","locations":[{"start":{"line":868,"column":13},"end":{"line":869,"column":66}},{"start":{"line":868,"column":13},"end":{"line":869,"column":66}}],"line":868},"85":{"loc":{"start":{"line":879,"column":8},"end":{"line":882,"column":65}},"type":"if","locations":[{"start":{"line":879,"column":8},"end":{"line":882,"column":65}},{"start":{"line":879,"column":8},"end":{"line":882,"column":65}}],"line":879},"86":{"loc":{"start":{"line":879,"column":12},"end":{"line":879,"column":35}},"type":"binary-expr","locations":[{"start":{"line":879,"column":12},"end":{"line":879,"column":20}},{"start":{"line":879,"column":24},"end":{"line":879,"column":35}}],"line":879},"87":{"loc":{"start":{"line":881,"column":13},"end":{"line":882,"column":65}},"type":"if","locations":[{"start":{"line":881,"column":13},"end":{"line":882,"column":65}},{"start":{"line":881,"column":13},"end":{"line":882,"column":65}}],"line":881},"88":{"loc":{"start":{"line":901,"column":8},"end":{"line":904,"column":66}},"type":"if","locations":[{"start":{"line":901,"column":8},"end":{"line":904,"column":66}},{"start":{"line":901,"column":8},"end":{"line":904,"column":66}}],"line":901},"89":{"loc":{"start":{"line":901,"column":12},"end":{"line":901,"column":35}},"type":"binary-expr","locations":[{"start":{"line":901,"column":12},"end":{"line":901,"column":20}},{"start":{"line":901,"column":24},"end":{"line":901,"column":35}}],"line":901},"90":{"loc":{"start":{"line":903,"column":13},"end":{"line":904,"column":66}},"type":"if","locations":[{"start":{"line":903,"column":13},"end":{"line":904,"column":66}},{"start":{"line":903,"column":13},"end":{"line":904,"column":66}}],"line":903},"91":{"loc":{"start":{"line":905,"column":8},"end":{"line":906,"column":62}},"type":"if","locations":[{"start":{"line":905,"column":8},"end":{"line":906,"column":62}},{"start":{"line":905,"column":8},"end":{"line":906,"column":62}}],"line":905},"92":{"loc":{"start":{"line":907,"column":8},"end":{"line":908,"column":64}},"type":"if","locations":[{"start":{"line":907,"column":8},"end":{"line":908,"column":64}},{"start":{"line":907,"column":8},"end":{"line":908,"column":64}}],"line":907},"93":{"loc":{"start":{"line":918,"column":8},"end":{"line":921,"column":67}},"type":"if","locations":[{"start":{"line":918,"column":8},"end":{"line":921,"column":67}},{"start":{"line":918,"column":8},"end":{"line":921,"column":67}}],"line":918},"94":{"loc":{"start":{"line":918,"column":12},"end":{"line":918,"column":35}},"type":"binary-expr","locations":[{"start":{"line":918,"column":12},"end":{"line":918,"column":20}},{"start":{"line":918,"column":24},"end":{"line":918,"column":35}}],"line":918},"95":{"loc":{"start":{"line":920,"column":13},"end":{"line":921,"column":67}},"type":"if","locations":[{"start":{"line":920,"column":13},"end":{"line":921,"column":67}},{"start":{"line":920,"column":13},"end":{"line":921,"column":67}}],"line":920},"96":{"loc":{"start":{"line":922,"column":8},"end":{"line":923,"column":63}},"type":"if","locations":[{"start":{"line":922,"column":8},"end":{"line":923,"column":63}},{"start":{"line":922,"column":8},"end":{"line":923,"column":63}}],"line":922},"97":{"loc":{"start":{"line":924,"column":8},"end":{"line":925,"column":65}},"type":"if","locations":[{"start":{"line":924,"column":8},"end":{"line":925,"column":65}},{"start":{"line":924,"column":8},"end":{"line":925,"column":65}}],"line":924}},"s":{"0":0,"1":0,"2":0,"3":0,"4":0,"5":0,"6":0,"7":0,"8":0,"9":0,"10":0,"11":0,"12":0,"13":0,"14":0,"15":0,"16":0,"17":0,"18":0,"19":0,"20":0,"21":0,"22":0,"23":0,"24":0,"25":0,"26":0,"27":0,"28":0,"29":0,"30":0,"31":0,"32":0,"33":0,"34":0,"35":0,"36":0,"37":0,"38":0,"39":0,"40":0,"41":0,"42":0,"43":0,"44":0,"45":0,"46":0,"47":0,"48":0,"49":0,"50":0,"51":0,"52":0,"53":0,"54":0,"55":0,"56":0,"57":0,"58":0,"59":0,"60":0,"61":0,"62":0,"63":0,"64":0,"65":0,"66":0,"67":0,"68":0,"69":0,"70":0,"71":0,"72":0,"73":0,"74":0,"75":0,"76":0,"77":0,"78":0,"79":0,"80":0,"81":0,"82":0,"83":0,"84":0,"85":0,"86":0,"87":0,"88":0,"89":0,"90":0,"91":0,"92":0,"93":0,"94":0,"95":0,"96":0,"97":0,"98":0,"99":0,"100":0,"101":0,"102":0,"103":0,"104":0,"105":0,"106":0,"107":0,"108":0,"109":0,"110":0,"111":0,"112":0,"113":0,"114":0,"115":0,"116":0,"117":0,"118":0,"119":0,"120":0,"121":0,"122":0,"123":0,"124":0,"125":0,"126":0,"127":0,"128":0,"129":0,"130":0,"131":0,"132":0,"133":0,"134":0,"135":0,"136":0,"137":0,"138":0,"139":0,"140":0,"141":0,"142":0,"143":0,"144":0,"145":0,"146":0,"147":0,"148":0,"149":0,"150":0,"151":0,"152":0,"153":0,"154":0,"155":0,"156":0,"157":0,"158":0,"159":0,"160":0,"161":0,"162":0,"163":0,"164":0,"165":0,"166":0,"167":0,"168":0,"169":0,"170":0,"171":0,"172":0,"173":0,"174":0,"175":0,"176":0,"177":0,"178":0,"179":0,"180":0,"181":0,"182":0,"183":0,"184":0,"185":0,"186":0,"187":0,"188":1,"189":1,"190":7,"191":1,"192":0,"193":18,"194":3},"f":{"0":0,"1":0,"2":0,"3":0,"4":0,"5":0,"6":0,"7":0,"8":0,"9":0,"10":0,"11":0,"12":0,"13":0,"14":0,"15":0,"16":0,"17":0,"18":0,"19":0,"20":0,"21":0,"22":0,"23":0,"24":0,"25":0,"26":0,"27":0,"28":0,"29":0,"30":0,"31":0,"32":0,"33":0,"34":0,"35":0,"36":0,"37":0,"38":0,"39":0,"40":0,"41":0,"42":0,"43":0,"44":0,"45":0,"46":0,"47":0,"48":1,"49":1,"50":7,"51":1,"52":0,"53":18},"b":{"0":[0,0],"1":[0,0],"2":[0,0],"3":[0,0],"4":[0,0],"5":[0,0],"6":[0,0],"7":[0,0],"8":[0,0],"9":[0,0],"10":[0,0],"11":[0,0],"12":[0,0],"13":[0,0],"14":[0,0],"15":[0,0],"16":[0,0],"17":[0,0],"18":[0,0],"19":[0,0],"20":[0,0],"21":[0,0],"22":[0,0],"23":[0,0],"24":[0,0],"25":[0,0],"26":[0,0],"27":[0,0],"28":[0,0],"29":[0,0],"30":[0,0],"31":[0,0],"32":[0,0],"33":[0,0],"34":[0,0],"35":[0,0],"36":[0,0],"37":[0,0],"38":[0,0],"39":[0,0],"40":[0,0],"41":[0,0],"42":[0,0],"43":[0,0],"44":[0,0],"45":[0,0],"46":[0,0],"47":[0,0],"48":[0,0],"49":[0,0],"50":[0,0],"51":[0,0],"52":[0,0],"53":[0,0],"54":[0,0],"55":[0,0],"56":[0,0],"57":[0,0],"58":[0,0],"59":[0,0],"60":[0,0],"61":[0,0],"62":[0,0],"63":[0,0],"64":[0,0],"65":[0,0,0,0],"66":[0,0],"67":[0,0],"68":[0,0],"69":[0,0],"70":[0,0],"71":[0,0],"72":[0,0],"73":[0,0],"74":[0,0],"75":[0,0],"76":[0,0],"77":[0,0],"78":[0,0],"79":[0,0],"80":[0,0],"81":[0,0],"82":[0,0],"83":[0,0],"84":[0,0],"85":[0,0],"86":[0,0],"87":[0,0],"88":[0,0],"89":[0,0],"90":[0,0],"91":[0,0],"92":[0,0],"93":[0,0],"94":[0,0],"95":[0,0],"96":[0,0],"97":[0,0]},"_coverageSchema":"332fd63041d2c1bcb487cc26dd0d5f7d97098a6c","hash":"82f44f733bf39f7aa3301c6c5e7c0a87c659f610"}
,"C:\\Users\\Lukasz\\Documents\\l2lc-fe\\src\\index.js": {"path":"C:\\Users\\Lukasz\\Documents\\l2lc-fe\\src\\index.js","statementMap":{"0":{"start":{"line":1,"column":0},"end":{"line":null,"column":-1}},"1":{"start":{"line":2,"column":0},"end":{"line":null,"column":-1}},"2":{"start":{"line":3,"column":0},"end":{"line":null,"column":-1}},"3":{"start":{"line":4,"column":0},"end":{"line":null,"column":-1}},"4":{"start":{"line":5,"column":0},"end":{"line":null,"column":-1}},"5":{"start":{"line":6,"column":0},"end":{"line":null,"column":-1}},"6":{"start":{"line":8,"column":0},"end":{"line":null,"column":-1}},"7":{"start":{"line":9,"column":0},"end":{"line":null,"column":-1}},"8":{"start":{"line":11,"column":0},"end":{"line":null,"column":-1}}},"fnMap":{},"branchMap":{},"s":{"0":0,"1":0,"2":0,"3":0,"4":0,"5":0,"6":0,"7":0,"8":0},"f":{},"b":{}}
,"C:\\Users\\Lukasz\\Documents\\l2lc-fe\\src\\components\\analytics.js": {"path":"C:\\Users\\Lukasz\\Documents\\l2lc-fe\\src\\components\\analytics.js","statementMap":{"0":{"start":{"line":1,"column":0},"end":{"line":null,"column":-1}},"1":{"start":{"line":2,"column":0},"end":{"line":null,"column":-1}},"2":{"start":{"line":3,"column":0},"end":{"line":null,"column":-1}},"3":{"start":{"line":4,"column":0},"end":{"line":null,"column":-1}},"4":{"start":{"line":22,"column":4},"end":{"line":null,"column":-1}},"5":{"start":{"line":25,"column":24},"end":{"line":25,"column":10}},"6":{"start":{"line":26,"column":10},"end":{"line":37,"column":11}},"7":{"start":{"line":27,"column":12},"end":{"line":null,"column":-1}},"8":{"start":{"line":28,"column":26},"end":{"line":28,"column":14}},"9":{"start":{"line":28,"column":26},"end":{"line":null,"column":-1}},"10":{"start":{"line":29,"column":14},"end":{"line":null,"column":-1}},"11":{"start":{"line":38,"column":10},"end":{"line":null,"column":-1}}},"fnMap":{"0":{"name":"(anonymous_10)","decl":{"start":{"line":24,"column":44},"end":{"line":24,"column":44}},"loc":{"start":{"line":24,"column":65},"end":{"line":24,"column":9}}},"1":{"name":"(anonymous_11)","decl":{"start":{"line":27,"column":39},"end":{"line":27,"column":39}},"loc":{"start":{"line":27,"column":63},"end":{"line":27,"column":12}}},"2":{"name":"click","decl":{"start":{"line":28,"column":18},"end":{"line":28,"column":26}},"loc":{"start":{"line":28,"column":26},"end":{"line":28,"column":14}}}},"branchMap":{"0":{"loc":{"start":{"line":26,"column":10},"end":{"line":37,"column":11}},"type":"if","locations":[{"start":{"line":26,"column":10},"end":{"line":37,"column":11}},{"start":{"line":26,"column":10},"end":{"line":37,"column":11}}]},"1":{"loc":{"start":{"line":26,"column":14},"end":{"line":26,"column":13}},"type":"binary-expr","locations":[{"start":{"line":26,"column":14},"end":{"line":26,"column":13}},{"start":{"line":26,"column":40},"end":{"line":26,"column":10}}]},"2":{"loc":{"start":{"line":41,"column":15},"end":{"line":41,"column":14}},"type":"binary-expr","locations":[{"start":{"line":41,"column":15},"end":{"line":41,"column":14}},{"start":{"line":41,"column":41},"end":{"line":41,"column":15}},{"start":{"line":42,"column":16},"end":{"line":39,"column":12}}]},"3":{"loc":{"start":{"line":49,"column":16},"end":{"line":48,"column":15}},"type":"cond-expr","locations":[{"start":{"line":49,"column":16},"end":{"line":48,"column":15}},{"start":{"line":63,"column":16},"end":{"line":null,"column":-1}}]}},"s":{"0":0,"1":0,"2":0,"3":0,"4":0,"5":0,"6":0,"7":0,"8":0,"9":0,"10":0,"11":0},"f":{"0":0,"1":0,"2":0},"b":{"0":[0,0],"1":[0,0],"2":[0,0,0],"3":[0,0]}}
,"C:\\Users\\Lukasz\\Documents\\l2lc-fe\\src\\components\\barcode.js": {"path":"C:\\Users\\Lukasz\\Documents\\l2lc-fe\\src\\components\\barcode.js","statementMap":{"0":{"start":{"line":19,"column":4},"end":{"line":19,"column":16}},"1":{"start":{"line":20,"column":4},"end":{"line":20,"column":54}},"2":{"start":{"line":30,"column":4},"end":{"line":30,"column":122}},"3":{"start":{"line":40,"column":4},"end":{"line":47,"column":5}}},"fnMap":{"0":{"name":"(anonymous_0)","decl":{"start":{"line":18,"column":2},"end":{"line":18,"column":3}},"loc":{"start":{"line":18,"column":20},"end":{"line":21,"column":3}},"line":18},"1":{"name":"(anonymous_1)","decl":{"start":{"line":29,"column":2},"end":{"line":29,"column":3}},"loc":{"start":{"line":29,"column":17},"end":{"line":31,"column":3}},"line":29},"2":{"name":"(anonymous_2)","decl":{"start":{"line":39,"column":2},"end":{"line":39,"column":3}},"loc":{"start":{"line":39,"column":11},"end":{"line":48,"column":3}},"line":39}},"branchMap":{},"s":{"0":0,"1":0,"2":0,"3":0},"f":{"0":0,"1":0,"2":0},"b":{},"_coverageSchema":"332fd63041d2c1bcb487cc26dd0d5f7d97098a6c","hash":"39df5b5bce6d5bf18b0467c883708098d69fcce8"}
,"C:\\Users\\Lukasz\\Documents\\l2lc-fe\\src\\components\\buttonDefault.js": {"path":"C:\\Users\\Lukasz\\Documents\\l2lc-fe\\src\\components\\buttonDefault.js","statementMap":{"0":{"start":{"line":36,"column":4},"end":{"line":46,"column":5}}},"fnMap":{"0":{"name":"(anonymous_0)","decl":{"start":{"line":35,"column":2},"end":{"line":35,"column":3}},"loc":{"start":{"line":35,"column":10},"end":{"line":47,"column":3}},"line":35}},"branchMap":{"0":{"loc":{"start":{"line":39,"column":25},"end":{"line":39,"column":79}},"type":"cond-expr","locations":[{"start":{"line":39,"column":49},"end":{"line":39,"column":75}},{"start":{"line":39,"column":77},"end":{"line":39,"column":79}}],"line":39}},"s":{"0":0},"f":{"0":0},"b":{"0":[0,0]},"_coverageSchema":"332fd63041d2c1bcb487cc26dd0d5f7d97098a6c","hash":"bcc93976280de470b1653e47692dec22f6432baa"}
,"C:\\Users\\Lukasz\\Documents\\l2lc-fe\\src\\components\\buttonPrimary.js": {"path":"C:\\Users\\Lukasz\\Documents\\l2lc-fe\\src\\components\\buttonPrimary.js","statementMap":{"0":{"start":{"line":33,"column":4},"end":{"line":42,"column":5}}},"fnMap":{"0":{"name":"(anonymous_0)","decl":{"start":{"line":32,"column":2},"end":{"line":32,"column":3}},"loc":{"start":{"line":32,"column":10},"end":{"line":43,"column":3}},"line":32}},"branchMap":{"0":{"loc":{"start":{"line":35,"column":33},"end":{"line":35,"column":87}},"type":"cond-expr","locations":[{"start":{"line":35,"column":57},"end":{"line":35,"column":83}},{"start":{"line":35,"column":85},"end":{"line":35,"column":87}}],"line":35}},"s":{"0":0},"f":{"0":0},"b":{"0":[0,0]},"_coverageSchema":"332fd63041d2c1bcb487cc26dd0d5f7d97098a6c","hash":"ebd2bf64eef21f49a7f25ea35ed455fc68d155b9"}
,"C:\\Users\\Lukasz\\Documents\\l2lc-fe\\src\\components\\checkboxField.js": {"path":"C:\\Users\\Lukasz\\Documents\\l2lc-fe\\src\\components\\checkboxField.js","statementMap":{"0":{"start":{"line":31,"column":4},"end":{"line":41,"column":5}}},"fnMap":{"0":{"name":"(anonymous_0)","decl":{"start":{"line":30,"column":2},"end":{"line":30,"column":3}},"loc":{"start":{"line":30,"column":10},"end":{"line":42,"column":3}},"line":30}},"branchMap":{},"s":{"0":0},"f":{"0":0},"b":{},"_coverageSchema":"332fd63041d2c1bcb487cc26dd0d5f7d97098a6c","hash":"2c1d2f2c3c5b4fcb92f51f87e7f2706e66053ed7"}
[...]
olumn":19},"end":{"line":null,"column":-1}},"59":{"start":{"line":208,"column":4},"end":{"line":null,"column":-1}},"60":{"start":{"line":209,"column":10},"end":{"line":null,"column":-1}},"61":{"start":{"line":222,"column":4},"end":{"line":null,"column":-1}},"62":{"start":{"line":223,"column":4},"end":{"line":null,"column":-1}},"63":{"start":{"line":224,"column":4},"end":{"line":null,"column":-1}},"64":{"start":{"line":235,"column":4},"end":{"line":null,"column":-1}},"65":{"start":{"line":236,"column":4},"end":{"line":null,"column":-1}},"66":{"start":{"line":237,"column":4},"end":{"line":null,"column":-1}},"67":{"start":{"line":250,"column":4},"end":{"line":null,"column":-1}},"68":{"start":{"line":251,"column":4},"end":{"line":null,"column":-1}},"69":{"start":{"line":252,"column":4},"end":{"line":null,"column":-1}},"70":{"start":{"line":265,"column":4},"end":{"line":null,"column":-1}},"71":{"start":{"line":266,"column":4},"end":{"line":null,"column":-1}},"72":{"start":{"line":267,"column":4},"end":{"line":null,"column":-1}},"73":{"start":{"line":278,"column":4},"end":{"line":null,"column":-1}},"74":{"start":{"line":279,"column":4},"end":{"line":null,"column":-1}},"75":{"start":{"line":280,"column":4},"end":{"line":null,"column":-1}},"76":{"start":{"line":291,"column":4},"end":{"line":null,"column":-1}},"77":{"start":{"line":292,"column":24},"end":{"line":292,"column":4}},"78":{"start":{"line":293,"column":4},"end":{"line":null,"column":-1}},"79":{"start":{"line":304,"column":4},"end":{"line":null,"column":-1}},"80":{"start":{"line":305,"column":4},"end":{"line":null,"column":-1}},"81":{"start":{"line":306,"column":4},"end":{"line":null,"column":-1}},"82":{"start":{"line":319,"column":4},"end":{"line":null,"column":-1}},"83":{"start":{"line":320,"column":4},"end":{"line":null,"column":-1}},"84":{"start":{"line":321,"column":4},"end":{"line":null,"column":-1}},"85":{"start":{"line":334,"column":4},"end":{"line":null,"column":-1}},"86":{"start":{"line":335,"column":4},"end":{"line":null,"column":-1}},"87":{"start":{"line":336,"column":4},"end":{"line":null,"column":-1}},"88":{"start":{"line":347,"column":4},"end":{"line":null,"column":-1}},"89":{"start":{"line":348,"column":4},"end":{"line":null,"column":-1}},"90":{"start":{"line":349,"column":4},"end":{"line":null,"column":-1}},"91":{"start":{"line":360,"column":4},"end":{"line":null,"column":-1}},"92":{"start":{"line":361,"column":4},"end":{"line":null,"column":-1}},"93":{"start":{"line":362,"column":4},"end":{"line":null,"column":-1}},"94":{"start":{"line":373,"column":4},"end":{"line":null,"column":-1}},"95":{"start":{"line":374,"column":24},"end":{"line":374,"column":4}},"96":{"start":{"line":375,"column":4},"end":{"line":null,"column":-1}},"97":{"start":{"line":376,"column":4},"end":{"line":null,"column":-1}},"98":{"start":{"line":387,"column":4},"end":{"line":null,"column":-1}},"99":{"start":{"line":388,"column":4},"end":{"line":null,"column":-1}},"100":{"start":{"line":393,"column":13},"end":{"line":393,"column":0}}},"fnMap":{"0":{"name":"PageStore","decl":{"start":{"line":26,"column":2},"end":{"line":26,"column":15}},"loc":{"start":{"line":26,"column":16},"end":{"line":37,"column":3}}},"1":{"name":"(anonymous_14)","decl":{"start":{"line":82,"column":25},"end":{"line":82,"column":42}},"loc":{"start":{"line":82,"column":43},"end":{"line":82,"column":3}}},"2":{"name":"func","decl":{"start":{"line":124,"column":8},"end":{"line":124,"column":15}},"loc":{"start":{"line":124,"column":21},"end":{"line":124,"column":4}}},"3":{"name":"(anonymous_19)","decl":{"start":{"line":136,"column":12},"end":{"line":null,"column":-1}},"loc":{"start":{"line":136,"column":12},"end":{"line":135,"column":6}}},"4":{"name":"func","decl":{"start":{"line":165,"column":8},"end":{"line":165,"column":15}},"loc":{"start":{"line":165,"column":21},"end":{"line":165,"column":4}}},"5":{"name":"(anonymous_23)","decl":{"start":{"line":170,"column":12},"end":{"line":170,"column":17}},"loc":{"start":{"line":170,"column":18},"end":{"line":169,"column":6}}},"6":{"name":"completeFunc","decl":{"start":{"line":189,"column":8},"end":{"line":189,"column":23}},"loc":{"start":{"line":189,"column":29},"end":{"line":189,"column":4}}},"7":{"name":"(anonymous_26)","decl":{"start":{"line":191,"column":12},"end":{"line":191,"column":17}},"loc":{"start":{"line":191,"column":18},"end":{"line":190,"column":6}}},"8":{"name":"(anonymous_28)","decl":{"start":{"line":209,"column":10},"end":{"line":null,"column":-1}},"loc":{"start":{"line":209,"column":10},"end":{"line":208,"column":4}}}},"branchMap":{},"s":{"0":0,"1":0,"2":0,"3":0,"4":0,"5":0,"6":0,"7":0,"8":0,"9":0,"10":0,"11":0,"12":0,"13":0,"14":0,"15":0,"16":0,"17":0,"18":0,"19":0,"20":0,"21":0,"22":0,"23":0,"24":0,"25":0,"26":0,"27":0,"28":0,"29":0,"30":0,"31":0,"32":0,"33":0,"34":0,"35":0,"36":0,"37":0,"38":0,"39":0,"40":0,"41":0,"42":0,"43":0,"44":0,"45":0,"46":0,"47":0,"48":0,"49":0,"50":0,"51":0,"52":0,"53":0,"54":0,"55":0,"56":0,"57":0,"58":0,"59":0,"60":0,"61":0,"62":0,"63":0,"64":0,"65":0,"66":0,"67":0,"68":0,"69":0,"70":0,"71":0,"72":0,"73":0,"74":0,"75":0,"76":0,"77":0,"78":0,"79":0,"80":0,"81":0,"82":0,"83":0,"84":0,"85":0,"86":0,"87":0,"88":0,"89":0,"90":0,"91":0,"92":0,"93":0,"94":0,"95":0,"96":0,"97":0,"98":0,"99":0,"100":0},"f":{"0":0,"1":0,"2":0,"3":0,"4":0,"5":0,"6":0,"7":0,"8":0},"b":{}}
,"C:\\Users\\Lukasz\\Documents\\l2lc-fe\\src\\store\\summarySelector.js": {"path":"C:\\Users\\Lukasz\\Documents\\l2lc-fe\\src\\store\\summarySelector.js","statementMap":{"0":{"start":{"line":1,"column":0},"end":{"line":null,"column":-1}},"1":{"start":{"line":2,"column":0},"end":{"line":null,"column":-1}},"2":{"start":{"line":3,"column":0},"end":{"line":null,"column":-1}},"3":{"start":{"line":4,"column":0},"end":{"line":null,"column":-1}},"4":{"start":{"line":5,"column":0},"end":{"line":null,"column":-1}},"5":{"start":{"line":13,"column":15},"end":{"line":null,"column":-1}},"6":{"start":{"line":14,"column":4},"end":{"line":null,"column":-1}},"7":{"start":{"line":28,"column":4},"end":{"line":null,"column":-1}},"8":{"start":{"line":39,"column":4},"end":{"line":null,"column":-1}},"9":{"start":{"line":50,"column":4},"end":{"line":null,"column":-1}},"10":{"start":{"line":54,"column":24},"end":{"line":54,"column":0}}},"fnMap":{"0":{"name":"SummarySelector","decl":{"start":{"line":13,"column":2},"end":{"line":13,"column":14}},"loc":{"start":{"line":13,"column":15},"end":{"line":15,"column":3}}}},"branchMap":{},"s":{"0":0,"1":0,"2":0,"3":0,"4":0,"5":0,"6":0,"7":0,"8":0,"9":0,"10":0},"f":{"0":0},"b":{}}
,"C:\\Users\\Lukasz\\Documents\\l2lc-fe\\src\\store\\tableSelector.js": {"path":"C:\\Users\\Lukasz\\Documents\\l2lc-fe\\src\\store\\tableSelector.js","statementMap":{"0":{"start":{"line":1,"column":0},"end":{"line":null,"column":-1}},"1":{"start":{"line":2,"column":0},"end":{"line":null,"column":-1}},"2":{"start":{"line":3,"column":0},"end":{"line":null,"column":-1}},"3":{"start":{"line":4,"column":0},"end":{"line":null,"column":-1}},"4":{"start":{"line":12,"column":15},"end":{"line":null,"column":-1}},"5":{"start":{"line":13,"column":4},"end":{"line":null,"column":-1}},"6":{"start":{"line":25,"column":16},"end":{"line":25,"column":4}},"7":{"start":{"line":26,"column":4},"end":{"line":null,"column":-1}},"8":{"start":{"line":27,"column":4},"end":{"line":null,"column":-1}},"9":{"start":{"line":39,"column":16},"end":{"line":39,"column":4}},"10":{"start":{"line":40,"column":4},"end":{"line":null,"column":-1}},"11":{"start":{"line":41,"column":4},"end":{"line":null,"column":-1}},"12":{"start":{"line":54,"column":4},"end":{"line":null,"column":-1}},"13":{"start":{"line":67,"column":4},"end":{"line":null,"column":-1}},"14":{"start":{"line":80,"column":4},"end":{"line":null,"column":-1}},"15":{"start":{"line":85,"column":22},"end":{"line":85,"column":0}}},"fnMap":{"0":{"name":"TableSelector","decl":{"start":{"line":12,"column":2},"end":{"line":12,"column":14}},"loc":{"start":{"line":12,"column":15},"end":{"line":14,"column":3}}}},"branchMap":{},"s":{"0":0,"1":0,"2":0,"3":0,"4":0,"5":0,"6":0,"7":0,"8":0,"9":0,"10":0,"11":0,"12":0,"13":0,"14":0,"15":0},"f":{"0":0},"b":{}}
,"C:\\Users\\Lukasz\\Documents\\l2lc-fe\\src\\store\\website.js": {"path":"C:\\Users\\Lukasz\\Documents\\l2lc-fe\\src\\store\\website.js","statementMap":{"0":{"start":{"line":1,"column":0},"end":{"line":null,"column":-1}},"1":{"start":{"line":2,"column":0},"end":{"line":null,"column":-1}},"2":{"start":{"line":3,"column":0},"end":{"line":null,"column":-1}},"3":{"start":{"line":4,"column":0},"end":{"line":null,"column":-1}},"4":{"start":{"line":26,"column":16},"end":{"line":null,"column":-1}},"5":{"start":{"line":27,"column":21},"end":{"line":27,"column":4}},"6":{"start":{"line":44,"column":4},"end":{"line":null,"column":-1}},"7":{"start":{"line":45,"column":4},"end":{"line":null,"column":-1}},"8":{"start":{"line":56,"column":4},"end":{"line":null,"column":-1}},"9":{"start":{"line":66,"column":4},"end":{"line":null,"column":-1}},"10":{"start":{"line":78,"column":4},"end":{"line":null,"column":-1}},"11":{"start":{"line":89,"column":4},"end":{"line":null,"column":-1}},"12":{"start":{"line":100,"column":4},"end":{"line":null,"column":-1}},"13":{"start":{"line":111,"column":4},"end":{"line":null,"column":-1}},"14":{"start":{"line":126,"column":32},"end":{"line":null,"column":-1}},"15":{"start":{"line":127,"column":22},"end":{"line":127,"column":4}},"16":{"start":{"line":128,"column":4},"end":{"line":null,"column":-1}},"17":{"start":{"line":129,"column":4},"end":{"line":null,"column":-1}},"18":{"start":{"line":131,"column":6},"end":{"line":138,"column":7}},"19":{"start":{"line":132,"column":8},"end":{"line":null,"column":-1}},"20":{"start":{"line":134,"column":8},"end":{"line":135,"column":10}},"21":{"start":{"line":135,"column":10},"end":{"line":null,"column":-1}},"22":{"start":{"line":136,"column":8},"end":{"line":null,"column":-1}},"23":{"start":{"line":137,"column":8},"end":{"line":null,"column":-1}},"24":{"start":{"line":151,"column":34},"end":{"line":null,"column":-1}},"25":{"start":{"line":152,"column":23},"end":{"line":152,"column":4}},"26":{"start":{"line":153,"column":4},"end":{"line":null,"column":-1}},"27":{"start":{"line":154,"column":4},"end":{"line":null,"column":-1}},"28":{"start":{"line":156,"column":6},"end":{"line":161,"column":7}},"29":{"start":{"line":157,"column":8},"end":{"line":null,"column":-1}},"30":{"start":{"line":159,"column":8},"end":{"line":null,"column":-1}},"31":{"start":{"line":160,"column":8},"end":{"line":null,"column":-1}},"32":{"start":{"line":174,"column":34},"end":{"line":null,"column":-1}},"33":{"start":{"line":175,"column":23},"end":{"line":175,"column":4}},"34":{"start":{"line":176,"column":4},"end":{"line":null,"column":-1}},"35":{"start":{"line":177,"column":4},"end":{"line":null,"column":-1}},"36":{"start":{"line":179,"column":6},"end":{"line":185,"column":7}},"37":{"start":{"line":180,"column":8},"end":{"line":null,"column":-1}},"38":{"start":{"line":183,"column":8},"end":{"line":null,"column":-1}},"39":{"start":{"line":184,"column":8},"end":{"line":null,"column":-1}},"40":{"start":{"line":197,"column":19},"end":{"line":197,"column":4}},"41":{"start":{"line":198,"column":4},"end":{"line":null,"column":-1}},"42":{"start":{"line":200,"column":6},"end":{"line":208,"column":7}},"43":{"start":{"line":201,"column":8},"end":{"line":null,"column":-1}},"44":{"start":{"line":203,"column":11},"end":{"line":208,"column":7}},"45":{"start":{"line":204,"column":8},"end":{"line":null,"column":-1}},"46":{"start":{"line":207,"column":8},"end":{"line":null,"column":-1}},"47":{"start":{"line":224,"column":26},"end":{"line":null,"column":-1}},"48":{"start":{"line":225,"column":20},"end":{"line":225,"column":4}},"49":{"start":{"line":226,"column":4},"end":{"line":null,"column":-1}},"50":{"start":{"line":227,"column":4},"end":{"line":null,"column":-1}},"51":{"start":{"line":229,"column":6},"end":{"line":231,"column":7}},"52":{"start":{"line":230,"column":8},"end":{"line":null,"column":-1}},"53":{"start":{"line":232,"column":6},"end":{"line":null,"column":-1}},"54":{"start":{"line":233,"column":6},"end":{"line":null,"column":-1}},"55":{"start":{"line":247,"column":4},"end":{"line":null,"column":-1}},"56":{"start":{"line":249,"column":6},"end":{"line":null,"column":-1}},"57":{"start":{"line":262,"column":27},"end":{"line":null,"column":-1}},"58":{"start":{"line":263,"column":20},"end":{"line":263,"column":4}},"59":{"start":{"line":264,"column":4},"end":{"line":null,"column":-1}},"60":{"start":{"line":265,"column":4},"end":{"line":null,"column":-1}},"61":{"start":{"line":267,"column":6},"end":{"line":269,"column":7}},"62":{"start":{"line":268,"column":8},"end":{"line":null,"column":-1}},"63":{"start":{"line":270,"column":6},"end":{"line":null,"column":-1}},"64":{"start":{"line":271,"column":6},"end":{"line":null,"column":-1}},"65":{"start":{"line":284,"column":27},"end":{"line":null,"column":-1}},"66":{"start":{"line":285,"column":20},"end":{"line":285,"column":4}},"67":{"start":{"line":286,"column":4},"end":{"line":null,"column":-1}},"68":{"start":{"line":287,"column":4},"end":{"line":null,"column":-1}},"69":{"start":{"line":289,"column":6},"end":{"line":291,"column":7}},"70":{"start":{"line":290,"column":8},"end":{"line":null,"column":-1}},"71":{"start":{"line":292,"column":6},"end":{"line":null,"column":-1}},"72":{"start":{"line":293,"column":6},"end":{"line":null,"column":-1}},"73":{"start":{"line":307,"column":4},"end":{"line":null,"column":-1}},"74":{"start":{"line":317,"column":4},"end":{"line":null,"column":-1}},"75":{"start":{"line":328,"column":4},"end":{"line":null,"column":-1}},"76":{"start":{"line":329,"column":4},"end":{"line":null,"column":-1}},"77":{"start":{"line":340,"column":4},"end":{"line":null,"column":-1}},"78":{"start":{"line":341,"column":4},"end":{"line":null,"column":-1}},"79":{"start":{"line":352,"column":26},"end":{"line":null,"column":-1}},"80":{"start":{"line":353,"column":15},"end":{"line":353,"column":4}},"81":{"start":{"line":357,"column":15},"end":{"line":357,"column":4}},"82":{"start":{"line":358,"column":4},"end":{"line":null,"column":-1}},"83":{"start":{"line":361,"column":6},"end":{"line":369,"column":8}},"84":{"start":{"line":362,"column":8},"end":{"line":null,"column":-1}},"85":{"start":{"line":363,"column":8},"end":{"line":null,"column":-1}},"86":{"start":{"line":364,"column":8},"end":{"line":null,"column":-1}},"87":{"start":{"line":365,"column":8},"end":{"line":null,"column":-1}},"88":{"start":{"line":366,"column":8},"end":{"line":null,"column":-1}},"89":{"start":{"line":369,"column":8},"end":{"line":null,"column":-1}},"90":{"start":{"line":381,"column":4},"end":{"line":null,"column":-1}},"91":{"start":{"line":386,"column":16},"end":{"line":386,"column":0}}},"fnMap":{"0":{"name":"Website","decl":{"start":{"line":26,"column":2},"end":{"line":26,"column":15}},"loc":{"start":{"line":26,"column":16},"end":{"line":46,"column":3}}},"1":{"name":"(anonymous_17)","decl":{"start":{"line":130,"column":10},"end":{"line":130,"column":21}},"loc":{"start":{"line":130,"column":22},"end":{"line":129,"column":11}}},"2":{"name":"(anonymous_19)","decl":{"start":{"line":155,"column":10},"end":{"line":155,"column":21}},"loc":{"start":{"line":155,"column":22},"end":{"line":154,"column":11}}},"3":{"name":"(anonymous_21)","decl":{"start":{"line":178,"column":10},"end":{"line":178,"column":21}},"loc":{"start":{"line":178,"column":22},"end":{"line":177,"column":11}}},"4":{"name":"(anonymous_23)","decl":{"start":{"line":199,"column":10},"end":{"line":199,"column":21}},"loc":{"start":{"line":199,"column":22},"end":{"line":198,"column":11}}},"5":{"name":"(anonymous_25)","decl":{"start":{"line":228,"column":10},"end":{"line":228,"column":21}},"loc":{"start":{"line":228,"column":22},"end":{"line":227,"column":11}}},"6":{"name":"(anonymous_27)","decl":{"start":{"line":248,"column":10},"end":{"line":248,"column":15}},"loc":{"start":{"line":248,"column":16},"end":{"line":247,"column":11}}},"7":{"name":"(anonymous_29)","decl":{"start":{"line":266,"column":10},"end":{"line":266,"column":21}},"loc":{"start":{"line":266,"column":22},"end":{"line":265,"column":11}}},"8":{"name":"(anonymous_31)","decl":{"start":{"line":288,"column":10},"end":{"line":288,"column":21}},"loc":{"start":{"line":288,"column":22},"end":{"line":287,"column":11}}},"9":{"name":"(anonymous_37)","decl":{"start":{"line":359,"column":33},"end":{"line":359,"column":44}},"loc":{"start":{"line":359,"column":45},"end":{"line":359,"column":10}}}},"branchMap":{"0":{"loc":{"start":{"line":131,"column":6},"end":{"line":138,"column":7}},"type":"if","locations":[{"start":{"line":131,"column":6},"end":{"line":138,"column":7}},{"start":{"line":131,"column":6},"end":{"line":138,"column":7}}]},"1":{"loc":{"start":{"line":134,"column":8},"end":{"line":135,"column":10}},"type":"if","locations":[{"start":{"line":134,"column":8},"end":{"line":135,"column":10}},{"start":{"line":134,"column":8},"end":{"line":135,"column":10}}]},"2":{"loc":{"start":{"line":156,"column":6},"end":{"line":161,"column":7}},"type":"if","locations":[{"start":{"line":156,"column":6},"end":{"line":161,"column":7}},{"start":{"line":156,"column":6},"end":{"line":161,"column":7}}]},"3":{"loc":{"start":{"line":179,"column":6},"end":{"line":185,"column":7}},"type":"if","locations":[{"start":{"line":179,"column":6},"end":{"line":185,"column":7}},{"start":{"line":179,"column":6},"end":{"line":185,"column":7}}]},"4":{"loc":{"start":{"line":200,"column":6},"end":{"line":208,"column":7}},"type":"if","locations":[{"start":{"line":200,"column":6},"end":{"line":208,"column":7}},{"start":{"line":200,"column":6},"end":{"line":208,"column":7}}]},"5":{"loc":{"start":{"line":203,"column":11},"end":{"line":208,"column":7}},"type":"if","locations":[{"start":{"line":203,"column":11},"end":{"line":208,"column":7}},{"start":{"line":203,"column":11},"end":{"line":208,"column":7}}]},"6":{"loc":{"start":{"line":229,"column":6},"end":{"line":231,"column":7}},"type":"if","locations":[{"start":{"line":229,"column":6},"end":{"line":231,"column":7}},{"start":{"line":229,"column":6},"end":{"line":231,"column":7}}]},"7":{"loc":{"start":{"line":267,"column":6},"end":{"line":269,"column":7}},"type":"if","locations":[{"start":{"line":267,"column":6},"end":{"line":269,"column":7}},{"start":{"line":267,"column":6},"end":{"line":269,"column":7}}]},"8":{"loc":{"start":{"line":289,"column":6},"end":{"line":291,"column":7}},"type":"if","locations":[{"start":{"line":289,"column":6},"end":{"line":291,"column":7}},{"start":{"line":289,"column":6},"end":{"line":291,"column":7}}]},"9":{"loc":{"start":{"line":361,"column":6},"end":{"line":369,"column":8}},"type":"if","locations":[{"start":{"line":361,"column":6},"end":{"line":369,"column":8}},{"start":{"line":361,"column":6},"end":{"line":369,"column":8}}]},"10":{"loc":{"start":{"line":381,"column":11},"end":{"line":381,"column":10}},"type":"binary-expr","locations":[{"start":{"line":381,"column":11},"end":{"line":381,"column":10}},{"start":{"line":381,"column":30},"end":{"line":381,"column":11}},{"start":{"line":381,"column":53},"end":{"line":381,"column":4}}]}},"s":{"0":0,"1":0,"2":0,"3":0,"4":0,"5":0,"6":0,"7":0,"8":0,"9":0,"10":0,"11":0,"12":0,"13":0,"14":0,"15":0,"16":0,"17":0,"18":0,"19":0,"20":0,"21":0,"22":0,"23":0,"24":0,"25":0,"26":0,"27":0,"28":0,"29":0,"30":0,"31":0,"32":0,"33":0,"34":0,"35":0,"36":0,"37":0,"38":0,"39":0,"40":0,"41":0,"42":0,"43":0,"44":0,"45":0,"46":0,"47":0,"48":0,"49":0,"50":0,"51":0,"52":0,"53":0,"54":0,"55":0,"56":0,"57":0,"58":0,"59":0,"60":0,"61":0,"62":0,"63":0,"64":0,"65":0,"66":0,"67":0,"68":0,"69":0,"70":0,"71":0,"72":0,"73":0,"74":0,"75":0,"76":0,"77":0,"78":0,"79":0,"80":0,"81":0,"82":0,"83":0,"84":0,"85":0,"86":0,"87":0,"88":0,"89":0,"90":0,"91":0},"f":{"0":0,"1":0,"2":0,"3":0,"4":0,"5":0,"6":0,"7":0,"8":0,"9":0},"b":{"0":[0,0],"1":[0,0],"2":[0,0],"3":[0,0],"4":[0,0],"5":[0,0],"6":[0,0],"7":[0,0],"8":[0,0],"9":[0,0],"10":[0,0,0]}}
}
