{"/GitSourcetree/l2lc-fe/src/api.js": {"path":"/GitSourcetree/l2lc-fe/src/api.js","statementMap":{"0":{"start":{"line":9,"column":12},"end":{"line":9,"column":61}},"1":{"start":{"line":27,"column":4},"end":{"line":39,"column":6}},"2":{"start":{"line":28,"column":17},"end":{"line":28,"column":27}},"3":{"start":{"line":30,"column":22},"end":{"line":30,"column":24}},"4":{"start":{"line":32,"column":6},"end":{"line":36,"column":8}},"5":{"start":{"line":33,"column":23},"end":{"line":33,"column":49}},"6":{"start":{"line":35,"column":8},"end":{"line":35,"column":32}},"7":{"start":{"line":38,"column":6},"end":{"line":38,"column":22}},"8":{"start":{"line":51,"column":4},"end":{"line":59,"column":6}},"9":{"start":{"line":52,"column":17},"end":{"line":52,"column":27}},"10":{"start":{"line":54,"column":21},"end":{"line":54,"column":25}},"11":{"start":{"line":55,"column":6},"end":{"line":57,"column":7}},"12":{"start":{"line":56,"column":8},"end":{"line":56,"column":45}},"13":{"start":{"line":58,"column":6},"end":{"line":58,"column":21}},"14":{"start":{"line":71,"column":4},"end":{"line":82,"column":6}},"15":{"start":{"line":73,"column":6},"end":{"line":81,"column":7}},"16":{"start":{"line":74,"column":8},"end":{"line":74,"column":39}},"17":{"start":{"line":76,"column":11},"end":{"line":81,"column":7}},"18":{"start":{"line":77,"column":8},"end":{"line":77,"column":45}},"19":{"start":{"line":80,"column":8},"end":{"line":80,"column":45}},"20":{"start":{"line":93,"column":21},"end":{"line":93,"column":26}},"21":{"start":{"line":94,"column":16},"end":{"line":94,"column":18}},"22":{"start":{"line":96,"column":4},"end":{"line":110,"column":23}},"23":{"start":{"line":97,"column":6},"end":{"line":97,"column":73}},"24":{"start":{"line":98,"column":6},"end":{"line":107,"column":7}},"25":{"start":{"line":99,"column":20},"end":{"line":99,"column":56}},"26":{"start":{"line":100,"column":22},"end":{"line":100,"column":45}},"27":{"start":{"line":101,"column":22},"end":{"line":101,"column":26}},"28":{"start":{"line":102,"column":8},"end":{"line":105,"column":9}},"29":{"start":{"line":103,"column":10},"end":{"line":103,"column":58}},"30":{"start":{"line":104,"column":10},"end":{"line":104,"column":89}},"31":{"start":{"line":106,"column":8},"end":{"line":106,"column":129}},"32":{"start":{"line":110,"column":6},"end":{"line":110,"column":23}},"33":{"start":{"line":112,"column":16},"end":{"line":112,"column":53}},"34":{"start":{"line":113,"column":18},"end":{"line":113,"column":42}},"35":{"start":{"line":114,"column":18},"end":{"line":114,"column":22}},"36":{"start":{"line":115,"column":4},"end":{"line":118,"column":5}},"37":{"start":{"line":116,"column":6},"end":{"line":116,"column":55}},"38":{"start":{"line":117,"column":6},"end":{"line":117,"column":86}},"39":{"start":{"line":119,"column":19},"end":{"line":119,"column":255}},"40":{"start":{"line":120,"column":4},"end":{"line":120,"column":19}},"41":{"start":{"line":132,"column":4},"end":{"line":132,"column":58}},"42":{"start":{"line":144,"column":4},"end":{"line":155,"column":6}},"43":{"start":{"line":146,"column":6},"end":{"line":154,"column":7}},"44":{"start":{"line":147,"column":8},"end":{"line":147,"column":39}},"45":{"start":{"line":149,"column":11},"end":{"line":154,"column":7}},"46":{"start":{"line":150,"column":8},"end":{"line":150,"column":45}},"47":{"start":{"line":153,"column":8},"end":{"line":153,"column":45}},"48":{"start":{"line":166,"column":4},"end":{"line":181,"column":6}},"49":{"start":{"line":167,"column":17},"end":{"line":167,"column":27}},"50":{"start":{"line":169,"column":21},"end":{"line":169,"column":23}},"51":{"start":{"line":170,"column":6},"end":{"line":173,"column":8}},"52":{"start":{"line":171,"column":8},"end":{"line":172,"column":29}},"53":{"start":{"line":172,"column":10},"end":{"line":172,"column":29}},"54":{"start":{"line":174,"column":6},"end":{"line":179,"column":8}},"55":{"start":{"line":175,"column":8},"end":{"line":176,"column":56}},"56":{"start":{"line":176,"column":10},"end":{"line":176,"column":56}},"57":{"start":{"line":177,"column":22},"end":{"line":177,"column":47}},"58":{"start":{"line":178,"column":8},"end":{"line":178,"column":22}},"59":{"start":{"line":180,"column":6},"end":{"line":180,"column":21}},"60":{"start":{"line":195,"column":4},"end":{"line":210,"column":6}},"61":{"start":{"line":196,"column":17},"end":{"line":196,"column":27}},"62":{"start":{"line":198,"column":21},"end":{"line":198,"column":23}},"63":{"start":{"line":199,"column":6},"end":{"line":202,"column":8}},"64":{"start":{"line":200,"column":8},"end":{"line":201,"column":29}},"65":{"start":{"line":201,"column":10},"end":{"line":201,"column":29}},"66":{"start":{"line":203,"column":6},"end":{"line":208,"column":8}},"67":{"start":{"line":204,"column":8},"end":{"line":205,"column":56}},"68":{"start":{"line":205,"column":10},"end":{"line":205,"column":56}},"69":{"start":{"line":206,"column":22},"end":{"line":206,"column":47}},"70":{"start":{"line":207,"column":8},"end":{"line":207,"column":22}},"71":{"start":{"line":209,"column":6},"end":{"line":209,"column":21}},"72":{"start":{"line":222,"column":4},"end":{"line":230,"column":6}},"73":{"start":{"line":223,"column":17},"end":{"line":223,"column":27}},"74":{"start":{"line":225,"column":20},"end":{"line":225,"column":24}},"75":{"start":{"line":226,"column":6},"end":{"line":228,"column":7}},"76":{"start":{"line":227,"column":8},"end":{"line":227,"column":43}},"77":{"start":{"line":229,"column":6},"end":{"line":229,"column":20}},"78":{"start":{"line":242,"column":4},"end":{"line":251,"column":6}},"79":{"start":{"line":243,"column":17},"end":{"line":243,"column":27}},"80":{"start":{"line":245,"column":18},"end":{"line":245,"column":20}},"81":{"start":{"line":246,"column":6},"end":{"line":249,"column":8}},"82":{"start":{"line":247,"column":8},"end":{"line":248,"column":44}},"83":{"start":{"line":248,"column":10},"end":{"line":248,"column":44}},"84":{"start":{"line":250,"column":6},"end":{"line":250,"column":18}},"85":{"start":{"line":262,"column":4},"end":{"line":273,"column":6}},"86":{"start":{"line":264,"column":6},"end":{"line":272,"column":7}},"87":{"start":{"line":265,"column":8},"end":{"line":265,"column":39}},"88":{"start":{"line":267,"column":11},"end":{"line":272,"column":7}},"89":{"start":{"line":268,"column":8},"end":{"line":268,"column":41}},"90":{"start":{"line":271,"column":8},"end":{"line":271,"column":45}},"91":{"start":{"line":284,"column":4},"end":{"line":295,"column":6}},"92":{"start":{"line":286,"column":6},"end":{"line":294,"column":7}},"93":{"start":{"line":287,"column":8},"end":{"line":287,"column":39}},"94":{"start":{"line":289,"column":11},"end":{"line":294,"column":7}},"95":{"start":{"line":290,"column":8},"end":{"line":290,"column":59}},"96":{"start":{"line":290,"column":36},"end":{"line":290,"column":58}},"97":{"start":{"line":293,"column":8},"end":{"line":293,"column":45}},"98":{"start":{"line":306,"column":4},"end":{"line":317,"column":6}},"99":{"start":{"line":308,"column":6},"end":{"line":316,"column":7}},"100":{"start":{"line":309,"column":8},"end":{"line":309,"column":39}},"101":{"start":{"line":311,"column":11},"end":{"line":316,"column":7}},"102":{"start":{"line":312,"column":8},"end":{"line":312,"column":59}},"103":{"start":{"line":312,"column":36},"end":{"line":312,"column":58}},"104":{"start":{"line":315,"column":8},"end":{"line":315,"column":45}},"105":{"start":{"line":329,"column":4},"end":{"line":340,"column":6}},"106":{"start":{"line":331,"column":6},"end":{"line":339,"column":7}},"107":{"start":{"line":332,"column":8},"end":{"line":332,"column":39}},"108":{"start":{"line":334,"column":11},"end":{"line":339,"column":7}},"109":{"start":{"line":335,"column":8},"end":{"line":335,"column":41}},"110":{"start":{"line":338,"column":8},"end":{"line":338,"column":45}},"111":{"start":{"line":351,"column":4},"end":{"line":363,"column":6}},"112":{"start":{"line":357,"column":6},"end":{"line":362,"column":7}},"113":{"start":{"line":358,"column":8},"end":{"line":358,"column":19}},"114":{"start":{"line":361,"column":8},"end":{"line":361,"column":52}},"115":{"start":{"line":374,"column":4},"end":{"line":374,"column":74}},"116":{"start":{"line":385,"column":4},"end":{"line":396,"column":6}},"117":{"start":{"line":387,"column":6},"end":{"line":395,"column":7}},"118":{"start":{"line":388,"column":8},"end":{"line":388,"column":39}},"119":{"start":{"line":390,"column":11},"end":{"line":395,"column":7}},"120":{"start":{"line":391,"column":8},"end":{"line":391,"column":44}},"121":{"start":{"line":394,"column":8},"end":{"line":394,"column":45}},"122":{"start":{"line":408,"column":4},"end":{"line":408,"column":281}},"123":{"start":{"line":420,"column":4},"end":{"line":431,"column":6}},"124":{"start":{"line":422,"column":6},"end":{"line":430,"column":7}},"125":{"start":{"line":423,"column":8},"end":{"line":423,"column":39}},"126":{"start":{"line":425,"column":11},"end":{"line":430,"column":7}},"127":{"start":{"line":426,"column":8},"end":{"line":426,"column":44}},"128":{"start":{"line":429,"column":8},"end":{"line":429,"column":45}},"129":{"start":{"line":443,"column":4},"end":{"line":449,"column":6}},"130":{"start":{"line":448,"column":6},"end":{"line":448,"column":17}},"131":{"start":{"line":460,"column":4},"end":{"line":472,"column":6}},"132":{"start":{"line":461,"column":17},"end":{"line":461,"column":27}},"133":{"start":{"line":463,"column":20},"end":{"line":463,"column":22}},"134":{"start":{"line":465,"column":6},"end":{"line":469,"column":8}},"135":{"start":{"line":466,"column":20},"end":{"line":466,"column":47}},"136":{"start":{"line":468,"column":8},"end":{"line":468,"column":27}},"137":{"start":{"line":471,"column":6},"end":{"line":471,"column":20}},"138":{"start":{"line":484,"column":19},"end":{"line":484,"column":41}},"139":{"start":{"line":485,"column":15},"end":{"line":485,"column":34}},"140":{"start":{"line":486,"column":20},"end":{"line":486,"column":101}},"141":{"start":{"line":487,"column":4},"end":{"line":487,"column":20}},"142":{"start":{"line":501,"column":4},"end":{"line":501,"column":68}},"143":{"start":{"line":511,"column":4},"end":{"line":519,"column":6}},"144":{"start":{"line":512,"column":17},"end":{"line":512,"column":27}},"145":{"start":{"line":514,"column":22},"end":{"line":514,"column":24}},"146":{"start":{"line":515,"column":6},"end":{"line":517,"column":8}},"147":{"start":{"line":516,"column":8},"end":{"line":516,"column":50}},"148":{"start":{"line":518,"column":6},"end":{"line":518,"column":22}},"149":{"start":{"line":530,"column":4},"end":{"line":541,"column":6}},"150":{"start":{"line":532,"column":6},"end":{"line":540,"column":7}},"151":{"start":{"line":533,"column":8},"end":{"line":533,"column":39}},"152":{"start":{"line":535,"column":11},"end":{"line":540,"column":7}},"153":{"start":{"line":536,"column":8},"end":{"line":536,"column":45}},"154":{"start":{"line":539,"column":8},"end":{"line":539,"column":45}},"155":{"start":{"line":553,"column":4},"end":{"line":564,"column":6}},"156":{"start":{"line":555,"column":6},"end":{"line":563,"column":7}},"157":{"start":{"line":556,"column":8},"end":{"line":556,"column":39}},"158":{"start":{"line":558,"column":11},"end":{"line":563,"column":7}},"159":{"start":{"line":559,"column":8},"end":{"line":559,"column":45}},"160":{"start":{"line":562,"column":8},"end":{"line":562,"column":45}},"161":{"start":{"line":578,"column":4},"end":{"line":587,"column":6}},"162":{"start":{"line":580,"column":6},"end":{"line":586,"column":7}},"163":{"start":{"line":581,"column":8},"end":{"line":581,"column":39}},"164":{"start":{"line":582,"column":13},"end":{"line":586,"column":7}},"165":{"start":{"line":583,"column":8},"end":{"line":583,"column":41}},"166":{"start":{"line":585,"column":8},"end":{"line":585,"column":45}},"167":{"start":{"line":597,"column":4},"end":{"line":605,"column":6}},"168":{"start":{"line":598,"column":17},"end":{"line":598,"column":27}},"169":{"start":{"line":600,"column":21},"end":{"line":600,"column":23}},"170":{"start":{"line":601,"column":6},"end":{"line":603,"column":8}},"171":{"start":{"line":602,"column":8},"end":{"line":602,"column":45}},"172":{"start":{"line":604,"column":6},"end":{"line":604,"column":21}},"173":{"start":{"line":617,"column":4},"end":{"line":624,"column":6}},"174":{"start":{"line":623,"column":6},"end":{"line":623,"column":17}},"175":{"start":{"line":635,"column":4},"end":{"line":635,"column":74}},"176":{"start":{"line":646,"column":4},"end":{"line":664,"column":6}},"177":{"start":{"line":653,"column":6},"end":{"line":656,"column":19}},"178":{"start":{"line":654,"column":8},"end":{"line":654,"column":25}},"179":{"start":{"line":656,"column":8},"end":{"line":656,"column":19}},"180":{"start":{"line":660,"column":6},"end":{"line":663,"column":19}},"181":{"start":{"line":661,"column":8},"end":{"line":661,"column":37}},"182":{"start":{"line":663,"column":8},"end":{"line":663,"column":19}},"183":{"start":{"line":677,"column":4},"end":{"line":678,"column":28}},"184":{"start":{"line":678,"column":17},"end":{"line":678,"column":27}},"185":{"start":{"line":693,"column":4},"end":{"line":705,"column":6}},"186":{"start":{"line":699,"column":6},"end":{"line":704,"column":7}},"187":{"start":{"line":700,"column":8},"end":{"line":700,"column":25}},"188":{"start":{"line":703,"column":8},"end":{"line":703,"column":25}},"189":{"start":{"line":717,"column":4},"end":{"line":729,"column":6}},"190":{"start":{"line":723,"column":6},"end":{"line":728,"column":7}},"191":{"start":{"line":724,"column":8},"end":{"line":724,"column":25}},"192":{"start":{"line":727,"column":8},"end":{"line":727,"column":25}}},"fnMap":{"0":{"name":"(anonymous_0)","decl":{"start":{"line":26,"column":2},"end":{"line":26,"column":3}},"loc":{"start":{"line":26,"column":25},"end":{"line":40,"column":3}},"line":26},"1":{"name":"(anonymous_1)","decl":{"start":{"line":28,"column":10},"end":{"line":28,"column":11}},"loc":{"start":{"line":28,"column":17},"end":{"line":28,"column":27}},"line":28},"2":{"name":"(anonymous_2)","decl":{"start":{"line":29,"column":10},"end":{"line":29,"column":11}},"loc":{"start":{"line":29,"column":18},"end":{"line":39,"column":5}},"line":29},"3":{"name":"(anonymous_3)","decl":{"start":{"line":32,"column":25},"end":{"line":32,"column":26}},"loc":{"start":{"line":32,"column":33},"end":{"line":36,"column":7}},"line":32},"4":{"name":"(anonymous_4)","decl":{"start":{"line":50,"column":2},"end":{"line":50,"column":3}},"loc":{"start":{"line":50,"column":26},"end":{"line":60,"column":3}},"line":50},"5":{"name":"(anonymous_5)","decl":{"start":{"line":52,"column":10},"end":{"line":52,"column":11}},"loc":{"start":{"line":52,"column":17},"end":{"line":52,"column":27}},"line":52},"6":{"name":"(anonymous_6)","decl":{"start":{"line":53,"column":10},"end":{"line":53,"column":11}},"loc":{"start":{"line":53,"column":18},"end":{"line":59,"column":5}},"line":53},"7":{"name":"(anonymous_7)","decl":{"start":{"line":70,"column":2},"end":{"line":70,"column":3}},"loc":{"start":{"line":70,"column":33},"end":{"line":83,"column":3}},"line":70},"8":{"name":"(anonymous_8)","decl":{"start":{"line":72,"column":10},"end":{"line":72,"column":11}},"loc":{"start":{"line":72,"column":22},"end":{"line":82,"column":5}},"line":72},"9":{"name":"(anonymous_9)","decl":{"start":{"line":92,"column":2},"end":{"line":92,"column":3}},"loc":{"start":{"line":92,"column":31},"end":{"line":121,"column":3}},"line":92},"10":{"name":"(anonymous_10)","decl":{"start":{"line":131,"column":2},"end":{"line":131,"column":3}},"loc":{"start":{"line":131,"column":36},"end":{"line":133,"column":3}},"line":131},"11":{"name":"(anonymous_11)","decl":{"start":{"line":143,"column":2},"end":{"line":143,"column":3}},"loc":{"start":{"line":143,"column":33},"end":{"line":156,"column":3}},"line":143},"12":{"name":"(anonymous_12)","decl":{"start":{"line":145,"column":10},"end":{"line":145,"column":11}},"loc":{"start":{"line":145,"column":22},"end":{"line":155,"column":5}},"line":145},"13":{"name":"(anonymous_13)","decl":{"start":{"line":165,"column":2},"end":{"line":165,"column":3}},"loc":{"start":{"line":165,"column":34},"end":{"line":182,"column":3}},"line":165},"14":{"name":"(anonymous_14)","decl":{"start":{"line":167,"column":10},"end":{"line":167,"column":11}},"loc":{"start":{"line":167,"column":17},"end":{"line":167,"column":27}},"line":167},"15":{"name":"(anonymous_15)","decl":{"start":{"line":168,"column":10},"end":{"line":168,"column":11}},"loc":{"start":{"line":168,"column":18},"end":{"line":181,"column":5}},"line":168},"16":{"name":"(anonymous_16)","decl":{"start":{"line":170,"column":25},"end":{"line":170,"column":26}},"loc":{"start":{"line":170,"column":33},"end":{"line":173,"column":7}},"line":170},"17":{"name":"(anonymous_17)","decl":{"start":{"line":174,"column":30},"end":{"line":174,"column":31}},"loc":{"start":{"line":174,"column":38},"end":{"line":179,"column":7}},"line":174},"18":{"name":"(anonymous_18)","decl":{"start":{"line":194,"column":2},"end":{"line":194,"column":3}},"loc":{"start":{"line":194,"column":24},"end":{"line":211,"column":3}},"line":194},"19":{"name":"(anonymous_19)","decl":{"start":{"line":196,"column":10},"end":{"line":196,"column":11}},"loc":{"start":{"line":196,"column":17},"end":{"line":196,"column":27}},"line":196},"20":{"name":"(anonymous_20)","decl":{"start":{"line":197,"column":10},"end":{"line":197,"column":11}},"loc":{"start":{"line":197,"column":18},"end":{"line":210,"column":5}},"line":197},"21":{"name":"(anonymous_21)","decl":{"start":{"line":199,"column":25},"end":{"line":199,"column":26}},"loc":{"start":{"line":199,"column":33},"end":{"line":202,"column":7}},"line":199},"22":{"name":"(anonymous_22)","decl":{"start":{"line":203,"column":30},"end":{"line":203,"column":31}},"loc":{"start":{"line":203,"column":38},"end":{"line":208,"column":7}},"line":203},"23":{"name":"(anonymous_23)","decl":{"start":{"line":221,"column":2},"end":{"line":221,"column":3}},"loc":{"start":{"line":221,"column":25},"end":{"line":231,"column":3}},"line":221},"24":{"name":"(anonymous_24)","decl":{"start":{"line":223,"column":10},"end":{"line":223,"column":11}},"loc":{"start":{"line":223,"column":17},"end":{"line":223,"column":27}},"line":223},"25":{"name":"(anonymous_25)","decl":{"start":{"line":224,"column":10},"end":{"line":224,"column":11}},"loc":{"start":{"line":224,"column":18},"end":{"line":230,"column":5}},"line":224},"26":{"name":"(anonymous_26)","decl":{"start":{"line":241,"column":2},"end":{"line":241,"column":3}},"loc":{"start":{"line":241,"column":30},"end":{"line":252,"column":3}},"line":241},"27":{"name":"(anonymous_27)","decl":{"start":{"line":243,"column":10},"end":{"line":243,"column":11}},"loc":{"start":{"line":243,"column":17},"end":{"line":243,"column":27}},"line":243},"28":{"name":"(anonymous_28)","decl":{"start":{"line":244,"column":10},"end":{"line":244,"column":11}},"loc":{"start":{"line":244,"column":18},"end":{"line":251,"column":5}},"line":244},"29":{"name":"(anonymous_29)","decl":{"start":{"line":246,"column":19},"end":{"line":246,"column":20}},"loc":{"start":{"line":246,"column":27},"end":{"line":249,"column":7}},"line":246},"30":{"name":"(anonymous_30)","decl":{"start":{"line":261,"column":2},"end":{"line":261,"column":3}},"loc":{"start":{"line":261,"column":36},"end":{"line":274,"column":3}},"line":261},"31":{"name":"(anonymous_31)","decl":{"start":{"line":263,"column":10},"end":{"line":263,"column":11}},"loc":{"start":{"line":263,"column":22},"end":{"line":273,"column":5}},"line":263},"32":{"name":"(anonymous_32)","decl":{"start":{"line":283,"column":2},"end":{"line":283,"column":3}},"loc":{"start":{"line":283,"column":44},"end":{"line":296,"column":3}},"line":283},"33":{"name":"(anonymous_33)","decl":{"start":{"line":285,"column":10},"end":{"line":285,"column":11}},"loc":{"start":{"line":285,"column":22},"end":{"line":295,"column":5}},"line":285},"34":{"name":"(anonymous_34)","decl":{"start":{"line":290,"column":28},"end":{"line":290,"column":29}},"loc":{"start":{"line":290,"column":36},"end":{"line":290,"column":58}},"line":290},"35":{"name":"(anonymous_35)","decl":{"start":{"line":305,"column":2},"end":{"line":305,"column":3}},"loc":{"start":{"line":305,"column":44},"end":{"line":318,"column":3}},"line":305},"36":{"name":"(anonymous_36)","decl":{"start":{"line":307,"column":10},"end":{"line":307,"column":11}},"loc":{"start":{"line":307,"column":22},"end":{"line":317,"column":5}},"line":307},"37":{"name":"(anonymous_37)","decl":{"start":{"line":312,"column":28},"end":{"line":312,"column":29}},"loc":{"start":{"line":312,"column":36},"end":{"line":312,"column":58}},"line":312},"38":{"name":"(anonymous_38)","decl":{"start":{"line":328,"column":2},"end":{"line":328,"column":3}},"loc":{"start":{"line":328,"column":45},"end":{"line":341,"column":3}},"line":328},"39":{"name":"(anonymous_39)","decl":{"start":{"line":330,"column":10},"end":{"line":330,"column":11}},"loc":{"start":{"line":330,"column":22},"end":{"line":340,"column":5}},"line":330},"40":{"name":"(anonymous_40)","decl":{"start":{"line":350,"column":2},"end":{"line":350,"column":3}},"loc":{"start":{"line":350,"column":34},"end":{"line":364,"column":3}},"line":350},"41":{"name":"(anonymous_41)","decl":{"start":{"line":356,"column":10},"end":{"line":356,"column":11}},"loc":{"start":{"line":356,"column":22},"end":{"line":363,"column":5}},"line":356},"42":{"name":"(anonymous_42)","decl":{"start":{"line":373,"column":2},"end":{"line":373,"column":3}},"loc":{"start":{"line":373,"column":27},"end":{"line":375,"column":3}},"line":373},"43":{"name":"(anonymous_43)","decl":{"start":{"line":384,"column":2},"end":{"line":384,"column":3}},"loc":{"start":{"line":384,"column":31},"end":{"line":397,"column":3}},"line":384},"44":{"name":"(anonymous_44)","decl":{"start":{"line":386,"column":10},"end":{"line":386,"column":11}},"loc":{"start":{"line":386,"column":22},"end":{"line":396,"column":5}},"line":386},"45":{"name":"(anonymous_45)","decl":{"start":{"line":406,"column":2},"end":{"line":406,"column":3}},"loc":{"start":{"line":406,"column":30},"end":{"line":409,"column":3}},"line":406},"46":{"name":"(anonymous_46)","decl":{"start":{"line":419,"column":2},"end":{"line":419,"column":3}},"loc":{"start":{"line":419,"column":32},"end":{"line":432,"column":3}},"line":419},"47":{"name":"(anonymous_47)","decl":{"start":{"line":421,"column":10},"end":{"line":421,"column":11}},"loc":{"start":{"line":421,"column":22},"end":{"line":431,"column":5}},"line":421},"48":{"name":"(anonymous_48)","decl":{"start":{"line":442,"column":2},"end":{"line":442,"column":3}},"loc":{"start":{"line":442,"column":40},"end":{"line":450,"column":3}},"line":442},"49":{"name":"(anonymous_49)","decl":{"start":{"line":447,"column":10},"end":{"line":447,"column":11}},"loc":{"start":{"line":447,"column":16},"end":{"line":449,"column":5}},"line":447},"50":{"name":"(anonymous_50)","decl":{"start":{"line":459,"column":2},"end":{"line":459,"column":3}},"loc":{"start":{"line":459,"column":29},"end":{"line":473,"column":3}},"line":459},"51":{"name":"(anonymous_51)","decl":{"start":{"line":461,"column":10},"end":{"line":461,"column":11}},"loc":{"start":{"line":461,"column":17},"end":{"line":461,"column":27}},"line":461},"52":{"name":"(anonymous_52)","decl":{"start":{"line":462,"column":10},"end":{"line":462,"column":11}},"loc":{"start":{"line":462,"column":18},"end":{"line":472,"column":5}},"line":462},"53":{"name":"(anonymous_53)","decl":{"start":{"line":465,"column":19},"end":{"line":465,"column":20}},"loc":{"start":{"line":465,"column":27},"end":{"line":469,"column":7}},"line":465},"54":{"name":"(anonymous_54)","decl":{"start":{"line":482,"column":2},"end":{"line":482,"column":3}},"loc":{"start":{"line":482,"column":32},"end":{"line":488,"column":3}},"line":482},"55":{"name":"(anonymous_55)","decl":{"start":{"line":500,"column":2},"end":{"line":500,"column":3}},"loc":{"start":{"line":500,"column":31},"end":{"line":502,"column":3}},"line":500},"56":{"name":"(anonymous_56)","decl":{"start":{"line":510,"column":2},"end":{"line":510,"column":3}},"loc":{"start":{"line":510,"column":25},"end":{"line":520,"column":3}},"line":510},"57":{"name":"(anonymous_57)","decl":{"start":{"line":512,"column":10},"end":{"line":512,"column":11}},"loc":{"start":{"line":512,"column":17},"end":{"line":512,"column":27}},"line":512},"58":{"name":"(anonymous_58)","decl":{"start":{"line":513,"column":10},"end":{"line":513,"column":11}},"loc":{"start":{"line":513,"column":18},"end":{"line":519,"column":5}},"line":513},"59":{"name":"(anonymous_59)","decl":{"start":{"line":515,"column":25},"end":{"line":515,"column":26}},"loc":{"start":{"line":515,"column":33},"end":{"line":517,"column":7}},"line":515},"60":{"name":"(anonymous_60)","decl":{"start":{"line":529,"column":2},"end":{"line":529,"column":3}},"loc":{"start":{"line":529,"column":33},"end":{"line":542,"column":3}},"line":529},"61":{"name":"(anonymous_61)","decl":{"start":{"line":531,"column":10},"end":{"line":531,"column":11}},"loc":{"start":{"line":531,"column":22},"end":{"line":541,"column":5}},"line":531},"62":{"name":"(anonymous_62)","decl":{"start":{"line":552,"column":2},"end":{"line":552,"column":3}},"loc":{"start":{"line":552,"column":33},"end":{"line":565,"column":3}},"line":552},"63":{"name":"(anonymous_63)","decl":{"start":{"line":554,"column":10},"end":{"line":554,"column":11}},"loc":{"start":{"line":554,"column":22},"end":{"line":564,"column":5}},"line":554},"64":{"name":"(anonymous_64)","decl":{"start":{"line":577,"column":2},"end":{"line":577,"column":3}},"loc":{"start":{"line":577,"column":31},"end":{"line":588,"column":3}},"line":577},"65":{"name":"(anonymous_65)","decl":{"start":{"line":579,"column":10},"end":{"line":579,"column":11}},"loc":{"start":{"line":579,"column":22},"end":{"line":587,"column":5}},"line":579},"66":{"name":"(anonymous_66)","decl":{"start":{"line":596,"column":2},"end":{"line":596,"column":3}},"loc":{"start":{"line":596,"column":24},"end":{"line":606,"column":3}},"line":596},"67":{"name":"(anonymous_67)","decl":{"start":{"line":598,"column":10},"end":{"line":598,"column":11}},"loc":{"start":{"line":598,"column":17},"end":{"line":598,"column":27}},"line":598},"68":{"name":"(anonymous_68)","decl":{"start":{"line":599,"column":10},"end":{"line":599,"column":11}},"loc":{"start":{"line":599,"column":18},"end":{"line":605,"column":5}},"line":599},"69":{"name":"(anonymous_69)","decl":{"start":{"line":601,"column":25},"end":{"line":601,"column":26}},"loc":{"start":{"line":601,"column":33},"end":{"line":603,"column":7}},"line":601},"70":{"name":"(anonymous_70)","decl":{"start":{"line":616,"column":2},"end":{"line":616,"column":3}},"loc":{"start":{"line":616,"column":34},"end":{"line":625,"column":3}},"line":616},"71":{"name":"(anonymous_71)","decl":{"start":{"line":622,"column":10},"end":{"line":622,"column":11}},"loc":{"start":{"line":622,"column":16},"end":{"line":624,"column":5}},"line":622},"72":{"name":"(anonymous_72)","decl":{"start":{"line":634,"column":2},"end":{"line":634,"column":3}},"loc":{"start":{"line":634,"column":27},"end":{"line":636,"column":3}},"line":634},"73":{"name":"(anonymous_73)","decl":{"start":{"line":645,"column":2},"end":{"line":645,"column":3}},"loc":{"start":{"line":645,"column":20},"end":{"line":665,"column":3}},"line":645},"74":{"name":"(anonymous_74)","decl":{"start":{"line":651,"column":10},"end":{"line":651,"column":11}},"loc":{"start":{"line":651,"column":17},"end":{"line":657,"column":5}},"line":651},"75":{"name":"(anonymous_75)","decl":{"start":{"line":658,"column":10},"end":{"line":658,"column":11}},"loc":{"start":{"line":658,"column":18},"end":{"line":664,"column":5}},"line":658},"76":{"name":"(anonymous_76)","decl":{"start":{"line":676,"column":2},"end":{"line":676,"column":3}},"loc":{"start":{"line":676,"column":25},"end":{"line":679,"column":3}},"line":676},"77":{"name":"(anonymous_77)","decl":{"start":{"line":678,"column":10},"end":{"line":678,"column":11}},"loc":{"start":{"line":678,"column":17},"end":{"line":678,"column":27}},"line":678},"78":{"name":"(anonymous_78)","decl":{"start":{"line":692,"column":2},"end":{"line":692,"column":3}},"loc":{"start":{"line":692,"column":31},"end":{"line":706,"column":3}},"line":692},"79":{"name":"(anonymous_79)","decl":{"start":{"line":698,"column":10},"end":{"line":698,"column":11}},"loc":{"start":{"line":698,"column":17},"end":{"line":705,"column":5}},"line":698},"80":{"name":"(anonymous_80)","decl":{"start":{"line":716,"column":2},"end":{"line":716,"column":3}},"loc":{"start":{"line":716,"column":31},"end":{"line":730,"column":3}},"line":716},"81":{"name":"(anonymous_81)","decl":{"start":{"line":722,"column":10},"end":{"line":722,"column":11}},"loc":{"start":{"line":722,"column":17},"end":{"line":729,"column":5}},"line":722}},"branchMap":{"0":{"loc":{"start":{"line":55,"column":6},"end":{"line":57,"column":7}},"type":"if","locations":[{"start":{"line":55,"column":6},"end":{"line":57,"column":7}},{"start":{"line":55,"column":6},"end":{"line":57,"column":7}}],"line":55},"1":{"loc":{"start":{"line":73,"column":6},"end":{"line":81,"column":7}},"type":"if","locations":[{"start":{"line":73,"column":6},"end":{"line":81,"column":7}},{"start":{"line":73,"column":6},"end":{"line":81,"column":7}}],"line":73},"2":{"loc":{"start":{"line":76,"column":11},"end":{"line":81,"column":7}},"type":"if","locations":[{"start":{"line":76,"column":11},"end":{"line":81,"column":7}},{"start":{"line":76,"column":11},"end":{"line":81,"column":7}}],"line":76},"3":{"loc":{"start":{"line":96,"column":4},"end":{"line":110,"column":23}},"type":"if","locations":[{"start":{"line":96,"column":4},"end":{"line":110,"column":23}},{"start":{"line":96,"column":4},"end":{"line":110,"column":23}}],"line":96},"4":{"loc":{"start":{"line":98,"column":6},"end":{"line":107,"column":7}},"type":"if","locations":[{"start":{"line":98,"column":6},"end":{"line":107,"column":7}},{"start":{"line":98,"column":6},"end":{"line":107,"column":7}}],"line":98},"5":{"loc":{"start":{"line":102,"column":8},"end":{"line":105,"column":9}},"type":"if","locations":[{"start":{"line":102,"column":8},"end":{"line":105,"column":9}},{"start":{"line":102,"column":8},"end":{"line":105,"column":9}}],"line":102},"6":{"loc":{"start":{"line":115,"column":4},"end":{"line":118,"column":5}},"type":"if","locations":[{"start":{"line":115,"column":4},"end":{"line":118,"column":5}},{"start":{"line":115,"column":4},"end":{"line":118,"column":5}}],"line":115},"7":{"loc":{"start":{"line":146,"column":6},"end":{"line":154,"column":7}},"type":"if","locations":[{"start":{"line":146,"column":6},"end":{"line":154,"column":7}},{"start":{"line":146,"column":6},"end":{"line":154,"column":7}}],"line":146},"8":{"loc":{"start":{"line":149,"column":11},"end":{"line":154,"column":7}},"type":"if","locations":[{"start":{"line":149,"column":11},"end":{"line":154,"column":7}},{"start":{"line":149,"column":11},"end":{"line":154,"column":7}}],"line":149},"9":{"loc":{"start":{"line":171,"column":8},"end":{"line":172,"column":29}},"type":"if","locations":[{"start":{"line":171,"column":8},"end":{"line":172,"column":29}},{"start":{"line":171,"column":8},"end":{"line":172,"column":29}}],"line":171},"10":{"loc":{"start":{"line":175,"column":8},"end":{"line":176,"column":56}},"type":"if","locations":[{"start":{"line":175,"column":8},"end":{"line":176,"column":56}},{"start":{"line":175,"column":8},"end":{"line":176,"column":56}}],"line":175},"11":{"loc":{"start":{"line":200,"column":8},"end":{"line":201,"column":29}},"type":"if","locations":[{"start":{"line":200,"column":8},"end":{"line":201,"column":29}},{"start":{"line":200,"column":8},"end":{"line":201,"column":29}}],"line":200},"12":{"loc":{"start":{"line":204,"column":8},"end":{"line":205,"column":56}},"type":"if","locations":[{"start":{"line":204,"column":8},"end":{"line":205,"column":56}},{"start":{"line":204,"column":8},"end":{"line":205,"column":56}}],"line":204},"13":{"loc":{"start":{"line":226,"column":6},"end":{"line":228,"column":7}},"type":"if","locations":[{"start":{"line":226,"column":6},"end":{"line":228,"column":7}},{"start":{"line":226,"column":6},"end":{"line":228,"column":7}}],"line":226},"14":{"loc":{"start":{"line":247,"column":8},"end":{"line":248,"column":44}},"type":"if","locations":[{"start":{"line":247,"column":8},"end":{"line":248,"column":44}},{"start":{"line":247,"column":8},"end":{"line":248,"column":44}}],"line":247},"15":{"loc":{"start":{"line":264,"column":6},"end":{"line":272,"column":7}},"type":"if","locations":[{"start":{"line":264,"column":6},"end":{"line":272,"column":7}},{"start":{"line":264,"column":6},"end":{"line":272,"column":7}}],"line":264},"16":{"loc":{"start":{"line":267,"column":11},"end":{"line":272,"column":7}},"type":"if","locations":[{"start":{"line":267,"column":11},"end":{"line":272,"column":7}},{"start":{"line":267,"column":11},"end":{"line":272,"column":7}}],"line":267},"17":{"loc":{"start":{"line":286,"column":6},"end":{"line":294,"column":7}},"type":"if","locations":[{"start":{"line":286,"column":6},"end":{"line":294,"column":7}},{"start":{"line":286,"column":6},"end":{"line":294,"column":7}}],"line":286},"18":{"loc":{"start":{"line":289,"column":11},"end":{"line":294,"column":7}},"type":"if","locations":[{"start":{"line":289,"column":11},"end":{"line":294,"column":7}},{"start":{"line":289,"column":11},"end":{"line":294,"column":7}}],"line":289},"19":{"loc":{"start":{"line":308,"column":6},"end":{"line":316,"column":7}},"type":"if","locations":[{"start":{"line":308,"column":6},"end":{"line":316,"column":7}},{"start":{"line":308,"column":6},"end":{"line":316,"column":7}}],"line":308},"20":{"loc":{"start":{"line":311,"column":11},"end":{"line":316,"column":7}},"type":"if","locations":[{"start":{"line":311,"column":11},"end":{"line":316,"column":7}},{"start":{"line":311,"column":11},"end":{"line":316,"column":7}}],"line":311},"21":{"loc":{"start":{"line":331,"column":6},"end":{"line":339,"column":7}},"type":"if","locations":[{"start":{"line":331,"column":6},"end":{"line":339,"column":7}},{"start":{"line":331,"column":6},"end":{"line":339,"column":7}}],"line":331},"22":{"loc":{"start":{"line":334,"column":11},"end":{"line":339,"column":7}},"type":"if","locations":[{"start":{"line":334,"column":11},"end":{"line":339,"column":7}},{"start":{"line":334,"column":11},"end":{"line":339,"column":7}}],"line":334},"23":{"loc":{"start":{"line":357,"column":6},"end":{"line":362,"column":7}},"type":"if","locations":[{"start":{"line":357,"column":6},"end":{"line":362,"column":7}},{"start":{"line":357,"column":6},"end":{"line":362,"column":7}}],"line":357},"24":{"loc":{"start":{"line":387,"column":6},"end":{"line":395,"column":7}},"type":"if","locations":[{"start":{"line":387,"column":6},"end":{"line":395,"column":7}},{"start":{"line":387,"column":6},"end":{"line":395,"column":7}}],"line":387},"25":{"loc":{"start":{"line":390,"column":11},"end":{"line":395,"column":7}},"type":"if","locations":[{"start":{"line":390,"column":11},"end":{"line":395,"column":7}},{"start":{"line":390,"column":11},"end":{"line":395,"column":7}}],"line":390},"26":{"loc":{"start":{"line":408,"column":116},"end":{"line":408,"column":162}},"type":"cond-expr","locations":[{"start":{"line":408,"column":133},"end":{"line":408,"column":155}},{"start":{"line":408,"column":158},"end":{"line":408,"column":162}}],"line":408},"27":{"loc":{"start":{"line":408,"column":231},"end":{"line":408,"column":279}},"type":"cond-expr","locations":[{"start":{"line":408,"column":249},"end":{"line":408,"column":272}},{"start":{"line":408,"column":275},"end":{"line":408,"column":279}}],"line":408},"28":{"loc":{"start":{"line":422,"column":6},"end":{"line":430,"column":7}},"type":"if","locations":[{"start":{"line":422,"column":6},"end":{"line":430,"column":7}},{"start":{"line":422,"column":6},"end":{"line":430,"column":7}}],"line":422},"29":{"loc":{"start":{"line":425,"column":11},"end":{"line":430,"column":7}},"type":"if","locations":[{"start":{"line":425,"column":11},"end":{"line":430,"column":7}},{"start":{"line":425,"column":11},"end":{"line":430,"column":7}}],"line":425},"30":{"loc":{"start":{"line":532,"column":6},"end":{"line":540,"column":7}},"type":"if","locations":[{"start":{"line":532,"column":6},"end":{"line":540,"column":7}},{"start":{"line":532,"column":6},"end":{"line":540,"column":7}}],"line":532},"31":{"loc":{"start":{"line":535,"column":11},"end":{"line":540,"column":7}},"type":"if","locations":[{"start":{"line":535,"column":11},"end":{"line":540,"column":7}},{"start":{"line":535,"column":11},"end":{"line":540,"column":7}}],"line":535},"32":{"loc":{"start":{"line":555,"column":6},"end":{"line":563,"column":7}},"type":"if","locations":[{"start":{"line":555,"column":6},"end":{"line":563,"column":7}},{"start":{"line":555,"column":6},"end":{"line":563,"column":7}}],"line":555},"33":{"loc":{"start":{"line":558,"column":11},"end":{"line":563,"column":7}},"type":"if","locations":[{"start":{"line":558,"column":11},"end":{"line":563,"column":7}},{"start":{"line":558,"column":11},"end":{"line":563,"column":7}}],"line":558},"34":{"loc":{"start":{"line":580,"column":6},"end":{"line":586,"column":7}},"type":"if","locations":[{"start":{"line":580,"column":6},"end":{"line":586,"column":7}},{"start":{"line":580,"column":6},"end":{"line":586,"column":7}}],"line":580},"35":{"loc":{"start":{"line":582,"column":13},"end":{"line":586,"column":7}},"type":"if","locations":[{"start":{"line":582,"column":13},"end":{"line":586,"column":7}},{"start":{"line":582,"column":13},"end":{"line":586,"column":7}}],"line":582},"36":{"loc":{"start":{"line":653,"column":6},"end":{"line":656,"column":19}},"type":"if","locations":[{"start":{"line":653,"column":6},"end":{"line":656,"column":19}},{"start":{"line":653,"column":6},"end":{"line":656,"column":19}}],"line":653},"37":{"loc":{"start":{"line":660,"column":6},"end":{"line":663,"column":19}},"type":"if","locations":[{"start":{"line":660,"column":6},"end":{"line":663,"column":19}},{"start":{"line":660,"column":6},"end":{"line":663,"column":19}}],"line":660},"38":{"loc":{"start":{"line":699,"column":6},"end":{"line":704,"column":7}},"type":"if","locations":[{"start":{"line":699,"column":6},"end":{"line":704,"column":7}},{"start":{"line":699,"column":6},"end":{"line":704,"column":7}}],"line":699},"39":{"loc":{"start":{"line":699,"column":9},"end":{"line":699,"column":49}},"type":"binary-expr","locations":[{"start":{"line":699,"column":9},"end":{"line":699,"column":27}},{"start":{"line":699,"column":31},"end":{"line":699,"column":49}}],"line":699},"40":{"loc":{"start":{"line":723,"column":6},"end":{"line":728,"column":7}},"type":"if","locations":[{"start":{"line":723,"column":6},"end":{"line":728,"column":7}},{"start":{"line":723,"column":6},"end":{"line":728,"column":7}}],"line":723},"41":{"loc":{"start":{"line":723,"column":9},"end":{"line":723,"column":49}},"type":"binary-expr","locations":[{"start":{"line":723,"column":9},"end":{"line":723,"column":27}},{"start":{"line":723,"column":31},"end":{"line":723,"column":49}}],"line":723}},"s":{"0":15,"1":1,"2":1,"3":1,"4":1,"5":2,"6":2,"7":1,"8":2,"9":2,"10":2,"11":2,"12":1,"13":2,"14":3,"15":3,"16":1,"17":2,"18":1,"19":1,"20":5,"21":5,"22":5,"23":3,"24":3,"25":2,"26":2,"27":2,"28":2,"29":1,"30":1,"31":2,"32":2,"33":5,"34":5,"35":5,"36":5,"37":1,"38":1,"39":5,"40":5,"41":3,"42":3,"43":3,"44":1,"45":2,"46":1,"47":1,"48":1,"49":1,"50":1,"51":1,"52":3,"53":2,"54":1,"55":2,"56":1,"57":2,"58":2,"59":1,"60":1,"61":1,"62":1,"63":1,"64":3,"65":2,"66":1,"67":2,"68":1,"69":2,"70":2,"71":1,"72":2,"73":2,"74":2,"75":2,"76":1,"77":2,"78":1,"79":1,"80":1,"81":1,"82":3,"83":2,"84":1,"85":3,"86":3,"87":1,"88":2,"89":1,"90":1,"91":3,"92":3,"93":1,"94":2,"95":1,"96":1,"97":1,"98":3,"99":3,"100":1,"101":2,"102":1,"103":1,"104":1,"105":3,"106":3,"107":1,"108":2,"109":1,"110":1,"111":2,"112":2,"113":1,"114":1,"115":6,"116":3,"117":3,"118":1,"119":2,"120":1,"121":1,"122":7,"123":3,"124":3,"125":1,"126":2,"127":1,"128":1,"129":1,"130":1,"131":1,"132":1,"133":1,"134":1,"135":2,"136":2,"137":1,"138":2,"139":2,"140":2,"141":2,"142":4,"143":1,"144":1,"145":1,"146":1,"147":2,"148":1,"149":3,"150":3,"151":1,"152":2,"153":1,"154":1,"155":3,"156":3,"157":1,"158":2,"159":1,"160":1,"161":3,"162":3,"163":1,"164":2,"165":1,"166":1,"167":1,"168":1,"169":1,"170":1,"171":2,"172":1,"173":1,"174":1,"175":4,"176":2,"177":2,"178":1,"179":1,"180":2,"181":1,"182":1,"183":1,"184":1,"185":18,"186":18,"187":6,"188":12,"189":15,"190":15,"191":5,"192":10},"f":{"0":1,"1":1,"2":1,"3":2,"4":2,"5":2,"6":2,"7":3,"8":3,"9":5,"10":3,"11":3,"12":3,"13":1,"14":1,"15":1,"16":3,"17":2,"18":1,"19":1,"20":1,"21":3,"22":2,"23":2,"24":2,"25":2,"26":1,"27":1,"28":1,"29":3,"30":3,"31":3,"32":3,"33":3,"34":1,"35":3,"36":3,"37":1,"38":3,"39":3,"40":2,"41":2,"42":6,"43":3,"44":3,"45":7,"46":3,"47":3,"48":1,"49":1,"50":1,"51":1,"52":1,"53":2,"54":2,"55":4,"56":1,"57":1,"58":1,"59":2,"60":3,"61":3,"62":3,"63":3,"64":3,"65":3,"66":1,"67":1,"68":1,"69":2,"70":1,"71":1,"72":4,"73":2,"74":2,"75":2,"76":1,"77":1,"78":18,"79":18,"80":15,"81":15},"b":{"0":[1,1],"1":[1,2],"2":[1,1],"3":[3,2],"4":[2,1],"5":[1,1],"6":[1,4],"7":[1,2],"8":[1,1],"9":[2,1],"10":[1,1],"11":[2,1],"12":[1,1],"13":[1,1],"14":[2,1],"15":[1,2],"16":[1,1],"17":[1,2],"18":[1,1],"19":[1,2],"20":[1,1],"21":[1,2],"22":[1,1],"23":[1,1],"24":[1,2],"25":[1,1],"26":[2,5],"27":[2,5],"28":[1,2],"29":[1,1],"30":[1,2],"31":[1,1],"32":[1,2],"33":[1,1],"34":[1,2],"35":[1,1],"36":[1,1],"37":[1,1],"38":[6,12],"39":[18,18],"40":[5,10],"41":[15,12]},"_coverageSchema":"332fd63041d2c1bcb487cc26dd0d5f7d97098a6c","hash":"1dcfbc2a1b13402c796a3bdb90fad402027f335f"}
,"/GitSourcetree/l2lc-fe/src/consts.js": {"path":"/GitSourcetree/l2lc-fe/src/consts.js","statementMap":{"0":{"start":{"line":1,"column":20},"end":{"line":17,"column":1}},"1":{"start":{"line":18,"column":21},"end":{"line":34,"column":1}},"2":{"start":{"line":35,"column":19},"end":{"line":51,"column":1}},"3":{"start":{"line":65,"column":31},"end":{"line":463,"column":3}},"4":{"start":{"line":73,"column":8},"end":{"line":76,"column":68}},"5":{"start":{"line":74,"column":10},"end":{"line":74,"column":40}},"6":{"start":{"line":75,"column":13},"end":{"line":76,"column":68}},"7":{"start":{"line":76,"column":10},"end":{"line":76,"column":68}},"8":{"start":{"line":77,"column":8},"end":{"line":77,"column":19}},"9":{"start":{"line":87,"column":8},"end":{"line":88,"column":40}},"10":{"start":{"line":88,"column":10},"end":{"line":88,"column":40}},"11":{"start":{"line":89,"column":18},"end":{"line":89,"column":79}},"12":{"start":{"line":90,"column":8},"end":{"line":93,"column":69}},"13":{"start":{"line":91,"column":10},"end":{"line":91,"column":54}},"14":{"start":{"line":92,"column":13},"end":{"line":93,"column":69}},"15":{"start":{"line":93,"column":10},"end":{"line":93,"column":69}},"16":{"start":{"line":94,"column":8},"end":{"line":94,"column":19}},"17":{"start":{"line":104,"column":8},"end":{"line":107,"column":49}},"18":{"start":{"line":105,"column":10},"end":{"line":105,"column":47}},"19":{"start":{"line":106,"column":13},"end":{"line":107,"column":49}},"20":{"start":{"line":107,"column":10},"end":{"line":107,"column":49}},"21":{"start":{"line":108,"column":8},"end":{"line":108,"column":19}},"22":{"start":{"line":118,"column":18},"end":{"line":118,"column":139}},"23":{"start":{"line":119,"column":8},"end":{"line":124,"column":71}},"24":{"start":{"line":120,"column":10},"end":{"line":120,"column":40}},"25":{"start":{"line":121,"column":13},"end":{"line":124,"column":71}},"26":{"start":{"line":122,"column":10},"end":{"line":122,"column":56}},"27":{"start":{"line":123,"column":13},"end":{"line":124,"column":71}},"28":{"start":{"line":124,"column":10},"end":{"line":124,"column":71}},"29":{"start":{"line":125,"column":8},"end":{"line":125,"column":19}},"30":{"start":{"line":136,"column":8},"end":{"line":137,"column":43}},"31":{"start":{"line":137,"column":10},"end":{"line":137,"column":43}},"32":{"start":{"line":138,"column":8},"end":{"line":138,"column":19}},"33":{"start":{"line":141,"column":8},"end":{"line":155,"column":9}},"34":{"start":{"line":142,"column":10},"end":{"line":154,"column":11}},"35":{"start":{"line":156,"column":8},"end":{"line":168,"column":9}},"36":{"start":{"line":178,"column":8},"end":{"line":181,"column":63}},"37":{"start":{"line":179,"column":10},"end":{"line":179,"column":40}},"38":{"start":{"line":180,"column":13},"end":{"line":181,"column":63}},"39":{"start":{"line":181,"column":10},"end":{"line":181,"column":63}},"40":{"start":{"line":182,"column":8},"end":{"line":182,"column":19}},"41":{"start":{"line":192,"column":8},"end":{"line":195,"column":63}},"42":{"start":{"line":193,"column":10},"end":{"line":193,"column":40}},"43":{"start":{"line":194,"column":13},"end":{"line":195,"column":63}},"44":{"start":{"line":195,"column":10},"end":{"line":195,"column":63}},"45":{"start":{"line":196,"column":8},"end":{"line":196,"column":19}},"46":{"start":{"line":206,"column":8},"end":{"line":209,"column":65}},"47":{"start":{"line":207,"column":10},"end":{"line":207,"column":40}},"48":{"start":{"line":208,"column":13},"end":{"line":209,"column":65}},"49":{"start":{"line":209,"column":10},"end":{"line":209,"column":65}},"50":{"start":{"line":210,"column":8},"end":{"line":210,"column":19}},"51":{"start":{"line":221,"column":8},"end":{"line":222,"column":43}},"52":{"start":{"line":222,"column":10},"end":{"line":222,"column":43}},"53":{"start":{"line":223,"column":8},"end":{"line":223,"column":19}},"54":{"start":{"line":233,"column":8},"end":{"line":236,"column":64}},"55":{"start":{"line":234,"column":10},"end":{"line":234,"column":40}},"56":{"start":{"line":235,"column":13},"end":{"line":236,"column":64}},"57":{"start":{"line":236,"column":10},"end":{"line":236,"column":64}},"58":{"start":{"line":237,"column":8},"end":{"line":237,"column":19}},"59":{"start":{"line":247,"column":8},"end":{"line":280,"column":9}},"60":{"start":{"line":248,"column":10},"end":{"line":279,"column":11}},"61":{"start":{"line":281,"column":24},"end":{"line":281,"column":29}},"62":{"start":{"line":282,"column":26},"end":{"line":282,"column":31}},"63":{"start":{"line":283,"column":8},"end":{"line":286,"column":9}},"64":{"start":{"line":283,"column":31},"end":{"line":283,"column":54}},"65":{"start":{"line":284,"column":10},"end":{"line":284,"column":26}},"66":{"start":{"line":285,"column":10},"end":{"line":285,"column":28}},"67":{"start":{"line":287,"column":8},"end":{"line":318,"column":9}},"68":{"start":{"line":329,"column":8},"end":{"line":330,"column":43}},"69":{"start":{"line":330,"column":10},"end":{"line":330,"column":43}},"70":{"start":{"line":331,"column":8},"end":{"line":331,"column":19}},"71":{"start":{"line":334,"column":8},"end":{"line":363,"column":9}},"72":{"start":{"line":335,"column":10},"end":{"line":362,"column":11}},"73":{"start":{"line":364,"column":8},"end":{"line":391,"column":9}},"74":{"start":{"line":401,"column":8},"end":{"line":404,"column":63}},"75":{"start":{"line":402,"column":10},"end":{"line":402,"column":40}},"76":{"start":{"line":403,"column":13},"end":{"line":404,"column":63}},"77":{"start":{"line":404,"column":10},"end":{"line":404,"column":63}},"78":{"start":{"line":405,"column":8},"end":{"line":405,"column":19}},"79":{"start":{"line":415,"column":8},"end":{"line":418,"column":63}},"80":{"start":{"line":416,"column":10},"end":{"line":416,"column":40}},"81":{"start":{"line":417,"column":13},"end":{"line":418,"column":63}},"82":{"start":{"line":418,"column":10},"end":{"line":418,"column":63}},"83":{"start":{"line":419,"column":8},"end":{"line":419,"column":19}},"84":{"start":{"line":429,"column":8},"end":{"line":432,"column":65}},"85":{"start":{"line":430,"column":10},"end":{"line":430,"column":40}},"86":{"start":{"line":431,"column":13},"end":{"line":432,"column":65}},"87":{"start":{"line":432,"column":10},"end":{"line":432,"column":65}},"88":{"start":{"line":433,"column":8},"end":{"line":433,"column":19}},"89":{"start":{"line":444,"column":8},"end":{"line":445,"column":43}},"90":{"start":{"line":445,"column":10},"end":{"line":445,"column":43}},"91":{"start":{"line":446,"column":8},"end":{"line":446,"column":19}},"92":{"start":{"line":456,"column":8},"end":{"line":459,"column":64}},"93":{"start":{"line":457,"column":10},"end":{"line":457,"column":40}},"94":{"start":{"line":458,"column":13},"end":{"line":459,"column":64}},"95":{"start":{"line":459,"column":10},"end":{"line":459,"column":64}},"96":{"start":{"line":460,"column":8},"end":{"line":460,"column":19}},"97":{"start":{"line":471,"column":30},"end":{"line":903,"column":3}},"98":{"start":{"line":480,"column":8},"end":{"line":481,"column":47}},"99":{"start":{"line":481,"column":10},"end":{"line":481,"column":47}},"100":{"start":{"line":482,"column":8},"end":{"line":482,"column":19}},"101":{"start":{"line":485,"column":8},"end":{"line":764,"column":9}},"102":{"start":{"line":486,"column":10},"end":{"line":518,"column":11}},"103":{"start":{"line":520,"column":13},"end":{"line":764,"column":9}},"104":{"start":{"line":521,"column":10},"end":{"line":553,"column":11}},"105":{"start":{"line":555,"column":13},"end":{"line":764,"column":9}},"106":{"start":{"line":556,"column":10},"end":{"line":588,"column":11}},"107":{"start":{"line":590,"column":13},"end":{"line":764,"column":9}},"108":{"start":{"line":591,"column":10},"end":{"line":623,"column":11}},"109":{"start":{"line":625,"column":13},"end":{"line":764,"column":9}},"110":{"start":{"line":626,"column":10},"end":{"line":658,"column":11}},"111":{"start":{"line":660,"column":13},"end":{"line":764,"column":9}},"112":{"start":{"line":661,"column":10},"end":{"line":693,"column":11}},"113":{"start":{"line":695,"column":13},"end":{"line":764,"column":9}},"114":{"start":{"line":696,"column":10},"end":{"line":728,"column":11}},"115":{"start":{"line":730,"column":13},"end":{"line":764,"column":9}},"116":{"start":{"line":731,"column":10},"end":{"line":763,"column":11}},"117":{"start":{"line":765,"column":8},"end":{"line":797,"column":9}},"118":{"start":{"line":808,"column":8},"end":{"line":809,"column":48}},"119":{"start":{"line":809,"column":10},"end":{"line":809,"column":48}},"120":{"start":{"line":810,"column":8},"end":{"line":810,"column":19}},"121":{"start":{"line":813,"column":8},"end":{"line":821,"column":9}},"122":{"start":{"line":814,"column":10},"end":{"line":820,"column":11}},"123":{"start":{"line":822,"column":8},"end":{"line":828,"column":9}},"124":{"start":{"line":838,"column":8},"end":{"line":839,"column":40}},"125":{"start":{"line":839,"column":10},"end":{"line":839,"column":40}},"126":{"start":{"line":840,"column":18},"end":{"line":840,"column":25}},"127":{"start":{"line":841,"column":8},"end":{"line":844,"column":72}},"128":{"start":{"line":842,"column":10},"end":{"line":842,"column":47}},"129":{"start":{"line":843,"column":13},"end":{"line":844,"column":72}},"130":{"start":{"line":844,"column":10},"end":{"line":844,"column":72}},"131":{"start":{"line":845,"column":8},"end":{"line":845,"column":19}},"132":{"start":{"line":855,"column":8},"end":{"line":858,"column":74}},"133":{"start":{"line":856,"column":10},"end":{"line":856,"column":40}},"134":{"start":{"line":857,"column":13},"end":{"line":858,"column":74}},"135":{"start":{"line":858,"column":10},"end":{"line":858,"column":74}},"136":{"start":{"line":859,"column":8},"end":{"line":859,"column":19}},"137":{"start":{"line":870,"column":8},"end":{"line":871,"column":44}},"138":{"start":{"line":871,"column":10},"end":{"line":871,"column":44}},"139":{"start":{"line":872,"column":8},"end":{"line":872,"column":19}},"140":{"start":{"line":882,"column":8},"end":{"line":885,"column":68}},"141":{"start":{"line":883,"column":10},"end":{"line":883,"column":40}},"142":{"start":{"line":884,"column":13},"end":{"line":885,"column":68}},"143":{"start":{"line":885,"column":10},"end":{"line":885,"column":68}},"144":{"start":{"line":886,"column":8},"end":{"line":886,"column":19}},"145":{"start":{"line":896,"column":8},"end":{"line":899,"column":68}},"146":{"start":{"line":897,"column":10},"end":{"line":897,"column":40}},"147":{"start":{"line":898,"column":13},"end":{"line":899,"column":68}},"148":{"start":{"line":899,"column":10},"end":{"line":899,"column":68}},"149":{"start":{"line":900,"column":8},"end":{"line":900,"column":19}},"150":{"start":{"line":911,"column":31},"end":{"line":938,"column":3}},"151":{"start":{"line":918,"column":8},"end":{"line":921,"column":66}},"152":{"start":{"line":919,"column":10},"end":{"line":919,"column":40}},"153":{"start":{"line":920,"column":13},"end":{"line":921,"column":66}},"154":{"start":{"line":921,"column":10},"end":{"line":921,"column":66}},"155":{"start":{"line":922,"column":8},"end":{"line":922,"column":19}},"156":{"start":{"line":931,"column":8},"end":{"line":934,"column":65}},"157":{"start":{"line":932,"column":10},"end":{"line":932,"column":40}},"158":{"start":{"line":933,"column":13},"end":{"line":934,"column":65}},"159":{"start":{"line":934,"column":10},"end":{"line":934,"column":65}},"160":{"start":{"line":935,"column":8},"end":{"line":935,"column":19}},"161":{"start":{"line":946,"column":30},"end":{"line":981,"column":3}},"162":{"start":{"line":953,"column":8},"end":{"line":956,"column":64}},"163":{"start":{"line":954,"column":10},"end":{"line":954,"column":40}},"164":{"start":{"line":955,"column":13},"end":{"line":956,"column":64}},"165":{"start":{"line":956,"column":10},"end":{"line":956,"column":64}},"166":{"start":{"line":957,"column":8},"end":{"line":957,"column":19}},"167":{"start":{"line":967,"column":8},"end":{"line":970,"column":64}},"168":{"start":{"line":968,"column":10},"end":{"line":968,"column":40}},"169":{"start":{"line":969,"column":13},"end":{"line":970,"column":64}},"170":{"start":{"line":970,"column":10},"end":{"line":970,"column":64}},"171":{"start":{"line":971,"column":8},"end":{"line":971,"column":19}},"172":{"start":{"line":989,"column":32},"end":{"line":1024,"column":3}},"173":{"start":{"line":996,"column":8},"end":{"line":999,"column":66}},"174":{"start":{"line":997,"column":10},"end":{"line":997,"column":40}},"175":{"start":{"line":998,"column":13},"end":{"line":999,"column":66}},"176":{"start":{"line":999,"column":10},"end":{"line":999,"column":66}},"177":{"start":{"line":1000,"column":8},"end":{"line":1001,"column":62}},"178":{"start":{"line":1001,"column":10},"end":{"line":1001,"column":62}},"179":{"start":{"line":1002,"column":8},"end":{"line":1003,"column":64}},"180":{"start":{"line":1003,"column":10},"end":{"line":1003,"column":64}},"181":{"start":{"line":1004,"column":8},"end":{"line":1004,"column":19}},"182":{"start":{"line":1013,"column":8},"end":{"line":1016,"column":67}},"183":{"start":{"line":1014,"column":10},"end":{"line":1014,"column":40}},"184":{"start":{"line":1015,"column":13},"end":{"line":1016,"column":67}},"185":{"start":{"line":1016,"column":10},"end":{"line":1016,"column":67}},"186":{"start":{"line":1017,"column":8},"end":{"line":1018,"column":63}},"187":{"start":{"line":1018,"column":10},"end":{"line":1018,"column":63}},"188":{"start":{"line":1019,"column":8},"end":{"line":1020,"column":65}},"189":{"start":{"line":1020,"column":10},"end":{"line":1020,"column":65}},"190":{"start":{"line":1021,"column":8},"end":{"line":1021,"column":19}},"191":{"start":{"line":1032,"column":30},"end":{"line":1034,"column":3}},"192":{"start":{"line":1042,"column":28},"end":{"line":1044,"column":3}},"193":{"start":{"line":1052,"column":33},"end":{"line":1054,"column":3}},"194":{"start":{"line":1062,"column":33},"end":{"line":1064,"column":3}},"195":{"start":{"line":1072,"column":40},"end":{"line":1072,"column":92}},"196":{"start":{"line":1080,"column":41},"end":{"line":1080,"column":94}},"197":{"start":{"line":1088,"column":35},"end":{"line":1088,"column":98}},"198":{"start":{"line":1096,"column":32},"end":{"line":1096,"column":98}},"199":{"start":{"line":1104,"column":38},"end":{"line":1104,"column":88}},"200":{"start":{"line":1112,"column":40},"end":{"line":1112,"column":92}},"201":{"start":{"line":1120,"column":35},"end":{"line":1120,"column":82}},"202":{"start":{"line":1128,"column":26},"end":{"line":1128,"column":42}},"203":{"start":{"line":1136,"column":26},"end":{"line":1136,"column":42}},"204":{"start":{"line":1144,"column":26},"end":{"line":1144,"column":42}},"205":{"start":{"line":1152,"column":26},"end":{"line":1152,"column":43}},"206":{"start":{"line":1160,"column":35},"end":{"line":1160,"column":61}},"207":{"start":{"line":1168,"column":36},"end":{"line":1168,"column":60}},"208":{"start":{"line":1176,"column":36},"end":{"line":1176,"column":61}},"209":{"start":{"line":1185,"column":4},"end":{"line":1193,"column":5}},"210":{"start":{"line":1203,"column":4},"end":{"line":1231,"column":5}},"211":{"start":{"line":1211,"column":10},"end":{"line":1214,"column":67}},"212":{"start":{"line":1212,"column":12},"end":{"line":1212,"column":42}},"213":{"start":{"line":1213,"column":15},"end":{"line":1214,"column":67}},"214":{"start":{"line":1214,"column":12},"end":{"line":1214,"column":67}},"215":{"start":{"line":1215,"column":10},"end":{"line":1215,"column":21}},"216":{"start":{"line":1226,"column":10},"end":{"line":1227,"column":45}},"217":{"start":{"line":1227,"column":12},"end":{"line":1227,"column":45}},"218":{"start":{"line":1228,"column":10},"end":{"line":1228,"column":21}},"219":{"start":{"line":1241,"column":4},"end":{"line":1241,"column":170}},"220":{"start":{"line":1251,"column":4},"end":{"line":1307,"column":5}},"221":{"start":{"line":1317,"column":4},"end":{"line":1373,"column":5}},"222":{"start":{"line":1383,"column":4},"end":{"line":1439,"column":5}},"223":{"start":{"line":1449,"column":4},"end":{"line":1505,"column":5}},"224":{"start":{"line":1515,"column":4},"end":{"line":1515,"column":27}},"225":{"start":{"line":1525,"column":15},"end":{"line":1525,"column":16}},"226":{"start":{"line":1526,"column":14},"end":{"line":1526,"column":15}},"227":{"start":{"line":1527,"column":4},"end":{"line":1539,"column":5}},"228":{"start":{"line":1528,"column":17},"end":{"line":1528,"column":94}},"229":{"start":{"line":1529,"column":20},"end":{"line":1529,"column":59}},"230":{"start":{"line":1530,"column":21},"end":{"line":1530,"column":70}},"231":{"start":{"line":1531,"column":6},"end":{"line":1531,"column":21}},"232":{"start":{"line":1532,"column":6},"end":{"line":1538,"column":7}},"233":{"start":{"line":1533,"column":8},"end":{"line":1533,"column":17}},"234":{"start":{"line":1534,"column":8},"end":{"line":1534,"column":28}},"235":{"start":{"line":1537,"column":8},"end":{"line":1537,"column":23}},"236":{"start":{"line":1540,"column":4},"end":{"line":1540,"column":22}},"237":{"start":{"line":1544,"column":0},"end":{"line":1544,"column":23}}},"fnMap":{"0":{"name":"(anonymous_0)","decl":{"start":{"line":65,"column":2},"end":{"line":65,"column":3}},"loc":{"start":{"line":65,"column":29},"end":{"line":463,"column":4}},"line":65},"1":{"name":"(anonymous_1)","decl":{"start":{"line":72,"column":18},"end":{"line":72,"column":19}},"loc":{"start":{"line":72,"column":39},"end":{"line":78,"column":7}},"line":72},"2":{"name":"(anonymous_2)","decl":{"start":{"line":86,"column":18},"end":{"line":86,"column":19}},"loc":{"start":{"line":86,"column":39},"end":{"line":95,"column":7}},"line":86},"3":{"name":"(anonymous_3)","decl":{"start":{"line":103,"column":18},"end":{"line":103,"column":19}},"loc":{"start":{"line":103,"column":39},"end":{"line":109,"column":7}},"line":103},"4":{"name":"(anonymous_4)","decl":{"start":{"line":117,"column":18},"end":{"line":117,"column":19}},"loc":{"start":{"line":117,"column":39},"end":{"line":126,"column":7}},"line":117},"5":{"name":"(anonymous_5)","decl":{"start":{"line":135,"column":18},"end":{"line":135,"column":19}},"loc":{"start":{"line":135,"column":39},"end":{"line":139,"column":7}},"line":135},"6":{"name":"(anonymous_6)","decl":{"start":{"line":140,"column":16},"end":{"line":140,"column":17}},"loc":{"start":{"line":140,"column":27},"end":{"line":169,"column":7}},"line":140},"7":{"name":"(anonymous_7)","decl":{"start":{"line":177,"column":18},"end":{"line":177,"column":19}},"loc":{"start":{"line":177,"column":39},"end":{"line":183,"column":7}},"line":177},"8":{"name":"(anonymous_8)","decl":{"start":{"line":191,"column":18},"end":{"line":191,"column":19}},"loc":{"start":{"line":191,"column":39},"end":{"line":197,"column":7}},"line":191},"9":{"name":"(anonymous_9)","decl":{"start":{"line":205,"column":18},"end":{"line":205,"column":19}},"loc":{"start":{"line":205,"column":39},"end":{"line":211,"column":7}},"line":205},"10":{"name":"(anonymous_10)","decl":{"start":{"line":220,"column":18},"end":{"line":220,"column":19}},"loc":{"start":{"line":220,"column":39},"end":{"line":224,"column":7}},"line":220},"11":{"name":"(anonymous_11)","decl":{"start":{"line":232,"column":18},"end":{"line":232,"column":19}},"loc":{"start":{"line":232,"column":39},"end":{"line":238,"column":7}},"line":232},"12":{"name":"(anonymous_12)","decl":{"start":{"line":246,"column":16},"end":{"line":246,"column":17}},"loc":{"start":{"line":246,"column":35},"end":{"line":319,"column":7}},"line":246},"13":{"name":"(anonymous_13)","decl":{"start":{"line":283,"column":24},"end":{"line":283,"column":25}},"loc":{"start":{"line":283,"column":31},"end":{"line":283,"column":54}},"line":283},"14":{"name":"(anonymous_14)","decl":{"start":{"line":328,"column":18},"end":{"line":328,"column":19}},"loc":{"start":{"line":328,"column":39},"end":{"line":332,"column":7}},"line":328},"15":{"name":"(anonymous_15)","decl":{"start":{"line":333,"column":16},"end":{"line":333,"column":17}},"loc":{"start":{"line":333,"column":27},"end":{"line":392,"column":7}},"line":333},"16":{"name":"(anonymous_16)","decl":{"start":{"line":400,"column":18},"end":{"line":400,"column":19}},"loc":{"start":{"line":400,"column":39},"end":{"line":406,"column":7}},"line":400},"17":{"name":"(anonymous_17)","decl":{"start":{"line":414,"column":18},"end":{"line":414,"column":19}},"loc":{"start":{"line":414,"column":39},"end":{"line":420,"column":7}},"line":414},"18":{"name":"(anonymous_18)","decl":{"start":{"line":428,"column":18},"end":{"line":428,"column":19}},"loc":{"start":{"line":428,"column":39},"end":{"line":434,"column":7}},"line":428},"19":{"name":"(anonymous_19)","decl":{"start":{"line":443,"column":18},"end":{"line":443,"column":19}},"loc":{"start":{"line":443,"column":39},"end":{"line":447,"column":7}},"line":443},"20":{"name":"(anonymous_20)","decl":{"start":{"line":455,"column":18},"end":{"line":455,"column":19}},"loc":{"start":{"line":455,"column":39},"end":{"line":461,"column":7}},"line":455},"21":{"name":"(anonymous_21)","decl":{"start":{"line":471,"column":2},"end":{"line":471,"column":3}},"loc":{"start":{"line":471,"column":28},"end":{"line":903,"column":4}},"line":471},"22":{"name":"(anonymous_22)","decl":{"start":{"line":479,"column":18},"end":{"line":479,"column":19}},"loc":{"start":{"line":479,"column":39},"end":{"line":483,"column":7}},"line":479},"23":{"name":"(anonymous_23)","decl":{"start":{"line":484,"column":16},"end":{"line":484,"column":17}},"loc":{"start":{"line":484,"column":27},"end":{"line":798,"column":7}},"line":484},"24":{"name":"(anonymous_24)","decl":{"start":{"line":807,"column":18},"end":{"line":807,"column":19}},"loc":{"start":{"line":807,"column":39},"end":{"line":811,"column":7}},"line":807},"25":{"name":"(anonymous_25)","decl":{"start":{"line":812,"column":16},"end":{"line":812,"column":17}},"loc":{"start":{"line":812,"column":27},"end":{"line":829,"column":7}},"line":812},"26":{"name":"(anonymous_26)","decl":{"start":{"line":837,"column":18},"end":{"line":837,"column":19}},"loc":{"start":{"line":837,"column":39},"end":{"line":846,"column":7}},"line":837},"27":{"name":"(anonymous_27)","decl":{"start":{"line":854,"column":18},"end":{"line":854,"column":19}},"loc":{"start":{"line":854,"column":39},"end":{"line":860,"column":7}},"line":854},"28":{"name":"(anonymous_28)","decl":{"start":{"line":869,"column":18},"end":{"line":869,"column":19}},"loc":{"start":{"line":869,"column":39},"end":{"line":873,"column":7}},"line":869},"29":{"name":"(anonymous_29)","decl":{"start":{"line":881,"column":18},"end":{"line":881,"column":19}},"loc":{"start":{"line":881,"column":39},"end":{"line":887,"column":7}},"line":881},"30":{"name":"(anonymous_30)","decl":{"start":{"line":895,"column":18},"end":{"line":895,"column":19}},"loc":{"start":{"line":895,"column":39},"end":{"line":901,"column":7}},"line":895},"31":{"name":"(anonymous_31)","decl":{"start":{"line":911,"column":2},"end":{"line":911,"column":3}},"loc":{"start":{"line":911,"column":29},"end":{"line":938,"column":4}},"line":911},"32":{"name":"(anonymous_32)","decl":{"start":{"line":917,"column":18},"end":{"line":917,"column":19}},"loc":{"start":{"line":917,"column":39},"end":{"line":923,"column":7}},"line":917},"33":{"name":"(anonymous_33)","decl":{"start":{"line":930,"column":18},"end":{"line":930,"column":19}},"loc":{"start":{"line":930,"column":39},"end":{"line":936,"column":7}},"line":930},"34":{"name":"(anonymous_34)","decl":{"start":{"line":946,"column":2},"end":{"line":946,"column":3}},"loc":{"start":{"line":946,"column":28},"end":{"line":981,"column":4}},"line":946},"35":{"name":"(anonymous_35)","decl":{"start":{"line":952,"column":18},"end":{"line":952,"column":19}},"loc":{"start":{"line":952,"column":39},"end":{"line":958,"column":7}},"line":952},"36":{"name":"(anonymous_36)","decl":{"start":{"line":966,"column":18},"end":{"line":966,"column":19}},"loc":{"start":{"line":966,"column":39},"end":{"line":972,"column":7}},"line":966},"37":{"name":"(anonymous_37)","decl":{"start":{"line":989,"column":2},"end":{"line":989,"column":3}},"loc":{"start":{"line":989,"column":30},"end":{"line":1024,"column":4}},"line":989},"38":{"name":"(anonymous_38)","decl":{"start":{"line":995,"column":18},"end":{"line":995,"column":19}},"loc":{"start":{"line":995,"column":39},"end":{"line":1005,"column":7}},"line":995},"39":{"name":"(anonymous_39)","decl":{"start":{"line":1012,"column":18},"end":{"line":1012,"column":19}},"loc":{"start":{"line":1012,"column":39},"end":{"line":1022,"column":7}},"line":1012},"40":{"name":"(anonymous_40)","decl":{"start":{"line":1032,"column":2},"end":{"line":1032,"column":3}},"loc":{"start":{"line":1032,"column":29},"end":{"line":1034,"column":4}},"line":1032},"41":{"name":"(anonymous_41)","decl":{"start":{"line":1042,"column":2},"end":{"line":1042,"column":3}},"loc":{"start":{"line":1042,"column":27},"end":{"line":1044,"column":4}},"line":1042},"42":{"name":"(anonymous_42)","decl":{"start":{"line":1052,"column":2},"end":{"line":1052,"column":3}},"loc":{"start":{"line":1052,"column":32},"end":{"line":1054,"column":4}},"line":1052},"43":{"name":"(anonymous_43)","decl":{"start":{"line":1062,"column":2},"end":{"line":1062,"column":3}},"loc":{"start":{"line":1062,"column":32},"end":{"line":1064,"column":4}},"line":1062},"44":{"name":"(anonymous_44)","decl":{"start":{"line":1072,"column":2},"end":{"line":1072,"column":3}},"loc":{"start":{"line":1072,"column":39},"end":{"line":1072,"column":93}},"line":1072},"45":{"name":"(anonymous_45)","decl":{"start":{"line":1080,"column":2},"end":{"line":1080,"column":3}},"loc":{"start":{"line":1080,"column":40},"end":{"line":1080,"column":95}},"line":1080},"46":{"name":"(anonymous_46)","decl":{"start":{"line":1088,"column":2},"end":{"line":1088,"column":3}},"loc":{"start":{"line":1088,"column":34},"end":{"line":1088,"column":99}},"line":1088},"47":{"name":"(anonymous_47)","decl":{"start":{"line":1096,"column":2},"end":{"line":1096,"column":3}},"loc":{"start":{"line":1096,"column":31},"end":{"line":1096,"column":99}},"line":1096},"48":{"name":"(anonymous_48)","decl":{"start":{"line":1104,"column":2},"end":{"line":1104,"column":3}},"loc":{"start":{"line":1104,"column":37},"end":{"line":1104,"column":89}},"line":1104},"49":{"name":"(anonymous_49)","decl":{"start":{"line":1112,"column":2},"end":{"line":1112,"column":3}},"loc":{"start":{"line":1112,"column":39},"end":{"line":1112,"column":93}},"line":1112},"50":{"name":"(anonymous_50)","decl":{"start":{"line":1120,"column":2},"end":{"line":1120,"column":3}},"loc":{"start":{"line":1120,"column":34},"end":{"line":1120,"column":83}},"line":1120},"51":{"name":"(anonymous_51)","decl":{"start":{"line":1128,"column":2},"end":{"line":1128,"column":3}},"loc":{"start":{"line":1128,"column":25},"end":{"line":1128,"column":43}},"line":1128},"52":{"name":"(anonymous_52)","decl":{"start":{"line":1136,"column":2},"end":{"line":1136,"column":3}},"loc":{"start":{"line":1136,"column":25},"end":{"line":1136,"column":43}},"line":1136},"53":{"name":"(anonymous_53)","decl":{"start":{"line":1144,"column":2},"end":{"line":1144,"column":3}},"loc":{"start":{"line":1144,"column":25},"end":{"line":1144,"column":43}},"line":1144},"54":{"name":"(anonymous_54)","decl":{"start":{"line":1152,"column":2},"end":{"line":1152,"column":3}},"loc":{"start":{"line":1152,"column":25},"end":{"line":1152,"column":44}},"line":1152},"55":{"name":"(anonymous_55)","decl":{"start":{"line":1160,"column":2},"end":{"line":1160,"column":3}},"loc":{"start":{"line":1160,"column":34},"end":{"line":1160,"column":62}},"line":1160},"56":{"name":"(anonymous_56)","decl":{"start":{"line":1168,"column":2},"end":{"line":1168,"column":3}},"loc":{"start":{"line":1168,"column":35},"end":{"line":1168,"column":61}},"line":1168},"57":{"name":"(anonymous_57)","decl":{"start":{"line":1176,"column":2},"end":{"line":1176,"column":3}},"loc":{"start":{"line":1176,"column":35},"end":{"line":1176,"column":62}},"line":1176},"58":{"name":"(anonymous_58)","decl":{"start":{"line":1184,"column":2},"end":{"line":1184,"column":3}},"loc":{"start":{"line":1184,"column":27},"end":{"line":1194,"column":3}},"line":1184},"59":{"name":"(anonymous_59)","decl":{"start":{"line":1202,"column":2},"end":{"line":1202,"column":3}},"loc":{"start":{"line":1202,"column":25},"end":{"line":1232,"column":3}},"line":1202},"60":{"name":"(anonymous_60)","decl":{"start":{"line":1210,"column":20},"end":{"line":1210,"column":21}},"loc":{"start":{"line":1210,"column":41},"end":{"line":1216,"column":9}},"line":1210},"61":{"name":"(anonymous_61)","decl":{"start":{"line":1225,"column":20},"end":{"line":1225,"column":21}},"loc":{"start":{"line":1225,"column":41},"end":{"line":1229,"column":9}},"line":1225},"62":{"name":"(anonymous_62)","decl":{"start":{"line":1240,"column":2},"end":{"line":1240,"column":3}},"loc":{"start":{"line":1240,"column":28},"end":{"line":1242,"column":3}},"line":1240},"63":{"name":"(anonymous_63)","decl":{"start":{"line":1250,"column":2},"end":{"line":1250,"column":3}},"loc":{"start":{"line":1250,"column":26},"end":{"line":1308,"column":3}},"line":1250},"64":{"name":"(anonymous_64)","decl":{"start":{"line":1316,"column":2},"end":{"line":1316,"column":3}},"loc":{"start":{"line":1316,"column":25},"end":{"line":1374,"column":3}},"line":1316},"65":{"name":"(anonymous_65)","decl":{"start":{"line":1382,"column":2},"end":{"line":1382,"column":3}},"loc":{"start":{"line":1382,"column":24},"end":{"line":1440,"column":3}},"line":1382},"66":{"name":"(anonymous_66)","decl":{"start":{"line":1448,"column":2},"end":{"line":1448,"column":3}},"loc":{"start":{"line":1448,"column":25},"end":{"line":1506,"column":3}},"line":1448},"67":{"name":"(anonymous_67)","decl":{"start":{"line":1514,"column":2},"end":{"line":1514,"column":3}},"loc":{"start":{"line":1514,"column":28},"end":{"line":1516,"column":3}},"line":1514},"68":{"name":"(anonymous_68)","decl":{"start":{"line":1524,"column":2},"end":{"line":1524,"column":3}},"loc":{"start":{"line":1524,"column":35},"end":{"line":1541,"column":3}},"line":1524}},"branchMap":{"0":{"loc":{"start":{"line":73,"column":8},"end":{"line":76,"column":68}},"type":"if","locations":[{"start":{"line":73,"column":8},"end":{"line":76,"column":68}},{"start":{"line":73,"column":8},"end":{"line":76,"column":68}}],"line":73},"1":{"loc":{"start":{"line":73,"column":12},"end":{"line":73,"column":35}},"type":"binary-expr","locations":[{"start":{"line":73,"column":12},"end":{"line":73,"column":20}},{"start":{"line":73,"column":24},"end":{"line":73,"column":35}}],"line":73},"2":{"loc":{"start":{"line":75,"column":13},"end":{"line":76,"column":68}},"type":"if","locations":[{"start":{"line":75,"column":13},"end":{"line":76,"column":68}},{"start":{"line":75,"column":13},"end":{"line":76,"column":68}}],"line":75},"3":{"loc":{"start":{"line":87,"column":8},"end":{"line":88,"column":40}},"type":"if","locations":[{"start":{"line":87,"column":8},"end":{"line":88,"column":40}},{"start":{"line":87,"column":8},"end":{"line":88,"column":40}}],"line":87},"4":{"loc":{"start":{"line":87,"column":12},"end":{"line":87,"column":35}},"type":"binary-expr","locations":[{"start":{"line":87,"column":12},"end":{"line":87,"column":20}},{"start":{"line":87,"column":24},"end":{"line":87,"column":35}}],"line":87},"5":{"loc":{"start":{"line":90,"column":8},"end":{"line":93,"column":69}},"type":"if","locations":[{"start":{"line":90,"column":8},"end":{"line":93,"column":69}},{"start":{"line":90,"column":8},"end":{"line":93,"column":69}}],"line":90},"6":{"loc":{"start":{"line":90,"column":12},"end":{"line":90,"column":56}},"type":"binary-expr","locations":[{"start":{"line":90,"column":12},"end":{"line":90,"column":28}},{"start":{"line":90,"column":32},"end":{"line":90,"column":56}}],"line":90},"7":{"loc":{"start":{"line":92,"column":13},"end":{"line":93,"column":69}},"type":"if","locations":[{"start":{"line":92,"column":13},"end":{"line":93,"column":69}},{"start":{"line":92,"column":13},"end":{"line":93,"column":69}}],"line":92},"8":{"loc":{"start":{"line":104,"column":8},"end":{"line":107,"column":49}},"type":"if","locations":[{"start":{"line":104,"column":8},"end":{"line":107,"column":49}},{"start":{"line":104,"column":8},"end":{"line":107,"column":49}}],"line":104},"9":{"loc":{"start":{"line":104,"column":12},"end":{"line":104,"column":35}},"type":"binary-expr","locations":[{"start":{"line":104,"column":12},"end":{"line":104,"column":20}},{"start":{"line":104,"column":24},"end":{"line":104,"column":35}}],"line":104},"10":{"loc":{"start":{"line":106,"column":13},"end":{"line":107,"column":49}},"type":"if","locations":[{"start":{"line":106,"column":13},"end":{"line":107,"column":49}},{"start":{"line":106,"column":13},"end":{"line":107,"column":49}}],"line":106},"11":{"loc":{"start":{"line":119,"column":8},"end":{"line":124,"column":71}},"type":"if","locations":[{"start":{"line":119,"column":8},"end":{"line":124,"column":71}},{"start":{"line":119,"column":8},"end":{"line":124,"column":71}}],"line":119},"12":{"loc":{"start":{"line":119,"column":12},"end":{"line":119,"column":35}},"type":"binary-expr","locations":[{"start":{"line":119,"column":12},"end":{"line":119,"column":20}},{"start":{"line":119,"column":24},"end":{"line":119,"column":35}}],"line":119},"13":{"loc":{"start":{"line":121,"column":13},"end":{"line":124,"column":71}},"type":"if","locations":[{"start":{"line":121,"column":13},"end":{"line":124,"column":71}},{"start":{"line":121,"column":13},"end":{"line":124,"column":71}}],"line":121},"14":{"loc":{"start":{"line":121,"column":17},"end":{"line":121,"column":61}},"type":"binary-expr","locations":[{"start":{"line":121,"column":17},"end":{"line":121,"column":33}},{"start":{"line":121,"column":37},"end":{"line":121,"column":61}}],"line":121},"15":{"loc":{"start":{"line":123,"column":13},"end":{"line":124,"column":71}},"type":"if","locations":[{"start":{"line":123,"column":13},"end":{"line":124,"column":71}},{"start":{"line":123,"column":13},"end":{"line":124,"column":71}}],"line":123},"16":{"loc":{"start":{"line":136,"column":8},"end":{"line":137,"column":43}},"type":"if","locations":[{"start":{"line":136,"column":8},"end":{"line":137,"column":43}},{"start":{"line":136,"column":8},"end":{"line":137,"column":43}}],"line":136},"17":{"loc":{"start":{"line":136,"column":12},"end":{"line":136,"column":35}},"type":"binary-expr","locations":[{"start":{"line":136,"column":12},"end":{"line":136,"column":20}},{"start":{"line":136,"column":24},"end":{"line":136,"column":35}}],"line":136},"18":{"loc":{"start":{"line":141,"column":8},"end":{"line":155,"column":9}},"type":"if","locations":[{"start":{"line":141,"column":8},"end":{"line":155,"column":9}},{"start":{"line":141,"column":8},"end":{"line":155,"column":9}}],"line":141},"19":{"loc":{"start":{"line":178,"column":8},"end":{"line":181,"column":63}},"type":"if","locations":[{"start":{"line":178,"column":8},"end":{"line":181,"column":63}},{"start":{"line":178,"column":8},"end":{"line":181,"column":63}}],"line":178},"20":{"loc":{"start":{"line":178,"column":12},"end":{"line":178,"column":35}},"type":"binary-expr","locations":[{"start":{"line":178,"column":12},"end":{"line":178,"column":20}},{"start":{"line":178,"column":24},"end":{"line":178,"column":35}}],"line":178},"21":{"loc":{"start":{"line":180,"column":13},"end":{"line":181,"column":63}},"type":"if","locations":[{"start":{"line":180,"column":13},"end":{"line":181,"column":63}},{"start":{"line":180,"column":13},"end":{"line":181,"column":63}}],"line":180},"22":{"loc":{"start":{"line":192,"column":8},"end":{"line":195,"column":63}},"type":"if","locations":[{"start":{"line":192,"column":8},"end":{"line":195,"column":63}},{"start":{"line":192,"column":8},"end":{"line":195,"column":63}}],"line":192},"23":{"loc":{"start":{"line":192,"column":12},"end":{"line":192,"column":35}},"type":"binary-expr","locations":[{"start":{"line":192,"column":12},"end":{"line":192,"column":20}},{"start":{"line":192,"column":24},"end":{"line":192,"column":35}}],"line":192},"24":{"loc":{"start":{"line":194,"column":13},"end":{"line":195,"column":63}},"type":"if","locations":[{"start":{"line":194,"column":13},"end":{"line":195,"column":63}},{"start":{"line":194,"column":13},"end":{"line":195,"column":63}}],"line":194},"25":{"loc":{"start":{"line":206,"column":8},"end":{"line":209,"column":65}},"type":"if","locations":[{"start":{"line":206,"column":8},"end":{"line":209,"column":65}},{"start":{"line":206,"column":8},"end":{"line":209,"column":65}}],"line":206},"26":{"loc":{"start":{"line":206,"column":12},"end":{"line":206,"column":35}},"type":"binary-expr","locations":[{"start":{"line":206,"column":12},"end":{"line":206,"column":20}},{"start":{"line":206,"column":24},"end":{"line":206,"column":35}}],"line":206},"27":{"loc":{"start":{"line":208,"column":13},"end":{"line":209,"column":65}},"type":"if","locations":[{"start":{"line":208,"column":13},"end":{"line":209,"column":65}},{"start":{"line":208,"column":13},"end":{"line":209,"column":65}}],"line":208},"28":{"loc":{"start":{"line":221,"column":8},"end":{"line":222,"column":43}},"type":"if","locations":[{"start":{"line":221,"column":8},"end":{"line":222,"column":43}},{"start":{"line":221,"column":8},"end":{"line":222,"column":43}}],"line":221},"29":{"loc":{"start":{"line":221,"column":12},"end":{"line":221,"column":35}},"type":"binary-expr","locations":[{"start":{"line":221,"column":12},"end":{"line":221,"column":20}},{"start":{"line":221,"column":24},"end":{"line":221,"column":35}}],"line":221},"30":{"loc":{"start":{"line":233,"column":8},"end":{"line":236,"column":64}},"type":"if","locations":[{"start":{"line":233,"column":8},"end":{"line":236,"column":64}},{"start":{"line":233,"column":8},"end":{"line":236,"column":64}}],"line":233},"31":{"loc":{"start":{"line":233,"column":12},"end":{"line":233,"column":35}},"type":"binary-expr","locations":[{"start":{"line":233,"column":12},"end":{"line":233,"column":20}},{"start":{"line":233,"column":24},"end":{"line":233,"column":35}}],"line":233},"32":{"loc":{"start":{"line":235,"column":13},"end":{"line":236,"column":64}},"type":"if","locations":[{"start":{"line":235,"column":13},"end":{"line":236,"column":64}},{"start":{"line":235,"column":13},"end":{"line":236,"column":64}}],"line":235},"33":{"loc":{"start":{"line":247,"column":8},"end":{"line":280,"column":9}},"type":"if","locations":[{"start":{"line":247,"column":8},"end":{"line":280,"column":9}},
[...]
,"/GitSourcetree/l2lc-fe/src/store/tableSelector.js": {"path":"/GitSourcetree/l2lc-fe/src/store/tableSelector.js","statementMap":{"0":{"start":{"line":17,"column":4},"end":{"line":17,"column":18}},"1":{"start":{"line":29,"column":16},"end":{"line":29,"column":77}},"2":{"start":{"line":30,"column":4},"end":{"line":30,"column":29}},"3":{"start":{"line":31,"column":4},"end":{"line":31,"column":16}},"4":{"start":{"line":43,"column":16},"end":{"line":43,"column":77}},"5":{"start":{"line":44,"column":4},"end":{"line":44,"column":29}},"6":{"start":{"line":45,"column":4},"end":{"line":45,"column":16}},"7":{"start":{"line":58,"column":4},"end":{"line":58,"column":77}},"8":{"start":{"line":71,"column":4},"end":{"line":71,"column":77}},"9":{"start":{"line":84,"column":4},"end":{"line":84,"column":76}},"10":{"start":{"line":97,"column":4},"end":{"line":97,"column":62}},"11":{"start":{"line":111,"column":4},"end":{"line":111,"column":85}},"12":{"start":{"line":123,"column":4},"end":{"line":123,"column":50}},"13":{"start":{"line":136,"column":4},"end":{"line":136,"column":68}},"14":{"start":{"line":140,"column":22},"end":{"line":140,"column":41}}},"fnMap":{"0":{"name":"(anonymous_0)","decl":{"start":{"line":16,"column":2},"end":{"line":16,"column":3}},"loc":{"start":{"line":16,"column":15},"end":{"line":18,"column":3}},"line":16},"1":{"name":"(anonymous_1)","decl":{"start":{"line":28,"column":2},"end":{"line":28,"column":3}},"loc":{"start":{"line":28,"column":52},"end":{"line":32,"column":3}},"line":28},"2":{"name":"(anonymous_2)","decl":{"start":{"line":42,"column":2},"end":{"line":42,"column":3}},"loc":{"start":{"line":42,"column":52},"end":{"line":46,"column":3}},"line":42},"3":{"name":"(anonymous_3)","decl":{"start":{"line":57,"column":2},"end":{"line":57,"column":3}},"loc":{"start":{"line":57,"column":66},"end":{"line":59,"column":3}},"line":57},"4":{"name":"(anonymous_4)","decl":{"start":{"line":70,"column":2},"end":{"line":70,"column":3}},"loc":{"start":{"line":70,"column":57},"end":{"line":72,"column":3}},"line":70},"5":{"name":"(anonymous_5)","decl":{"start":{"line":83,"column":2},"end":{"line":83,"column":3}},"loc":{"start":{"line":83,"column":56},"end":{"line":85,"column":3}},"line":83},"6":{"name":"(anonymous_6)","decl":{"start":{"line":96,"column":2},"end":{"line":96,"column":3}},"loc":{"start":{"line":96,"column":42},"end":{"line":98,"column":3}},"line":96},"7":{"name":"(anonymous_7)","decl":{"start":{"line":110,"column":2},"end":{"line":110,"column":3}},"loc":{"start":{"line":110,"column":65},"end":{"line":112,"column":3}},"line":110},"8":{"name":"(anonymous_8)","decl":{"start":{"line":122,"column":2},"end":{"line":122,"column":3}},"loc":{"start":{"line":122,"column":32},"end":{"line":124,"column":3}},"line":122},"9":{"name":"(anonymous_9)","decl":{"start":{"line":135,"column":2},"end":{"line":135,"column":3}},"loc":{"start":{"line":135,"column":42},"end":{"line":137,"column":3}},"line":135}},"branchMap":{},"s":{"0":1,"1":1,"2":1,"3":1,"4":1,"5":1,"6":1,"7":1,"8":1,"9":1,"10":1,"11":1,"12":1,"13":1,"14":1},"f":{"0":1,"1":1,"2":1,"3":1,"4":1,"5":1,"6":1,"7":1,"8":1,"9":1},"b":{},"_coverageSchema":"332fd63041d2c1bcb487cc26dd0d5f7d97098a6c","hash":"6f171a744ea5104861bc39b56ad536e5360cd56f"}
,"/GitSourcetree/l2lc-fe/src/store/website.js": {"path":"/GitSourcetree/l2lc-fe/src/store/website.js","statementMap":{"0":{"start":{"line":4,"column":0},"end":{"line":4,"column":15}},"1":{"start":{"line":23,"column":21},"end":{"line":35,"column":5}},"2":{"start":{"line":36,"column":4},"end":{"line":36,"column":38}},"3":{"start":{"line":37,"column":4},"end":{"line":37,"column":18}},"4":{"start":{"line":48,"column":4},"end":{"line":48,"column":64}},"5":{"start":{"line":58,"column":4},"end":{"line":58,"column":70}},"6":{"start":{"line":70,"column":4},"end":{"line":70,"column":33}},"7":{"start":{"line":81,"column":4},"end":{"line":81,"column":35}},"8":{"start":{"line":92,"column":4},"end":{"line":92,"column":35}},"9":{"start":{"line":103,"column":4},"end":{"line":103,"column":27}},"10":{"start":{"line":105,"column":4},"end":{"line":105,"column":53}},"11":{"start":{"line":107,"column":4},"end":{"line":107,"column":47}},"12":{"start":{"line":109,"column":4},"end":{"line":109,"column":55}},"13":{"start":{"line":111,"column":4},"end":{"line":111,"column":41}},"14":{"start":{"line":127,"column":22},"end":{"line":127,"column":45}},"15":{"start":{"line":128,"column":4},"end":{"line":138,"column":6}},"16":{"start":{"line":130,"column":6},"end":{"line":137,"column":7}},"17":{"start":{"line":131,"column":8},"end":{"line":131,"column":23}},"18":{"start":{"line":133,"column":8},"end":{"line":134,"column":50}},"19":{"start":{"line":134,"column":10},"end":{"line":134,"column":50}},"20":{"start":{"line":135,"column":8},"end":{"line":135,"column":33}},"21":{"start":{"line":136,"column":8},"end":{"line":136,"column":19}},"22":{"start":{"line":151,"column":23},"end":{"line":151,"column":47}},"23":{"start":{"line":152,"column":4},"end":{"line":160,"column":6}},"24":{"start":{"line":154,"column":6},"end":{"line":159,"column":7}},"25":{"start":{"line":155,"column":8},"end":{"line":155,"column":23}},"26":{"start":{"line":157,"column":8},"end":{"line":157,"column":34}},"27":{"start":{"line":158,"column":8},"end":{"line":158,"column":19}},"28":{"start":{"line":173,"column":23},"end":{"line":173,"column":47}},"29":{"start":{"line":174,"column":4},"end":{"line":183,"column":6}},"30":{"start":{"line":176,"column":6},"end":{"line":182,"column":7}},"31":{"start":{"line":177,"column":8},"end":{"line":177,"column":23}},"32":{"start":{"line":180,"column":8},"end":{"line":180,"column":34}},"33":{"start":{"line":181,"column":8},"end":{"line":181,"column":19}},"34":{"start":{"line":194,"column":19},"end":{"line":194,"column":39}},"35":{"start":{"line":195,"column":4},"end":{"line":206,"column":6}},"36":{"start":{"line":197,"column":6},"end":{"line":205,"column":7}},"37":{"start":{"line":198,"column":8},"end":{"line":198,"column":51}},"38":{"start":{"line":200,"column":11},"end":{"line":205,"column":7}},"39":{"start":{"line":201,"column":8},"end":{"line":201,"column":19}},"40":{"start":{"line":204,"column":8},"end":{"line":204,"column":33}},"41":{"start":{"line":222,"column":20},"end":{"line":222,"column":41}},"42":{"start":{"line":223,"column":4},"end":{"line":230,"column":6}},"43":{"start":{"line":225,"column":6},"end":{"line":227,"column":7}},"44":{"start":{"line":226,"column":8},"end":{"line":226,"column":23}},"45":{"start":{"line":228,"column":6},"end":{"line":228,"column":31}},"46":{"start":{"line":229,"column":6},"end":{"line":229,"column":17}},"47":{"start":{"line":243,"column":4},"end":{"line":246,"column":6}},"48":{"start":{"line":245,"column":6},"end":{"line":245,"column":17}},"49":{"start":{"line":259,"column":20},"end":{"line":259,"column":41}},"50":{"start":{"line":260,"column":4},"end":{"line":267,"column":6}},"51":{"start":{"line":262,"column":6},"end":{"line":264,"column":7}},"52":{"start":{"line":263,"column":8},"end":{"line":263,"column":23}},"53":{"start":{"line":265,"column":6},"end":{"line":265,"column":32}},"54":{"start":{"line":266,"column":6},"end":{"line":266,"column":17}},"55":{"start":{"line":280,"column":20},"end":{"line":280,"column":41}},"56":{"start":{"line":281,"column":4},"end":{"line":288,"column":6}},"57":{"start":{"line":283,"column":6},"end":{"line":285,"column":7}},"58":{"start":{"line":284,"column":8},"end":{"line":284,"column":23}},"59":{"start":{"line":286,"column":6},"end":{"line":286,"column":32}},"60":{"start":{"line":287,"column":6},"end":{"line":287,"column":17}},"61":{"start":{"line":301,"column":4},"end":{"line":301,"column":31}},"62":{"start":{"line":311,"column":4},"end":{"line":311,"column":32}},"63":{"start":{"line":322,"column":4},"end":{"line":322,"column":23}},"64":{"start":{"line":323,"column":4},"end":{"line":323,"column":27}},"65":{"start":{"line":334,"column":4},"end":{"line":334,"column":23}},"66":{"start":{"line":335,"column":4},"end":{"line":335,"column":27}},"67":{"start":{"line":347,"column":15},"end":{"line":350,"column":5}},"68":{"start":{"line":351,"column":15},"end":{"line":351,"column":35}},"69":{"start":{"line":352,"column":4},"end":{"line":364,"column":7}},"70":{"start":{"line":355,"column":6},"end":{"line":363,"column":30}},"71":{"start":{"line":356,"column":8},"end":{"line":356,"column":30}},"72":{"start":{"line":357,"column":8},"end":{"line":357,"column":31}},"73":{"start":{"line":358,"column":8},"end":{"line":358,"column":26}},"74":{"start":{"line":359,"column":8},"end":{"line":359,"column":26}},"75":{"start":{"line":360,"column":8},"end":{"line":360,"column":19}},"76":{"start":{"line":363,"column":8},"end":{"line":363,"column":30}},"77":{"start":{"line":375,"column":4},"end":{"line":375,"column":72}},"78":{"start":{"line":389,"column":24},"end":{"line":389,"column":47}},"79":{"start":{"line":390,"column":6},"end":{"line":398,"column":8}},"80":{"start":{"line":392,"column":8},"end":{"line":397,"column":9}},"81":{"start":{"line":393,"column":10},"end":{"line":393,"column":25}},"82":{"start":{"line":395,"column":10},"end":{"line":395,"column":35}},"83":{"start":{"line":396,"column":10},"end":{"line":396,"column":21}},"84":{"start":{"line":410,"column":6},"end":{"line":410,"column":35}},"85":{"start":{"line":415,"column":16},"end":{"line":415,"column":29}}},"fnMap":{"0":{"name":"(anonymous_0)","decl":{"start":{"line":22,"column":2},"end":{"line":22,"column":3}},"loc":{"start":{"line":22,"column":16},"end":{"line":38,"column":3}},"line":22},"1":{"name":"(anonymous_1)","decl":{"start":{"line":47,"column":10},"end":{"line":47,"column":11}},"loc":{"start":{"line":47,"column":31},"end":{"line":49,"column":3}},"line":47},"2":{"name":"(anonymous_2)","decl":{"start":{"line":57,"column":10},"end":{"line":57,"column":11}},"loc":{"start":{"line":57,"column":34},"end":{"line":59,"column":3}},"line":57},"3":{"name":"(anonymous_3)","decl":{"start":{"line":69,"column":10},"end":{"line":69,"column":11}},"loc":{"start":{"line":69,"column":29},"end":{"line":71,"column":3}},"line":69},"4":{"name":"(anonymous_4)","decl":{"start":{"line":80,"column":10},"end":{"line":80,"column":11}},"loc":{"start":{"line":80,"column":31},"end":{"line":82,"column":3}},"line":80},"5":{"name":"(anonymous_5)","decl":{"start":{"line":91,"column":10},"end":{"line":91,"column":11}},"loc":{"start":{"line":91,"column":31},"end":{"line":93,"column":3}},"line":91},"6":{"name":"(anonymous_6)","decl":{"start":{"line":102,"column":10},"end":{"line":102,"column":11}},"loc":{"start":{"line":102,"column":23},"end":{"line":112,"column":3}},"line":102},"7":{"name":"(anonymous_7)","decl":{"start":{"line":126,"column":10},"end":{"line":126,"column":11}},"loc":{"start":{"line":126,"column":32},"end":{"line":139,"column":3}},"line":126},"8":{"name":"(anonymous_8)","decl":{"start":{"line":129,"column":10},"end":{"line":129,"column":11}},"loc":{"start":{"line":129,"column":22},"end":{"line":138,"column":5}},"line":129},"9":{"name":"(anonymous_9)","decl":{"start":{"line":150,"column":10},"end":{"line":150,"column":11}},"loc":{"start":{"line":150,"column":34},"end":{"line":161,"column":3}},"line":150},"10":{"name":"(anonymous_10)","decl":{"start":{"line":153,"column":10},"end":{"line":153,"column":11}},"loc":{"start":{"line":153,"column":22},"end":{"line":160,"column":5}},"line":153},"11":{"name":"(anonymous_11)","decl":{"start":{"line":172,"column":10},"end":{"line":172,"column":11}},"loc":{"start":{"line":172,"column":34},"end":{"line":184,"column":3}},"line":172},"12":{"name":"(anonymous_12)","decl":{"start":{"line":175,"column":10},"end":{"line":175,"column":11}},"loc":{"start":{"line":175,"column":22},"end":{"line":183,"column":5}},"line":175},"13":{"name":"(anonymous_13)","decl":{"start":{"line":193,"column":2},"end":{"line":193,"column":3}},"loc":{"start":{"line":193,"column":34},"end":{"line":207,"column":3}},"line":193},"14":{"name":"(anonymous_14)","decl":{"start":{"line":196,"column":10},"end":{"line":196,"column":11}},"loc":{"start":{"line":196,"column":22},"end":{"line":206,"column":5}},"line":196},"15":{"name":"(anonymous_15)","decl":{"start":{"line":221,"column":2},"end":{"line":221,"column":3}},"loc":{"start":{"line":221,"column":26},"end":{"line":231,"column":3}},"line":221},"16":{"name":"(anonymous_16)","decl":{"start":{"line":224,"column":10},"end":{"line":224,"column":11}},"loc":{"start":{"line":224,"column":22},"end":{"line":230,"column":5}},"line":224},"17":{"name":"(anonymous_17)","decl":{"start":{"line":242,"column":10},"end":{"line":242,"column":11}},"loc":{"start":{"line":242,"column":41},"end":{"line":247,"column":3}},"line":242},"18":{"name":"(anonymous_18)","decl":{"start":{"line":244,"column":10},"end":{"line":244,"column":11}},"loc":{"start":{"line":244,"column":16},"end":{"line":246,"column":5}},"line":244},"19":{"name":"(anonymous_19)","decl":{"start":{"line":258,"column":2},"end":{"line":258,"column":3}},"loc":{"start":{"line":258,"column":27},"end":{"line":268,"column":3}},"line":258},"20":{"name":"(anonymous_20)","decl":{"start":{"line":261,"column":10},"end":{"line":261,"column":11}},"loc":{"start":{"line":261,"column":22},"end":{"line":267,"column":5}},"line":261},"21":{"name":"(anonymous_21)","decl":{"start":{"line":279,"column":2},"end":{"line":279,"column":3}},"loc":{"start":{"line":279,"column":27},"end":{"line":289,"column":3}},"line":279},"22":{"name":"(anonymous_22)","decl":{"start":{"line":282,"column":10},"end":{"line":282,"column":11}},"loc":{"start":{"line":282,"column":22},"end":{"line":288,"column":5}},"line":282},"23":{"name":"(anonymous_23)","decl":{"start":{"line":300,"column":10},"end":{"line":300,"column":11}},"loc":{"start":{"line":300,"column":23},"end":{"line":302,"column":3}},"line":300},"24":{"name":"(anonymous_24)","decl":{"start":{"line":310,"column":10},"end":{"line":310,"column":11}},"loc":{"start":{"line":310,"column":25},"end":{"line":312,"column":3}},"line":310},"25":{"name":"(anonymous_25)","decl":{"start":{"line":321,"column":10},"end":{"line":321,"column":11}},"loc":{"start":{"line":321,"column":29},"end":{"line":324,"column":3}},"line":321},"26":{"name":"(anonymous_26)","decl":{"start":{"line":333,"column":10},"end":{"line":333,"column":11}},"loc":{"start":{"line":333,"column":29},"end":{"line":336,"column":3}},"line":333},"27":{"name":"(anonymous_27)","decl":{"start":{"line":346,"column":10},"end":{"line":346,"column":11}},"loc":{"start":{"line":346,"column":26},"end":{"line":365,"column":3}},"line":346},"28":{"name":"(anonymous_28)","decl":{"start":{"line":353,"column":33},"end":{"line":353,"column":34}},"loc":{"start":{"line":353,"column":45},"end":{"line":364,"column":5}},"line":353},"29":{"name":"(anonymous_29)","decl":{"start":{"line":374,"column":12},"end":{"line":374,"column":13}},"loc":{"start":{"line":374,"column":37},"end":{"line":376,"column":3}},"line":374},"30":{"name":"(anonymous_30)","decl":{"start":{"line":388,"column":12},"end":{"line":388,"column":13}},"loc":{"start":{"line":388,"column":34},"end":{"line":399,"column":5}},"line":388},"31":{"name":"(anonymous_31)","decl":{"start":{"line":391,"column":12},"end":{"line":391,"column":13}},"loc":{"start":{"line":391,"column":24},"end":{"line":398,"column":7}},"line":391},"32":{"name":"(anonymous_32)","decl":{"start":{"line":409,"column":12},"end":{"line":409,"column":13}},"loc":{"start":{"line":409,"column":31},"end":{"line":411,"column":5}},"line":409}},"branchMap":{"0":{"loc":{"start":{"line":130,"column":6},"end":{"line":137,"column":7}},"type":"if","locations":[{"start":{"line":130,"column":6},"end":{"line":137,"column":7}},{"start":{"line":130,"column":6},"end":{"line":137,"column":7}}],"line":130},"1":{"loc":{"start":{"line":133,"column":8},"end":{"line":134,"column":50}},"type":"if","locations":[{"start":{"line":133,"column":8},"end":{"line":134,"column":50}},{"start":{"line":133,"column":8},"end":{"line":134,"column":50}}],"line":133},"2":{"loc":{"start":{"line":154,"column":6},"end":{"line":159,"column":7}},"type":"if","locations":[{"start":{"line":154,"column":6},"end":{"line":159,"column":7}},{"start":{"line":154,"column":6},"end":{"line":159,"column":7}}],"line":154},"3":{"loc":{"start":{"line":176,"column":6},"end":{"line":182,"column":7}},"type":"if","locations":[{"start":{"line":176,"column":6},"end":{"line":182,"column":7}},{"start":{"line":176,"column":6},"end":{"line":182,"column":7}}],"line":176},"4":{"loc":{"start":{"line":197,"column":6},"end":{"line":205,"column":7}},"type":"if","locations":[{"start":{"line":197,"column":6},"end":{"line":205,"column":7}},{"start":{"line":197,"column":6},"end":{"line":205,"column":7}}],"line":197},"5":{"loc":{"start":{"line":200,"column":11},"end":{"line":205,"column":7}},"type":"if","locations":[{"start":{"line":200,"column":11},"end":{"line":205,"column":7}},{"start":{"line":200,"column":11},"end":{"line":205,"column":7}}],"line":200},"6":{"loc":{"start":{"line":225,"column":6},"end":{"line":227,"column":7}},"type":"if","locations":[{"start":{"line":225,"column":6},"end":{"line":227,"column":7}},{"start":{"line":225,"column":6},"end":{"line":227,"column":7}}],"line":225},"7":{"loc":{"start":{"line":262,"column":6},"end":{"line":264,"column":7}},"type":"if","locations":[{"start":{"line":262,"column":6},"end":{"line":264,"column":7}},{"start":{"line":262,"column":6},"end":{"line":264,"column":7}}],"line":262},"8":{"loc":{"start":{"line":283,"column":6},"end":{"line":285,"column":7}},"type":"if","locations":[{"start":{"line":283,"column":6},"end":{"line":285,"column":7}},{"start":{"line":283,"column":6},"end":{"line":285,"column":7}}],"line":283},"9":{"loc":{"start":{"line":355,"column":6},"end":{"line":363,"column":30}},"type":"if","locations":[{"start":{"line":355,"column":6},"end":{"line":363,"column":30}},{"start":{"line":355,"column":6},"end":{"line":363,"column":30}}],"line":355},"10":{"loc":{"start":{"line":375,"column":11},"end":{"line":375,"column":72}},"type":"binary-expr","locations":[{"start":{"line":375,"column":11},"end":{"line":375,"column":26}},{"start":{"line":375,"column":30},"end":{"line":375,"column":49}},{"start":{"line":375,"column":53},"end":{"line":375,"column":72}}],"line":375},"11":{"loc":{"start":{"line":392,"column":8},"end":{"line":397,"column":9}},"type":"if","locations":[{"start":{"line":392,"column":8},"end":{"line":397,"column":9}},{"start":{"line":392,"column":8},"end":{"line":397,"column":9}}],"line":392}},"s":{"0":14,"1":14,"2":14,"3":14,"4":1,"5":1,"6":3,"7":2,"8":2,"9":1,"10":1,"11":1,"12":1,"13":1,"14":3,"15":3,"16":3,"17":1,"18":2,"19":1,"20":2,"21":2,"22":2,"23":2,"24":2,"25":1,"26":1,"27":1,"28":2,"29":2,"30":2,"31":1,"32":1,"33":1,"34":3,"35":3,"36":3,"37":1,"38":2,"39":1,"40":1,"41":2,"42":2,"43":2,"44":1,"45":1,"46":1,"47":1,"48":1,"49":2,"50":2,"51":2,"52":1,"53":1,"54":1,"55":2,"56":2,"57":2,"58":1,"59":1,"60":1,"61":1,"62":1,"63":1,"64":1,"65":1,"66":1,"67":2,"68":2,"69":2,"70":2,"71":1,"72":1,"73":1,"74":1,"75":1,"76":1,"77":15,"78":2,"79":2,"80":2,"81":1,"82":1,"83":1,"84":1,"85":14},"f":{"0":14,"1":1,"2":1,"3":3,"4":2,"5":2,"6":1,"7":3,"8":3,"9":2,"10":2,"11":2,"12":2,"13":3,"14":3,"15":2,"16":2,"17":1,"18":1,"19":2,"20":2,"21":2,"22":2,"23":1,"24":1,"25":1,"26":1,"27":2,"28":2,"29":15,"30":2,"31":2,"32":1},"b":{"0":[1,2],"1":[1,1],"2":[1,1],"3":[1,1],"4":[1,2],"5":[1,1],"6":[1,1],"7":[1,1],"8":[1,1],"9":[1,1],"10":[15,15,1],"11":[1,1]},"_coverageSchema":"332fd63041d2c1bcb487cc26dd0d5f7d97098a6c","hash":"28659aa5cfce6e46ca436be91470aac95dcac53c"}
}
