TN:
SF:/GitSourcetree/l2lc-fe/src/api.js
FN:26,(anonymous_0)
FN:28,(anonymous_1)
FN:29,(anonymous_2)
FN:32,(anonymous_3)
FN:50,(anonymous_4)
FN:52,(anonymous_5)
FN:53,(anonymous_6)
FN:70,(anonymous_7)
FN:72,(anonymous_8)
FN:92,(anonymous_9)
FN:131,(anonymous_10)
FN:143,(anonymous_11)
FN:145,(anonymous_12)
FN:165,(anonymous_13)
FN:167,(anonymous_14)
FN:168,(anonymous_15)
FN:170,(anonymous_16)
FN:174,(anonymous_17)
FN:194,(anonymous_18)
FN:196,(anonymous_19)
FN:197,(anonymous_20)
FN:199,(anonymous_21)
FN:203,(anonymous_22)
FN:221,(anonymous_23)
FN:223,(anonymous_24)
FN:224,(anonymous_25)
FN:241,(anonymous_26)
FN:243,(anonymous_27)
FN:244,(anonymous_28)
FN:246,(anonymous_29)
FN:261,(anonymous_30)
FN:263,(anonymous_31)
FN:283,(anonymous_32)
FN:285,(anonymous_33)
FN:290,(anonymous_34)
FN:305,(anonymous_35)
FN:307,(anonymous_36)
FN:312,(anonymous_37)
FN:328,(anonymous_38)
FN:330,(anonymous_39)
FN:350,(anonymous_40)
FN:356,(anonymous_41)
FN:373,(anonymous_42)
FN:384,(anonymous_43)
FN:386,(anonymous_44)
FN:406,(anonymous_45)
FN:419,(anonymous_46)
FN:421,(anonymous_47)
FN:442,(anonymous_48)
FN:447,(anonymous_49)
FN:459,(anonymous_50)
FN:461,(anonymous_51)
FN:462,(anonymous_52)
FN:465,(anonymous_53)
FN:482,(anonymous_54)
FN:500,(anonymous_55)
FN:510,(anonymous_56)
FN:512,(anonymous_57)
FN:513,(anonymous_58)
FN:515,(anonymous_59)
FN:529,(anonymous_60)
FN:531,(anonymous_61)
FN:552,(anonymous_62)
FN:554,(anonymous_63)
FN:577,(anonymous_64)
FN:579,(anonymous_65)
FN:596,(anonymous_66)
FN:598,(anonymous_67)
FN:599,(anonymous_68)
FN:601,(anonymous_69)
FN:616,(anonymous_70)
FN:622,(anonymous_71)
FN:634,(anonymous_72)
FN:645,(anonymous_73)
FN:651,(anonymous_74)
FN:658,(anonymous_75)
FN:676,(anonymous_76)
FN:678,(anonymous_77)
FN:692,(anonymous_78)
FN:698,(anonymous_79)
FN:716,(anonymous_80)
FN:722,(anonymous_81)
FNF:82
FNH:82
FNDA:1,(anonymous_0)
FNDA:1,(anonymous_1)
FNDA:1,(anonymous_2)
FNDA:2,(anonymous_3)
FNDA:2,(anonymous_4)
FNDA:2,(anonymous_5)
FNDA:2,(anonymous_6)
FNDA:3,(anonymous_7)
FNDA:3,(anonymous_8)
FNDA:5,(anonymous_9)
FNDA:3,(anonymous_10)
FNDA:3,(anonymous_11)
FNDA:3,(anonymous_12)
FNDA:1,(anonymous_13)
FNDA:1,(anonymous_14)
FNDA:1,(anonymous_15)
FNDA:3,(anonymous_16)
FNDA:2,(anonymous_17)
FNDA:1,(anonymous_18)
FNDA:1,(anonymous_19)
FNDA:1,(anonymous_20)
FNDA:3,(anonymous_21)
FNDA:2,(anonymous_22)
FNDA:2,(anonymous_23)
FNDA:2,(anonymous_24)
FNDA:2,(anonymous_25)
FNDA:1,(anonymous_26)
FNDA:1,(anonymous_27)
FNDA:1,(anonymous_28)
FNDA:3,(anonymous_29)
FNDA:3,(anonymous_30)
FNDA:3,(anonymous_31)
FNDA:3,(anonymous_32)
FNDA:3,(anonymous_33)
FNDA:1,(anonymous_34)
FNDA:3,(anonymous_35)
FNDA:3,(anonymous_36)
FNDA:1,(anonymous_37)
FNDA:3,(anonymous_38)
FNDA:3,(anonymous_39)
FNDA:2,(anonymous_40)
FNDA:2,(anonymous_41)
FNDA:6,(anonymous_42)
FNDA:3,(anonymous_43)
FNDA:3,(anonymous_44)
FNDA:7,(anonymous_45)
FNDA:3,(anonymous_46)
FNDA:3,(anonymous_47)
FNDA:1,(anonymous_48)
FNDA:1,(anonymous_49)
FNDA:1,(anonymous_50)
FNDA:1,(anonymous_51)
FNDA:1,(anonymous_52)
FNDA:2,(anonymous_53)
FNDA:2,(anonymous_54)
FNDA:4,(anonymous_55)
FNDA:1,(anonymous_56)
FNDA:1,(anonymous_57)
FNDA:1,(anonymous_58)
FNDA:2,(anonymous_59)
FNDA:3,(anonymous_60)
FNDA:3,(anonymous_61)
FNDA:3,(anonymous_62)
FNDA:3,(anonymous_63)
FNDA:3,(anonymous_64)
FNDA:3,(anonymous_65)
FNDA:1,(anonymous_66)
FNDA:1,(anonymous_67)
FNDA:1,(anonymous_68)
FNDA:2,(anonymous_69)
FNDA:1,(anonymous_70)
FNDA:1,(anonymous_71)
FNDA:4,(anonymous_72)
FNDA:2,(anonymous_73)
FNDA:2,(anonymous_74)
FNDA:2,(anonymous_75)
FNDA:1,(anonymous_76)
FNDA:1,(anonymous_77)
FNDA:18,(anonymous_78)
FNDA:18,(anonymous_79)
FNDA:15,(anonymous_80)
FNDA:15,(anonymous_81)
DA:9,15
DA:27,1
DA:28,1
DA:30,1
DA:32,1
DA:33,2
DA:35,2
DA:38,1
DA:51,2
DA:52,2
DA:54,2
DA:55,2
DA:56,1
DA:58,2
DA:71,3
DA:73,3
DA:74,1
DA:76,2
DA:77,1
DA:80,1
DA:93,5
DA:94,5
DA:96,5
DA:97,3
DA:98,3
DA:99,2
DA:100,2
DA:101,2
DA:102,2
DA:103,1
DA:104,1
DA:106,2
DA:110,2
DA:112,5
DA:113,5
DA:114,5
DA:115,5
DA:116,1
DA:117,1
DA:119,5
DA:120,5
DA:132,3
DA:144,3
DA:146,3
DA:147,1
DA:149,2
DA:150,1
DA:153,1
DA:166,1
DA:167,1
DA:169,1
DA:170,1
DA:171,3
DA:172,2
DA:174,1
DA:175,2
DA:176,1
DA:177,2
DA:178,2
DA:180,1
DA:195,1
DA:196,1
DA:198,1
DA:199,1
DA:200,3
DA:201,2
DA:203,1
DA:204,2
DA:205,1
DA:206,2
DA:207,2
DA:209,1
DA:222,2
DA:223,2
DA:225,2
DA:226,2
DA:227,1
DA:229,2
DA:242,1
DA:243,1
DA:245,1
DA:246,1
DA:247,3
DA:248,2
DA:250,1
DA:262,3
DA:264,3
DA:265,1
DA:267,2
DA:268,1
DA:271,1
DA:284,3
DA:286,3
DA:287,1
DA:289,2
DA:290,1
DA:293,1
DA:306,3
DA:308,3
DA:309,1
DA:311,2
DA:312,1
DA:315,1
DA:329,3
DA:331,3
DA:332,1
DA:334,2
DA:335,1
DA:338,1
DA:351,2
DA:357,2
DA:358,1
DA:361,1
DA:374,6
DA:385,3
DA:387,3
DA:388,1
DA:390,2
DA:391,1
DA:394,1
DA:408,7
DA:420,3
DA:422,3
DA:423,1
DA:425,2
DA:426,1
DA:429,1
DA:443,1
DA:448,1
DA:460,1
DA:461,1
DA:463,1
DA:465,1
DA:466,2
DA:468,2
DA:471,1
DA:484,2
DA:485,2
DA:486,2
DA:487,2
DA:501,4
DA:511,1
DA:512,1
DA:514,1
DA:515,1
DA:516,2
DA:518,1
DA:530,3
DA:532,3
DA:533,1
DA:535,2
DA:536,1
DA:539,1
DA:553,3
DA:555,3
DA:556,1
DA:558,2
DA:559,1
DA:562,1
DA:578,3
DA:580,3
DA:581,1
DA:582,2
DA:583,1
DA:585,1
DA:597,1
DA:598,1
DA:600,1
DA:601,1
DA:602,2
DA:604,1
DA:617,1
DA:623,1
DA:635,4
DA:646,2
DA:653,2
DA:654,1
DA:656,1
DA:660,2
DA:661,1
DA:663,1
DA:677,1
DA:678,1
DA:693,18
DA:699,18
DA:700,6
DA:703,12
DA:717,15
DA:723,15
DA:724,5
DA:727,10
LF:191
LH:191
BRDA:55,0,0,1
BRDA:55,0,1,1
BRDA:73,1,0,1
BRDA:73,1,1,2
BRDA:76,2,0,1
BRDA:76,2,1,1
BRDA:96,3,0,3
BRDA:96,3,1,2
BRDA:98,4,0,2
BRDA:98,4,1,1
BRDA:102,5,0,1
BRDA:102,5,1,1
BRDA:115,6,0,1
BRDA:115,6,1,4
BRDA:146,7,0,1
BRDA:146,7,1,2
BRDA:149,8,0,1
BRDA:149,8,1,1
BRDA:171,9,0,2
BRDA:171,9,1,1
BRDA:175,10,0,1
BRDA:175,10,1,1
BRDA:200,11,0,2
BRDA:200,11,1,1
BRDA:204,12,0,1
BRDA:204,12,1,1
BRDA:226,13,0,1
BRDA:226,13,1,1
BRDA:247,14,0,2
BRDA:247,14,1,1
BRDA:264,15,0,1
BRDA:264,15,1,2
BRDA:267,16,0,1
BRDA:267,16,1,1
BRDA:286,17,0,1
BRDA:286,17,1,2
BRDA:289,18,0,1
BRDA:289,18,1,1
BRDA:308,19,0,1
BRDA:308,19,1,2
BRDA:311,20,0,1
BRDA:311,20,1,1
BRDA:331,21,0,1
BRDA:331,21,1,2
BRDA:334,22,0,1
BRDA:334,22,1,1
BRDA:357,23,0,1
BRDA:357,23,1,1
BRDA:387,24,0,1
BRDA:387,24,1,2
BRDA:390,25,0,1
BRDA:390,25,1,1
BRDA:408,26,0,2
BRDA:408,26,1,5
BRDA:408,27,0,2
BRDA:408,27,1,5
BRDA:422,28,0,1
BRDA:422,28,1,2
BRDA:425,29,0,1
BRDA:425,29,1,1
BRDA:532,30,0,1
BRDA:532,30,1,2
BRDA:535,31,0,1
BRDA:535,31,1,1
BRDA:555,32,0,1
BRDA:555,32,1,2
BRDA:558,33,0,1
BRDA:558,33,1,1
BRDA:580,34,0,1
BRDA:580,34,1,2
BRDA:582,35,0,1
BRDA:582,35,1,1
BRDA:653,36,0,1
BRDA:653,36,1,1
BRDA:660,37,0,1
BRDA:660,37,1,1
BRDA:699,38,0,6
BRDA:699,38,1,12
BRDA:699,39,0,18
BRDA:699,39,1,18
BRDA:723,40,0,5
BRDA:723,40,1,10
BRDA:723,41,0,15
BRDA:723,41,1,12
BRF:84
BRH:84
end_of_record
TN:
SF:/GitSourcetree/l2lc-fe/src/consts.js
FN:65,(anonymous_0)
FN:72,(anonymous_1)
FN:86,(anonymous_2)
FN:103,(anonymous_3)
FN:117,(anonymous_4)
FN:135,(anonymous_5)
FN:140,(anonymous_6)
FN:177,(anonymous_7)
FN:191,(anonymous_8)
FN:205,(anonymous_9)
FN:220,(anonymous_10)
FN:232,(anonymous_11)
FN:246,(anonymous_12)
FN:283,(anonymous_13)
FN:328,(anonymous_14)
FN:333,(anonymous_15)
FN:400,(anonymous_16)
FN:414,(anonymous_17)
FN:428,(anonymous_18)
FN:443,(anonymous_19)
FN:455,(anonymous_20)
FN:471,(anonymous_21)
FN:479,(anonymous_22)
FN:484,(anonymous_23)
FN:807,(anonymous_24)
FN:812,(anonymous_25)
FN:837,(anonymous_26)
FN:854,(anonymous_27)
FN:869,(anonymous_28)
FN:881,(anonymous_29)
FN:895,(anonymous_30)
FN:911,(anonymous_31)
FN:917,(anonymous_32)
FN:930,(anonymous_33)
FN:946,(anonymous_34)
FN:952,(anonymous_35)
FN:966,(anonymous_36)
FN:989,(anonymous_37)
FN:995,(anonymous_38)
FN:1012,(anonymous_39)
FN:1032,(anonymous_40)
FN:1042,(anonymous_41)
FN:1052,(anonymous_42)
FN:1062,(anonymous_43)
FN:1072,(anonymous_44)
FN:1080,(anonymous_45)
FN:1088,(anonymous_46)
FN:1096,(anonymous_47)
FN:1104,(anonymous_48)
FN:1112,(anonymous_49)
FN:1120,(anonymous_50)
FN:1128,(anonymous_51)
FN:1136,(anonymous_52)
FN:1144,(anonymous_53)
FN:1152,(anonymous_54)
FN:1160,(anonymous_55)
FN:1168,(anonymous_56)
FN:1176,(anonymous_57)
FN:1184,(anonymous_58)
FN:1202,(anonymous_59)
FN:1210,(anonymous_60)
FN:1225,(anonymous_61)
FN:1240,(anonymous_62)
FN:1250,(anonymous_63)
FN:1316,(anonymous_64)
FN:1382,(anonymous_65)
FN:1448,(anonymous_66)
FN:1514,(anonymous_67)
FN:1524,(anonymous_68)
FNF:69
FNH:26
FNDA:6,(anonymous_0)
FNDA:0,(anonymous_1)
FNDA:0,(anonymous_2)
FNDA:0,(anonymous_3)
FNDA:0,(anonymous_4)
FNDA:0,(anonymous_5)
FNDA:2,(anonymous_6)
FNDA:0,(anonymous_7)
FNDA:0,(anonymous_8)
FNDA:0,(anonymous_9)
FNDA:0,(anonymous_10)
FNDA:0,(anonymous_11)
FNDA:0,(anonymous_12)
FNDA:0,(anonymous_13)
FNDA:0,(anonymous_14)
FNDA:2,(anonymous_15)
FNDA:0,(anonymous_16)
FNDA:0,(anonymous_17)
FNDA:0,(anonymous_18)
FNDA:0,(anonymous_19)
FNDA:0,(anonymous_20)
FNDA:8,(anonymous_21)
FNDA:0,(anonymous_22)
FNDA:2,(anonymous_23)
FNDA:0,(anonymous_24)
FNDA:2,(anonymous_25)
FNDA:0,(anonymous_26)
FNDA:0,(anonymous_27)
FNDA:0,(anonymous_28)
FNDA:0,(anonymous_29)
FNDA:0,(anonymous_30)
FNDA:5,(anonymous_31)
FNDA:0,(anonymous_32)
FNDA:0,(anonymous_33)
FNDA:13,(anonymous_34)
FNDA:0,(anonymous_35)
FNDA:0,(anonymous_36)
FNDA:4,(anonymous_37)
FNDA:3,(anonymous_38)
FNDA:1,(anonymous_39)
FNDA:12,(anonymous_40)
FNDA:12,(anonymous_41)
FNDA:8,(anonymous_42)
FNDA:0,(anonymous_43)
FNDA:0,(anonymous_44)
FNDA:0,(anonymous_45)
FNDA:0,(anonymous_46)
FNDA:0,(anonymous_47)
FNDA:0,(anonymous_48)
FNDA:0,(anonymous_49)
FNDA:0,(anonymous_50)
FNDA:2,(anonymous_51)
FNDA:2,(anonymous_52)
FNDA:6,(anonymous_53)
FNDA:0,(anonymous_54)
FNDA:0,(anonymous_55)
FNDA:0,(anonymous_56)
FNDA:0,(anonymous_57)
FNDA:31,(anonymous_58)
FNDA:4,(anonymous_59)
FNDA:0,(anonymous_60)
FNDA:0,(anonymous_61)
FNDA:4,(anonymous_62)
FNDA:2,(anonymous_63)
FNDA:1,(anonymous_64)
FNDA:1,(anonymous_65)
FNDA:1,(anonymous_66)
FNDA:1,(anonymous_67)
FNDA:20,(anonymous_68)
DA:1,31
DA:18,31
DA:35,31
DA:65,6
DA:73,0
DA:74,0
DA:75,0
DA:76,0
DA:77,0
DA:87,0
DA:88,0
DA:89,0
DA:90,0
DA:91,0
DA:92,0
DA:93,0
DA:94,0
DA:104,0
DA:105,0
DA:106,0
DA:107,0
DA:108,0
DA:118,0
DA:119,0
DA:120,0
DA:121,0
DA:122,0
DA:123,0
DA:124,0
DA:125,0
DA:136,0
DA:137,0
DA:138,0
DA:141,2
DA:142,0
DA:156,2
DA:178,0
DA:179,0
DA:180,0
DA:181,0
DA:182,0
DA:192,0
DA:193,0
DA:194,0
DA:195,0
DA:196,0
DA:206,0
DA:207,0
DA:208,0
DA:209,0
DA:210,0
DA:221,0
DA:222,0
DA:223,0
DA:233,0
DA:234,0
DA:235,0
DA:236,0
DA:237,0
DA:247,0
DA:248,0
DA:281,0
DA:282,0
DA:283,0
DA:284,0
DA:285,0
DA:287,0
DA:329,0
DA:330,0
DA:331,0
DA:334,2
DA:335,0
DA:364,2
DA:401,0
DA:402,0
DA:403,0
DA:404,0
DA:405,0
DA:415,0
DA:416,0
DA:417,0
DA:418,0
DA:419,0
DA:429,0
DA:430,0
DA:431,0
DA:432,0
DA:433,0
DA:444,0
DA:445,0
DA:446,0
DA:456,0
DA:457,0
DA:458,0
DA:459,0
DA:460,0
DA:471,8
DA:480,0
DA:481,0
DA:482,0
DA:485,2
DA:486,0
DA:520,2
DA:521,0
DA:555,2
DA:556,0
DA:590,2
DA:591,0
DA:625,2
DA:626,0
DA:660,2
DA:661,0
DA:695,2
DA:696,0
DA:730,2
DA:731,0
DA:765,2
DA:808,0
DA:809,0
DA:810,0
DA:813,2
DA:814,0
DA:822,2
DA:838,0
DA:839,0
DA:840,0
DA:841,0
DA:842,0
DA:843,0
DA:844,0
DA:845,0
DA:855,0
DA:856,0
DA:857,0
DA:858,0
DA:859,0
DA:870,0
DA:871,0
DA:872,0
DA:882,0
DA:883,0
DA:884,0
DA:885,0
DA:886,0
DA:896,0
DA:897,0
DA:898,0
DA:899,0
DA:900,0
DA:911,5
DA:918,0
DA:919,0
DA:920,0
DA:921,0
DA:922,0
DA:931,0
DA:932,0
DA:933,0
DA:934,0
DA:935,0
DA:946,13
DA:953,0
DA:954,0
DA:955,0
DA:956,0
DA:957,0
DA:967,0
DA:968,0
DA:969,0
DA:970,0
DA:971,0
DA:989,4
DA:996,3
DA:997,0
DA:998,3
DA:999,0
DA:1000,3
DA:1001,1
DA:1002,2
DA:1003,0
DA:1004,2
DA:1013,1
DA:1014,0
DA:1015,1
DA:1016,0
DA:1017,1
DA:1018,0
DA:1019,1
DA:1020,0
DA:1021,1
DA:1032,12
DA:1042,12
DA:1052,8
DA:1062,0
DA:1072,0
DA:1080,0
DA:1088,0
DA:1096,0
DA:1104,0
DA:1112,0
DA:1120,0
DA:1128,2
DA:1136,2
DA:1144,6
DA:1152,0
DA:1160,0
DA:1168,0
DA:1176,0
DA:1185,31
DA:1203,4
DA:1211,0
DA:1212,0
DA:1213,0
DA:1214,0
DA:1215,0
DA:1226,0
DA:1227,0
DA:1228,0
DA:1241,4
DA:1251,2
DA:1317,1
DA:1383,1
DA:1449,1
DA:1515,1
DA:1525,20
DA:1526,20
DA:1527,20
DA:1528,6
DA:1529,6
DA:1530,6
DA:1531,6
DA:1532,6
DA:1533,1
DA:1534,1
DA:1537,5
DA:1540,20
DA:1544,31
LF:237
LH:61
BRDA:73,0,0,0
BRDA:73,0,1,0
BRDA:73,1,0,0
BRDA:73,1,1,0
BRDA:75,2,0,0
BRDA:75,2,1,0
BRDA:87,3,0,0
BRDA:87,3,1,0
BRDA:87,4,0,0
BRDA:87,4,1,0
BRDA:90,5,0,0
BRDA:90,5,1,0
BRDA:90,6,0,0
BRDA:90,6,1,0
BRDA:92,7,0,0
BRDA:92,7,1,0
BRDA:104,8,0,0
BRDA:104,8,1,0
BRDA:104,9,0,0
BRDA:104,9,1,0
BRDA:106,10,0,0
BRDA:106,10,1,0
BRDA:119,11,0,0
BRDA:119,11,1,0
BRDA:119,12,0,0
BRDA:119,12,1,0
BRDA:121,13,0,0
BRDA:121,13,1,0
BRDA:121,14,0,0
BRDA:121,14,1,0
BRDA:123,15,0,0
BRDA:123,15,1,0
BRDA:136,16,0,0
BRDA:136,16,1,0
BRDA:136,17,0,0
BRDA:136,17,1,0
BRDA:141,18,0,0
BRDA:141,18,1,2
BRDA:178,19,0,0
BRDA:178,19,1,0
BRDA:178,20,0,0
BRDA:178,20,1,0
BRDA:180,21,0,0
BRDA:180,21,1,0
BRDA:192,22,0,0
BRDA:192,22,1,0
BRDA:192,23,0,0
BRDA:192,23,1,0
BRDA:194,24,0,0
BRDA:194,24,1,0
BRDA:206,25,0,0
BRDA:206,25,1,0
BRDA:206,26,0,0
BRDA:206,26,1,0
BRDA:208,27,0,0
BRDA:208,27,1,0
BRDA:221,28,0,0
BRDA:221,28,1,0
BRDA:221,29,0,0
BRDA:221,29,1,0
BRDA:233,30,0,0
BRDA:233,30,1,0
BRDA:233,31,0,0
BRDA:233,31,1,0
BRDA:235,32,0,0
BRDA:235,32,1,0
BRDA:247,33,0,0
BRDA:247,33,1,0
BRDA:283,34,0,0
BRDA:283,34,1,0
BRDA:329,35,0,0
BRDA:329,35,1,0
BRDA:329,36,0,0
BRDA:329,36,1,0
BRDA:334,37,0,0
BRDA:334,37,1,2
BRDA:401,38,0,0
BRDA:401,38,1,0
BRDA:401,39,0,0
BRDA:401,39,1,0
BRDA:403,40,0,0
BRDA:403,40,1,0
BRDA:415,41,0,0
BRDA:415,41,1,0
BRDA:415,42,0,0
BRDA:415,42,1,0
BRDA:417,43,0,0
BRDA:417,43,1,0
BRDA:429,44,0,0
BRDA:429,44,1,0
BRDA:429,45,0,0
BRDA:429,45,1,0
BRDA:431,46,0,0
BRDA:431,46,1,0
BRDA:444,47,0,0
BRDA:444,47,1,0
BRDA:444,48,0,0
BRDA:444,48,1,0
BRDA:456,49,0,0
BRDA:456,49,1,0
BRDA:456,50,0,0
BRDA:456,50,1,0
BRDA:458,51,0,0
BRDA:458,51,1,0
BRDA:480,52,0,0
BRDA:480,52,1,0
BRDA:480,53,0,0
BRDA:480,53,1,0
BRDA:485,54,0,0
BRDA:485,54,1,2
BRDA:520,55,0,0
BRDA:520,55,1,2
BRDA:555,56,0,0
BRDA:555,56,1,2
BRDA:590,57,0,0
BRDA:590,57,1,2
BRDA:625,58,0,0
BRDA:625,58,1,2
BRDA:660,59,0,0
BRDA:660,59,1,2
BRDA:695,60,0,0
BRDA:695,60,1,2
BRDA:730,61,0,0
BRDA:730,61,1,2
BRDA:808,62,0,0
BRDA:808,62,1,0
BRDA:808,63,0,0
BRDA:808,63,1,0
BRDA:813,64,0,0
BRDA:813,64,1,2
BRDA:813,65,0,2
BRDA:813,65,1,2
BRDA:813,65,2,2
BRDA:813,65,3,2
BRDA:838,66,0,0
BRDA:838,66,1,0
BRDA:838,67,0,0
BRDA:838,67,1,0
BRDA:841,68,0,0
BRDA:841,68,1,0
BRDA:841,69,0,0
BRDA:841,69,1,0
BRDA:843,70,0,0
BRDA:843,70,1,0
BRDA:855,71,0,0
BRDA:855,71,1,0
BRDA:855,72,0,0
BRDA:855,72,1,0
BRDA:857,73,0,0
BRDA:857,73,1,0
BRDA:870,74,0,0
BRDA:870,74,1,0
BRDA:870,75,0,0
BRDA:870,75,1,0
BRDA:882,76,0,0
BRDA:882,76,1,0
BRDA:882,77,0,0
BRDA:882,77,1,0
BRDA:884,78,0,0
BRDA:884,78,1,0
BRDA:896,79,0,0
BRDA:896,79,1,0
BRDA:896,80,0,0
BRDA:896,80,1,0
BRDA:898,81,0,0
BRDA:898,81,1,0
BRDA:918,82,0,0
BRDA:918,82,1,0
BRDA:918,83,0,0
BRDA:918,83,1,0
BRDA:920,84,0,0
BRDA:920,84,1,0
BRDA:931,85,0,0
BRDA:931,85,1,0
BRDA:931,86,0,0
BRDA:931,86,1,0
BRDA:933,87,0,0
BRDA:933,87,1,0
BRDA:953,88,0,0
BRDA:953,88,1,0
BRDA:953,89,0,0
BRDA:953,89,1,0
BRDA:955,90,0,0
BRDA:955,90,1,0
BRDA:967,91,0,0
BRDA:967,91,1,0
BRDA:967,92,0,0
BRDA:967,92,1,0
BRDA:969,93,0,0
BRDA:969,93,1,0
BRDA:996,94,0,0
BRDA:996,94,1,3
BRDA:996,95,0,3
BRDA:996,95,1,3
BRDA:998,96,0,0
BRDA:998,96,1,3
BRDA:1000,97,0,1
BRDA:1000,97,1,2
BRDA:1002,98,0,0
BRDA:1002,98,1,2
BRDA:1013,99,0,0
BRDA:1013,99,1,1
BRDA:1013,100,0,1
BRDA:1013,100,1,1
BRDA:1015,101,0,0
BRDA:1015,101,1,1
BRDA:1017,102,0,0
BRDA:1017,102,1,1
BRDA:1019,103,0,0
BRDA:1019,103,1,1
BRDA:1211,104,0,0
BRDA:1211,104,1,0
BRDA:1211,105,0,0
BRDA:1211,105,1,0
BRDA:1213,106,0,0
BRDA:1213,106,1,0
BRDA:1226,107,0,0
BRDA:1226,107,1,0
BRDA:1226,108,0,0
BRDA:1226,108,1,0
BRDA:1532,109,0,1
BRDA:1532,109,1,5
BRF:222
BRH:30
end_of_record
TN:
SF:/GitSourcetree/l2lc-fe/src/components/analytics.js
FN:22,(anonymous_0)
FN:25,(anonymous_1)
FN:28,(anonymous_2)
FN:29,(anonymous_3)
FN:39,(anonymous_4)
FN:42,(anonymous_5)
FN:47,(anonymous_6)
FN:52,(anonymous_7)
FNF:8
FNH:0
FNDA:0,(anonymous_0)
FNDA:0,(anonymous_1)
FNDA:0,(anonymous_2)
FNDA:0,(anonymous_3)
FNDA:0,(anonymous_4)
FNDA:0,(anonymous_5)
FNDA:0,(anonymous_6)
FNDA:0,(anonymous_7)
DA:23,0
DA:26,0
DA:27,0
DA:28,0
DA:29,0
DA:30,0
DA:39,0
DA:40,0
DA:42,0
DA:43,0
DA:44,0
DA:45,0
DA:47,0
DA:48,0
DA:49,0
DA:50,0
DA:52,0
DA:53,0
DA:54,0
DA:55,0
DA:57,0
LF:21
LH:0
BRDA:27,0,0,0
BRDA:27,0,1,0
BRDA:27,1,0,0
BRDA:27,1,1,0
BRDA:58,2,0,0
BRDA:58,2,1,0
BRDA:60,3,0,0
BRDA:60,3,1,0
BRDA:70,4,0,0
BRDA:70,4,1,0
BRDA:70,4,2,0
BRDA:85,5,0,0
BRDA:85,5,1,0
BRF:13
BRH:0
end_of_record
TN:
SF:/GitSourcetree/l2lc-fe/src/components/barcode.js
FN:18,(anonymous_0)
FN:29,(anonymous_1)
FN:39,(anonymous_2)
FNF:3
FNH:3
FNDA:2,(anonymous_0)
FNDA:1,(anonymous_1)
FNDA:2,(anonymous_2)
DA:19,2
DA:20,2
DA:30,1
DA:40,2
LF:4
LH:4
BRF:0
BRH:0
end_of_record
TN:
SF:/GitSourcetree/l2lc-fe/src/components/buttonDefault.js
FN:35,(anonymous_0)
FNF:1
FNH:1
FNDA:5,(anonymous_0)
DA:36,5
LF:1
LH:1
BRDA:39,0,0,3
BRDA:39,0,1,2
BRF:2
BRH:2
end_of_record
TN:
SF:/GitSourcetree/l2lc-fe/src/components/buttonPrimary.js
FN:32,(anonymous_0)
FNF:1
FNH:1
FNDA:4,(anonymous_0)
DA:33,4
LF:1
LH:1
BRDA:35,0,0,2
BRDA:35,0,1,2
BRF:2
BRH:2
end_of_record
TN:
SF:/GitSourcetree/l2lc-fe/src/components/checkboxField.js
FN:30,(anonymous_0)
FNF:1
FNH:1
FNDA:4,(anonymous_0)
DA:31,4
LF:1
LH:1
BRF:0
BRH:0
end_of_record
TN:
SF:/GitSourcetree/l2lc-fe/src/components/circleButton.js
FN:27,(anonymous_0)
FNF:1
FNH:1
FNDA:10,(anonymous_0)
DA:28,10
DA:29,10
DA:30,10
LF:3
LH:3
BRF:0
BRH:0
end_of_record
TN:
SF:/GitSourcetree/l2lc-fe/src/components/customerSummary.js
FN:22,(anonymous_0)
FNF:1
FNH:1
FNDA:8,(anonymous_0)
DA:23,8
LF:1
LH:1
BRDA:31,0,0,8
BRDA:31,0,1,8
BRDA:32,1,0,8
BRDA:32,1,1,4
BRDA:58,2,0,8
BRDA:58,2,1,8
BRF:6
BRH:6
end_of_record
TN:
SF:/GitSourcetree/l2lc-fe/src/components/deleteModal.js
FN:32,(anonymous_0)
FNF:1
FNH:1
FNDA:2,(anonymous_0)
DA:33,2
LF:1
LH:1
BRF:0
BRH:0
end_of_record
TN:
SF:/GitSourcetree/l2lc-fe/src/components/draggableRow.js
FN:81,(anonymous_0)
FNF:1
FNH:1
FNDA:2,(anonymous_0)
DA:89,2
DA:90,2
DA:91,2
DA:92,2
DA:93,2
DA:94,2
LF:6
LH:6
BRDA:93,0,0,1
BRDA:93,0,1,1
BRF:2
BRH:2
end_of_record
TN:
SF:/GitSourcetree/l2lc-fe/src/components/draggableTable.js
FN:23,(anonymous_0)
FN:36,(anonymous_1)
FN:48,(anonymous_2)
FN:70,(anonymous_3)
FNF:4
FNH:4
FNDA:7,(anonymous_0)
FNDA:1,(anonymous_1)
FNDA:2,(anonymous_2)
FNDA:7,(anonymous_3)
DA:24,7
DA:25,7
DA:26,7
DA:27,7
DA:28,7
DA:38,1
DA:49,2
DA:50,1
DA:56,1
DA:71,7
DA:73,7
DA:74,5
DA:85,7
DA:86,7
DA:87,4
DA:95,7
LF:16
LH:16
BRDA:49,0,0,1
BRDA:49,0,1,1
BRDA:73,1,0,5
BRDA:73,1,1,2
BRDA:86,2,0,4
BRDA:86,2,1,3
BRDA:113,3,0,1
BRDA:113,3,1,6
BRF:8
BRH:8
end_of_record
TN:
SF:/GitSourcetree/l2lc-fe/src/components/employeeSummary.js
FN:23,(anonymous_0)
FN:36,(anonymous_1)
FNF:2
FNH:2
FNDA:1,(anonymous_0)
FNDA:3,(anonymous_1)
DA:25,1
DA:48,3
LF:2
LH:2
BRF:0
BRH:0
end_of_record
TN:
SF:/GitSourcetree/l2lc-fe/src/components/form.js
FN:21,(anonymous_0)
FN:35,(anonymous_1)
FN:47,(anonymous_2)
FN:61,(anonymous_3)
FN:61,(anonymous_4)
FN:76,(anonymous_5)
FN:76,(anonymous_6)
FN:89,(anonymous_7)
FN:105,(anonymous_8)
FNF:9
FNH:9
FNDA:6,(anonymous_0)
FNDA:1,(anonymous_1)
FNDA:1,(anonymous_2)
FNDA:26,(anonymous_3)
FNDA:2,(anonymous_4)
FNDA:25,(anonymous_5)
FNDA:1,(anonymous_6)
FNDA:6,(anonymous_7)
FNDA:24,(anonymous_8)
DA:22,6
DA:23,6
DA:24,6
DA:25,6
DA:36,1
DA:37,1
DA:48,1
DA:49,1
DA:61,26
DA:62,2
DA:63,2
DA:64,1
DA:65,2
DA:76,25
DA:77,1
DA:78,1
DA:90,6
DA:106,24
DA:107,24
DA:108,18
DA:110,24
DA:111,24
DA:121,24
DA:123,6
DA:124,6
DA:126,6
DA:127,6
DA:129,6
DA:130,6
DA:132,6
DA:133,6
DA:135,24
LF:32
LH:32
BRDA:61,0,0,1
BRDA:63,1,0,1
BRDA:63,1,1,1
BRDA:107,2,0,18
BRDA:107,2,1,6
BRDA:121,3,0,6
BRDA:121,3,1,6
BRDA:121,3,2,6
BRDA:121,3,3,6
BRDA:151,4,0,6
BRDA:151,4,1,6
BRF:11
BRH:11
end_of_record
TN:
SF:/GitSourcetree/l2lc-fe/src/components/formItem.js
FN:29,(anonymous_0)
FNF:1
FNH:1
FNDA:2,(anonymous_0)
DA:30,2
DA:31,2
DA:32,1
DA:36,2
DA:37,2
DA:38,1
DA:42,2
LF:7
LH:7
BRDA:31,0,0,1
BRDA:31,0,1,1
BRDA:37,1,0,1
BRDA:37,1,1,1
BRDA:47,2,0,1
BRDA:47,2,1,1
BRF:6
BRH:6
end_of_record
TN:
SF:/GitSourcetree/l2lc-fe/src/components/login.js
FN:14,(anonymous_0)
FN:29,(anonymous_1)
FN:41,(anonymous_2)
FN:53,(anonymous_3)
FN:64,(anonymous_4)
FNF:5
FNH:5
FNDA:5,(anonymous_0)
FNDA:1,(anonymous_1)
FNDA:1,(anonymous_2)
FNDA:1,(anonymous_3)
FNDA:5,(anonymous_4)
DA:15,5
DA:16,5
DA:17,5
DA:18,5
DA:19,5
DA:30,1
DA:31,1
DA:42,1
DA:43,1
DA:54,1
DA:55,1
DA:65,5
DA:66,5
DA:67,4
DA:71,5
LF:15
LH:15
BRDA:66,0,0,4
BRDA:66,0,1,1
BRF:2
BRH:2
end_of_record
TN:
SF:/GitSourcetree/l2lc-fe/src/components/navbar.js
FN:15,(anonymous_0)
FN:27,(anonymous_1)
FN:36,(anonymous_2)
FN:46,(anonymous_3)
FN:57,(anonymous_4)
FN:95,(anonymous_5)
FNF:6
FNH:6
FNDA:4,(anonymous_0)
FNDA:1,(anonymous_1)
FNDA:1,(anonymous_2)
FNDA:1,(anonymous_3)
FNDA:4,(anonymous_4)
FNDA:20,(anonymous_5)
DA:16,4
DA:17,4
DA:18,4
DA:19,4
DA:28,1
DA:37,1
DA:38,1
DA:47,1
DA:58,4
DA:80,4
DA:96,20
LF:11
LH:11
BRDA:102,0,0,4
BRDA:102,0,1,4
BRF:2
BRH:2
end_of_record
TN:
SF:/GitSourcetree/l2lc-fe/src/components/page.js
FN:21,(anonymous_0)
FN:33,(anonymous_1)
FN:53,(anonymous_2)
FNF:3
FNH:3
FNDA:1,(anonymous_0)
FNDA:2,(anonymous_1)
FNDA:3,(anonymous_2)
DA:22,1
DA:34,2
DA:35,2
DA:36,1
DA:37,1
DA:39,2
DA:54,3
DA:55,3
DA:56,1
DA:58,2
DA:59,3
LF:11
LH:11
BRDA:35,0,0,1
BRDA:35,0,1,1
BRDA:55,1,0,1
BRDA:55,1,1,2
BRF:4
BRH:4
end_of_record
TN:
SF:/GitSourcetree/l2lc-fe/src/components/projectStatusCell.js
FN:22,(anonymous_0)
FNF:1
FNH:1
FNDA:4,(anonymous_0)
DA:23,4
LF:1
LH:1
BRDA:26,0,0,1
BRDA:26,0,1,3
BRDA:27,1,0,1
BRDA:27,1,1,2
BRF:4
BRH:4
end_of_record
TN:
SF:/GitSourcetree/l2lc-fe/src/components/projectStatusFilter.js
FN:21,(anonymous_0)
FN:31,(anonymous_1)
FN:43,(anonymous_2)
FNF:3
FNH:3
FNDA:3,(anonymous_0)
FNDA:1,(anonymous_1)
FNDA:3,(anonymous_2)
DA:22,3
DA:23,3
DA:32,1
DA:44,3
LF:4
LH:4
BRDA:55,0,0,2
BRDA:55,0,1,1
BRF:2
BRH:2
end_of_record
TN:
SF:/GitSourcetree/l2lc-fe/src/components/projectSummary.js
FN:19,(anonymous_0)
FN:31,(anonymous_1)
FN:40,(anonymous_2)
FN:50,(anonymous_3)
FN:64,(anonymous_4)
FNF:5
FNH:5
FNDA:6,(anonymous_0)
FNDA:1,(anonymous_1)
FNDA:1,(anonymous_2)
FNDA:1,(anonymous_3)
FNDA:6,(anonymous_4)
DA:20,6
DA:21,6
DA:22,6
DA:23,6
DA:32,1
DA:42,1
DA:51,1
DA:65,6
LF:8
LH:8
BRDA:87,0,0,6
BRDA:87,0,1,6
BRDA:97,1,0,1
BRDA:97,1,1,5
BRDA:107,2,0,1
BRDA:107,2,1,5
BRDA:108,3,0,1
BRDA:108,3,1,4
BRDA:128,4,0,6
BRDA:128,4,1,6
BRDA:134,5,0,6
BRDA:134,5,1,6
BRDA:140,6,0,6
BRDA:140,6,1,6
BRDA:146,7,0,6
BRDA:146,7,1,6
BRDA:152,8,0,6
BRDA:152,8,1,6
BRDA:158,9,0,6
BRDA:158,9,1,6
BRDA:164,10,0,6
BRDA:164,10,1,6
BRDA:200,11,0,6
BRDA:200,11,1,6
BRDA:214,12,0,6
BRDA:214,12,1,6
BRF:26
BRH:26
end_of_record
TN:
SF:/GitSourcetree/l2lc-fe/src/components/promptModal.js
FN:37,(anonymous_0)
FN:49,(anonymous_1)
FN:58,(anonymous_2)
FN:67,(anonymous_3)
FN:78,(anonymous_4)
FNF:5
FNH:5
FNDA:5,(anonymous_0)
FNDA:1,(anonymous_1)
FNDA:1,(anonymous_2)
FNDA:1,(anonymous_3)
FNDA:5,(anonymous_4)
DA:38,5
DA:39,5
DA:40,5
DA:41,5
DA:50,1
DA:59,1
DA:68,1
DA:79,5
DA:80,5
DA:81,4
DA:83,5
DA:84,5
DA:85,4
DA:88,5
DA:89,5
DA:90,4
DA:93,5
DA:94,5
DA:95,4
DA:98,5
DA:99,5
DA:100,4
DA:107,5
LF:23
LH:23
BRDA:80,0,0,4
BRDA:80,0,1,1
BRDA:84,1,0,4
BRDA:84,1,1,1
BRDA:89,2,0,4
BRDA:89,2,1,1
BRDA:94,3,0,4
BRDA:94,3,1,1
BRDA:99,4,0,4
BRDA:99,4,1,1
BRDA:115,5,0,4
BRDA:115,5,1,1
BRF:12
BRH:12
end_of_record
TN:
SF:/GitSourcetree/l2lc-fe/src/components/selectField.js
FN:38,(anonymous_0)
FN:53,(anonymous_1)
FNF:2
FNH:2
FNDA:2,(anonymous_0)
FNDA:4,(anonymous_1)
DA:39,2
DA:40,2
DA:41,1
DA:42,2
DA:54,4
DA:55,4
DA:56,2
DA:57,4
LF:8
LH:8
BRDA:40,0,0,1
BRDA:40,0,1,1
BRDA:55,1,0,2
BRDA:55,1,1,2
BRF:4
BRH:4
end_of_record
TN:
SF:/GitSourcetree/l2lc-fe/src/components/table.js
FN:16,(anonymous_0)
FN:30,(anonymous_1)
FN:44,(anonymous_2)
FN:67,(anonymous_3)
FNF:4
FNH:4
FNDA:5,(anonymous_0)
FNDA:3,(anonymous_1)
FNDA:5,(anonymous_2)
FNDA:1,(anonymous_3)
DA:17,5
DA:18,5
DA:19,5
DA:20,5
DA:31,3
DA:32,3
DA:50,5
DA:52,5
DA:53,4
DA:64,5
DA:65,5
DA:66,3
DA:68,1
DA:72,5
DA:73,5
DA:74,2
DA:82,5
LF:17
LH:17
BRDA:31,0,0,3
BRDA:31,0,1,3
BRDA:32,1,0,1
BRDA:32,1,1,2
BRDA:52,2,0,4
BRDA:52,2,1,1
BRDA:65,3,0,3
BRDA:65,3,1,2
BRDA:73,4,0,2
BRDA:73,4,1,3
BRF:10
BRH:10
end_of_record
TN:
SF:/GitSourcetree/l2lc-fe/src/components/tableActionCell.js
FN:27,(anonymous_0)
FN:39,(anonymous_1)
FN:48,(anonymous_2)
FN:57,(anonymous_3)
FN:68,(anonymous_4)
FNF:5
FNH:5
FNDA:10,(anonymous_0)
FNDA:1,(anonymous_1)
FNDA:1,(anonymous_2)
FNDA:1,(anonymous_3)
FNDA:10,(anonymous_4)
DA:28,10
DA:29,10
DA:30,10
DA:31,10
DA:40,1
DA:49,1
DA:58,1
DA:69,10
DA:70,10
DA:71,10
DA:72,10
DA:73,1
DA:75,9
DA:76,1
DA:79,8
DA:80,5
DA:82,8
DA:83,8
DA:85,10
LF:19
LH:19
BRDA:72,0,0,1
BRDA:72,0,1,9
BRDA:75,1,0,1
BRDA:75,1,1,8
BRDA:79,2,0,5
BRDA:79,2,1,3
BRF:6
BRH:6
end_of_record
TN:
SF:/GitSourcetree/l2lc-fe/src/components/tableButton.js
FN:24,(anonymous_0)
FNF:1
FNH:1
FNDA:1,(anonymous_0)
DA:25,1
LF:1
LH:1
BRF:0
BRH:0
end_of_record
TN:
SF:/GitSourcetree/l2lc-fe/src/components/textAreaField.js
FN:36,(anonymous_0)
FNF:1
FNH:1
FNDA:1,(anonymous_0)
DA:37,1
LF:1
LH:1
BRF:0
BRH:0
end_of_record
TN:
SF:/GitSourcetree/l2lc-fe/src/components/textField.js
FN:36,(anonymous_0)
FNF:1
FNH:1
FNDA:4,(anonymous_0)
DA:37,4
DA:38,4
DA:39,3
DA:40,4
DA:41,4
DA:42,1
DA:43,4
LF:7
LH:7
BRDA:38,0,0,3
BRDA:38,0,1,1
BRDA:41,1,0,1
BRDA:41,1,1,3
BRF:4
BRH:4
end_of_record
TN:
SF:/GitSourcetree/l2lc-fe/src/components/timeEntry.js
FN:18,(anonymous_0)
FNF:1
FNH:1
FNDA:1,(anonymous_0)
DA:19,1
LF:1
LH:1
BRF:0
BRH:0
end_of_record
TN:
SF:/GitSourcetree/l2lc-fe/src/models/accountFormModel.js
FN:19,(anonymous_0)
FN:45,(anonymous_1)
FN:55,(anonymous_2)
FN:57,(anonymous_3)
FN:66,(anonymous_4)
FN:67,(anonymous_5)
FN:69,(anonymous_6)
FN:73,(anonymous_7)
FN:91,(anonymous_8)
FN:102,(anonymous_9)
FNF:10
FNH:10
FNDA:8,(anonymous_0)
FNDA:5,(anonymous_1)
FNDA:3,(anonymous_2)
FNDA:1,(anonymous_3)
FNDA:11,(anonymous_4)
FNDA:2,(anonymous_5)
FNDA:6,(anonymous_6)
FNDA:2,(anonymous_7)
FNDA:2,(anonymous_8)
FNDA:2,(anonymous_9)
DA:6,2
DA:20,8
DA:21,8
DA:34,8
DA:35,8
DA:36,8
DA:46,5
DA:57,3
DA:67,11
DA:68,2
DA:69,2
DA:70,6
DA:72,2
DA:74,2
DA:75,1
DA:77,1
DA:78,1
DA:92,2
DA:93,2
DA:103,2
DA:104,2
LF:21
LH:21
BRDA:74,0,0,1
BRDA:74,0,1,1
BRF:2
BRH:2
end_of_record
TN:
SF:/GitSourcetree/l2lc-fe/src/models/accountTableModel.js
FN:22,(anonymous_0)
FN:48,(anonymous_1)
FN:58,(anonymous_2)
FN:59,(anonymous_3)
FN:78,(anonymous_4)
FN:80,(anonymous_5)
FN:92,(anonymous_6)
FNF:7
FNH:7
FNDA:5,(anonymous_0)
FNDA:2,(anonymous_1)
FNDA:1,(anonymous_2)
FNDA:1,(anonymous_3)
FNDA:2,(anonymous_4)
FNDA:1,(anonymous_5)
FNDA:2,(anonymous_6)
DA:8,2
DA:23,5
DA:30,5
DA:31,5
DA:32,5
DA:49,2
DA:59,1
DA:60,1
DA:61,1
DA:63,1
DA:79,2
DA:80,2
DA:81,2
DA:93,2
DA:94,1
LF:15
LH:15
BRDA:93,0,0,1
BRDA:93,0,1,1
BRF:2
BRH:2
end_of_record
TN:
SF:/GitSourcetree/l2lc-fe/src/models/analyticsModel.js
FN:20,AnalyticsModel
FN:84,(anonymous_13)
FN:88,(anonymous_14)
FN:126,(anonymous_16)
FNF:4
FNH:0
FNDA:0,AnalyticsModel
FNDA:0,(anonymous_13)
FNDA:0,(anonymous_14)
FNDA:0,(anonymous_16)
DA:1,0
DA:2,0
DA:3,0
DA:20,0
DA:21,0
DA:29,0
DA:31,0
DA:32,0
DA:33,0
DA:34,0
DA:35,0
DA:36,0
DA:50,0
DA:51,0
DA:52,0
DA:53,0
DA:66,0
DA:70,0
DA:71,0
DA:80,0
DA:81,0
DA:83,0
DA:84,0
DA:86,0
DA:87,0
DA:88,0
DA:89,0
DA:90,0
DA:95,0
DA:96,0
DA:97,0
DA:100,0
DA:101,0
DA:104,0
DA:105,0
DA:116,0
DA:126,0
DA:127,0
DA:128,0
DA:131,0
DA:133,0
DA:134,0
DA:135,0
LF:43
LH:0
BRDA:23,0,0,0
BRDA:23,0,1,0
BRDA:24,1,0,0
BRDA:24,1,1,0
BRDA:25,2,0,0
BRDA:25,2,1,0
BRDA:81,3,0,0
BRDA:81,3,1,0
BRDA:89,4,0,0
BRDA:89,4,1,0
BRDA:96,5,0,0
BRDA:96,5,1,0
BRDA:127,6,0,0
BRDA:127,6,1,0
BRF:14
BRH:0
end_of_record
TN:
SF:/GitSourcetree/l2lc-fe/src/models/customerFormModel.js
FN:19,(anonymous_0)
FN:45,(anonymous_1)
FN:47,(anonymous_2)
FN:50,(anonymous_3)
FN:68,(anonymous_4)
FN:69,(anonymous_5)
FN:72,(anonymous_6)
FN:91,(anonymous_7)
FN:92,(anonymous_8)
FN:94,(anonymous_9)
FN:135,(anonymous_10)
FN:139,(anonymous_11)
FN:160,(anonymous_12)
FN:171,(anonymous_13)
FNF:14
FNH:14
FNDA:6,(anonymous_0)
FNDA:2,(anonymous_1)
FNDA:2,(anonymous_2)
FNDA:2,(anonymous_3)
FNDA:8,(anonymous_4)
FNDA:2,(anonymous_5)
FNDA:2,(anonymous_6)
FNDA:4,(anonymous_7)
FNDA:50,(anonymous_8)
FNDA:833,(anonymous_9)
FNDA:2,(anonymous_10)
FNDA:34,(anonymous_11)
FNDA:2,(anonymous_12)
FNDA:1,(anonymous_13)
DA:6,2
DA:20,6
DA:21,6
DA:34,6
DA:35,6
DA:36,6
DA:47,2
DA:48,2
DA:49,2
DA:51,2
DA:52,1
DA:55,1
DA:56,1
DA:69,8
DA:70,2
DA:71,2
DA:73,2
DA:74,1
DA:77,1
DA:78,1
DA:92,4
DA:94,50
DA:95,833
DA:96,49
DA:99,50
DA:101,4
DA:115,4
DA:116,3
DA:118,1
DA:125,4
DA:136,2
DA:137,2
DA:139,2
DA:141,34
DA:142,24
DA:143,12
DA:145,12
DA:148,10
DA:149,34
DA:150,32
DA:161,2
DA:162,2
DA:172,1
LF:43
LH:43
BRDA:51,0,0,1
BRDA:51,0,1,1
BRDA:73,1,0,1
BRDA:73,1,1,1
BRDA:95,2,0,49
BRDA:95,2,1,784
BRDA:115,3,0,3
BRDA:115,3,1,1
BRDA:141,4,0,24
BRDA:141,4,1,10
BRDA:142,5,0,12
BRDA:142,5,1,12
BRDA:149,6,0,32
BRDA:149,6,1,2
BRDA:149,7,0,34
BRDA:149,7,1,34
BRDA:149,7,2,34
BRF:17
BRH:17
end_of_record
TN:
SF:/GitSourcetree/l2lc-fe/src/models/customerModel.js
FN:32,(anonymous_0)
FN:75,(anonymous_1)
FN:85,(anonymous_2)
FN:97,(anonymous_3)
FN:110,(anonymous_4)
FN:128,(anonymous_5)
FN:145,(anonymous_6)
FN:165,(anonymous_7)
FN:182,(anonymous_8)
FN:199,(anonymous_9)
FN:216,(anonymous_10)
FNF:11
FNH:11
FNDA:23,(anonymous_0)
FNDA:1,(anonymous_1)
FNDA:1,(anonymous_2)
FNDA:28,(anonymous_3)
FNDA:25,(anonymous_4)
FNDA:25,(anonymous_5)
FNDA:25,(anonymous_6)
FNDA:25,(anonymous_7)
FNDA:25,(anonymous_8)
FNDA:25,(anonymous_9)
FNDA:25,(anonymous_10)
DA:3,16
DA:33,23
DA:62,23
DA:64,23
DA:65,23
DA:75,1
DA:99,28
DA:111,25
DA:112,4
DA:116,21
DA:129,25
DA:130,4
DA:133,21
DA:146,25
DA:147,7
DA:148,1
DA:151,6
DA:154,18
DA:166,25
DA:167,4
DA:170,21
DA:183,25
DA:184,4
DA:187,21
DA:200,25
DA:201,4
DA:204,21
DA:217,25
DA:218,4
DA:221,21
LF:30
LH:30
BRDA:99,0,0,6
BRDA:99,0,1,22
BRDA:99,1,0,13
BRDA:99,1,1,15
BRDA:111,2,0,4
BRDA:111,2,1,21
BRDA:116,3,0,5
BRDA:116,3,1,16
BRDA:116,4,0,6
BRDA:116,4,1,15
BRDA:129,5,0,4
BRDA:129,5,1,21
BRDA:146,6,0,7
BRDA:146,6,1,18
BRDA:146,7,0,25
BRDA:146,7,1,20
BRDA:147,8,0,1
BRDA:147,8,1,6
BRDA:166,9,0,4
BRDA:166,9,1,21
BRDA:183,10,0,4
BRDA:183,10,1,21
BRDA:200,11,0,4
BRDA:200,11,1,21
BRDA:217,12,0,4
BRDA:217,12,1,21
BRF:26
BRH:26
end_of_record
TN:
SF:/GitSourcetree/l2lc-fe/src/models/customerProjectsTableModel.js
FN:25,(anonymous_0)
FN:28,(anonymous_1)
FN:52,(anonymous_2)
FN:77,(anonymous_3)
FN:78,(anonymous_4)
FN:82,(anonymous_5)
FN:88,(anonymous_6)
FN:97,(anonymous_7)
FN:109,(anonymous_8)
FN:121,(anonymous_9)
FNF:10
FNH:10
FNDA:10,(anonymous_0)
FNDA:1,(anonymous_1)
FNDA:1,(anonymous_2)
FNDA:1,(anonymous_3)
FNDA:2,(anonymous_4)
FNDA:1,(anonymous_5)
FNDA:2,(anonymous_6)
FNDA:2,(anonymous_7)
FNDA:1,(anonymous_8)
FNDA:4,(anonymous_9)
DA:11,2
DA:26,10
DA:28,1
DA:36,10
DA:39,10
DA:40,10
DA:41,10
DA:42,10
DA:43,10
DA:52,1
DA:77,1
DA:80,2
DA:82,1
DA:89,2
DA:97,2
DA:110,1
DA:122,4
DA:123,3
DA:124,3
DA:125,1
DA:127,2
DA:128,1
DA:131,1
LF:23
LH:23
BRDA:80,0,0,2
BRDA:80,0,1,1
BRDA:97,1,0,1
BRDA:97,1,1,1
BRDA:122,2,0,3
BRDA:122,2,1,1
BRDA:122,3,0,4
BRDA:122,3,1,3
BRDA:122,3,2,2
BRDA:124,4,0,1
BRDA:124,4,1,2
BRDA:127,5,0,1
BRDA:127,5,1,1
BRF:13
BRH:13
end_of_record
TN:
SF:/GitSourcetree/l2lc-fe/src/models/customerTableModel.js
FN:23,(anonymous_0)
FN:44,(anonymous_1)
FN:81,(anonymous_2)
FN:88,(anonymous_3)
FN:97,(anonymous_4)
FN:110,(anonymous_5)
FN:117,(anonymous_6)
FN:118,(anonymous_7)
FN:140,(anonymous_8)
FN:154,(anonymous_9)
FN:163,(anonymous_10)
FN:169,(anonymous_11)
FN:179,(anonymous_12)
FN:197,(anonymous_13)
FN:208,(anonymous_14)
FN:219,(anonymous_15)
FNF:16
FNH:16
FNDA:12,(anonymous_0)
FNDA:14,(anonymous_1)
FNDA:13,(anonymous_2)
FNDA:1,(anonymous_3)
FNDA:2,(anonymous_4)
FNDA:1,(anonymous_5)
FNDA:1,(anonymous_6)
FNDA:1,(anonymous_7)
FNDA:2,(anonymous_8)
FNDA:2,(anonymous_9)
FNDA:1,(anonymous_10)
FNDA:1,(anonymous_11)
FNDA:3,(anonymous_12)
FNDA:2,(anonymous_13)
FNDA:1,(anonymous_14)
FNDA:2,(anonymous_15)
DA:9,2
DA:24,12
DA:31,12
DA:32,12
DA:33,12
DA:34,12
DA:35,12
DA:45,14
DA:82,13
DA:83,13
DA:89,1
DA:97,2
DA:100,13
DA:111,1
DA:112,1
DA:118,1
DA:119,1
DA:121,1
DA:131,1
DA:141,2
DA:142,2
DA:143,2
DA:153,2
DA:154,2
DA:164,1
DA:165,1
DA:168,1
DA:169,1
DA:180,3
DA:181,2
DA:182,2
DA:183,1
DA:186,1
DA:198,2
DA:199,2
DA:209,1
DA:210,1
DA:220,2
LF:38
LH:38
BRDA:97,0,0,1
BRDA:97,0,1,1
BRDA:180,1,0,2
BRDA:180,1,1,1
BRDA:180,2,0,3
BRDA:180,2,1,2
BRDA:182,3,0,1
BRDA:182,3,1,1
BRF:8
BRH:8
end_of_record
TN:
SF:/GitSourcetree/l2lc-fe/src/models/employeeFormModel.js
FN:19,(anonymous_0)
FN:45,(anonymous_1)
FN:47,(anonymous_2)
FN:49,(anonymous_3)
FN:53,(anonymous_4)
FN:71,(anonymous_5)
FN:72,(anonymous_6)
FN:74,(anonymous_7)
FN:78,(anonymous_8)
FN:97,(anonymous_9)
FN:101,(anonymous_10)
FN:112,(anonymous_11)
FNF:12
FNH:12
FNDA:5,(anonymous_0)
FNDA:2,(anonymous_1)
FNDA:2,(anonymous_2)
FNDA:2,(anonymous_3)
FNDA:2,(anonymous_4)
FNDA:7,(anonymous_5)
FNDA:2,(anonymous_6)
FNDA:3,(anonymous_7)
FNDA:2,(anonymous_8)
FNDA:2,(anonymous_9)
FNDA:4,(anonymous_10)
FNDA:2,(anonymous_11)
DA:6,2
DA:20,5
DA:21,5
DA:34,5
DA:35,5
DA:36,5
DA:47,2
DA:48,2
DA:49,2
DA:50,2
DA:52,2
DA:54,2
DA:55,1
DA:58,1
DA:59,1
DA:72,7
DA:73,2
DA:74,2
DA:75,3
DA:77,2
DA:79,2
DA:80,1
DA:83,1
DA:84,1
DA:98,2
DA:99,2
DA:101,2
DA:102,4
DA:113,2
DA:114,2
LF:30
LH:30
BRDA:54,0,0,1
BRDA:54,0,1,1
BRDA:79,1,0,1
BRDA:79,1,1,1
BRF:4
BRH:4
end_of_record
TN:
SF:/GitSourcetree/l2lc-fe/src/models/employeeModel.js
FN:16,(anonymous_0)
FN:37,(anonymous_1)
FN:50,(anonymous_2)
FN:62,(anonymous_3)
FN:73,(anonymous_4)
FN:84,(anonymous_5)
FNF:6
FNH:6
FNDA:10,(anonymous_0)
FNDA:1,(anonymous_1)
FNDA:1,(anonymous_2)
FNDA:11,(anonymous_3)
FNDA:11,(anonymous_4)
FNDA:11,(anonymous_5)
DA:3,16
DA:17,10
DA:24,10
DA:25,10
DA:26,10
DA:38,1
DA:39,1
DA:51,1
DA:52,1
DA:63,11
DA:74,11
DA:85,11
LF:12
LH:12
BRF:0
BRH:0
end_of_record
TN:
SF:/GitSourcetree/l2lc-fe/src/models/employeeTableModel.js
FN:22,(anonymous_0)
FN:53,(anonymous_1)
FN:62,(anonymous_2)
FN:74,(anonymous_3)
FNF:4
FNH:4
FNDA:5,(anonymous_0)
FNDA:1,(anonymous_1)
FNDA:1,(anonymous_2)
FNDA:3,(anonymous_3)
DA:8,2
DA:23,5
DA:30,5
DA:31,5
DA:32,5
DA:33,5
DA:54,1
DA:62,1
DA:75,3
DA:76,2
DA:77,2
DA:78,1
DA:81,1
LF:13
LH:13
BRDA:75,0,0,2
BRDA:75,0,1,1
BRDA:75,1,0,3
BRDA:75,1,1,2
BRDA:77,2,0,1
BRDA:77,2,1,1
BRF:6
BRH:6
end_of_record
TN:
SF:/GitSourcetree/l2lc-fe/src/models/formModel.js
FN:24,(anonymous_0)
FN:25,(anonymous_1)
FN:67,(anonymous_2)
FN:76,(anonymous_3)
FN:84,(anonymous_4)
FN:92,(anonymous_5)
FN:106,(anonymous_6)
FN:107,(anonymous_7)
FN:119,(anonymous_8)
FN:120,(anonymous_9)
FN:131,(anonymous_10)
FN:153,(anonymous_11)
FN:155,(anonymous_12)
FN:178,(anonymous_13)
FN:190,(anonymous_14)
FN:211,(anonymous_15)
FN:212,(anonymous_16)
FN:236,(anonymous_17)
FN:237,(anonymous_18)
FN:253,(anonymous_19)
FNF:20
FNH:20
FNDA:36,(anonymous_0)
FNDA:201,(anonymous_1)
FNDA:9,(anonymous_2)
FNDA:3,(anonymous_3)
FNDA:9,(anonymous_4)
FNDA:2,(anonymous_5)
FNDA:16,(anonymous_6)
FNDA:137,(anonymous_7)
FNDA:137,(anonymous_8)
FNDA:948,(anonymous_9)
FNDA:139,(anonymous_10)
FNDA:6,(anonymous_11)
FNDA:13,(anonymous_12)
FNDA:2,(anonymous_13)
FNDA:49,(anonymous_14)
FNDA:28,(anonymous_15)
FNDA:250,(anonymous_16)
FNDA:2,(anonymous_17)
FNDA:4,(anonymous_18)
FNDA:4,(anonymous_19)
DA:3,13
DA:25,36
DA:26,201
DA:27,201
DA:31,187
DA:32,187
DA:34,14
DA:35,14
DA:37,201
DA:38,201
DA:39,201
DA:41,201
DA:42,159
DA:44,36
DA:49,36
DA:51,36
DA:52,36
DA:53,36
DA:54,36
DA:55,36
DA:56,36
DA:67,9
DA:76,3
DA:84,9
DA:93,2
DA:94,2
DA:95,1
DA:107,16
DA:108,137
DA:120,948
DA:121,137
DA:132,139
DA:133,139
DA:137,134
DA:138,134
DA:140,5
DA:141,5
DA:143,139
DA:154,6
DA:155,6
DA:156,13
DA:157,1
DA:159,13
DA:160,9
DA:164,9
DA:165,5
DA:166,9
DA:170,6
DA:179,2
DA:191,49
DA:193,49
DA:195,7
DA:196,7
DA:198,2
DA:200,2
DA:202,2
DA:205,49
DA:207,49
DA:209,49
DA:210,8
DA:211,8
DA:212,250
DA:214,28
DA:215,28
DA:217,28
DA:218,6
DA:220,28
DA:221,26
DA:226,49
DA:227,2
DA:237,2
DA:238,4
DA:239,3
DA:241,2
DA:242,1
DA:255,4
DA:256,4
DA:257,4
DA:258,3
DA:261,1
DA:262,1
LF:81
LH:81
BRDA:27,0,0,49
BRDA:27,0,1,180
BRDA:27,0,2,187
BRDA:27,0,3,14
BRDA:41,1,0,159
BRDA:41,1,1,42
BRDA:94,2,0,1
BRDA:94,2,1,1
BRDA:133,3,0,38
BRDA:133,3,1,128
BRDA:133,3,2,134
BRDA:133,3,3,5
BRDA:156,4,0,1
BRDA:156,4,1,12
BRDA:159,5,0,9
BRDA:159,5,1,4
BRDA:160,6,0,6
BRDA:160,6,1,6
BRDA:160,6,2,9
BRDA:164,7,0,5
BRDA:164,7,1,4
BRDA:193,8,0,7
BRDA:193,8,1,42
BRDA:196,9,0,2
BRDA:196,9,1,5
BRDA:209,10,0,8
BRDA:209,10,1,41
BRDA:214,11,0,28
BRDA:217,12,0,6
BRDA:217,12,1,22
BRDA:220,13,0,26
BRDA:220,13,1,2
BRDA:226,14,0,2
BRDA:226,14,1,47
BRDA:226,15,0,49
BRDA:226,15,1,7
BRDA:226,15,2,7
BRDA:238,16,0,3
BRDA:238,16,1,1
BRDA:241,17,0,1
BRDA:241,17,1,1
BRDA:241,18,0,2
BRDA:241,18,1,1
BRDA:255,19,0,4
BRDA:257,20,0,3
BRDA:257,20,1,1
BRF:46
BRH:46
end_of_record
TN:
SF:/GitSourcetree/l2lc-fe/src/models/modalModel.js
FN:15,(anonymous_0)
FN:33,(anonymous_1)
FN:41,(anonymous_2)
FN:49,(anonymous_3)
FN:60,(anonymous_4)
FN:70,(anonymous_5)
FN:80,(anonymous_6)
FNF:7
FNH:7
FNDA:9,(anonymous_0)
FNDA:2,(anonymous_1)
FNDA:1,(anonymous_2)
FNDA:1,(anonymous_3)
FNDA:1,(anonymous_4)
FNDA:1,(anonymous_5)
FNDA:1,(anonymous_6)
DA:3,3
DA:16,9
DA:21,9
DA:22,9
DA:23,9
DA:33,2
DA:41,1
DA:50,1
DA:51,1
DA:61,1
DA:71,1
DA:81,1
LF:12
LH:12
BRF:0
BRH:0
end_of_record
TN:
SF:/GitSourcetree/l2lc-fe/src/models/projectFormModel.js
FN:21,(anonymous_0)
FN:46,(anonymous_1)
FN:48,(anonymous_2)
FN:51,(anonymous_3)
FN:69,(anonymous_4)
FN:82,(anonymous_5)
FN:83,(anonymous_6)
FN:94,(anonymous_7)
FN:114,(anonymous_8)
FN:115,(anonymous_9)
FN:117,(anonymous_10)
FN:143,(anonymous_11)
FN:148,(anonymous_12)
FN:169,(anonymous_13)
FNF:14
FNH:14
FNDA:7,(anonymous_0)
FNDA:2,(anonymous_1)
FNDA:2,(anonymous_2)
FNDA:2,(anonymous_3)
FNDA:3,(anonymous_4)
FNDA:10,(anonymous_5)
FNDA:3,(anonymous_6)
FNDA:2,(anonymous_7)
FNDA:5,(anonymous_8)
FNDA:35,(anonymous_9)
FNDA:245,(anonymous_10)
FNDA:2,(anonymous_11)
FNDA:14,(anonymous_12)
FNDA:3,(anonymous_13)
DA:7,2
DA:22,7
DA:23,7
DA:33,7
DA:34,7
DA:35,7
DA:36,7
DA:37,7
DA:48,2
DA:49,2
DA:50,2
DA:52,2
DA:53,1
DA:56,1
DA:57,1
DA:70,3
DA:83,10
DA:84,3
DA:85,3
DA:87,1
DA:88,1
DA:90,1
DA:93,2
DA:95,2
DA:96,1
DA:99,1
DA:100,1
DA:115,5
DA:117,35
DA:118,245
DA:119,35
DA:122,35
DA:124,5
DA:133,5
DA:144,2
DA:145,2
DA:146,2
DA:148,2
DA:150,14
DA:151,2
DA:154,12
DA:155,10
DA:157,14
DA:158,10
DA:170,3
DA:171,3
DA:172,3
LF:47
LH:47
BRDA:52,0,0,1
BRDA:52,0,1,1
BRDA:85,1,0,1
BRDA:85,1,1,2
BRDA:85,2,0,3
BRDA:85,2,1,2
BRDA:85,2,2,2
BRDA:95,3,0,1
BRDA:95,3,1,1
BRDA:118,4,0,35
BRDA:118,4,1,210
BRDA:150,5,0,2
BRDA:150,5,1,12
BRDA:154,6,0,10
BRDA:154,6,1,2
BRDA:157,7,0,10
BRDA:157,7,1,4
BRDA:157,8,0,14
BRDA:157,8,1,10
BRDA:157,8,2,10
BRF:20
BRH:20
end_of_record
TN:
SF:/GitSourcetree/l2lc-fe/src/models/projectModel.js
FN:34,(anonymous_0)
FN:81,(anonymous_1)
FN:93,(anonymous_2)
FN:105,(anonymous_3)
FN:116,(anonymous_4)
FN:127,(anonymous_5)
FN:142,(anonymous_6)
FN:153,(anonymous_7)
FN:157,(anonymous_8)
FN:159,(anonymous_9)
FNF:10
FNH:10
FNDA:17,(anonymous_0)
FNDA:18,(anonymous_1)
FNDA:20,(anonymous_2)
FNDA:17,(anonymous_3)
FNDA:17,(anonymous_4)
FNDA:17,(anonymous_5)
FNDA:1,(anonymous_6)
FNDA:1,(anonymous_7)
FNDA:1,(anonymous_8)
FNDA:1,(anonymous_9)
DA:5,16
DA:35,17
DA:58,17
DA:59,11
DA:60,17
DA:61,6
DA:62,17
DA:64,17
DA:65,17
DA:66,17
DA:67,6
DA:68,17
DA:82,18
DA:83,1
DA:94,20
DA:95,20
DA:106,17
DA:117,17
DA:128,17
DA:143,1
DA:154,1
DA:158,1
DA:160,1
LF:23
LH:23
BRDA:34,0,0,5
BRDA:34,1,0,5
BRDA:34,2,0,5
BRDA:34,3,0,5
BRDA:34,4,0,5
BRDA:58,5,0,11
BRDA:58,5,1,6
BRDA:60,6,0,6
BRDA:60,6,1,11
BRDA:66,7,0,6
BRDA:66,7,1,11
BRDA:82,8,0,17
BRDA:82,8,1,1
BRDA:95,9,0,3
BRDA:95,9,1,17
BRDA:95,10,0,1
BRDA:95,10,1,2
BRDA:95,11,0,3
BRDA:95,11,1,17
BRDA:95,12,0,1
BRDA:95,12,1,2
BRF:21
BRH:21
end_of_record
TN:
SF:/GitSourcetree/l2lc-fe/src/models/projectSummaryModel.js
FN:13,(anonymous_0)
FNF:1
FNH:1
FNDA:1,(anonymous_0)
DA:3,2
DA:14,1
DA:18,1
LF:3
LH:3
BRF:0
BRH:0
end_of_record
TN:
SF:/GitSourcetree/l2lc-fe/src/models/projectTableModel.js
FN:24,(anonymous_0)
FN:51,(anonymous_1)
FN:62,(anonymous_2)
FN:82,(anonymous_3)
FN:83,(anonymous_4)
FN:87,(anonymous_5)
FN:93,(anonymous_6)
FN:102,(anonymous_7)
FN:114,(anonymous_8)
FN:126,(anonymous_9)
FNF:10
FNH:10
FNDA:10,(anonymous_0)
FNDA:1,(anonymous_1)
FNDA:1,(anonymous_2)
FNDA:1,(anonymous_3)
FNDA:2,(anonymous_4)
FNDA:1,(anonymous_5)
FNDA:1,(anonymous_6)
FNDA:2,(anonymous_7)
FNDA:1,(anonymous_8)
FNDA:4,(anonymous_9)
DA:10,2
DA:25,10
DA:35,10
DA:38,10
DA:39,10
DA:40,10
DA:41,10
DA:42,10
DA:51,1
DA:62,1
DA:82,1
DA:85,2
DA:87,1
DA:94,1
DA:102,2
DA:115,1
DA:127,4
DA:128,3
DA:129,3
DA:130,1
DA:132,2
DA:133,1
DA:136,1
LF:23
LH:23
BRDA:85,0,0,2
BRDA:85,0,1,1
BRDA:102,1,0,1
BRDA:102,1,1,1
BRDA:127,2,0,3
BRDA:127,2,1,1
BRDA:127,3,0,4
BRDA:127,3,1,3
BRDA:127,3,2,2
BRDA:129,4,0,1
BRDA:129,4,1,2
BRDA:132,5,0,1
BRDA:132,5,1,1
BRF:13
BRH:13
end_of_record
TN:
SF:/GitSourcetree/l2lc-fe/src/models/projectTaskFormModel.js
FN:21,(anonymous_0)
FN:39,(anonymous_1)
FN:40,(anonymous_2)
FN:42,(anonymous_3)
FN:57,(anonymous_4)
FN:74,(anonymous_5)
FNF:6
FNH:6
FNDA:4,(anonymous_0)
FNDA:2,(anonymous_1)
FNDA:4,(anonymous_2)
FNDA:8,(anonymous_3)
FNDA:2,(anonymous_4)
FNDA:1,(anonymous_5)
DA:7,2
DA:22,4
DA:23,4
DA:36,4
DA:37,4
DA:38,4
DA:39,4
DA:40,2
DA:42,4
DA:43,8
DA:44,4
DA:47,4
DA:49,2
DA:53,2
DA:54,2
DA:55,1
DA:56,2
DA:58,2
DA:59,1
DA:61,1
DA:62,1
DA:75,1
LF:22
LH:22
BRDA:43,0,0,4
BRDA:43,0,1,4
BRDA:54,1,0,1
BRDA:54,1,1,1
BRDA:58,2,0,1
BRDA:58,2,1,1
BRF:6
BRH:6
end_of_record
TN:
SF:/GitSourcetree/l2lc-fe/src/models/projectTaskTableModel.js
FN:19,(anonymous_0)
FN:44,(anonymous_1)
FN:53,(anonymous_2)
FN:54,(anonymous_3)
FN:82,(anonymous_4)
FN:91,(anonymous_5)
FN:94,(anonymous_6)
FN:96,(anonymous_7)
FN:116,(anonymous_8)
FN:118,(anonymous_9)
FN:130,(anonymous_10)
FN:141,(anonymous_11)
FN:143,(anonymous_12)
FN:157,(anonymous_13)
FN:169,(anonymous_14)
FN:185,(anonymous_15)
FN:193,(anonymous_16)
FN:201,(anonymous_17)
FN:222,(anonymous_18)
FNF:19
FNH:19
FNDA:14,(anonymous_0)
FNDA:1,(anonymous_1)
FNDA:1,(anonymous_2)
FNDA:1,(anonymous_3)
FNDA:1,(anonymous_4)
FNDA:1,(anonymous_5)
FNDA:2,(anonymous_6)
FNDA:2,(anonymous_7)
FNDA:1,(anonymous_8)
FNDA:1,(anonymous_9)
FNDA:1,(anonymous_10)
FNDA:1,(anonymous_11)
FNDA:1,(anonymous_12)
FNDA:2,(anonymous_13)
FNDA:6,(anonymous_14)
FNDA:5,(anonymous_15)
FNDA:1,(anonymous_16)
FNDA:5,(anonymous_17)
FNDA:5,(anonymous_18)
DA:11,2
DA:20,14
DA:33,14
DA:36,14
DA:37,14
DA:38,14
DA:39,14
DA:45,1
DA:54,1
DA:55,1
DA:56,1
DA:58,1
DA:83,1
DA:91,1
DA:94,14
DA:95,2
DA:97,2
DA:102,1
DA:104,2
DA:117,1
DA:118,1
DA:119,1
DA:131,1
DA:132,1
DA:142,1
DA:144,1
DA:159,2
DA:162,2
DA:163,1
DA:166,1
DA:168,2
DA:169,2
DA:170,6
DA:175,2
DA:185,5
DA:193,1
DA:202,5
DA:203,5
DA:204,5
DA:206,1
DA:207,1
DA:209,1
DA:210,1
DA:212,1
DA:213,1
DA:215,1
DA:216,1
DA:218,1
DA:219,1
DA:221,5
DA:223,5
LF:51
LH:51
BRDA:97,0,0,1
BRDA:97,0,1,1
BRDA:98,1,0,2
BRDA:98,1,1,2
BRDA:98,1,2,1
BRDA:162,2,0,1
BRDA:162,2,1,1
BRDA:204,3,0,1
BRDA:204,3,1,1
BRDA:204,3,2,1
BRDA:204,3,3,1
BRDA:204,3,4,1
BRF:12
BRH:12
end_of_record
TN:
SF:/GitSourcetree/l2lc-fe/src/models/tableModel.js
FN:24,(anonymous_0)
FN:47,(anonymous_1)
FN:55,(anonymous_2)
FN:63,(anonymous_3)
FN:74,(anonymous_4)
FN:82,(anonymous_5)
FN:90,(anonymous_6)
FN:93,(anonymous_7)
FNF:8
FNH:8
FNDA:64,(anonymous_0)
FNDA:2,(anonymous_1)
FNDA:3,(anonymous_2)
FNDA:1,(anonymous_3)
FNDA:2,(anonymous_4)
FNDA:2,(anonymous_5)
FNDA:1,(anonymous_6)
FNDA:1,(anonymous_7)
DA:3,15
DA:25,64
DA:31,64
DA:33,64
DA:34,64
DA:35,64
DA:36,64
DA:37,64
DA:47,2
DA:55,3
DA:64,1
DA:65,1
DA:74,2
DA:82,2
DA:91,1
DA:92,1
DA:94,1
DA:95,1
LF:18
LH:18
BRF:0
BRH:0
end_of_record
TN:
SF:/GitSourcetree/l2lc-fe/src/models/taskModel.js
FN:17,(anonymous_0)
FN:30,(anonymous_1)
FN:37,(anonymous_2)
FN:39,(anonymous_3)
FNF:4
FNH:4
FNDA:10,(anonymous_0)
FNDA:1,(anonymous_1)
FNDA:13,(anonymous_2)
FNDA:8,(anonymous_3)
DA:5,16
DA:18,10
DA:23,10
DA:24,10
DA:25,10
DA:31,1
DA:32,1
DA:38,13
DA:39,13
DA:40,8
DA:41,6
DA:43,13
LF:12
LH:12
BRDA:40,0,0,6
BRDA:40,0,1,2
BRDA:43,1,0,9
BRDA:43,1,1,4
BRDA:43,2,0,2
BRDA:43,2,1,2
BRF:6
BRH:6
end_of_record
TN:
SF:/GitSourcetree/l2lc-fe/src/models/timeEntryFormModel.js
FN:16,(anonymous_0)
FN:27,(anonymous_1)
FN:31,(anonymous_2)
FN:34,(anonymous_3)
FN:41,(anonymous_4)
FN:48,(anonymous_5)
FN:67,(anonymous_6)
FN:69,(anonymous_7)
FNF:8
FNH:8
FNDA:4,(anonymous_0)
FNDA:7,(anonymous_1)
FNDA:1,(anonymous_2)
FNDA:2,(anonymous_3)
FNDA:2,(anonymous_4)
FNDA:2,(anonymous_5)
FNDA:1,(anonymous_6)
FNDA:2,(anonymous_7)
DA:6,2
DA:17,4
DA:28,7
DA:29,7
DA:30,2
DA:31,1
DA:33,2
DA:34,2
DA:37,7
DA:40,4
DA:41,4
DA:42,2
DA:43,2
DA:47,2
DA:49,2
DA:50,1
DA:53,1
DA:54,1
DA:58,4
DA:68,1
DA:69,2
LF:21
LH:21
BRDA:29,0,0,2
BRDA:29,0,1,5
BRDA:30,1,0,1
BRDA:30,1,1,1
BRDA:33,2,0,1
BRDA:33,2,1,1
BRDA:49,3,0,1
BRDA:49,3,1,1
BRF:8
BRH:8
end_of_record
TN:
SF:/GitSourcetree/l2lc-fe/src/models/timeEntryModel.js
FN:16,(anonymous_0)
FNF:1
FNH:1
FNDA:3,(anonymous_0)
DA:3,16
DA:17,3
DA:23,3
DA:24,3
DA:25,3
LF:5
LH:5
BRF:0
BRH:0
end_of_record
TN:
SF:/GitSourcetree/l2lc-fe/src/models/timeEntryTableModel.js
FN:16,(anonymous_0)
FN:22,(anonymous_1)
FNF:2
FNH:2
FNDA:1,(anonymous_0)
FNDA:1,(anonymous_1)
DA:5,2
DA:17,1
DA:22,1
DA:24,1
DA:25,1
LF:5
LH:5
BRF:0
BRH:0
end_of_record
TN:
SF:/GitSourcetree/l2lc-fe/src/models/userModel.js
FN:16,(anonymous_0)
FN:41,(anonymous_1)
FNF:2
FNH:2
FNDA:7,(anonymous_0)
FNDA:1,(anonymous_1)
DA:4,16
DA:17,7
DA:26,7
DA:27,7
DA:28,7
DA:42,1
DA:43,1
DA:44,1
DA:45,1
LF:9
LH:9
BRDA:16,0,0,1
BRF:1
BRH:1
end_of_record
TN:
SF:/GitSourcetree/l2lc-fe/src/store/analyticsSelector.js
FN:12,AnalyticsSelector
FN:30,(anonymous_8)
FN:35,(anonymous_9)
FN:42,(anonymous_10)
FN:49,(anonymous_11)
FN:56,(anonymous_12)
FN:62,(anonymous_13)
FN:73,(anonymous_15)
FN:75,(anonymous_16)
FN:92,(anonymous_18)
FN:94,(anonymous_19)
FN:111,(anonymous_21)
FN:113,(anonymous_22)
FN:152,(anonymous_24)
FN:207,(anonymous_26)
FN:225,(anonymous_28)
FN:229,(anonymous_29)
FN:233,(anonymous_30)
FN:238,(anonymous_31)
FN:246,(anonymous_32)
FN:248,(anonymous_33)
FN:286,data
FN:295,(anonymous_36)
FN:299,(anonymous_37)
FN:309,data
FN:315,(anonymous_39)
FN:319,(anonymous_40)
FN:350,data
FN:356,(anonymous_43)
FN:360,(anonymous_44)
FNF:30
FNH:0
FNDA:0,AnalyticsSelector
FNDA:0,(anonymous_8)
FNDA:0,(anonymous_9)
FNDA:0,(anonymous_10)
FNDA:0,(anonymous_11)
FNDA:0,(anonymous_12)
FNDA:0,(anonymous_13)
FNDA:0,(anonymous_15)
FNDA:0,(anonymous_16)
FNDA:0,(anonymous_18)
FNDA:0,(anonymous_19)
FNDA:0,(anonymous_21)
FNDA:0,(anonymous_22)
FNDA:0,(anonymous_24)
FNDA:0,(anonymous_26)
FNDA:0,(anonymous_28)
FNDA:0,(anonymous_29)
FNDA:0,(anonymous_30)
FNDA:0,(anonymous_31)
FNDA:0,(anonymous_32)
FNDA:0,(anonymous_33)
FNDA:0,data
FNDA:0,(anonymous_36)
FNDA:0,(anonymous_37)
FNDA:0,data
FNDA:0,(anonymous_39)
FNDA:0,(anonymous_40)
FNDA:0,data
FNDA:0,(anonymous_43)
FNDA:0,(anonymous_44)
DA:1,0
DA:2,0
DA:3,0
DA:4,0
DA:12,0
DA:13,0
DA:21,0
DA:22,0
DA:29,0
DA:30,0
DA:31,0
DA:34,0
DA:35,0
DA:41,0
DA:42,0
DA:48,0
DA:49,0
DA:55,0
DA:56,0
DA:61,0
DA:62,0
DA:67,0
DA:71,0
DA:72,0
DA:73,0
DA:74,0
DA:75,0
DA:76,0
DA:77,0
DA:79,0
DA:81,0
DA:86,0
DA:90,0
DA:91,0
DA:92,0
DA:93,0
DA:94,0
DA:95,0
DA:96,0
DA:98,0
DA:100,0
DA:105,0
DA:109,0
DA:110,0
DA:111,0
DA:112,0
DA:113,0
DA:114,0
DA:115,0
DA:117,0
DA:119,0
DA:124,0
DA:138,0
DA:141,0
DA:143,0
DA:145,0
DA:147,0
DA:149,0
DA:150,0
DA:152,0
DA:153,0
DA:154,0
DA:155,0
DA:162,0
DA:163,0
DA:167,0
DA:170,0
DA:172,0
DA:173,0
DA:180,0
DA:181,0
DA:182,0
DA:184,0
DA:185,0
DA:186,0
DA:187,0
DA:188,0
DA:189,0
DA:190,0
DA:191,0
DA:193,0
DA:205,0
DA:207,0
DA:208,0
DA:210,0
DA:223,0
DA:224,0
DA:225,0
DA:226,0
DA:227,0
DA:229,0
DA:230,0
DA:233,0
DA:234,0
DA:235,0
DA:237,0
DA:238,0
DA:239,0
DA:240,0
DA:242,0
DA:244,0
DA:246,0
DA:248,0
DA:249,0
DA:251,0
DA:253,0
DA:262,0
DA:272,0
DA:287,0
DA:295,0
DA:296,0
DA:297,0
DA:299,0
DA:300,0
DA:303,0
DA:310,0
DA:315,0
DA:316,0
DA:317,0
DA:319,0
DA:320,0
DA:323,0
DA:337,0
DA:351,0
DA:356,0
DA:357,0
DA:358,0
DA:360,0
DA:361,0
DA:364,0
DA:378,0
DA:393,0
DA:408,0
DA:418,0
LF:134
LH:0
BRDA:76,0,0,0
BRDA:76,0,1,0
BRDA:95,1,0,0
BRDA:95,1,1,0
BRDA:114,2,0,0
BRDA:114,2,1,0
BRDA:114,3,0,0
BRDA:114,3,1,0
BRDA:154,4,0,0
BRDA:154,4,1,0
BRDA:162,5,0,0
BRDA:162,5,1,0
BRDA:172,6,0,0
BRDA:172,6,1,0
BRDA:181,7,0,0
BRDA:181,7,1,0
BRDA:184,8,0,0
BRDA:184,8,1,0
BRDA:186,9,0,0
BRDA:186,9,1,0
BRDA:188,10,0,0
BRDA:188,10,1,0
BRDA:190,11,0,0
BRDA:190,11,1,0
BRDA:190,12,0,0
BRDA:190,12,1,0
BRDA:234,13,0,0
BRDA:234,13,1,0
BRDA:239,14,0,0
BRDA:239,14,1,0
BRDA:296,15,0,0
BRDA:296,15,1,0
BRDA:316,16,0,0
BRDA:316,16,1,0
BRDA:357,17,0,0
BRDA:357,17,1,0
BRF:36
BRH:0
end_of_record
TN:
SF:/GitSourcetree/l2lc-fe/src/store/formSelector.js
FN:15,(anonymous_0)
FN:28,(anonymous_1)
FN:41,(anonymous_2)
FN:56,(anonymous_3)
FN:69,(anonymous_4)
FN:84,(anonymous_5)
FN:97,(anonymous_6)
FN:111,(anonymous_7)
FN:124,(anonymous_8)
FN:138,(anonymous_9)
FN:142,(anonymous_10)
FNF:11
FNH:11
FNDA:1,(anonymous_0)
FNDA:1,(anonymous_1)
FNDA:1,(anonymous_2)
FNDA:1,(anonymous_3)
FNDA:1,(anonymous_4)
FNDA:1,(anonymous_5)
FNDA:1,(anonymous_6)
FNDA:1,(anonymous_7)
FNDA:1,(anonymous_8)
FNDA:1,(anonymous_9)
FNDA:1,(anonymous_10)
DA:16,1
DA:29,1
DA:42,1
DA:43,1
DA:44,1
DA:57,1
DA:70,1
DA:71,1
DA:72,1
DA:85,1
DA:98,1
DA:112,1
DA:113,1
DA:114,1
DA:125,1
DA:139,1
DA:143,1
DA:144,1
DA:145,1
DA:150,1
LF:20
LH:20
BRF:0
BRH:0
end_of_record
TN:
SF:/GitSourcetree/l2lc-fe/src/store/page.js
FN:27,(anonymous_0)
FN:48,(anonymous_1)
FN:60,(anonymous_2)
FN:69,(anonymous_3)
FN:78,(anonymous_4)
FN:91,(anonymous_5)
FN:104,(anonymous_6)
FN:117,(anonymous_7)
FN:119,(anonymous_8)
FN:131,(anonymous_9)
FN:145,(anonymous_10)
FN:158,(anonymous_11)
FN:160,(anonymous_12)
FN:165,(anonymous_13)
FN:182,(anonymous_14)
FN:184,(anonymous_15)
FN:186,(anonymous_16)
FN:204,(anonymous_17)
FN:217,(anonymous_18)
FN:230,(anonymous_19)
FN:242,(anonymous_20)
FN:244,(anonymous_21)
FN:256,(anonymous_22)
FN:269,(anonymous_23)
FN:284,(anonymous_24)
FN:299,(anonymous_25)
FN:312,(anonymous_26)
FN:325,(anonymous_27)
FN:338,(anonymous_28)
FN:351,(anonymous_29)
FN:366,(anonymous_30)
FN:381,(anonymous_31)
FN:394,(anonymous_32)
FN:407,(anonymous_33)
FN:420,(anonymous_34)
FN:434,(anonymous_35)
FN:447,(anonymous_36)
FN:460,(anonymous_37)
FNF:38
FNH:38
FNDA:1,(anonymous_0)
FNDA:10,(anonymous_1)
FNDA:5,(anonymous_2)
FNDA:12,(anonymous_3)
FNDA:1,(anonymous_4)
FNDA:1,(anonymous_5)
FNDA:1,(anonymous_6)
FNDA:1,(anonymous_7)
FNDA:1,(anonymous_8)
FNDA:1,(anonymous_9)
FNDA:1,(anonymous_10)
FNDA:1,(anonymous_11)
FNDA:1,(anonymous_12)
FNDA:1,(anonymous_13)
FNDA:4,(anonymous_14)
FNDA:1,(anonymous_15)
FNDA:1,(anonymous_16)
FNDA:1,(anonymous_17)
FNDA:1,(anonymous_18)
FNDA:1,(anonymous_19)
FNDA:1,(anonymous_20)
FNDA:1,(anonymous_21)
FNDA:1,(anonymous_22)
FNDA:2,(anonymous_23)
FNDA:1,(anonymous_24)
FNDA:1,(anonymous_25)
FNDA:1,(anonymous_26)
FNDA:1,(anonymous_27)
FNDA:1,(anonymous_28)
FNDA:1,(anonymous_29)
FNDA:1,(anonymous_30)
FNDA:1,(anonymous_31)
FNDA:1,(anonymous_32)
FNDA:1,(anonymous_33)
FNDA:1,(anonymous_34)
FNDA:1,(anonymous_35)
FNDA:1,(anonymous_36)
FNDA:1,(anonymous_37)
DA:13,1
DA:28,1
DA:36,1
DA:37,1
DA:49,10
DA:50,10
DA:60,5
DA:69,12
DA:79,1
DA:92,1
DA:93,1
DA:94,1
DA:105,1
DA:106,1
DA:107,1
DA:118,1
DA:119,1
DA:120,1
DA:130,1
DA:131,1
DA:134,1
DA:135,1
DA:146,1
DA:147,1
DA:148,1
DA:159,1
DA:160,1
DA:161,1
DA:164,1
DA:166,1
DA:167,1
DA:171,1
DA:172,1
DA:183,4
DA:184,4
DA:185,1
DA:187,1
DA:188,1
DA:191,4
DA:192,4
DA:193,4
DA:194,4
DA:205,1
DA:206,1
DA:207,1
DA:218,1
DA:219,1
DA:220,1
DA:231,1
DA:232,1
DA:233,1
DA:243,1
DA:244,1
DA:257,1
DA:258,1
DA:259,1
DA:270,2
DA:271,2
DA:272,2
DA:285,1
DA:286,1
DA:287,1
DA:300,1
DA:301,1
DA:302,1
DA:313,1
DA:314,1
DA:315,1
DA:326,1
DA:327,1
DA:328,1
DA:339,1
DA:340,1
DA:341,1
DA:352,1
DA:353,1
DA:354,1
DA:367,1
DA:368,1
DA:369,1
DA:382,1
DA:383,1
DA:384,1
DA:395,1
DA:396,1
DA:397,1
DA:408,1
DA:409,1
DA:410,1
DA:421,1
DA:422,1
DA:423,1
DA:424,1
DA:435,1
DA:436,1
DA:437,1
DA:448,1
DA:449,1
DA:450,1
DA:461,1
DA:462,1
DA:463,1
DA:468,1
LF:103
LH:103
BRF:0
BRH:0
end_of_record
TN:
SF:/GitSourcetree/l2lc-fe/src/store/summarySelector.js
FN:13,(anonymous_0)
FN:27,(anonymous_1)
FN:38,(anonymous_2)
FN:49,(anonymous_3)
FNF:4
FNH:4
FNDA:1,(anonymous_0)
FNDA:1,(anonymous_1)
FNDA:1,(anonymous_2)
FNDA:1,(anonymous_3)
DA:14,1
DA:28,1
DA:39,1
DA:50,1
DA:54,1
LF:5
LH:5
BRF:0
BRH:0
end_of_record
TN:
SF:/GitSourcetree/l2lc-fe/src/store/tableSelector.js
FN:16,(anonymous_0)
FN:28,(anonymous_1)
FN:42,(anonymous_2)
FN:57,(anonymous_3)
FN:70,(anonymous_4)
FN:83,(anonymous_5)
FN:96,(anonymous_6)
FN:110,(anonymous_7)
FN:122,(anonymous_8)
FN:135,(anonymous_9)
FNF:10
FNH:10
FNDA:1,(anonymous_0)
FNDA:1,(anonymous_1)
FNDA:1,(anonymous_2)
FNDA:1,(anonymous_3)
FNDA:1,(anonymous_4)
FNDA:1,(anonymous_5)
FNDA:1,(anonymous_6)
FNDA:1,(anonymous_7)
FNDA:1,(anonymous_8)
FNDA:1,(anonymous_9)
DA:17,1
DA:29,1
DA:30,1
DA:31,1
DA:43,1
DA:44,1
DA:45,1
DA:58,1
DA:71,1
DA:84,1
DA:97,1
DA:111,1
DA:123,1
DA:136,1
DA:140,1
LF:15
LH:15
BRF:0
BRH:0
end_of_record
TN:
SF:/GitSourcetree/l2lc-fe/src/store/website.js
FN:22,(anonymous_0)
FN:47,(anonymous_1)
FN:57,(anonymous_2)
FN:69,(anonymous_3)
FN:80,(anonymous_4)
FN:91,(anonymous_5)
FN:102,(anonymous_6)
FN:126,(anonymous_7)
FN:130,(anonymous_8)
FN:151,(anonymous_9)
FN:155,(anonymous_10)
FN:174,(anonymous_11)
FN:178,(anonymous_12)
FN:196,(anonymous_13)
FN:199,(anonymous_14)
FN:224,(anonymous_15)
FN:228,(anonymous_16)
FN:246,(anonymous_17)
FN:248,(anonymous_18)
FN:262,(anonymous_19)
FN:266,(anonymous_20)
FN:284,(anonymous_21)
FN:288,(anonymous_22)
FN:306,(anonymous_23)
FN:316,(anonymous_24)
FN:327,(anonymous_25)
FN:339,(anonymous_26)
FN:352,(anonymous_27)
FN:359,(anonymous_28)
FN:380,(anonymous_29)
FN:394,(anonymous_30)
FN:398,(anonymous_31)
FN:416,(anonymous_32)
FNF:33
FNH:33
FNDA:14,(anonymous_0)
FNDA:1,(anonymous_1)
FNDA:1,(anonymous_2)
FNDA:3,(anonymous_3)
FNDA:2,(anonymous_4)
FNDA:2,(anonymous_5)
FNDA:1,(anonymous_6)
FNDA:3,(anonymous_7)
FNDA:3,(anonymous_8)
FNDA:2,(anonymous_9)
FNDA:2,(anonymous_10)
FNDA:2,(anonymous_11)
FNDA:2,(anonymous_12)
FNDA:3,(anonymous_13)
FNDA:3,(anonymous_14)
FNDA:2,(anonymous_15)
FNDA:2,(anonymous_16)
FNDA:1,(anonymous_17)
FNDA:1,(anonymous_18)
FNDA:2,(anonymous_19)
FNDA:2,(anonymous_20)
FNDA:2,(anonymous_21)
FNDA:2,(anonymous_22)
FNDA:1,(anonymous_23)
FNDA:1,(anonymous_24)
FNDA:1,(anonymous_25)
FNDA:1,(anonymous_26)
FNDA:2,(anonymous_27)
FNDA:2,(anonymous_28)
FNDA:15,(anonymous_29)
FNDA:2,(anonymous_30)
FNDA:2,(anonymous_31)
FNDA:1,(anonymous_32)
DA:4,14
DA:23,14
DA:36,14
DA:37,14
DA:48,1
DA:58,1
DA:70,3
DA:81,2
DA:92,2
DA:103,1
DA:105,1
DA:107,0
DA:109,0
DA:111,0
DA:127,3
DA:128,3
DA:129,3
DA:131,3
DA:132,1
DA:134,2
DA:135,1
DA:136,2
DA:137,2
DA:152,2
DA:153,2
DA:154,2
DA:156,2
DA:157,1
DA:159,1
DA:160,1
DA:175,2
DA:176,2
DA:177,2
DA:179,2
DA:180,1
DA:183,1
DA:184,1
DA:197,3
DA:198,3
DA:200,3
DA:201,1
DA:203,2
DA:204,1
DA:207,1
DA:225,2
DA:226,2
DA:227,2
DA:229,2
DA:230,1
DA:232,1
DA:233,1
DA:247,1
DA:249,1
DA:263,2
DA:264,2
DA:265,2
DA:267,2
DA:268,1
DA:270,1
DA:271,1
DA:285,2
DA:286,2
DA:287,2
DA:289,2
DA:290,1
DA:292,1
DA:293,1
DA:307,1
DA:317,1
DA:328,1
DA:329,1
DA:340,1
DA:341,1
DA:353,2
DA:357,2
DA:358,2
DA:361,2
DA:362,1
DA:363,0
DA:364,0
DA:365,0
DA:366,0
DA:369,1
DA:381,15
DA:395,2
DA:396,2
DA:397,2
DA:399,2
DA:400,1
DA:402,1
DA:403,1
DA:417,1
DA:422,14
LF:93
LH:86
BRDA:131,0,0,1
BRDA:131,0,1,2
BRDA:134,1,0,1
BRDA:134,1,1,1
BRDA:156,2,0,1
BRDA:156,2,1,1
BRDA:179,3,0,1
BRDA:179,3,1,1
BRDA:200,4,0,1
BRDA:200,4,1,2
BRDA:203,5,0,1
BRDA:203,5,1,1
BRDA:229,6,0,1
BRDA:229,6,1,1
BRDA:267,7,0,1
BRDA:267,7,1,1
BRDA:289,8,0,1
BRDA:289,8,1,1
BRDA:361,9,0,1
BRDA:361,9,1,1
BRDA:381,10,0,15
BRDA:381,10,1,15
BRDA:381,10,2,1
BRDA:399,11,0,1
BRDA:399,11,1,1
BRF:25
BRH:25
end_of_record
