TN:
SF:/GitSourcetree/l2lc-fe/src/api.js
FN:26,(anonymous_0)
FN:28,(anonymous_1)
FN:29,(anonymous_2)
FN:32,(anonymous_3)
FN:50,(anonymous_4)
FN:52,(anonymous_5)
FN:53,(anonymous_6)
FN:70,(anonymous_7)
FN:72,(anonymous_8)
FN:92,(anonymous_9)
FN:131,(anonymous_10)
FN:143,(anonymous_11)
FN:145,(anonymous_12)
FN:166,(anonymous_13)
FN:168,(anonymous_14)
FN:169,(anonymous_15)
FN:171,(anonymous_16)
FN:175,(anonymous_17)
FN:195,(anonymous_18)
FN:197,(anonymous_19)
FN:198,(anonymous_20)
FN:200,(anonymous_21)
FN:204,(anonymous_22)
FN:222,(anonymous_23)
FN:224,(anonymous_24)
FN:225,(anonymous_25)
FN:242,(anonymous_26)
FN:244,(anonymous_27)
FN:245,(anonymous_28)
FN:247,(anonymous_29)
FN:263,(anonymous_30)
FN:265,(anonymous_31)
FN:286,(anonymous_32)
FN:288,(anonymous_33)
FN:293,(anonymous_34)
FN:309,(anonymous_35)
FN:311,(anonymous_36)
FN:316,(anonymous_37)
FN:333,(anonymous_38)
FN:335,(anonymous_39)
FN:356,(anonymous_40)
FN:362,(anonymous_41)
FN:379,(anonymous_42)
FN:390,(anonymous_43)
FN:392,(anonymous_44)
FN:412,(anonymous_45)
FN:425,(anonymous_46)
FN:427,(anonymous_47)
FN:448,(anonymous_48)
FN:453,(anonymous_49)
FN:466,(anonymous_50)
FN:468,(anonymous_51)
FN:469,(anonymous_52)
FN:472,(anonymous_53)
FN:489,(anonymous_54)
FN:507,(anonymous_55)
FN:517,(anonymous_56)
FN:519,(anonymous_57)
FN:520,(anonymous_58)
FN:522,(anonymous_59)
FN:536,(anonymous_60)
FN:538,(anonymous_61)
FN:559,(anonymous_62)
FN:561,(anonymous_63)
FN:584,(anonymous_64)
FN:586,(anonymous_65)
FN:603,(anonymous_66)
FN:605,(anonymous_67)
FN:606,(anonymous_68)
FN:608,(anonymous_69)
FN:623,(anonymous_70)
FN:629,(anonymous_71)
FN:641,(anonymous_72)
FN:652,(anonymous_73)
FN:658,(anonymous_74)
FN:665,(anonymous_75)
FN:683,(anonymous_76)
FN:685,(anonymous_77)
FN:699,(anonymous_78)
FN:705,(anonymous_79)
FN:723,(anonymous_80)
FN:729,(anonymous_81)
FNF:82
FNH:82
FNDA:1,(anonymous_0)
FNDA:1,(anonymous_1)
FNDA:1,(anonymous_2)
FNDA:2,(anonymous_3)
FNDA:2,(anonymous_4)
FNDA:2,(anonymous_5)
FNDA:2,(anonymous_6)
FNDA:3,(anonymous_7)
FNDA:3,(anonymous_8)
FNDA:5,(anonymous_9)
FNDA:3,(anonymous_10)
FNDA:3,(anonymous_11)
FNDA:3,(anonymous_12)
FNDA:1,(anonymous_13)
FNDA:1,(anonymous_14)
FNDA:1,(anonymous_15)
FNDA:3,(anonymous_16)
FNDA:2,(anonymous_17)
FNDA:1,(anonymous_18)
FNDA:1,(anonymous_19)
FNDA:1,(anonymous_20)
FNDA:3,(anonymous_21)
FNDA:2,(anonymous_22)
FNDA:2,(anonymous_23)
FNDA:2,(anonymous_24)
FNDA:2,(anonymous_25)
FNDA:1,(anonymous_26)
FNDA:1,(anonymous_27)
FNDA:1,(anonymous_28)
FNDA:3,(anonymous_29)
FNDA:3,(anonymous_30)
FNDA:3,(anonymous_31)
FNDA:3,(anonymous_32)
FNDA:3,(anonymous_33)
FNDA:1,(anonymous_34)
FNDA:3,(anonymous_35)
FNDA:3,(anonymous_36)
FNDA:1,(anonymous_37)
FNDA:3,(anonymous_38)
FNDA:3,(anonymous_39)
FNDA:2,(anonymous_40)
FNDA:2,(anonymous_41)
FNDA:6,(anonymous_42)
FNDA:3,(anonymous_43)
FNDA:3,(anonymous_44)
FNDA:7,(anonymous_45)
FNDA:3,(anonymous_46)
FNDA:3,(anonymous_47)
FNDA:1,(anonymous_48)
FNDA:1,(anonymous_49)
FNDA:1,(anonymous_50)
FNDA:1,(anonymous_51)
FNDA:1,(anonymous_52)
FNDA:2,(anonymous_53)
FNDA:2,(anonymous_54)
FNDA:4,(anonymous_55)
FNDA:1,(anonymous_56)
FNDA:1,(anonymous_57)
FNDA:1,(anonymous_58)
FNDA:2,(anonymous_59)
FNDA:3,(anonymous_60)
FNDA:3,(anonymous_61)
FNDA:3,(anonymous_62)
FNDA:3,(anonymous_63)
FNDA:3,(anonymous_64)
FNDA:3,(anonymous_65)
FNDA:1,(anonymous_66)
FNDA:1,(anonymous_67)
FNDA:1,(anonymous_68)
FNDA:2,(anonymous_69)
FNDA:1,(anonymous_70)
FNDA:1,(anonymous_71)
FNDA:4,(anonymous_72)
FNDA:2,(anonymous_73)
FNDA:2,(anonymous_74)
FNDA:2,(anonymous_75)
FNDA:1,(anonymous_76)
FNDA:1,(anonymous_77)
FNDA:18,(anonymous_78)
FNDA:18,(anonymous_79)
FNDA:15,(anonymous_80)
FNDA:15,(anonymous_81)
DA:9,15
DA:27,1
DA:28,1
DA:30,1
DA:32,1
DA:33,2
DA:35,2
DA:38,1
DA:51,2
DA:52,2
DA:54,2
DA:55,2
DA:56,1
DA:58,2
DA:71,3
DA:73,3
DA:74,1
DA:76,2
DA:77,1
DA:80,1
DA:93,5
DA:94,5
DA:96,5
DA:97,3
DA:98,3
DA:99,2
DA:100,2
DA:101,2
DA:102,2
DA:103,1
DA:104,1
DA:106,2
DA:110,2
DA:112,5
DA:113,5
DA:114,5
DA:115,5
DA:116,1
DA:117,1
DA:119,5
DA:120,5
DA:132,3
DA:144,3
DA:146,3
DA:147,1
DA:149,2
DA:150,1
DA:153,1
DA:167,1
DA:168,1
DA:170,1
DA:171,1
DA:172,3
DA:173,2
DA:175,1
DA:176,2
DA:177,1
DA:178,2
DA:179,2
DA:181,1
DA:196,1
DA:197,1
DA:199,1
DA:200,1
DA:201,3
DA:202,2
DA:204,1
DA:205,2
DA:206,1
DA:207,2
DA:208,2
DA:210,1
DA:223,2
DA:224,2
DA:226,2
DA:227,2
DA:228,1
DA:230,2
DA:243,1
DA:244,1
DA:246,1
DA:247,1
DA:248,3
DA:249,2
DA:251,1
DA:264,3
DA:266,3
DA:267,1
DA:269,2
DA:270,1
DA:273,1
DA:287,3
DA:289,3
DA:290,1
DA:292,2
DA:293,1
DA:296,1
DA:310,3
DA:312,3
DA:313,1
DA:315,2
DA:316,1
DA:319,1
DA:334,3
DA:336,3
DA:337,1
DA:339,2
DA:340,1
DA:343,1
DA:357,2
DA:363,2
DA:364,1
DA:367,1
DA:380,6
DA:391,3
DA:393,3
DA:394,1
DA:396,2
DA:397,1
DA:400,1
DA:414,7
DA:426,3
DA:428,3
DA:429,1
DA:431,2
DA:432,1
DA:435,1
DA:449,1
DA:454,1
DA:467,1
DA:468,1
DA:470,1
DA:472,1
DA:473,2
DA:475,2
DA:478,1
DA:491,2
DA:492,2
DA:493,2
DA:494,2
DA:508,4
DA:518,1
DA:519,1
DA:521,1
DA:522,1
DA:523,2
DA:525,1
DA:537,3
DA:539,3
DA:540,1
DA:542,2
DA:543,1
DA:546,1
DA:560,3
DA:562,3
DA:563,1
DA:565,2
DA:566,1
DA:569,1
DA:585,3
DA:587,3
DA:588,1
DA:589,2
DA:590,1
DA:592,1
DA:604,1
DA:605,1
DA:607,1
DA:608,1
DA:609,2
DA:611,1
DA:624,1
DA:630,1
DA:642,4
DA:653,2
DA:660,2
DA:661,1
DA:663,1
DA:667,2
DA:668,1
DA:670,1
DA:684,1
DA:685,1
DA:700,18
DA:706,18
DA:707,6
DA:710,12
DA:724,15
DA:730,15
DA:731,5
DA:734,10
LF:191
LH:191
BRDA:55,0,0,1
BRDA:55,0,1,1
BRDA:73,1,0,1
BRDA:73,1,1,2
BRDA:76,2,0,1
BRDA:76,2,1,1
BRDA:96,3,0,3
BRDA:96,3,1,2
BRDA:98,4,0,2
BRDA:98,4,1,1
BRDA:102,5,0,1
BRDA:102,5,1,1
BRDA:115,6,0,1
BRDA:115,6,1,4
BRDA:146,7,0,1
BRDA:146,7,1,2
BRDA:149,8,0,1
BRDA:149,8,1,1
BRDA:172,9,0,2
BRDA:172,9,1,1
BRDA:176,10,0,1
BRDA:176,10,1,1
BRDA:201,11,0,2
BRDA:201,11,1,1
BRDA:205,12,0,1
BRDA:205,12,1,1
BRDA:227,13,0,1
BRDA:227,13,1,1
BRDA:248,14,0,2
BRDA:248,14,1,1
BRDA:266,15,0,1
BRDA:266,15,1,2
BRDA:269,16,0,1
BRDA:269,16,1,1
BRDA:289,17,0,1
BRDA:289,17,1,2
BRDA:292,18,0,1
BRDA:292,18,1,1
BRDA:312,19,0,1
BRDA:312,19,1,2
BRDA:315,20,0,1
BRDA:315,20,1,1
BRDA:336,21,0,1
BRDA:336,21,1,2
BRDA:339,22,0,1
BRDA:339,22,1,1
BRDA:363,23,0,1
BRDA:363,23,1,1
BRDA:393,24,0,1
BRDA:393,24,1,2
BRDA:396,25,0,1
BRDA:396,25,1,1
BRDA:414,26,0,2
BRDA:414,26,1,5
BRDA:414,27,0,2
BRDA:414,27,1,5
BRDA:414,28,0,1
BRDA:414,28,1,6
BRDA:428,29,0,1
BRDA:428,29,1,2
BRDA:431,30,0,1
BRDA:431,30,1,1
BRDA:539,31,0,1
BRDA:539,31,1,2
BRDA:542,32,0,1
BRDA:542,32,1,1
BRDA:562,33,0,1
BRDA:562,33,1,2
BRDA:565,34,0,1
BRDA:565,34,1,1
BRDA:587,35,0,1
BRDA:587,35,1,2
BRDA:589,36,0,1
BRDA:589,36,1,1
BRDA:660,37,0,1
BRDA:660,37,1,1
BRDA:667,38,0,1
BRDA:667,38,1,1
BRDA:706,39,0,6
BRDA:706,39,1,12
BRDA:706,40,0,18
BRDA:706,40,1,18
BRDA:730,41,0,5
BRDA:730,41,1,10
BRDA:730,42,0,15
BRDA:730,42,1,12
BRF:86
BRH:86
end_of_record
TN:
SF:/GitSourcetree/l2lc-fe/src/consts.js
FN:65,(anonymous_0)
FN:72,(anonymous_1)
FN:86,(anonymous_2)
FN:103,(anonymous_3)
FN:117,(anonymous_4)
FN:135,(anonymous_5)
FN:140,(anonymous_6)
FN:177,(anonymous_7)
FN:191,(anonymous_8)
FN:205,(anonymous_9)
FN:220,(anonymous_10)
FN:232,(anonymous_11)
FN:246,(anonymous_12)
FN:283,(anonymous_13)
FN:328,(anonymous_14)
FN:333,(anonymous_15)
FN:400,(anonymous_16)
FN:414,(anonymous_17)
FN:428,(anonymous_18)
FN:443,(anonymous_19)
FN:455,(anonymous_20)
FN:471,(anonymous_21)
FN:479,(anonymous_22)
FN:484,(anonymous_23)
FN:807,(anonymous_24)
FN:812,(anonymous_25)
FN:837,(anonymous_26)
FN:854,(anonymous_27)
FN:869,(anonymous_28)
FN:881,(anonymous_29)
FN:895,(anonymous_30)
FN:911,(anonymous_31)
FN:917,(anonymous_32)
FN:930,(anonymous_33)
FN:946,(anonymous_34)
FN:952,(anonymous_35)
FN:966,(anonymous_36)
FN:989,(anonymous_37)
FN:999,(anonymous_38)
FN:1009,(anonymous_39)
FN:1019,(anonymous_40)
FN:1029,(anonymous_41)
FN:1037,(anonymous_42)
FN:1045,(anonymous_43)
FN:1053,(anonymous_44)
FN:1061,(anonymous_45)
FN:1069,(anonymous_46)
FN:1077,(anonymous_47)
FN:1085,(anonymous_48)
FN:1093,(anonymous_49)
FN:1101,(anonymous_50)
FN:1109,(anonymous_51)
FN:1118,(anonymous_52)
FN:1127,(anonymous_53)
FN:1136,(anonymous_54)
FN:1144,(anonymous_55)
FN:1162,(anonymous_56)
FN:1170,(anonymous_57)
FN:1185,(anonymous_58)
FN:1200,(anonymous_59)
FN:1210,(anonymous_60)
FN:1281,(anonymous_61)
FN:1352,(anonymous_62)
FN:1428,(anonymous_63)
FN:1499,(anonymous_64)
FN:1580,(anonymous_65)
FN:1631,(anonymous_66)
FN:1642,(anonymous_67)
FN:1676,(anonymous_68)
FNF:69
FNH:69
FNDA:7,(anonymous_0)
FNDA:3,(anonymous_1)
FNDA:4,(anonymous_2)
FNDA:3,(anonymous_3)
FNDA:4,(anonymous_4)
FNDA:2,(anonymous_5)
FNDA:4,(anonymous_6)
FNDA:3,(anonymous_7)
FNDA:3,(anonymous_8)
FNDA:3,(anonymous_9)
FNDA:2,(anonymous_10)
FNDA:3,(anonymous_11)
FNDA:4,(anonymous_12)
FNDA:3,(anonymous_13)
FNDA:2,(anonymous_14)
FNDA:4,(anonymous_15)
FNDA:3,(anonymous_16)
FNDA:3,(anonymous_17)
FNDA:3,(anonymous_18)
FNDA:2,(anonymous_19)
FNDA:3,(anonymous_20)
FNDA:9,(anonymous_21)
FNDA:2,(anonymous_22)
FNDA:11,(anonymous_23)
FNDA:2,(anonymous_24)
FNDA:4,(anonymous_25)
FNDA:5,(anonymous_26)
FNDA:3,(anonymous_27)
FNDA:3,(anonymous_28)
FNDA:3,(anonymous_29)
FNDA:3,(anonymous_30)
FNDA:6,(anonymous_31)
FNDA:3,(anonymous_32)
FNDA:3,(anonymous_33)
FNDA:6,(anonymous_34)
FNDA:3,(anonymous_35)
FNDA:3,(anonymous_36)
FNDA:14,(anonymous_37)
FNDA:16,(anonymous_38)
FNDA:9,(anonymous_39)
FNDA:1,(anonymous_40)
FNDA:1,(anonymous_41)
FNDA:1,(anonymous_42)
FNDA:1,(anonymous_43)
FNDA:1,(anonymous_44)
FNDA:1,(anonymous_45)
FNDA:1,(anonymous_46)
FNDA:1,(anonymous_47)
FNDA:3,(anonymous_48)
FNDA:3,(anonymous_49)
FNDA:8,(anonymous_50)
FNDA:11,(anonymous_51)
FNDA:8,(anonymous_52)
FNDA:7,(anonymous_53)
FNDA:7,(anonymous_54)
FNDA:31,(anonymous_55)
FNDA:5,(anonymous_56)
FNDA:3,(anonymous_57)
FNDA:2,(anonymous_58)
FNDA:5,(anonymous_59)
FNDA:4,(anonymous_60)
FNDA:2,(anonymous_61)
FNDA:2,(anonymous_62)
FNDA:2,(anonymous_63)
FNDA:2,(anonymous_64)
FNDA:2,(anonymous_65)
FNDA:2,(anonymous_66)
FNDA:26,(anonymous_67)
FNDA:3,(anonymous_68)
DA:1,31
DA:18,31
DA:35,31
DA:65,7
DA:73,3
DA:74,1
DA:75,2
DA:76,1
DA:77,1
DA:87,4
DA:88,1
DA:89,3
DA:90,3
DA:91,1
DA:92,2
DA:93,1
DA:94,1
DA:104,3
DA:105,1
DA:106,2
DA:107,1
DA:108,1
DA:118,4
DA:119,4
DA:120,1
DA:121,3
DA:122,1
DA:123,2
DA:124,1
DA:125,1
DA:136,2
DA:137,1
DA:138,1
DA:141,4
DA:142,1
DA:156,3
DA:178,3
DA:179,1
DA:180,2
DA:181,1
DA:182,1
DA:192,3
DA:193,1
DA:194,2
DA:195,1
DA:196,1
DA:206,3
DA:207,1
DA:208,2
DA:209,1
DA:210,1
DA:221,2
DA:222,1
DA:223,1
DA:233,3
DA:234,1
DA:235,2
DA:236,1
DA:237,1
DA:247,4
DA:248,1
DA:281,3
DA:282,3
DA:283,3
DA:284,1
DA:285,1
DA:287,3
DA:329,2
DA:330,1
DA:331,1
DA:334,4
DA:335,1
DA:364,3
DA:401,3
DA:402,1
DA:403,2
DA:404,1
DA:405,1
DA:415,3
DA:416,1
DA:417,2
DA:418,1
DA:419,1
DA:429,3
DA:430,1
DA:431,2
DA:432,1
DA:433,1
DA:444,2
DA:445,1
DA:446,1
DA:456,3
DA:457,1
DA:458,2
DA:459,1
DA:460,1
DA:471,9
DA:480,2
DA:481,1
DA:482,1
DA:485,11
DA:486,1
DA:520,10
DA:521,1
DA:555,9
DA:556,1
DA:590,8
DA:591,1
DA:625,7
DA:626,1
DA:660,6
DA:661,1
DA:695,5
DA:696,1
DA:730,4
DA:731,1
DA:765,3
DA:808,2
DA:809,1
DA:810,1
DA:813,4
DA:814,1
DA:822,3
DA:838,5
DA:839,1
DA:840,4
DA:841,4
DA:842,2
DA:843,2
DA:844,1
DA:845,1
DA:855,3
DA:856,1
DA:857,2
DA:858,1
DA:859,1
DA:870,3
DA:871,1
DA:872,2
DA:882,3
DA:883,1
DA:884,2
DA:885,1
DA:886,1
DA:896,3
DA:897,1
DA:898,2
DA:899,1
DA:900,1
DA:911,6
DA:918,3
DA:919,1
DA:920,2
DA:921,1
DA:922,1
DA:931,3
DA:932,1
DA:933,2
DA:934,1
DA:935,1
DA:946,6
DA:953,3
DA:954,1
DA:955,2
DA:956,1
DA:957,1
DA:967,3
DA:968,1
DA:969,2
DA:970,1
DA:971,1
DA:989,14
DA:999,16
DA:1009,9
DA:1019,1
DA:1029,1
DA:1037,1
DA:1045,1
DA:1053,1
DA:1061,1
DA:1069,1
DA:1077,1
DA:1085,3
DA:1093,3
DA:1101,8
DA:1109,11
DA:1118,8
DA:1127,7
DA:1136,7
DA:1145,31
DA:1163,5
DA:1171,3
DA:1172,1
DA:1173,2
DA:1174,1
DA:1175,1
DA:1186,2
DA:1187,1
DA:1188,1
DA:1201,5
DA:1211,4
DA:1282,2
DA:1353,2
DA:1429,2
DA:1500,2
DA:1581,2
DA:1632,2
DA:1643,26
DA:1644,26
DA:1645,26
DA:1646,9
DA:1647,9
DA:1648,9
DA:1649,6
DA:1650,6
DA:1652,9
DA:1653,9
DA:1654,9
DA:1655,9
DA:1656,9
DA:1657,2
DA:1658,2
DA:1659,2
DA:1662,7
DA:1665,26
DA:1677,3
DA:1682,3
DA:1686,31
LF:228
LH:228
BRDA:73,0,0,1
BRDA:73,0,1,2
BRDA:73,1,0,3
BRDA:73,1,1,3
BRDA:75,2,0,1
BRDA:75,2,1,1
BRDA:87,3,0,1
BRDA:87,3,1,3
BRDA:87,4,0,4
BRDA:87,4,1,4
BRDA:90,5,0,1
BRDA:90,5,1,2
BRDA:90,6,0,3
BRDA:90,6,1,3
BRDA:92,7,0,1
BRDA:92,7,1,1
BRDA:104,8,0,1
BRDA:104,8,1,2
BRDA:104,9,0,3
BRDA:104,9,1,3
BRDA:106,10,0,1
BRDA:106,10,1,1
BRDA:119,11,0,1
BRDA:119,11,1,3
BRDA:119,12,0,4
BRDA:119,12,1,4
BRDA:121,13,0,1
BRDA:121,13,1,2
BRDA:121,14,0,3
BRDA:121,14,1,3
BRDA:123,15,0,1
BRDA:123,15,1,1
BRDA:136,16,0,1
BRDA:136,16,1,1
BRDA:136,17,0,2
BRDA:136,17,1,2
BRDA:141,18,0,1
BRDA:141,18,1,3
BRDA:178,19,0,1
BRDA:178,19,1,2
BRDA:178,20,0,3
BRDA:178,20,1,3
BRDA:180,21,0,1
BRDA:180,21,1,1
BRDA:192,22,0,1
BRDA:192,22,1,2
BRDA:192,23,0,3
BRDA:192,23,1,3
BRDA:194,24,0,1
BRDA:194,24,1,1
BRDA:206,25,0,1
BRDA:206,25,1,2
BRDA:206,26,0,3
BRDA:206,26,1,3
BRDA:208,27,0,1
BRDA:208,27,1,1
BRDA:221,28,0,1
BRDA:221,28,1,1
BRDA:221,29,0,2
BRDA:221,29,1,2
BRDA:233,30,0,1
BRDA:233,30,1,2
BRDA:233,31,0,3
BRDA:233,31,1,3
BRDA:235,32,0,1
BRDA:235,32,1,1
BRDA:247,33,0,1
BRDA:247,33,1,3
BRDA:283,34,0,1
BRDA:283,34,1,2
BRDA:329,35,0,1
BRDA:329,35,1,1
BRDA:329,36,0,2
BRDA:329,36,1,2
BRDA:334,37,0,1
BRDA:334,37,1,3
BRDA:401,38,0,1
BRDA:401,38,1,2
BRDA:401,39,0,3
BRDA:401,39,1,3
BRDA:403,40,0,1
BRDA:403,40,1,1
BRDA:415,41,0,1
BRDA:415,41,1,2
BRDA:415,42,0,3
BRDA:415,42,1,3
BRDA:417,43,0,1
BRDA:417,43,1,1
BRDA:429,44,0,1
BRDA:429,44,1,2
BRDA:429,45,0,3
BRDA:429,45,1,3
BRDA:431,46,0,1
BRDA:431,46,1,1
BRDA:444,47,0,1
BRDA:444,47,1,1
BRDA:444,48,0,2
BRDA:444,48,1,2
BRDA:456,49,0,1
BRDA:456,49,1,2
BRDA:456,50,0,3
BRDA:456,50,1,3
BRDA:458,51,0,1
BRDA:458,51,1,1
BRDA:480,52,0,1
BRDA:480,52,1,1
BRDA:480,53,0,2
BRDA:480,53,1,2
BRDA:485,54,0,1
BRDA:485,54,1,10
BRDA:520,55,0,1
BRDA:520,55,1,9
BRDA:555,56,0,1
BRDA:555,56,1,8
BRDA:590,57,0,1
BRDA:590,57,1,7
BRDA:625,58,0,1
BRDA:625,58,1,6
BRDA:660,59,0,1
BRDA:660,59,1,5
BRDA:695,60,0,1
BRDA:695,60,1,4
BRDA:730,61,0,1
BRDA:730,61,1,3
BRDA:808,62,0,1
BRDA:808,62,1,1
BRDA:808,63,0,2
BRDA:808,63,1,2
BRDA:813,64,0,1
BRDA:813,64,1,3
BRDA:813,65,0,4
BRDA:813,65,1,4
BRDA:813,65,2,4
BRDA:813,65,3,4
BRDA:838,66,0,1
BRDA:838,66,1,4
BRDA:838,67,0,5
BRDA:838,67,1,5
BRDA:841,68,0,2
BRDA:841,68,1,2
BRDA:841,69,0,4
BRDA:841,69,1,4
BRDA:843,70,0,1
BRDA:843,70,1,1
BRDA:855,71,0,1
BRDA:855,71,1,2
BRDA:855,72,0,3
BRDA:855,72,1,3
BRDA:857,73,0,1
BRDA:857,73,1,1
BRDA:870,74,0,1
BRDA:870,74,1,2
BRDA:870,75,0,3
BRDA:870,75,1,3
BRDA:882,76,0,1
BRDA:882,76,1,2
BRDA:882,77,0,3
BRDA:882,77,1,3
BRDA:884,78,0,1
BRDA:884,78,1,1
BRDA:896,79,0,1
BRDA:896,79,1,2
BRDA:896,80,0,3
BRDA:896,80,1,3
BRDA:898,81,0,1
BRDA:898,81,1,1
BRDA:918,82,0,1
BRDA:918,82,1,2
BRDA:918,83,0,3
BRDA:918,83,1,3
BRDA:920,84,0,1
BRDA:920,84,1,1
BRDA:931,85,0,1
BRDA:931,85,1,2
BRDA:931,86,0,3
BRDA:931,86,1,3
BRDA:933,87,0,1
BRDA:933,87,1,1
BRDA:953,88,0,1
BRDA:953,88,1,2
BRDA:953,89,0,3
BRDA:953,89,1,3
BRDA:955,90,0,1
BRDA:955,90,1,1
BRDA:967,91,0,1
BRDA:967,91,1,2
BRDA:967,92,0,3
BRDA:967,92,1,3
BRDA:969,93,0,1
BRDA:969,93,1,1
BRDA:1171,94,0,1
BRDA:1171,94,1,2
BRDA:1171,95,0,3
BRDA:1171,95,1,3
BRDA:1173,96,0,1
BRDA:1173,96,1,1
BRDA:1186,97,0,1
BRDA:1186,97,1,1
BRDA:1186,98,0,2
BRDA:1186,98,1,2
BRDA:1648,99,0,6
BRDA:1648,99,1,3
BRDA:1656,100,0,2
BRDA:1656,100,1,7
BRF:204
BRH:204
end_of_record
TN:
SF:/GitSourcetree/l2lc-fe/src/components/analytics.js
FN:24,(anonymous_0)
FN:27,(anonymous_1)
FN:30,(anonymous_2)
FN:31,(anonymous_3)
FN:41,(anonymous_4)
FN:44,(anonymous_5)
FN:49,(anonymous_6)
FN:54,(anonymous_7)
FNF:8
FNH:8
FNDA:3,(anonymous_0)
FNDA:3,(anonymous_1)
FNDA:2,(anonymous_2)
FNDA:2,(anonymous_3)
FNDA:1,(anonymous_4)
FNDA:1,(anonymous_5)
FNDA:1,(anonymous_6)
FNDA:1,(anonymous_7)
DA:25,3
DA:28,3
DA:29,3
DA:30,1
DA:31,2
DA:32,2
DA:41,3
DA:42,1
DA:44,3
DA:45,1
DA:46,1
DA:47,1
DA:49,3
DA:50,1
DA:51,1
DA:52,1
DA:54,3
DA:55,1
DA:56,1
DA:57,1
DA:59,3
LF:21
LH:21
BRDA:29,0,0,1
BRDA:29,0,1,2
BRDA:29,1,0,3
BRDA:29,1,1,1
BRDA:60,2,0,2
BRDA:60,2,1,1
BRDA:62,3,0,1
BRDA:62,3,1,2
BRDA:72,4,0,2
BRDA:72,4,1,1
BRDA:72,4,2,1
BRDA:87,5,0,1
BRDA:87,5,1,1
BRF:13
BRH:13
end_of_record
TN:
SF:/GitSourcetree/l2lc-fe/src/components/barcode.js
FN:18,(anonymous_0)
FN:29,(anonymous_1)
FN:39,(anonymous_2)
FNF:3
FNH:3
FNDA:2,(anonymous_0)
FNDA:1,(anonymous_1)
FNDA:2,(anonymous_2)
DA:19,2
DA:20,2
DA:30,1
DA:40,2
LF:4
LH:4
BRF:0
BRH:0
end_of_record
TN:
SF:/GitSourcetree/l2lc-fe/src/components/buttonDefault.js
FN:35,(anonymous_0)
FNF:1
FNH:1
FNDA:16,(anonymous_0)
DA:36,16
LF:1
LH:1
BRDA:39,0,0,14
BRDA:39,0,1,2
BRF:2
BRH:2
end_of_record
TN:
SF:/GitSourcetree/l2lc-fe/src/components/buttonPrimary.js
FN:32,(anonymous_0)
FNF:1
FNH:1
FNDA:8,(anonymous_0)
DA:33,8
LF:1
LH:1
BRDA:35,0,0,2
BRDA:35,0,1,6
BRF:2
BRH:2
end_of_record
TN:
SF:/GitSourcetree/l2lc-fe/src/components/checkboxField.js
FN:27,(anonymous_0)
FNF:1
FNH:1
FNDA:4,(anonymous_0)
DA:28,4
LF:1
LH:1
BRF:0
BRH:0
end_of_record
TN:
SF:/GitSourcetree/l2lc-fe/src/components/circleButton.js
FN:29,(anonymous_0)
FNF:1
FNH:1
FNDA:10,(anonymous_0)
DA:30,10
DA:31,10
DA:32,10
LF:3
LH:3
BRF:0
BRH:0
end_of_record
TN:
SF:/GitSourcetree/l2lc-fe/src/components/customerSummary.js
FN:22,(anonymous_0)
FNF:1
FNH:1
FNDA:8,(anonymous_0)
DA:23,8
LF:1
LH:1
BRDA:30,0,0,8
BRDA:30,0,1,8
BRDA:31,1,0,8
BRDA:31,1,1,8
BRDA:32,2,0,8
BRDA:32,2,1,4
BRDA:58,3,0,8
BRDA:58,3,1,8
BRF:8
BRH:8
end_of_record
TN:
SF:/GitSourcetree/l2lc-fe/src/components/deleteModal.js
FN:33,(anonymous_0)
FNF:1
FNH:1
FNDA:2,(anonymous_0)
DA:34,2
LF:1
LH:1
BRF:0
BRH:0
end_of_record
TN:
SF:/GitSourcetree/l2lc-fe/src/components/draggableRow.js
FN:100,(anonymous_0)
FNF:1
FNH:1
FNDA:2,(anonymous_0)
DA:108,2
DA:109,2
DA:110,2
DA:111,2
DA:112,2
DA:113,2
DA:114,2
DA:115,1
DA:117,1
DA:120,2
LF:10
LH:10
BRDA:112,0,0,1
BRDA:112,0,1,1
BRDA:113,1,0,1
BRDA:113,1,1,1
BRDA:114,2,0,1
BRDA:114,2,1,1
BRF:6
BRH:6
end_of_record
TN:
SF:/GitSourcetree/l2lc-fe/src/components/draggableTable.js
FN:23,(anonymous_0)
FN:38,(anonymous_1)
FN:50,(anonymous_2)
FN:65,(anonymous_3)
FN:81,(anonymous_4)
FNF:5
FNH:5
FNDA:6,(anonymous_0)
FNDA:1,(anonymous_1)
FNDA:2,(anonymous_2)
FNDA:1,(anonymous_3)
FNDA:6,(anonymous_4)
DA:24,6
DA:25,6
DA:26,6
DA:27,6
DA:28,6
DA:29,6
DA:30,6
DA:40,1
DA:51,2
DA:52,1
DA:58,1
DA:66,1
DA:82,6
LF:13
LH:13
BRDA:51,0,0,1
BRDA:51,0,1,1
BRDA:103,1,0,1
BRDA:103,1,1,5
BRF:4
BRH:4
end_of_record
TN:
SF:/GitSourcetree/l2lc-fe/src/components/employeeSummary.js
FN:22,(anonymous_0)
FN:36,(anonymous_1)
FNF:2
FNH:2
FNDA:1,(anonymous_0)
FNDA:3,(anonymous_1)
DA:24,1
DA:37,3
LF:2
LH:2
BRF:0
BRH:0
end_of_record
TN:
SF:/GitSourcetree/l2lc-fe/src/components/form.js
FN:21,(anonymous_0)
FN:35,(anonymous_1)
FN:47,(anonymous_2)
FN:61,(anonymous_3)
FN:61,(anonymous_4)
FN:76,(anonymous_5)
FN:76,(anonymous_6)
FN:96,(anonymous_7)
FN:112,(anonymous_8)
FNF:9
FNH:9
FNDA:6,(anonymous_0)
FNDA:1,(anonymous_1)
FNDA:1,(anonymous_2)
FNDA:26,(anonymous_3)
FNDA:2,(anonymous_4)
FNDA:25,(anonymous_5)
FNDA:1,(anonymous_6)
FNDA:6,(anonymous_7)
FNDA:24,(anonymous_8)
DA:22,6
DA:23,6
DA:24,6
DA:25,6
DA:36,1
DA:37,1
DA:48,1
DA:49,1
DA:61,26
DA:62,2
DA:63,2
DA:64,1
DA:65,2
DA:76,25
DA:77,1
DA:78,1
DA:97,6
DA:113,24
DA:114,24
DA:115,6
DA:117,24
DA:118,24
DA:128,24
DA:130,6
DA:131,6
DA:133,6
DA:134,6
DA:136,6
DA:137,6
DA:139,6
DA:140,6
DA:142,24
LF:32
LH:32
BRDA:61,0,0,1
BRDA:63,1,0,1
BRDA:63,1,1,1
BRDA:114,2,0,6
BRDA:114,2,1,18
BRDA:126,3,0,24
BRDA:126,3,1,18
BRDA:128,4,0,6
BRDA:128,4,1,6
BRDA:128,4,2,6
BRDA:128,4,3,6
BRDA:158,5,0,6
BRDA:158,5,1,6
BRF:13
BRH:13
end_of_record
TN:
SF:/GitSourcetree/l2lc-fe/src/components/formItem.js
FN:29,(anonymous_0)
FNF:1
FNH:1
FNDA:2,(anonymous_0)
DA:30,2
DA:31,2
DA:32,1
DA:36,2
DA:37,2
DA:38,1
DA:42,2
LF:7
LH:7
BRDA:31,0,0,1
BRDA:31,0,1,1
BRDA:37,1,0,1
BRDA:37,1,1,1
BRDA:47,2,0,1
BRDA:47,2,1,1
BRF:6
BRH:6
end_of_record
TN:
SF:/GitSourcetree/l2lc-fe/src/components/login.js
FN:14,(anonymous_0)
FN:29,(anonymous_1)
FN:41,(anonymous_2)
FN:53,(anonymous_3)
FN:65,(anonymous_4)
FNF:5
FNH:5
FNDA:5,(anonymous_0)
FNDA:1,(anonymous_1)
FNDA:1,(anonymous_2)
FNDA:1,(anonymous_3)
FNDA:5,(anonymous_4)
DA:15,5
DA:16,5
DA:17,5
DA:18,5
DA:19,5
DA:30,1
DA:31,1
DA:42,1
DA:43,1
DA:54,1
DA:55,1
DA:66,5
DA:67,5
DA:68,4
DA:72,5
LF:15
LH:15
BRDA:67,0,0,4
BRDA:67,0,1,1
BRF:2
BRH:2
end_of_record
TN:
SF:/GitSourcetree/l2lc-fe/src/components/navbar.js
FN:15,(anonymous_0)
FN:27,(anonymous_1)
FN:36,(anonymous_2)
FN:46,(anonymous_3)
FN:57,(anonymous_4)
FN:95,(anonymous_5)
FNF:6
FNH:6
FNDA:4,(anonymous_0)
FNDA:1,(anonymous_1)
FNDA:1,(anonymous_2)
FNDA:1,(anonymous_3)
FNDA:4,(anonymous_4)
FNDA:20,(anonymous_5)
DA:16,4
DA:17,4
DA:18,4
DA:19,4
DA:28,1
DA:37,1
DA:38,1
DA:47,1
DA:58,4
DA:80,4
DA:96,20
LF:11
LH:11
BRDA:102,0,0,4
BRDA:102,0,1,4
BRF:2
BRH:2
end_of_record
TN:
SF:/GitSourcetree/l2lc-fe/src/components/page.js
FN:21,(anonymous_0)
FN:33,(anonymous_1)
FN:53,(anonymous_2)
FNF:3
FNH:3
FNDA:1,(anonymous_0)
FNDA:2,(anonymous_1)
FNDA:3,(anonymous_2)
DA:22,1
DA:34,2
DA:35,2
DA:36,1
DA:37,1
DA:39,2
DA:54,3
DA:55,3
DA:56,1
DA:58,2
DA:59,3
LF:11
LH:11
BRDA:35,0,0,1
BRDA:35,0,1,1
BRDA:55,1,0,1
BRDA:55,1,1,2
BRF:4
BRH:4
end_of_record
TN:
SF:/GitSourcetree/l2lc-fe/src/components/projectStatusCell.js
FN:23,(anonymous_0)
FNF:1
FNH:1
FNDA:4,(anonymous_0)
DA:24,4
LF:1
LH:1
BRDA:27,0,0,1
BRDA:27,0,1,3
BRDA:28,1,0,1
BRDA:28,1,1,2
BRF:4
BRH:4
end_of_record
TN:
SF:/GitSourcetree/l2lc-fe/src/components/projectStatusFilter.js
FN:21,(anonymous_0)
FN:31,(anonymous_1)
FN:43,(anonymous_2)
FNF:3
FNH:3
FNDA:3,(anonymous_0)
FNDA:1,(anonymous_1)
FNDA:3,(anonymous_2)
DA:22,3
DA:23,3
DA:32,1
DA:44,3
LF:4
LH:4
BRDA:55,0,0,2
BRDA:55,0,1,1
BRF:2
BRH:2
end_of_record
TN:
SF:/GitSourcetree/l2lc-fe/src/components/projectSummary.js
FN:19,(anonymous_0)
FN:32,(anonymous_1)
FN:41,(anonymous_2)
FN:51,(anonymous_3)
FN:60,(anonymous_4)
FN:77,(anonymous_5)
FNF:6
FNH:6
FNDA:7,(anonymous_0)
FNDA:1,(anonymous_1)
FNDA:1,(anonymous_2)
FNDA:1,(anonymous_3)
FNDA:1,(anonymous_4)
FNDA:7,(anonymous_5)
DA:20,7
DA:21,7
DA:22,7
DA:23,7
DA:24,7
DA:33,1
DA:43,1
DA:52,1
DA:61,1
DA:62,1
DA:78,7
LF:11
LH:11
BRDA:100,0,0,7
BRDA:100,0,1,7
BRDA:110,1,0,1
BRDA:110,1,1,6
BRDA:120,2,0,1
BRDA:120,2,1,6
BRDA:121,3,0,1
BRDA:121,3,1,5
BRDA:141,4,0,7
BRDA:141,4,1,7
BRDA:147,5,0,7
BRDA:147,5,1,7
BRDA:153,6,0,7
BRDA:153,6,1,7
BRDA:159,7,0,7
BRDA:159,7,1,7
BRDA:165,8,0,7
BRDA:165,8,1,7
BRDA:171,9,0,7
BRDA:171,9,1,7
BRDA:177,10,0,7
BRDA:177,10,1,7
BRDA:199,11,0,7
BRDA:199,11,1,7
BRDA:216,12,0,7
BRDA:216,12,1,7
BRDA:230,13,0,7
BRDA:230,13,1,7
BRF:28
BRH:28
end_of_record
TN:
SF:/GitSourcetree/l2lc-fe/src/components/promptModal.js
FN:37,(anonymous_0)
FN:49,(anonymous_1)
FN:58,(anonymous_2)
FN:67,(anonymous_3)
FN:79,(anonymous_4)
FNF:5
FNH:5
FNDA:9,(anonymous_0)
FNDA:1,(anonymous_1)
FNDA:1,(anonymous_2)
FNDA:1,(anonymous_3)
FNDA:9,(anonymous_4)
DA:38,9
DA:39,9
DA:40,9
DA:41,9
DA:50,1
DA:59,1
DA:68,1
DA:80,9
DA:81,9
DA:82,8
DA:84,9
DA:85,9
DA:86,8
DA:89,9
DA:90,9
DA:91,8
DA:94,9
DA:95,9
DA:96,8
DA:99,9
DA:100,9
DA:101,8
DA:108,9
LF:23
LH:23
BRDA:81,0,0,8
BRDA:81,0,1,1
BRDA:85,1,0,8
BRDA:85,1,1,1
BRDA:90,2,0,8
BRDA:90,2,1,1
BRDA:95,3,0,8
BRDA:95,3,1,1
BRDA:100,4,0,8
BRDA:100,4,1,1
BRDA:116,5,0,4
BRDA:116,5,1,5
BRF:12
BRH:12
end_of_record
TN:
SF:/GitSourcetree/l2lc-fe/src/components/selectField.js
FN:38,(anonymous_0)
FN:44,(anonymous_1)
FN:58,(anonymous_2)
FNF:3
FNH:3
FNDA:2,(anonymous_0)
FNDA:1,(anonymous_1)
FNDA:4,(anonymous_2)
DA:39,2
DA:40,2
DA:41,1
DA:42,2
DA:43,2
DA:44,1
DA:45,1
DA:47,2
DA:59,4
DA:60,4
DA:61,2
DA:62,4
LF:12
LH:12
BRDA:40,0,0,1
BRDA:40,0,1,1
BRDA:43,1,0,1
BRDA:43,1,1,1
BRDA:43,2,0,2
BRDA:43,2,1,1
BRDA:60,3,0,2
BRDA:60,3,1,2
BRF:8
BRH:8
end_of_record
TN:
SF:/GitSourcetree/l2lc-fe/src/components/stations.js
FN:13,(anonymous_0)
FN:23,(anonymous_1)
FN:36,(anonymous_2)
FNF:3
FNH:3
FNDA:2,(anonymous_0)
FNDA:1,(anonymous_1)
FNDA:2,(anonymous_2)
DA:14,2
DA:15,2
DA:25,1
DA:37,2
LF:4
LH:4
BRF:0
BRH:0
end_of_record
TN:
SF:/GitSourcetree/l2lc-fe/src/components/table.js
FN:17,(anonymous_0)
FN:32,(anonymous_1)
FN:42,(anonymous_2)
FN:56,(anonymous_3)
FN:79,(anonymous_4)
FNF:5
FNH:5
FNDA:7,(anonymous_0)
FNDA:3,(anonymous_1)
FNDA:1,(anonymous_2)
FNDA:7,(anonymous_3)
FNDA:1,(anonymous_4)
DA:18,7
DA:19,7
DA:20,7
DA:21,7
DA:22,7
DA:33,3
DA:34,3
DA:43,1
DA:62,7
DA:64,7
DA:65,6
DA:76,7
DA:77,7
DA:78,5
DA:80,1
DA:84,7
DA:85,7
DA:86,4
DA:94,7
DA:95,7
DA:96,3
DA:106,7
LF:22
LH:22
BRDA:33,0,0,3
BRDA:33,0,1,3
BRDA:34,1,0,1
BRDA:34,1,1,2
BRDA:64,2,0,6
BRDA:64,2,1,1
BRDA:77,3,0,5
BRDA:77,3,1,2
BRDA:85,4,0,4
BRDA:85,4,1,3
BRDA:95,5,0,3
BRDA:95,5,1,4
BRF:12
BRH:12
end_of_record
TN:
SF:/GitSourcetree/l2lc-fe/src/components/tableActionCell.js
FN:27,(anonymous_0)
FN:39,(anonymous_1)
FN:48,(anonymous_2)
FN:57,(anonymous_3)
FN:68,(anonymous_4)
FNF:5
FNH:5
FNDA:10,(anonymous_0)
FNDA:1,(anonymous_1)
FNDA:1,(anonymous_2)
FNDA:1,(anonymous_3)
FNDA:10,(anonymous_4)
DA:28,10
DA:29,10
DA:30,10
DA:31,10
DA:40,1
DA:49,1
DA:58,1
DA:69,10
DA:70,10
DA:71,10
DA:72,10
DA:73,1
DA:75,9
DA:76,1
DA:79,8
DA:80,5
DA:82,8
DA:83,8
DA:85,10
LF:19
LH:19
BRDA:72,0,0,1
BRDA:72,0,1,9
BRDA:75,1,0,1
BRDA:75,1,1,8
BRDA:79,2,0,5
BRDA:79,2,1,3
BRF:6
BRH:6
end_of_record
TN:
SF:/GitSourcetree/l2lc-fe/src/components/tableButton.js
FN:25,(anonymous_0)
FNF:1
FNH:1
FNDA:1,(anonymous_0)
DA:26,1
LF:1
LH:1
BRF:0
BRH:0
end_of_record
TN:
SF:/GitSourcetree/l2lc-fe/src/components/textAreaField.js
FN:36,(anonymous_0)
FNF:1
FNH:1
FNDA:1,(anonymous_0)
DA:37,1
LF:1
LH:1
BRF:0
BRH:0
end_of_record
TN:
SF:/GitSourcetree/l2lc-fe/src/components/textField.js
FN:38,(anonymous_0)
FNF:1
FNH:1
FNDA:4,(anonymous_0)
DA:39,4
DA:40,4
DA:41,3
DA:42,4
DA:43,4
DA:44,1
DA:45,4
LF:7
LH:7
BRDA:40,0,0,3
BRDA:40,0,1,1
BRDA:43,1,0,1
BRDA:43,1,1,3
BRF:4
BRH:4
end_of_record
TN:
SF:/GitSourcetree/l2lc-fe/src/components/timeEntry.js
FN:17,(anonymous_0)
FN:30,(anonymous_1)
FN:41,(anonymous_2)
FN:52,(anonymous_3)
FN:55,(anonymous_4)
FN:71,(anonymous_5)
FNF:6
FNH:6
FNDA:4,(anonymous_0)
FNDA:1,(anonymous_1)
FNDA:1,(anonymous_2)
FNDA:1,(anonymous_3)
FNDA:1,(anonymous_4)
FNDA:4,(anonymous_5)
DA:18,4
DA:19,4
DA:20,4
DA:21,4
DA:31,1
DA:32,1
DA:42,1
DA:43,1
DA:53,1
DA:54,1
DA:55,1
DA:56,1
DA:72,4
LF:13
LH:13
BRDA:100,0,0,4
BRDA:100,0,1,4
BRDA:101,1,0,4
BRDA:101,1,1,4
BRDA:102,2,0,4
BRDA:102,2,1,4
BRF:6
BRH:6
end_of_record
TN:
SF:/GitSourcetree/l2lc-fe/src/models/accountFormModel.js
FN:20,(anonymous_0)
FN:37,(anonymous_1)
FN:39,(anonymous_2)
FN:43,(anonymous_3)
FN:60,(anonymous_4)
FNF:5
FNH:5
FNDA:4,(anonymous_0)
FNDA:2,(anonymous_1)
FNDA:2,(anonymous_2)
FNDA:2,(anonymous_3)
FNDA:1,(anonymous_4)
DA:6,2
DA:21,4
DA:22,4
DA:35,4
DA:36,4
DA:37,4
DA:38,2
DA:39,2
DA:40,2
DA:42,2
DA:44,2
DA:45,1
DA:47,1
DA:48,1
DA:61,1
LF:15
LH:15
BRDA:44,0,0,1
BRDA:44,0,1,1
BRF:2
BRH:2
end_of_record
TN:
SF:/GitSourcetree/l2lc-fe/src/models/accountTableModel.js
FN:19,(anonymous_0)
FN:44,(anonymous_1)
FN:54,(anonymous_2)
FN:55,(anonymous_3)
FN:73,(anonymous_4)
FN:75,(anonymous_5)
FNF:6
FNH:6
FNDA:3,(anonymous_0)
FNDA:2,(anonymous_1)
FNDA:1,(anonymous_2)
FNDA:1,(anonymous_3)
FNDA:2,(anonymous_4)
FNDA:1,(anonymous_5)
DA:8,3
DA:20,3
DA:27,3
DA:28,3
DA:45,2
DA:55,1
DA:56,1
DA:57,1
DA:59,1
DA:74,2
DA:75,2
DA:76,2
LF:12
LH:12
BRF:0
BRH:0
end_of_record
TN:
SF:/GitSourcetree/l2lc-fe/src/models/analyticsModel.js
FN:24,(anonymous_0)
FN:53,(anonymous_1)
FN:68,(anonymous_2)
FN:85,(anonymous_3)
FN:89,(anonymous_4)
FN:93,(anonymous_5)
FN:122,(anonymous_6)
FN:133,(anonymous_7)
FN:134,(anonymous_8)
FNF:9
FNH:9
FNDA:13,(anonymous_0)
FNDA:6,(anonymous_1)
FNDA:9,(anonymous_2)
FNDA:3,(anonymous_3)
FNDA:3,(anonymous_4)
FNDA:2,(anonymous_5)
FNDA:13,(anonymous_6)
FNDA:3,(anonymous_7)
FNDA:3,(anonymous_8)
DA:3,3
DA:25,13
DA:33,13
DA:35,13
DA:36,13
DA:37,13
DA:38,13
DA:39,13
DA:40,13
DA:54,6
DA:55,6
DA:56,6
DA:57,6
DA:69,9
DA:73,9
DA:74,9
DA:86,3
DA:88,2
DA:89,2
DA:91,3
DA:92,3
DA:93,3
DA:94,2
DA:95,1
DA:100,2
DA:101,2
DA:102,1
DA:105,2
DA:106,2
DA:109,1
DA:110,1
DA:112,3
DA:113,1
DA:123,13
DA:134,3
DA:135,3
DA:136,1
DA:139,2
DA:141,3
DA:142,3
DA:143,3
LF:41
LH:41
BRDA:27,0,0,3
BRDA:27,0,1,10
BRDA:28,1,0,3
BRDA:28,1,1,10
BRDA:29,2,0,3
BRDA:29,2,1,10
BRDA:86,3,0,2
BRDA:86,3,1,1
BRDA:94,4,0,1
BRDA:94,4,1,1
BRDA:101,5,0,1
BRDA:101,5,1,1
BRDA:112,6,0,1
BRDA:112,6,1,2
BRDA:135,7,0,1
BRDA:135,7,1,2
BRF:16
BRH:16
end_of_record
TN:
SF:/GitSourcetree/l2lc-fe/src/models/customerFormModel.js
FN:20,(anonymous_0)
FN:46,(anonymous_1)
FN:48,(anonymous_2)
FN:51,(anonymous_3)
FN:69,(anonymous_4)
FN:70,(anonymous_5)
FN:73,(anonymous_6)
FN:92,(anonymous_7)
FN:93,(anonymous_8)
FN:95,(anonymous_9)
FN:136,(anonymous_10)
FN:140,(anonymous_11)
FN:161,(anonymous_12)
FN:172,(anonymous_13)
FNF:14
FNH:14
FNDA:6,(anonymous_0)
FNDA:2,(anonymous_1)
FNDA:2,(anonymous_2)
FNDA:2,(anonymous_3)
FNDA:8,(anonymous_4)
FNDA:2,(anonymous_5)
FNDA:2,(anonymous_6)
FNDA:4,(anonymous_7)
FNDA:50,(anonymous_8)
FNDA:833,(anonymous_9)
FNDA:2,(anonymous_10)
FNDA:34,(anonymous_11)
FNDA:2,(anonymous_12)
FNDA:1,(anonymous_13)
DA:6,2
DA:21,6
DA:22,6
DA:35,6
DA:36,6
DA:37,6
DA:48,2
DA:49,2
DA:50,2
DA:52,2
DA:53,1
DA:56,1
DA:57,1
DA:70,8
DA:71,2
DA:72,2
DA:74,2
DA:75,1
DA:78,1
DA:79,1
DA:93,4
DA:95,50
DA:96,833
DA:97,49
DA:100,50
DA:102,4
DA:116,4
DA:117,3
DA:119,1
DA:126,4
DA:137,2
DA:138,2
DA:140,2
DA:142,34
DA:143,24
DA:144,12
DA:146,12
DA:149,10
DA:150,34
DA:151,32
DA:162,2
DA:163,2
DA:173,1
LF:43
LH:43
BRDA:52,0,0,1
BRDA:52,0,1,1
BRDA:74,1,0,1
BRDA:74,1,1,1
BRDA:96,2,0,49
BRDA:96,2,1,784
BRDA:116,3,0,3
BRDA:116,3,1,1
BRDA:142,4,0,24
BRDA:142,4,1,10
BRDA:143,5,0,12
BRDA:143,5,1,12
BRDA:150,6,0,32
BRDA:150,6,1,2
BRDA:150,7,0,34
BRDA:150,7,1,34
BRDA:150,7,2,34
BRF:17
BRH:17
end_of_record
TN:
SF:/GitSourcetree/l2lc-fe/src/models/customerModel.js
FN:51,(anonymous_0)
FN:94,(anonymous_1)
FN:104,(anonymous_2)
FN:117,(anonymous_3)
FN:135,(anonymous_4)
FN:152,(anonymous_5)
FN:172,(anonymous_6)
FN:189,(anonymous_7)
FN:206,(anonymous_8)
FN:223,(anonymous_9)
FNF:10
FNH:10
FNDA:22,(anonymous_0)
FNDA:1,(anonymous_1)
FNDA:27,(anonymous_2)
FNDA:24,(anonymous_3)
FNDA:24,(anonymous_4)
FNDA:24,(anonymous_5)
FNDA:24,(anonymous_6)
FNDA:24,(anonymous_7)
FNDA:24,(anonymous_8)
FNDA:24,(anonymous_9)
DA:3,16
DA:52,22
DA:81,22
DA:83,22
DA:84,22
DA:94,1
DA:106,27
DA:118,24
DA:119,4
DA:123,20
DA:136,24
DA:137,4
DA:140,20
DA:153,24
DA:154,6
DA:155,1
DA:158,5
DA:161,18
DA:173,24
DA:174,4
DA:177,20
DA:190,24
DA:191,4
DA:194,20
DA:207,24
DA:208,4
DA:211,20
DA:224,24
DA:225,4
DA:228,20
LF:30
LH:30
BRDA:106,0,0,5
BRDA:106,0,1,22
BRDA:106,1,0,12
BRDA:106,1,1,15
BRDA:118,2,0,4
BRDA:118,2,1,20
BRDA:123,3,0,4
BRDA:123,3,1,16
BRDA:123,4,0,5
BRDA:123,4,1,15
BRDA:136,5,0,4
BRDA:136,5,1,20
BRDA:153,6,0,6
BRDA:153,6,1,18
BRDA:153,7,0,24
BRDA:153,7,1,20
BRDA:154,8,0,1
BRDA:154,8,1,5
BRDA:173,9,0,4
BRDA:173,9,1,20
BRDA:190,10,0,4
BRDA:190,10,1,20
BRDA:207,11,0,4
BRDA:207,11,1,20
BRDA:224,12,0,4
BRDA:224,12,1,20
BRF:26
BRH:26
end_of_record
TN:
SF:/GitSourcetree/l2lc-fe/src/models/customerProjectsTableModel.js
FN:32,(anonymous_0)
FN:35,(anonymous_1)
FN:66,(anonymous_2)
FN:91,(anonymous_3)
FN:92,(anonymous_4)
FN:96,(anonymous_5)
FN:102,(anonymous_6)
FN:111,(anonymous_7)
FN:123,(anonymous_8)
FN:136,(anonymous_9)
FNF:10
FNH:10
FNDA:10,(anonymous_0)
FNDA:1,(anonymous_1)
FNDA:1,(anonymous_2)
FNDA:1,(anonymous_3)
FNDA:2,(anonymous_4)
FNDA:1,(anonymous_5)
FNDA:2,(anonymous_6)
FNDA:2,(anonymous_7)
FNDA:1,(anonymous_8)
FNDA:4,(anonymous_9)
DA:10,3
DA:33,10
DA:35,1
DA:45,10
DA:48,10
DA:49,10
DA:50,10
DA:51,10
DA:52,10
DA:66,1
DA:91,1
DA:94,2
DA:96,1
DA:103,2
DA:111,2
DA:124,1
DA:137,4
DA:138,3
DA:139,3
DA:140,1
DA:142,2
DA:143,1
DA:146,1
LF:23
LH:23
BRDA:94,0,0,2
BRDA:94,0,1,1
BRDA:111,1,0,1
BRDA:111,1,1,1
BRDA:137,2,0,3
BRDA:137,2,1,1
BRDA:137,3,0,4
BRDA:137,3,1,3
BRDA:137,3,2,2
BRDA:139,4,0,1
BRDA:139,4,1,2
BRDA:142,5,0,1
BRDA:142,5,1,1
BRF:13
BRH:13
end_of_record
TN:
SF:/GitSourcetree/l2lc-fe/src/models/customerTableModel.js
FN:27,(anonymous_0)
FN:48,(anonymous_1)
FN:86,(anonymous_2)
FN:93,(anonymous_3)
FN:102,(anonymous_4)
FN:115,(anonymous_5)
FN:122,(anonymous_6)
FN:123,(anonymous_7)
FN:146,(anonymous_8)
FN:160,(anonymous_9)
FN:170,(anonymous_10)
FN:176,(anonymous_11)
FN:187,(anonymous_12)
FN:205,(anonymous_13)
FN:216,(anonymous_14)
FN:227,(anonymous_15)
FNF:16
FNH:16
FNDA:12,(anonymous_0)
FNDA:14,(anonymous_1)
FNDA:13,(anonymous_2)
FNDA:1,(anonymous_3)
FNDA:2,(anonymous_4)
FNDA:1,(anonymous_5)
FNDA:1,(anonymous_6)
FNDA:1,(anonymous_7)
FNDA:2,(anonymous_8)
FNDA:2,(anonymous_9)
FNDA:1,(anonymous_10)
FNDA:1,(anonymous_11)
FNDA:3,(anonymous_12)
FNDA:2,(anonymous_13)
FNDA:1,(anonymous_14)
FNDA:2,(anonymous_15)
DA:9,3
DA:28,12
DA:35,12
DA:36,12
DA:37,12
DA:38,12
DA:39,12
DA:49,14
DA:87,13
DA:88,13
DA:94,1
DA:102,2
DA:105,13
DA:116,1
DA:117,1
DA:123,1
DA:124,1
DA:126,1
DA:136,1
DA:147,2
DA:148,2
DA:149,2
DA:159,2
DA:160,2
DA:171,1
DA:172,1
DA:175,1
DA:176,1
DA:188,3
DA:189,2
DA:190,2
DA:191,1
DA:194,1
DA:206,2
DA:207,2
DA:217,1
DA:218,1
DA:228,2
LF:38
LH:38
BRDA:102,0,0,1
BRDA:102,0,1,1
BRDA:188,1,0,2
BRDA:188,1,1,1
BRDA:188,2,0,3
BRDA:188,2,1,2
BRDA:190,3,0,1
BRDA:190,3,1,1
BRF:8
BRH:8
end_of_record
TN:
SF:/GitSourcetree/l2lc-fe/src/models/employeeFormModel.js
FN:20,(anonymous_0)
FN:46,(anonymous_1)
FN:48,(anonymous_2)
FN:50,(anonymous_3)
FN:54,(anonymous_4)
FN:72,(anonymous_5)
FN:73,(anonymous_6)
FN:75,(anonymous_7)
FN:79,(anonymous_8)
FN:98,(anonymous_9)
FN:102,(anonymous_10)
FN:113,(anonymous_11)
FNF:12
FNH:12
FNDA:5,(anonymous_0)
FNDA:2,(anonymous_1)
FNDA:2,(anonymous_2)
FNDA:2,(anonymous_3)
FNDA:2,(anonymous_4)
FNDA:7,(anonymous_5)
FNDA:2,(anonymous_6)
FNDA:3,(anonymous_7)
FNDA:2,(anonymous_8)
FNDA:2,(anonymous_9)
FNDA:4,(anonymous_10)
FNDA:2,(anonymous_11)
DA:6,2
DA:21,5
DA:22,5
DA:35,5
DA:36,5
DA:37,5
DA:48,2
DA:49,2
DA:50,2
DA:51,2
DA:53,2
DA:55,2
DA:56,1
DA:59,1
DA:60,1
DA:73,7
DA:74,2
DA:75,2
DA:76,3
DA:78,2
DA:80,2
DA:81,1
DA:84,1
DA:85,1
DA:99,2
DA:100,2
DA:102,2
DA:103,4
DA:114,2
DA:115,2
LF:30
LH:30
BRDA:55,0,0,1
BRDA:55,0,1,1
BRDA:80,1,0,1
BRDA:80,1,1,1
BRF:4
BRH:4
end_of_record
TN:
SF:/GitSourcetree/l2lc-fe/src/models/employeeModel.js
FN:19,(anonymous_0)
FN:40,(anonymous_1)
FN:53,(anonymous_2)
FN:66,(anonymous_3)
FN:78,(anonymous_4)
FN:90,(anonymous_5)
FNF:6
FNH:6
FNDA:10,(anonymous_0)
FNDA:1,(anonymous_1)
FNDA:1,(anonymous_2)
FNDA:11,(anonymous_3)
FNDA:11,(anonymous_4)
FNDA:11,(anonymous_5)
DA:3,16
DA:20,10
DA:27,10
DA:28,10
DA:29,10
DA:41,1
DA:42,1
DA:54,1
DA:55,1
DA:67,11
DA:79,11
DA:91,11
LF:12
LH:12
BRF:0
BRH:0
end_of_record
TN:
SF:/GitSourcetree/l2lc-fe/src/models/employeeTableModel.js
FN:25,(anonymous_0)
FN:56,(anonymous_1)
FN:65,(anonymous_2)
FN:78,(anonymous_3)
FNF:4
FNH:4
FNDA:5,(anonymous_0)
FNDA:1,(anonymous_1)
FNDA:1,(anonymous_2)
FNDA:3,(anonymous_3)
DA:8,3
DA:26,5
DA:33,5
DA:34,5
DA:35,5
DA:36,5
DA:57,1
DA:65,1
DA:79,3
DA:80,2
DA:81,2
DA:82,1
DA:85,1
LF:13
LH:13
BRDA:79,0,0,2
BRDA:79,0,1,1
BRDA:79,1,0,3
BRDA:79,1,1,2
BRDA:81,2,0,1
BRDA:81,2,1,1
BRF:6
BRH:6
end_of_record
TN:
SF:/GitSourcetree/l2lc-fe/src/models/formModel.js
FN:34,(anonymous_0)
FN:35,(anonymous_1)
FN:77,(anonymous_2)
FN:86,(anonymous_3)
FN:94,(anonymous_4)
FN:102,(anonymous_5)
FN:116,(anonymous_6)
FN:117,(anonymous_7)
FN:129,(anonymous_8)
FN:130,(anonymous_9)
FN:141,(anonymous_10)
FN:163,(anonymous_11)
FN:165,(anonymous_12)
FN:188,(anonymous_13)
FN:200,(anonymous_14)
FN:221,(anonymous_15)
FN:222,(anonymous_16)
FN:246,(anonymous_17)
FN:247,(anonymous_18)
FN:263,(anonymous_19)
FNF:20
FNH:20
FNDA:35,(anonymous_0)
FNDA:202,(anonymous_1)
FNDA:8,(anonymous_2)
FNDA:2,(anonymous_3)
FNDA:8,(anonymous_4)
FNDA:2,(anonymous_5)
FNDA:15,(anonymous_6)
FNDA:135,(anonymous_7)
FNDA:135,(anonymous_8)
FNDA:945,(anonymous_9)
FNDA:136,(anonymous_10)
FNDA:14,(anonymous_11)
FNDA:37,(anonymous_12)
FNDA:3,(anonymous_13)
FNDA:44,(anonymous_14)
FNDA:28,(anonymous_15)
FNDA:250,(anonymous_16)
FNDA:3,(anonymous_17)
FNDA:6,(anonymous_18)
FNDA:3,(anonymous_19)
DA:3,11
DA:35,35
DA:36,202
DA:37,202
DA:41,190
DA:42,190
DA:44,12
DA:45,12
DA:47,202
DA:48,202
DA:49,202
DA:51,202
DA:52,160
DA:54,35
DA:59,35
DA:61,35
DA:62,35
DA:63,35
DA:64,35
DA:65,35
DA:66,35
DA:77,8
DA:86,2
DA:94,8
DA:103,2
DA:104,2
DA:105,1
DA:117,15
DA:118,135
DA:130,945
DA:131,135
DA:142,136
DA:143,136
DA:147,131
DA:148,131
DA:150,5
DA:151,5
DA:153,136
DA:164,14
DA:165,14
DA:166,37
DA:167,3
DA:169,37
DA:170,6
DA:174,6
DA:175,5
DA:176,6
DA:180,14
DA:189,3
DA:201,44
DA:203,44
DA:205,2
DA:206,2
DA:208,1
DA:210,1
DA:212,1
DA:215,44
DA:217,44
DA:219,44
DA:220,8
DA:221,8
DA:222,250
DA:224,28
DA:225,28
DA:227,28
DA:228,6
DA:230,28
DA:231,26
DA:236,44
DA:237,1
DA:247,3
DA:248,6
DA:249,1
DA:251,3
DA:252,2
DA:265,3
DA:266,2
DA:267,2
DA:268,1
DA:271,1
DA:272,1
LF:81
LH:81
BRDA:37,0,0,61
BRDA:37,0,1,179
BRDA:37,0,2,190
BRDA:37,0,3,12
BRDA:51,1,0,160
BRDA:51,1,1,42
BRDA:104,2,0,1
BRDA:104,2,1,1
BRDA:143,3,0,38
BRDA:143,3,1,125
BRDA:143,3,2,131
BRDA:143,3,3,5
BRDA:166,4,0,3
BRDA:166,4,1,34
BRDA:169,5,0,6
BRDA:169,5,1,31
BRDA:170,6,0,1
BRDA:170,6,1,2
BRDA:170,6,2,6
BRDA:174,7,0,5
BRDA:174,7,1,1
BRDA:203,8,0,2
BRDA:203,8,1,42
BRDA:206,9,0,1
BRDA:206,9,1,1
BRDA:219,10,0,8
BRDA:219,10,1,36
BRDA:224,11,0,28
BRDA:227,12,0,6
BRDA:227,12,1,22
BRDA:230,13,0,26
BRDA:230,13,1,2
BRDA:236,14,0,1
BRDA:236,14,1,43
BRDA:236,15,0,44
BRDA:236,15,1,2
BRDA:236,15,2,2
BRDA:248,16,0,1
BRDA:248,16,1,5
BRDA:251,17,0,2
BRDA:251,17,1,1
BRDA:251,18,0,3
BRDA:251,18,1,3
BRDA:265,19,0,2
BRDA:267,20,0,1
BRDA:267,20,1,1
BRF:46
BRH:46
end_of_record
TN:
SF:/GitSourcetree/l2lc-fe/src/models/modalModel.js
FN:18,(anonymous_0)
FN:36,(anonymous_1)
FN:44,(anonymous_2)
FN:52,(anonymous_3)
FN:63,(anonymous_4)
FN:73,(anonymous_5)
FN:83,(anonymous_6)
FNF:7
FNH:7
FNDA:9,(anonymous_0)
FNDA:2,(anonymous_1)
FNDA:1,(anonymous_2)
FNDA:1,(anonymous_3)
FNDA:1,(anonymous_4)
FNDA:1,(anonymous_5)
FNDA:1,(anonymous_6)
DA:3,4
DA:19,9
DA:24,9
DA:25,9
DA:26,9
DA:36,2
DA:44,1
DA:53,1
DA:54,1
DA:64,1
DA:74,1
DA:84,1
LF:12
LH:12
BRF:0
BRH:0
end_of_record
TN:
SF:/GitSourcetree/l2lc-fe/src/models/projectFormModel.js
FN:21,(anonymous_0)
FN:46,(anonymous_1)
FN:48,(anonymous_2)
FN:51,(anonymous_3)
FN:69,(anonymous_4)
FN:82,(anonymous_5)
FN:83,(anonymous_6)
FN:94,(anonymous_7)
FN:114,(anonymous_8)
FN:115,(anonymous_9)
FN:117,(anonymous_10)
FN:143,(anonymous_11)
FN:148,(anonymous_12)
FN:169,(anonymous_13)
FNF:14
FNH:14
FNDA:7,(anonymous_0)
FNDA:2,(anonymous_1)
FNDA:2,(anonymous_2)
FNDA:2,(anonymous_3)
FNDA:3,(anonymous_4)
FNDA:10,(anonymous_5)
FNDA:3,(anonymous_6)
FNDA:2,(anonymous_7)
FNDA:5,(anonymous_8)
FNDA:35,(anonymous_9)
FNDA:245,(anonymous_10)
FNDA:2,(anonymous_11)
FNDA:14,(anonymous_12)
FNDA:3,(anonymous_13)
DA:7,2
DA:22,7
DA:23,7
DA:33,7
DA:34,7
DA:35,7
DA:36,7
DA:37,7
DA:48,2
DA:49,2
DA:50,2
DA:52,2
DA:53,1
DA:56,1
DA:57,1
DA:70,3
DA:83,10
DA:84,3
DA:85,3
DA:87,1
DA:88,1
DA:90,1
DA:93,2
DA:95,2
DA:96,1
DA:99,1
DA:100,1
DA:115,5
DA:117,35
DA:118,245
DA:119,35
DA:122,35
DA:124,5
DA:133,5
DA:144,2
DA:145,2
DA:146,2
DA:148,2
DA:150,14
DA:151,2
DA:154,12
DA:155,10
DA:157,14
DA:158,10
DA:170,3
DA:171,3
DA:172,3
LF:47
LH:47
BRDA:52,0,0,1
BRDA:52,0,1,1
BRDA:85,1,0,1
BRDA:85,1,1,2
BRDA:85,2,0,3
BRDA:85,2,1,2
BRDA:85,2,2,2
BRDA:95,3,0,1
BRDA:95,3,1,1
BRDA:118,4,0,35
BRDA:118,4,1,210
BRDA:150,5,0,2
BRDA:150,5,1,12
BRDA:154,6,0,10
BRDA:154,6,1,2
BRDA:157,7,0,10
BRDA:157,7,1,4
BRDA:157,8,0,14
BRDA:157,8,1,10
BRDA:157,8,2,10
BRF:20
BRH:20
end_of_record
TN:
SF:/GitSourcetree/l2lc-fe/src/models/projectModel.js
FN:44,(anonymous_0)
FN:91,(anonymous_1)
FN:103,(anonymous_2)
FN:129,(anonymous_3)
FN:140,(anonymous_4)
FN:151,(anonymous_5)
FN:162,(anonymous_6)
FN:182,(anonymous_7)
FN:192,(anonymous_8)
FN:206,(anonymous_9)
FN:218,(anonymous_10)
FN:220,(anonymous_11)
FN:232,(anonymous_12)
FN:234,(anonymous_13)
FNF:14
FNH:14
FNDA:19,(anonymous_0)
FNDA:20,(anonymous_1)
FNDA:22,(anonymous_2)
FNDA:19,(anonymous_3)
FNDA:19,(anonymous_4)
FNDA:19,(anonymous_5)
FNDA:19,(anonymous_6)
FNDA:1,(anonymous_7)
FNDA:1,(anonymous_8)
FNDA:1,(anonymous_9)
FNDA:1,(anonymous_10)
FNDA:1,(anonymous_11)
FNDA:1,(anonymous_12)
FNDA:1,(anonymous_13)
DA:5,16
DA:6,16
DA:45,19
DA:64,19
DA:65,11
DA:66,19
DA:67,8
DA:68,8
DA:70,19
DA:72,19
DA:73,19
DA:74,19
DA:75,3
DA:76,3
DA:78,19
DA:92,20
DA:93,1
DA:104,22
DA:105,22
DA:130,19
DA:141,19
DA:152,19
DA:163,19
DA:164,14
DA:167,5
DA:183,1
DA:193,1
DA:194,1
DA:207,1
DA:208,1
DA:219,1
DA:221,1
DA:233,1
DA:235,1
LF:34
LH:34
BRDA:44,0,0,5
BRDA:44,1,0,5
BRDA:44,2,0,5
BRDA:44,3,0,5
BRDA:44,4,0,5
BRDA:44,5,0,6
BRDA:64,6,0,11
BRDA:64,6,1,8
BRDA:66,7,0,8
BRDA:66,7,1,11
BRDA:74,8,0,3
BRDA:74,8,1,16
BRDA:92,9,0,19
BRDA:92,9,1,1
BRDA:106,10,0,2
BRDA:106,10,1,20
BRDA:107,11,0,1
BRDA:107,11,1,1
BRDA:110,12,0,1
BRDA:110,12,1,1
BRDA:112,13,0,2
BRDA:112,13,1,20
BRDA:113,14,0,1
BRDA:113,14,1,1
BRDA:163,15,0,14
BRDA:163,15,1,5
BRF:26
BRH:26
end_of_record
TN:
SF:/GitSourcetree/l2lc-fe/src/models/projectSummaryModel.js
FN:16,(anonymous_0)
FNF:1
FNH:1
FNDA:1,(anonymous_0)
DA:3,3
DA:17,1
DA:21,1
LF:3
LH:3
BRF:0
BRH:0
end_of_record
TN:
SF:/GitSourcetree/l2lc-fe/src/models/projectTableModel.js
FN:31,(anonymous_0)
FN:63,(anonymous_1)
FN:74,(anonymous_2)
FN:94,(anonymous_3)
FN:95,(anonymous_4)
FN:99,(anonymous_5)
FN:105,(anonymous_6)
FN:114,(anonymous_7)
FN:126,(anonymous_8)
FN:139,(anonymous_9)
FNF:10
FNH:10
FNDA:10,(anonymous_0)
FNDA:1,(anonymous_1)
FNDA:1,(anonymous_2)
FNDA:1,(anonymous_3)
FNDA:2,(anonymous_4)
FNDA:1,(anonymous_5)
FNDA:1,(anonymous_6)
FNDA:2,(anonymous_7)
FNDA:1,(anonymous_8)
FNDA:4,(anonymous_9)
DA:10,3
DA:32,10
DA:42,10
DA:45,10
DA:46,10
DA:47,10
DA:48,10
DA:49,10
DA:63,1
DA:74,1
DA:94,1
DA:97,2
DA:99,1
DA:106,1
DA:114,2
DA:127,1
DA:140,4
DA:141,3
DA:142,3
DA:143,1
DA:145,2
DA:146,1
DA:149,1
LF:23
LH:23
BRDA:97,0,0,2
BRDA:97,0,1,1
BRDA:114,1,0,1
BRDA:114,1,1,1
BRDA:140,2,0,3
BRDA:140,2,1,1
BRDA:140,3,0,4
BRDA:140,3,1,3
BRDA:140,3,2,2
BRDA:142,4,0,1
BRDA:142,4,1,2
BRDA:145,5,0,1
BRDA:145,5,1,1
BRF:13
BRH:13
end_of_record
TN:
SF:/GitSourcetree/l2lc-fe/src/models/projectTaskFormModel.js
FN:22,(anonymous_0)
FN:40,(anonymous_1)
FN:41,(anonymous_2)
FN:43,(anonymous_3)
FN:58,(anonymous_4)
FN:75,(anonymous_5)
FNF:6
FNH:6
FNDA:4,(anonymous_0)
FNDA:2,(anonymous_1)
FNDA:4,(anonymous_2)
FNDA:8,(anonymous_3)
FNDA:2,(anonymous_4)
FNDA:1,(anonymous_5)
DA:7,2
DA:23,4
DA:24,4
DA:37,4
DA:38,4
DA:39,4
DA:40,4
DA:41,2
DA:43,4
DA:44,8
DA:45,4
DA:48,4
DA:50,2
DA:54,2
DA:55,2
DA:56,1
DA:57,2
DA:59,2
DA:60,1
DA:62,1
DA:63,1
DA:76,1
LF:22
LH:22
BRDA:44,0,0,4
BRDA:44,0,1,4
BRDA:55,1,0,1
BRDA:55,1,1,1
BRDA:59,2,0,1
BRDA:59,2,1,1
BRF:6
BRH:6
end_of_record
TN:
SF:/GitSourcetree/l2lc-fe/src/models/projectTaskTableModel.js
FN:30,(anonymous_0)
FN:52,(anonymous_1)
FN:62,(anonymous_2)
FN:71,(anonymous_3)
FN:72,(anonymous_4)
FN:95,(anonymous_5)
FN:104,(anonymous_6)
FN:107,(anonymous_7)
FN:109,(anonymous_8)
FN:155,(anonymous_9)
FN:157,(anonymous_10)
FN:168,(anonymous_11)
FN:181,(anonymous_12)
FN:183,(anonymous_13)
FN:199,(anonymous_14)
FN:211,(anonymous_15)
FNF:16
FNH:16
FNDA:16,(anonymous_0)
FNDA:1,(anonymous_1)
FNDA:1,(anonymous_2)
FNDA:1,(anonymous_3)
FNDA:1,(anonymous_4)
FNDA:1,(anonymous_5)
FNDA:1,(anonymous_6)
FNDA:8,(anonymous_7)
FNDA:8,(anonymous_8)
FNDA:1,(anonymous_9)
FNDA:1,(anonymous_10)
FNDA:1,(anonymous_11)
FNDA:1,(anonymous_12)
FNDA:1,(anonymous_13)
FNDA:2,(anonymous_14)
FNDA:6,(anonymous_15)
DA:11,3
DA:31,16
DA:46,16
DA:47,16
DA:48,16
DA:53,1
DA:63,1
DA:72,1
DA:73,1
DA:74,1
DA:76,1
DA:96,1
DA:104,1
DA:107,16
DA:108,8
DA:110,8
DA:115,7
DA:116,7
DA:118,1
DA:119,1
DA:121,1
DA:122,1
DA:124,1
DA:125,1
DA:127,1
DA:128,1
DA:130,1
DA:131,1
DA:133,1
DA:134,1
DA:136,1
DA:137,1
DA:139,7
DA:140,7
DA:142,8
DA:145,16
DA:156,1
DA:157,1
DA:158,1
DA:169,1
DA:170,1
DA:182,1
DA:184,1
DA:201,2
DA:204,2
DA:205,1
DA:208,1
DA:210,2
DA:211,2
DA:212,6
DA:217,2
LF:51
LH:51
BRDA:110,0,0,7
BRDA:110,0,1,1
BRDA:111,1,0,8
BRDA:111,1,1,8
BRDA:111,1,2,3
BRDA:111,1,3,7
BRDA:116,2,0,1
BRDA:116,2,1,1
BRDA:116,2,2,1
BRDA:116,2,3,1
BRDA:116,2,4,1
BRDA:116,2,5,1
BRDA:116,2,6,1
BRDA:204,3,0,1
BRDA:204,3,1,1
BRF:15
BRH:15
end_of_record
TN:
SF:/GitSourcetree/l2lc-fe/src/models/tableModel.js
FN:32,(anonymous_0)
FN:56,(anonymous_1)
FN:64,(anonymous_2)
FN:72,(anonymous_3)
FN:83,(anonymous_4)
FN:91,(anonymous_5)
FN:99,(anonymous_6)
FN:102,(anonymous_7)
FNF:8
FNH:8
FNDA:64,(anonymous_0)
FNDA:2,(anonymous_1)
FNDA:3,(anonymous_2)
FNDA:1,(anonymous_3)
FNDA:2,(anonymous_4)
FNDA:2,(anonymous_5)
FNDA:1,(anonymous_6)
FNDA:1,(anonymous_7)
DA:3,16
DA:33,64
DA:39,64
DA:41,64
DA:42,64
DA:43,64
DA:44,64
DA:45,64
DA:46,64
DA:56,2
DA:64,3
DA:73,1
DA:74,1
DA:83,2
DA:91,2
DA:100,1
DA:101,1
DA:103,1
DA:104,1
LF:19
LH:19
BRF:0
BRH:0
end_of_record
TN:
SF:/GitSourcetree/l2lc-fe/src/models/taskModel.js
FN:22,(anonymous_0)
FN:45,(anonymous_1)
FNF:2
FNH:2
FNDA:8,(anonymous_0)
FNDA:1,(anonymous_1)
DA:5,16
DA:23,8
DA:28,8
DA:29,8
DA:30,8
DA:46,1
DA:47,1
LF:7
LH:7
BRF:0
BRH:0
end_of_record
TN:
SF:/GitSourcetree/l2lc-fe/src/models/timeEntryFormModel.js
FN:23,(anonymous_0)
FN:43,(anonymous_1)
FN:53,(anonymous_2)
FN:61,(anonymous_3)
FN:69,(anonymous_4)
FN:77,(anonymous_5)
FN:85,(anonymous_6)
FN:100,(anonymous_7)
FN:105,(anonymous_8)
FN:110,(anonymous_9)
FN:122,(anonymous_10)
FN:149,(anonymous_11)
FN:151,(anonymous_12)
FN:152,(anonymous_13)
FN:157,(anonymous_14)
FN:158,(anonymous_15)
FN:164,(anonymous_16)
FN:167,(anonymous_17)
FN:174,(anonymous_18)
FN:177,(anonymous_19)
FN:179,(anonymous_20)
FN:180,(anonymous_21)
FN:202,(anonymous_22)
FNF:23
FNH:23
FNDA:11,(anonymous_0)
FNDA:13,(anonymous_1)
FNDA:2,(anonymous_2)
FNDA:2,(anonymous_3)
FNDA:2,(anonymous_4)
FNDA:1,(anonymous_5)
FNDA:1,(anonymous_6)
FNDA:3,(anonymous_7)
FNDA:10,(anonymous_8)
FNDA:8,(anonymous_9)
FNDA:1,(anonymous_10)
FNDA:2,(anonymous_11)
FNDA:3,(anonymous_12)
FNDA:3,(anonymous_13)
FNDA:3,(anonymous_14)
FNDA:3,(anonymous_15)
FNDA:2,(anonymous_16)
FNDA:3,(anonymous_17)
FNDA:1,(anonymous_18)
FNDA:1,(anonymous_19)
FNDA:1,(anonymous_20)
FNDA:1,(anonymous_21)
FNDA:1,(anonymous_22)
DA:6,2
DA:7,2
DA:24,11
DA:33,11
DA:34,11
DA:44,13
DA:53,2
DA:61,2
DA:69,2
DA:77,1
DA:86,1
DA:87,1
DA:88,1
DA:89,1
DA:101,3
DA:102,3
DA:103,2
DA:104,2
DA:105,2
DA:106,10
DA:107,8
DA:109,2
DA:110,2
DA:111,8
DA:113,8
DA:115,2
DA:116,2
DA:117,1
DA:120,1
DA:122,1
DA:125,2
DA:128,6
DA:129,3
DA:130,2
DA:133,3
DA:134,2
DA:135,1
DA:138,2
DA:139,1
DA:150,2
DA:151,2
DA:152,3
DA:153,3
DA:157,3
DA:158,3
DA:160,3
DA:163,2
DA:165,2
DA:166,2
DA:167,2
DA:168,3
DA:169,2
DA:170,3
DA:172,2
DA:173,1
DA:174,1
DA:175,1
DA:176,1
DA:177,1
DA:178,1
DA:179,1
DA:180,1
DA:181,1
DA:184,1
DA:189,1
DA:190,1
DA:203,1
LF:67
LH:67
BRDA:44,0,0,13
BRDA:44,0,1,2
BRDA:44,0,2,1
BRDA:102,1,0,2
BRDA:102,1,1,1
BRDA:106,2,0,8
BRDA:106,2,1,2
BRDA:113,3,0,2
BRDA:113,3,1,6
BRDA:116,4,0,1
BRDA:116,4,1,1
BRDA:128,5,0,3
BRDA:128,5,1,3
BRDA:129,6,0,2
BRDA:129,6,1,1
BRDA:133,7,0,2
BRDA:133,7,1,1
BRDA:134,8,0,1
BRDA:134,8,1,1
BRDA:138,9,0,1
BRDA:138,9,1,1
BRDA:168,10,0,2
BRDA:168,10,1,1
BRDA:172,11,0,1
BRDA:172,11,1,1
BRF:25
BRH:25
end_of_record
TN:
SF:/GitSourcetree/l2lc-fe/src/models/timeEntryModel.js
FN:21,(anonymous_0)
FNF:1
FNH:1
FNDA:3,(anonymous_0)
DA:3,16
DA:22,3
DA:28,3
DA:29,3
DA:30,3
LF:5
LH:5
BRF:0
BRH:0
end_of_record
TN:
SF:/GitSourcetree/l2lc-fe/src/models/timeEntryTableModel.js
FN:17,(anonymous_0)
FN:20,(anonymous_1)
FNF:2
FNH:2
FNDA:1,(anonymous_0)
FNDA:1,(anonymous_1)
DA:5,3
DA:18,1
DA:20,1
DA:26,1
DA:27,1
LF:5
LH:5
BRF:0
BRH:0
end_of_record
TN:
SF:/GitSourcetree/l2lc-fe/src/models/userModel.js
FN:22,(anonymous_0)
FN:46,(anonymous_1)
FNF:2
FNH:2
FNDA:7,(anonymous_0)
FNDA:1,(anonymous_1)
DA:4,16
DA:23,7
DA:31,7
DA:32,7
DA:33,7
DA:47,1
DA:48,1
DA:49,1
DA:50,1
LF:9
LH:9
BRDA:22,0,0,1
BRF:1
BRH:1
end_of_record
TN:
SF:/GitSourcetree/l2lc-fe/src/store/analyticsSelector.js
FN:12,(anonymous_0)
FN:21,(anonymous_1)
FN:30,(anonymous_2)
FN:35,(anonymous_3)
FN:42,(anonymous_4)
FN:49,(anonymous_5)
FN:56,(anonymous_6)
FN:62,(anonymous_7)
FN:79,(anonymous_8)
FN:82,(anonymous_9)
FN:84,(anonymous_10)
FN:107,(anonymous_11)
FN:110,(anonymous_12)
FN:112,(anonymous_13)
FN:135,(anonymous_14)
FN:138,(anonymous_15)
FN:140,(anonymous_16)
FN:162,(anonymous_17)
FN:179,(anonymous_18)
FN:231,(anonymous_19)
FN:234,(anonymous_20)
FN:251,(anonymous_21)
FN:253,(anonymous_22)
FN:257,(anonymous_23)
FN:261,(anonymous_24)
FN:266,(anonymous_25)
FN:276,(anonymous_26)
FN:278,(anonymous_27)
FN:301,(anonymous_28)
FN:316,(anonymous_29)
FN:325,(anonymous_30)
FN:329,(anonymous_31)
FN:339,(anonymous_32)
FN:345,(anonymous_33)
FN:349,(anonymous_34)
FN:366,(anonymous_35)
FN:380,(anonymous_36)
FN:386,(anonymous_37)
FN:390,(anonymous_38)
FN:407,(anonymous_39)
FN:422,(anonymous_40)
FN:437,(anonymous_41)
FNF:42
FNH:42
FNDA:2,(anonymous_0)
FNDA:1,(anonymous_1)
FNDA:1,(anonymous_2)
FNDA:1,(anonymous_3)
FNDA:1,(anonymous_4)
FNDA:1,(anonymous_5)
FNDA:1,(anonymous_6)
FNDA:1,(anonymous_7)
FNDA:1,(anonymous_8)
FNDA:2,(anonymous_9)
FNDA:6,(anonymous_10)
FNDA:1,(anonymous_11)
FNDA:3,(anonymous_12)
FNDA:9,(anonymous_13)
FNDA:1,(anonymous_14)
FNDA:1,(anonymous_15)
FNDA:3,(anonymous_16)
FNDA:1,(anonymous_17)
FNDA:7,(anonymous_18)
FNDA:6,(anonymous_19)
FNDA:15,(anonymous_20)
FNDA:2,(anonymous_21)
FNDA:6,(anonymous_22)
FNDA:10,(anonymous_23)
FNDA:15,(anonymous_24)
FNDA:8,(anonymous_25)
FNDA:3,(anonymous_26)
FNDA:6,(anonymous_27)
FNDA:1,(anonymous_28)
FNDA:1,(anonymous_29)
FNDA:2,(anonymous_30)
FNDA:1,(anonymous_31)
FNDA:1,(anonymous_32)
FNDA:2,(anonymous_33)
FNDA:1,(anonymous_34)
FNDA:1,(anonymous_35)
FNDA:1,(anonymous_36)
FNDA:2,(anonymous_37)
FNDA:1,(anonymous_38)
FNDA:1,(anonymous_39)
FNDA:1,(anonymous_40)
FNDA:1,(anonymous_41)
DA:13,2
DA:22,1
DA:29,1
DA:31,1
DA:34,1
DA:35,1
DA:41,1
DA:42,1
DA:48,1
DA:49,1
DA:55,1
DA:56,1
DA:61,1
DA:62,1
DA:67,1
DA:80,1
DA:81,1
DA:82,1
DA:83,2
DA:84,2
DA:85,6
DA:86,3
DA:88,2
DA:90,1
DA:95,1
DA:108,1
DA:109,1
DA:110,1
DA:111,3
DA:112,3
DA:113,9
DA:114,3
DA:116,3
DA:118,1
DA:123,1
DA:136,1
DA:137,1
DA:138,1
DA:139,1
DA:140,1
DA:141,3
DA:142,1
DA:144,1
DA:146,1
DA:151,1
DA:165,1
DA:168,1
DA:170,1
DA:172,1
DA:174,1
DA:176,1
DA:177,1
DA:179,1
DA:180,7
DA:181,7
DA:182,5
DA:189,5
DA:190,2
DA:194,3
DA:197,7
DA:199,7
DA:200,3
DA:207,3
DA:208,3
DA:209,2
DA:211,7
DA:212,2
DA:213,7
DA:214,3
DA:215,7
DA:216,3
DA:217,7
DA:218,1
DA:220,1
DA:232,6
DA:234,6
DA:235,15
DA:237,6
DA:252,2
DA:253,2
DA:254,6
DA:255,6
DA:257,6
DA:258,10
DA:261,6
DA:262,15
DA:263,2
DA:265,15
DA:266,15
DA:267,8
DA:268,6
DA:269,3
DA:271,3
DA:274,15
DA:276,15
DA:278,6
DA:279,3
DA:281,15
DA:283,6
DA:292,2
DA:302,1
DA:317,1
DA:325,1
DA:326,2
DA:327,1
DA:329,1
DA:330,1
DA:333,1
DA:340,1
DA:345,1
DA:346,2
DA:347,1
DA:349,1
DA:350,1
DA:353,1
DA:367,1
DA:381,1
DA:386,1
DA:387,2
DA:388,1
DA:390,1
DA:391,1
DA:394,1
DA:408,1
DA:423,1
DA:438,1
DA:448,2
LF:127
LH:127
BRDA:85,0,0,3
BRDA:85,0,1,3
BRDA:113,1,0,3
BRDA:113,1,1,6
BRDA:141,2,0,1
BRDA:141,2,1,2
BRDA:141,3,0,3
BRDA:141,3,1,1
BRDA:181,4,0,5
BRDA:181,4,1,2
BRDA:189,5,0,2
BRDA:189,5,1,3
BRDA:199,6,0,3
BRDA:199,6,1,4
BRDA:208,7,0,2
BRDA:208,7,1,1
BRDA:211,8,0,2
BRDA:211,8,1,5
BRDA:213,9,0,3
BRDA:213,9,1,4
BRDA:215,10,0,3
BRDA:215,10,1,4
BRDA:217,11,0,1
BRDA:217,11,1,6
BRDA:217,12,0,7
BRDA:217,12,1,2
BRDA:251,13,0,1
BRDA:262,14,0,2
BRDA:262,14,1,13
BRDA:267,15,0,6
BRDA:267,15,1,2
BRDA:267,16,0,8
BRDA:267,16,1,4
BRDA:267,16,2,6
BRDA:268,17,0,3
BRDA:268,17,1,3
BRDA:326,18,0,1
BRDA:326,18,1,1
BRDA:346,19,0,1
BRDA:346,19,1,1
BRDA:387,20,0,1
BRDA:387,20,1,1
BRF:42
BRH:42
end_of_record
TN:
SF:/GitSourcetree/l2lc-fe/src/store/formSelector.js
FN:15,(anonymous_0)
FN:28,(anonymous_1)
FN:41,(anonymous_2)
FN:56,(anonymous_3)
FN:69,(anonymous_4)
FN:84,(anonymous_5)
FN:97,(anonymous_6)
FN:111,(anonymous_7)
FN:124,(anonymous_8)
FN:138,(anonymous_9)
FNF:10
FNH:10
FNDA:2,(anonymous_0)
FNDA:1,(anonymous_1)
FNDA:1,(anonymous_2)
FNDA:1,(anonymous_3)
FNDA:1,(anonymous_4)
FNDA:1,(anonymous_5)
FNDA:1,(anonymous_6)
FNDA:1,(anonymous_7)
FNDA:1,(anonymous_8)
FNDA:1,(anonymous_9)
DA:16,2
DA:29,1
DA:42,1
DA:43,1
DA:44,1
DA:57,1
DA:70,1
DA:71,1
DA:72,1
DA:85,1
DA:98,1
DA:112,1
DA:113,1
DA:114,1
DA:125,1
DA:139,1
DA:143,2
LF:17
LH:17
BRF:0
BRH:0
end_of_record
TN:
SF:/GitSourcetree/l2lc-fe/src/store/page.js
FN:28,(anonymous_0)
FN:48,(anonymous_1)
FN:57,(anonymous_2)
FN:69,(anonymous_3)
FN:78,(anonymous_4)
FN:87,(anonymous_5)
FN:100,(anonymous_6)
FN:115,(anonymous_7)
FN:131,(anonymous_8)
FN:133,(anonymous_9)
FN:145,(anonymous_10)
FN:161,(anonymous_11)
FN:177,(anonymous_12)
FN:179,(anonymous_13)
FN:184,(anonymous_14)
FN:205,(anonymous_15)
FN:207,(anonymous_16)
FN:209,(anonymous_17)
FN:230,(anonymous_18)
FN:245,(anonymous_19)
FN:260,(anonymous_20)
FN:273,(anonymous_21)
FN:275,(anonymous_22)
FN:289,(anonymous_23)
FN:304,(anonymous_24)
FN:321,(anonymous_25)
FN:338,(anonymous_26)
FN:353,(anonymous_27)
FN:367,(anonymous_28)
FN:382,(anonymous_29)
FN:397,(anonymous_30)
FN:414,(anonymous_31)
FN:431,(anonymous_32)
FN:446,(anonymous_33)
FN:459,(anonymous_34)
FN:473,(anonymous_35)
FN:489,(anonymous_36)
FN:504,(anonymous_37)
FN:518,(anonymous_38)
FNF:39
FNH:39
FNDA:2,(anonymous_0)
FNDA:1,(anonymous_1)
FNDA:10,(anonymous_2)
FNDA:5,(anonymous_3)
FNDA:11,(anonymous_4)
FNDA:1,(anonymous_5)
FNDA:1,(anonymous_6)
FNDA:1,(anonymous_7)
FNDA:1,(anonymous_8)
FNDA:1,(anonymous_9)
FNDA:1,(anonymous_10)
FNDA:1,(anonymous_11)
FNDA:1,(anonymous_12)
FNDA:1,(anonymous_13)
FNDA:1,(anonymous_14)
FNDA:4,(anonymous_15)
FNDA:1,(anonymous_16)
FNDA:1,(anonymous_17)
FNDA:1,(anonymous_18)
FNDA:1,(anonymous_19)
FNDA:1,(anonymous_20)
FNDA:1,(anonymous_21)
FNDA:1,(anonymous_22)
FNDA:1,(anonymous_23)
FNDA:2,(anonymous_24)
FNDA:1,(anonymous_25)
FNDA:1,(anonymous_26)
FNDA:1,(anonymous_27)
FNDA:1,(anonymous_28)
FNDA:1,(anonymous_29)
FNDA:1,(anonymous_30)
FNDA:1,(anonymous_31)
FNDA:1,(anonymous_32)
FNDA:1,(anonymous_33)
FNDA:1,(anonymous_34)
FNDA:1,(anonymous_35)
FNDA:1,(anonymous_36)
FNDA:1,(anonymous_37)
FNDA:1,(anonymous_38)
DA:14,2
DA:29,2
DA:37,2
DA:38,2
DA:48,1
DA:58,10
DA:59,10
DA:69,5
DA:78,11
DA:87,1
DA:101,1
DA:102,1
DA:103,1
DA:116,1
DA:117,1
DA:118,1
DA:132,1
DA:133,1
DA:134,1
DA:144,1
DA:145,1
DA:148,1
DA:149,1
DA:162,1
DA:163,1
DA:164,1
DA:178,1
DA:179,1
DA:180,1
DA:183,1
DA:185,1
DA:186,1
DA:190,1
DA:191,1
DA:206,4
DA:207,4
DA:208,1
DA:210,1
DA:211,1
DA:214,4
DA:215,4
DA:216,4
DA:217,4
DA:218,4
DA:231,1
DA:232,1
DA:233,1
DA:246,1
DA:247,1
DA:248,1
DA:261,1
DA:262,1
DA:263,1
DA:274,1
DA:275,1
DA:290,1
DA:291,1
DA:292,1
DA:305,2
DA:306,2
DA:307,2
DA:322,1
DA:323,1
DA:324,1
DA:339,1
DA:340,1
DA:341,1
DA:354,1
DA:355,1
DA:356,1
DA:368,1
DA:369,1
DA:370,1
DA:383,1
DA:384,1
DA:385,1
DA:398,1
DA:399,1
DA:400,1
DA:415,1
DA:416,1
DA:417,1
DA:432,1
DA:433,1
DA:434,1
DA:447,1
DA:448,1
DA:449,1
DA:460,1
DA:461,1
DA:462,1
DA:474,1
DA:475,1
DA:476,1
DA:477,1
DA:490,1
DA:491,1
DA:492,1
DA:505,1
DA:506,1
DA:507,1
DA:519,1
DA:520,1
DA:524,2
LF:104
LH:104
BRF:0
BRH:0
end_of_record
TN:
SF:/GitSourcetree/l2lc-fe/src/store/summarySelector.js
FN:13,(anonymous_0)
FN:27,(anonymous_1)
FN:38,(anonymous_2)
FN:49,(anonymous_3)
FNF:4
FNH:4
FNDA:2,(anonymous_0)
FNDA:1,(anonymous_1)
FNDA:1,(anonymous_2)
FNDA:1,(anonymous_3)
DA:14,2
DA:28,1
DA:39,1
DA:50,1
DA:54,2
LF:5
LH:5
BRF:0
BRH:0
end_of_record
TN:
SF:/GitSourcetree/l2lc-fe/src/store/tableSelector.js
FN:16,(anonymous_0)
FN:29,(anonymous_1)
FN:44,(anonymous_2)
FN:60,(anonymous_3)
FN:74,(anonymous_4)
FN:88,(anonymous_5)
FN:101,(anonymous_6)
FN:116,(anonymous_7)
FN:128,(anonymous_8)
FN:142,(anonymous_9)
FNF:10
FNH:10
FNDA:2,(anonymous_0)
FNDA:1,(anonymous_1)
FNDA:1,(anonymous_2)
FNDA:1,(anonymous_3)
FNDA:1,(anonymous_4)
FNDA:1,(anonymous_5)
FNDA:1,(anonymous_6)
FNDA:1,(anonymous_7)
FNDA:1,(anonymous_8)
FNDA:1,(anonymous_9)
DA:17,2
DA:30,1
DA:31,1
DA:32,1
DA:45,1
DA:46,1
DA:47,1
DA:61,1
DA:75,1
DA:89,1
DA:102,1
DA:117,1
DA:129,1
DA:143,1
DA:147,2
LF:15
LH:15
BRF:0
BRH:0
end_of_record
TN:
SF:/GitSourcetree/l2lc-fe/src/store/website.js
FN:21,(anonymous_0)
FN:47,(anonymous_1)
FN:52,(anonymous_2)
FN:66,(anonymous_3)
FN:76,(anonymous_4)
FN:88,(anonymous_5)
FN:99,(anonymous_6)
FN:110,(anonymous_7)
FN:121,(anonymous_8)
FN:140,(anonymous_9)
FN:156,(anonymous_10)
FN:159,(anonymous_11)
FN:180,(anonymous_12)
FN:183,(anonymous_13)
FN:202,(anonymous_14)
FN:205,(anonymous_15)
FN:225,(anonymous_16)
FN:228,(anonymous_17)
FN:253,(anonymous_18)
FN:256,(anonymous_19)
FN:275,(anonymous_20)
FN:277,(anonymous_21)
FN:291,(anonymous_22)
FN:294,(anonymous_23)
FN:312,(anonymous_24)
FN:315,(anonymous_25)
FN:333,(anonymous_26)
FN:343,(anonymous_27)
FN:354,(anonymous_28)
FN:366,(anonymous_29)
FN:379,(anonymous_30)
FN:386,(anonymous_31)
FN:407,(anonymous_32)
FN:421,(anonymous_33)
FN:424,(anonymous_34)
FNF:35
FNH:35
FNDA:14,(anonymous_0)
FNDA:2,(anonymous_1)
FNDA:20,(anonymous_2)
FNDA:1,(anonymous_3)
FNDA:1,(anonymous_4)
FNDA:3,(anonymous_5)
FNDA:2,(anonymous_6)
FNDA:2,(anonymous_7)
FNDA:1,(anonymous_8)
FNDA:1,(anonymous_9)
FNDA:3,(anonymous_10)
FNDA:3,(anonymous_11)
FNDA:2,(anonymous_12)
FNDA:2,(anonymous_13)
FNDA:2,(anonymous_14)
FNDA:2,(anonymous_15)
FNDA:3,(anonymous_16)
FNDA:3,(anonymous_17)
FNDA:2,(anonymous_18)
FNDA:2,(anonymous_19)
FNDA:1,(anonymous_20)
FNDA:1,(anonymous_21)
FNDA:2,(anonymous_22)
FNDA:2,(anonymous_23)
FNDA:2,(anonymous_24)
FNDA:2,(anonymous_25)
FNDA:1,(anonymous_26)
FNDA:1,(anonymous_27)
FNDA:1,(anonymous_28)
FNDA:1,(anonymous_29)
FNDA:2,(anonymous_30)
FNDA:2,(anonymous_31)
FNDA:15,(anonymous_32)
FNDA:2,(anonymous_33)
FNDA:2,(anonymous_34)
DA:4,14
DA:22,14
DA:36,14
DA:37,14
DA:48,2
DA:49,2
DA:50,1
DA:51,1
DA:52,1
DA:53,20
DA:54,19
DA:57,2
DA:67,1
DA:77,1
DA:89,3
DA:100,2
DA:111,2
DA:122,1
DA:124,1
DA:126,1
DA:128,1
DA:130,1
DA:141,1
DA:157,3
DA:158,3
DA:160,3
DA:161,1
DA:163,2
DA:164,1
DA:165,2
DA:166,2
DA:181,2
DA:182,2
DA:184,2
DA:185,1
DA:187,1
DA:188,1
DA:203,2
DA:204,2
DA:206,2
DA:207,1
DA:210,1
DA:211,1
DA:226,3
DA:227,3
DA:229,3
DA:230,1
DA:232,2
DA:233,1
DA:236,1
DA:254,2
DA:255,2
DA:257,2
DA:258,1
DA:260,1
DA:261,1
DA:276,1
DA:278,1
DA:292,2
DA:293,2
DA:295,2
DA:296,1
DA:298,1
DA:299,1
DA:313,2
DA:314,2
DA:316,2
DA:317,1
DA:319,1
DA:320,1
DA:334,1
DA:344,1
DA:355,1
DA:356,1
DA:367,1
DA:368,1
DA:380,2
DA:384,2
DA:385,2
DA:388,2
DA:389,1
DA:390,1
DA:391,1
DA:392,1
DA:393,1
DA:396,1
DA:408,15
DA:422,2
DA:423,2
DA:425,2
DA:426,1
DA:428,1
DA:429,1
DA:436,14
LF:94
LH:94
BRDA:49,0,0,1
BRDA:49,0,1,1
BRDA:53,1,0,19
BRDA:53,1,1,1
BRDA:160,2,0,1
BRDA:160,2,1,2
BRDA:163,3,0,1
BRDA:163,3,1,1
BRDA:184,4,0,1
BRDA:184,4,1,1
BRDA:206,5,0,1
BRDA:206,5,1,1
BRDA:229,6,0,1
BRDA:229,6,1,2
BRDA:232,7,0,1
BRDA:232,7,1,1
BRDA:257,8,0,1
BRDA:257,8,1,1
BRDA:295,9,0,1
BRDA:295,9,1,1
BRDA:316,10,0,1
BRDA:316,10,1,1
BRDA:388,11,0,1
BRDA:388,11,1,1
BRDA:408,12,0,15
BRDA:408,12,1,15
BRDA:408,12,2,1
BRDA:425,13,0,1
BRDA:425,13,1,1
BRF:29
BRH:29
end_of_record
